RMG initialization ... 1 image(s) total, 1 per node. 16 MPI processes/image. Thread level 2.
FFT-FD  0.000000e+00   1.772449e-04
FFT-FD  1.000000e+00   -2.024855e-04
IP=0 M = -3.797304e-04  4.667652e-01  1.772449e-04
FFT-FD  0.000000e+00   1.280840e-03
FFT-FD  1.000000e+00   -2.327860e-03
IP=1 M = -3.608700e-03  3.549310e-01  1.280840e-03
FFT-FD  0.000000e+00   1.280840e-03
FFT-FD  1.000000e+00   -2.327860e-03
IP=2 M = -3.608700e-03  3.549310e-01  1.280840e-03
FFT-FD  0.000000e+00   1.280840e-03
FFT-FD  1.000000e+00   -2.327860e-03
IP=3 M = -3.608700e-03  3.549310e-01  1.280840e-03
FFT-FD  0.000000e+00   2.250649e-03
FFT-FD  1.000000e+00   -3.942087e-03
IP=4 M = -6.192737e-03  3.634337e-01  2.250649e-03
FFT-FD  0.000000e+00   2.250649e-03
FFT-FD  1.000000e+00   -3.942087e-03
IP=5 M = -6.192737e-03  3.634337e-01  2.250649e-03
FFT-FD  0.000000e+00   5.674220e-03
FFT-FD  1.000000e+00   -6.688987e-03
IP=6 M = -1.236321e-02  4.589602e-01  5.674220e-03
FFT-FD  0.000000e+00   2.250649e-03
FFT-FD  1.000000e+00   -3.942087e-03
IP=7 M = -6.192737e-03  3.634337e-01  2.250649e-03
FFT-FD  0.000000e+00   5.674220e-03
FFT-FD  1.000000e+00   -6.688987e-03
IP=8 M = -1.236321e-02  4.589602e-01  5.674220e-03
FFT-FD  0.000000e+00   4.056070e-05
FFT-FD  1.000000e+00   -3.538975e-05
IP=9 M = -7.595045e-05  5.340416e-01  4.056070e-05
NEWCFAC = 0.400235  0.400235


                     * * * * * * * * * *
                     *    R   M   G    *
                     * * * * * * * * * *

     -- A Real Space Multigrid Electronic structure code --
     --      More information at www.rmgdft.org          --

Code Revision:     5.0.0_beta1_111_gca5c3507
Build Date:        Feb 22 2023  21:48:37
Start time:        Sun Feb 26 20:56:23 2023

NOTICE: RMG internal pseudopotentials have switched to
ONCVP from Ultrasoft. You can revert to Ultrasoft by
adding the input tag internal_pseudo_type="ultrasoft" to
your input files.


Files
   Control input file:        input2
   Data output file:          /dev/null

Run Setup
    Calculation type:         Quench electrons - Fixed ions SCF calculation
    Description:              Ni atom test cell
    Orbital Initialization:   LCAO (10 LCAO and 0 random orbitals)
    Exchange Correlation:     pbe
    Spin Polarization:        ON
    System charge:            Neutral

Processor Topology
   Total PEs:                 8
   X direction:               2
   Y direction:               2
   Z direction:               2
   MG Threads/PE:             1
   OMP Threads/PE:            1

Grid Points  (Linear Anisotropy: 1.000)
    X:  Total: 64   Per PE: 32   Spacing:0.246 a0  
    Y:  Total: 64   Per PE: 32   Spacing:0.246 a0  
    Z:  Total: 64   Per PE: 32   Spacing:0.246 a0  

    Equivalent energy cutoffs (psi,rho):   162.714    650.858 Ry

    Charge density grid:         2 times finer

Coordinate planes
  Planar Anisotropy: 1.000
  A0-A1 density:    16.486
  A0-A2 density:    16.486
  A1-A2 density:    16.486


Lattice (Cell) Setup
    Type:                       Cubic_primitive
    Volume (a0^3):               3916.07
    Boundary conditions:        Periodic

    X Basis Vector:      15.762       0.000       0.000 a0
    Y Basis Vector:       0.000      15.762       0.000 a0
    Z Basis Vector:       0.000       0.000      15.762 a0
    X Reci Vector:       0.063      -0.000       0.000 a0
    Y Reci Vector:       0.000       0.063       0.000 a0
    Z Reci Vector:       0.000      -0.000       0.063 a0

K-points
    Gamma Point Only (real orbitals)

Atoms and States
    Number of ions:                          1
    Number of species:                       1
    Number of spin up states:                18
    Number of spin down states:              18

Run Parameters
    SCF Convergence criterion (potential):   1.00e-08
    SCF Convergence criterion (energy):      1.00e-08
    Max SCF steps:                           100

SCF Cycle Settings
    Charge density mixing:                   Pulay  (Order:5 Scale:0.20 Refresh:100)
    Hartree Solver:                          PFFT
    Interpolation type:                      FFT

Subspace Diagonalization Options
    Frequency:                               every 1 SCF step(s)
    Driver:                                  ScaLapack
    Initial diagonalization:                 ON
    Folded spectrum:                         OFF

Filtering Cutoff  Parameters
    Wavefunction grid (cparm):               0.800
    Charge density grid (rhocparm):          1.000
    Filter factor:                           1.000

Multigrid (MG) Parameters
    Psi MG levels:                           3
    Psi global step:                         0.660 
    Psi pre:                                 2
    Psi post:                                2

Davidson Parameters
    Davidson multiplier:                     4
    Davidson max step:                       8
    Davidson unocc tol factor:               1000.000

Blas Libraries
    CPU support with openblas-parallel.


Atomic Species Information
(PP = Pseudopotential, US = Ultrasoft, NC = Norm Conserving)
-------------------------------------------------------------------------
|Index|Symbol| Mass|Valence| PP |  Comp  |Local| Local|Nlocal|    PP    |
|     |      |     |       |Type|Gaussian|  l  |Radius|Radius|Functional|
-------------------------------------------------------------------------
|    1|    Ni| 58.0|  18.00|  NC|    0.66|   -1| 10.00|  7.00|       PBE|
-------------------------------------------------------------------------

Pseudopotential generation information:
  Ni pseudopotential file: ./@Internal
      Generation info     : Generated using ONCVPSP code by D. R. Hamann
      Author info         : anonymous


Memory usage (Mbytes):     Min        Max       Total
    wave functions         18.88      18.88     302.01
    beta-functions          9.44       9.44      75.51



Initial Ionic Positions And Displacements (Bohr)
Species      X           Y           Z           dX          dY          dZ
  Ni       0.0000      0.0000      0.0000      0.0000      0.0000      0.0000


Initial Ionic Positions And Displacements (Angstrom)
Species      X           Y           Z           dX          dY          dZ
  Ni       0.0000      0.0000      0.0000      0.0000      0.0000      0.0000

Diagonalization using scalapack for step=0  count=0



KOHN SHAM EIGENVALUES [eV] AT K-POINT [  0]:       0.000000      0.000000      0.000000


------------- SPIN UP ---------------

[kpt   0  -1   0]   -111.4090 [1.000]   -71.7476 [1.000]   -71.7476 [1.000]   -71.7476 [1.000]    -9.1395 [1.000]
[kpt   0  -1   1]    -9.1395 [1.000]    -9.1138 [1.000]    -9.1138 [1.000]    -9.1138 [1.000]    -5.2959 [1.000]
[kpt   0  -1   2]   426.1253 [0.000]   849.6156 [0.000]   1050.4703 [0.000]   1067.2653 [0.000]   1075.0622 [0.000]
[kpt   0  -1   3]   1114.1878 [0.000]   1126.1548 [0.000]   1173.2224 [0.000]

------------ SPIN DOWN --------------

[kpt   0  -1   0]   -109.3410 [1.000]   -69.6561 [1.000]   -69.6561 [1.000]   -69.6561 [1.000]    -7.3277 [0.600]
[kpt   0  -1   1]    -7.3277 [0.600]    -7.3020 [0.600]    -7.3020 [0.600]    -7.3020 [0.600]    -4.8700 [1.000]
[kpt   0  -1   2]   426.1778 [0.000]   849.6568 [0.000]   1050.5268 [0.000]   1067.3180 [0.000]   1075.1168 [0.000]
[kpt   0  -1   3]   1114.2385 [0.000]   1126.2114 [0.000]   1173.2762 [0.000]


Charge normalization constant: 1.000000
Charge density mixing: Linear with a constant of 0.20 

 charge density is NEGATIVE after interpolation, minimum is -1.083653e-04
 minimum charge density with core charge added is -1.083644e-04

Diagonalization using scalapack for step=0  count=1


FERMI ENERGY =     -4.89294427 eV
@@ EIGENVALUE SUM     =      -26.575411 Ha
@@ ION_ION            =      -29.161043 Ha
@@ ELECTROSTATIC      =     -113.674971 Ha
@@ VXC                =      -22.000362 Ha
@@ EXC                =      -21.564642 Ha
@@ TOTAL ENERGY       =     -168.975706 Ha
@@ estimated error    =   ****************
@@ TOTAL MAGNETIZATION    =   2.00000000 Bohr mag/cell
@@ ABSOLUTE MAGNETIZATION =   2.00021342 Bohr mag/cell
Charge normalization constant: 1.000000
Charge density mixing: Linear with a constant of 0.20 

 charge density is NEGATIVE after interpolation, minimum is -2.762919e-04
 minimum charge density with core charge added is -2.762866e-04
WriteRestart: Output file given as /dev/null, no restart data written ...


KOHN SHAM EIGENVALUES [eV] AT K-POINT [  0]:       0.000000      0.000000      0.000000


------------- SPIN UP ---------------

[kpt   0   0   0]   -111.4231 [1.000]   -71.7677 [1.000]   -71.7677 [1.000]   -71.7677 [1.000]    -9.1833 [1.000]
[kpt   0   0   1]    -9.1833 [1.000]    -9.1506 [1.000]    -9.1506 [1.000]    -9.1506 [1.000]    -5.3074 [1.000]
[kpt   0   0   2]     1.8034 [0.000]    17.1958 [0.000]    19.2731 [0.000]    20.8526 [0.000]    22.6586 [0.000]
[kpt   0   0   3]    32.4134 [0.000]    35.9204 [0.000]    52.2515 [0.000]

------------ SPIN DOWN --------------

[kpt   0   0   0]   -109.3825 [1.000]   -69.6885 [1.000]   -69.6885 [1.000]   -69.6885 [1.000]    -7.3386 [0.600]
[kpt   0   0   1]    -7.3386 [0.600]    -7.3082 [0.600]    -7.3081 [0.600]    -7.3081 [0.600]    -4.8929 [1.000]
[kpt   0   0   2]     1.8573 [0.000]    17.2484 [0.000]    19.3259 [0.000]    20.9098 [0.000]    22.7255 [0.000]
[kpt   0   0   3]    32.4673 [0.000]    35.9643 [0.000]    52.2938 [0.000]



Total charge in supercell =      18.00000000
 quench: [md:   0/10  scf:   0/100  step time:   1.17  scf time:     1.19 secs  RMS[dV]: 4.91e-03 ]


average potential <V> = -1.34e-15

Diagonalization using scalapack for step=1  count=2


FERMI ENERGY =     -4.91287705 eV
@@ EIGENVALUE SUM     =      -26.593105 Ha
@@ ION_ION            =      -29.161043 Ha
@@ ELECTROSTATIC      =     -113.657974 Ha
@@ VXC                =      -21.999716 Ha
@@ EXC                =      -21.564341 Ha
@@ TOTAL ENERGY       =     -168.976747 Ha
@@ estimated error    =        4.09e-05 Ha
@@ TOTAL MAGNETIZATION    =   2.00000000 Bohr mag/cell
@@ ABSOLUTE MAGNETIZATION =   2.00069549 Bohr mag/cell
Charge normalization constant: 1.000000
Charge density mixing: Linear with a constant of 0.20 

 charge density is NEGATIVE after interpolation, minimum is -4.334376e-04
 minimum charge density with core charge added is -4.334392e-04
 quench: [md:   0/10  scf:   1/100  step time:   1.05  scf time:     2.25 secs  RMS[dV]: 5.46e-03 ]


average potential <V> = 3.90e-17

Diagonalization using scalapack for step=2  count=3


FERMI ENERGY =     -4.93095096 eV
@@ EIGENVALUE SUM     =      -26.607316 Ha
@@ ION_ION            =      -29.161043 Ha
@@ ELECTROSTATIC      =     -113.644287 Ha
@@ VXC                =      -21.999773 Ha
@@ EXC                =      -21.564551 Ha
@@ TOTAL ENERGY       =     -168.977424 Ha
@@ estimated error    =        3.89e-05 Ha
@@ TOTAL MAGNETIZATION    =   2.00000000 Bohr mag/cell
@@ ABSOLUTE MAGNETIZATION =   2.00129453 Bohr mag/cell
Charge normalization constant: 1.000000
Charge density mixing: Linear with a constant of 0.20 

 charge density is NEGATIVE after interpolation, minimum is -5.965221e-04
 minimum charge density with core charge added is -5.965237e-04
 quench: [md:   0/10  scf:   2/100  step time:   1.14  scf time:     3.39 secs  RMS[dV]: 4.59e-03 ]


average potential <V> = -2.61e-16

Diagonalization using scalapack for step=3  count=4


FERMI ENERGY =     -4.94655927 eV
@@ EIGENVALUE SUM     =      -26.617052 Ha
@@ ION_ION            =      -29.161043 Ha
@@ ELECTROSTATIC      =     -113.635039 Ha
@@ VXC                =      -22.000449 Ha
@@ EXC                =      -21.565208 Ha
@@ TOTAL ENERGY       =     -168.977894 Ha
@@ estimated error    =        3.15e-05 Ha
@@ TOTAL MAGNETIZATION    =   2.00000000 Bohr mag/cell
@@ ABSOLUTE MAGNETIZATION =   2.00194626 Bohr mag/cell
Charge normalization constant: 1.000000
Charge density mixing: Linear with a constant of 0.20 

 charge density is NEGATIVE after interpolation, minimum is -7.333107e-04
 minimum charge density with core charge added is -7.333123e-04
 quench: [md:   0/10  scf:   3/100  step time:   1.05  scf time:     4.44 secs  RMS[dV]: 3.89e-03 ]


average potential <V> = 4.34e-17
Davidson incomplete convergence steps = 8

FERMI ENERGY =     -4.96001681 eV
@@ EIGENVALUE SUM     =      -26.623355 Ha
@@ ION_ION            =      -29.161043 Ha
@@ ELECTROSTATIC      =     -113.629330 Ha
@@ VXC                =      -22.001516 Ha
@@ EXC                =      -21.566145 Ha
@@ TOTAL ENERGY       =     -168.978356 Ha
@@ estimated error    =        2.54e-05 Ha
@@ TOTAL MAGNETIZATION    =   2.00000000 Bohr mag/cell
@@ ABSOLUTE MAGNETIZATION =   2.00260317 Bohr mag/cell
Charge normalization constant: 1.000000
Charge density mixing: Pulay

 charge density is NEGATIVE after interpolation, minimum is -8.510860e-04
 minimum charge density with core charge added is -8.510876e-04
 quench: [md:   0/10  scf:   4/100  step time:   1.53  scf time:     5.97 secs  RMS[dV]: 3.42e-03 ]


average potential <V> = 5.34e-16
Davidson converged in 4 steps

FERMI ENERGY =     -4.97283054 eV
@@ EIGENVALUE SUM     =      -26.623453 Ha
@@ ION_ION            =      -29.161043 Ha
@@ ELECTROSTATIC      =     -113.629820 Ha
@@ VXC                =      -22.003688 Ha
@@ EXC                =      -21.567930 Ha
@@ TOTAL ENERGY       =     -168.978558 Ha
@@ estimated error    =        3.24e-05 Ha
@@ TOTAL MAGNETIZATION    =   2.00000000 Bohr mag/cell
@@ ABSOLUTE MAGNETIZATION =   2.00328984 Bohr mag/cell
Charge normalization constant: 1.000000
Charge density mixing: Pulay

 charge density is NEGATIVE after interpolation, minimum is -1.465102e-03
 minimum charge density with core charge added is -1.465109e-03


KOHN SHAM EIGENVALUES [eV] AT K-POINT [  0]:       0.000000      0.000000      0.000000


------------- SPIN UP ---------------

[kpt   0   5   0]   -111.4738 [1.000]   -71.8394 [1.000]   -71.8392 [1.000]   -71.8391 [1.000]    -9.3281 [1.000]
[kpt   0   5   1]    -9.3279 [1.000]    -9.2780 [1.000]    -9.2779 [1.000]    -9.2779 [1.000]    -5.3438 [1.000]
[kpt   0   5   2]    -0.7515 [0.000]    -0.7513 [0.000]    -0.7510 [0.000]     0.0093 [0.000]     1.3978 [0.000]
[kpt   0   5   3]     1.3984 [0.000]     2.6133 [0.000]     2.6173 [0.000]

------------ SPIN DOWN --------------

[kpt   0   5   0]   -109.4548 [1.000]   -69.7394 [1.000]   -69.7393 [1.000]   -69.7393 [1.000]    -7.3564 [0.600]
[kpt   0   5   1]    -7.3563 [0.600]    -7.3126 [0.600]    -7.3126 [0.600]    -7.3125 [0.600]    -4.9728 [1.000]
[kpt   0   5   2]    -0.5745 [0.000]    -0.5741 [0.000]    -0.5740 [0.000]     0.0627 [0.000]     1.4370 [0.000]
[kpt   0   5   3]     1.4378 [0.000]     2.6777 [0.000]     2.6791 [0.000]



Total charge in supercell =      18.00000000
 quench: [md:   0/10  scf:   5/100  step time:   1.15  scf time:     7.12 secs  RMS[dV]: 2.85e-03 ]


average potential <V> = -5.34e-16
Davidson converged in 5 steps

FERMI ENERGY =     -5.02988396 eV
@@ EIGENVALUE SUM     =      -26.636032 Ha
@@ ION_ION            =      -29.161043 Ha
@@ ELECTROSTATIC      =     -113.619317 Ha
@@ VXC                =      -22.011913 Ha
@@ EXC                =      -21.574632 Ha
@@ TOTAL ENERGY       =     -168.979112 Ha
@@ estimated error    =        1.95e-05 Ha
@@ TOTAL MAGNETIZATION    =   2.00000000 Bohr mag/cell
@@ ABSOLUTE MAGNETIZATION =   2.03950966 Bohr mag/cell
Charge normalization constant: 1.000000
Charge density mixing: Pulay

 charge density is NEGATIVE after interpolation, minimum is -1.509829e-03
 minimum charge density with core charge added is -1.509836e-03
 quench: [md:   0/10  scf:   6/100  step time:   1.35  scf time:     8.47 secs  RMS[dV]: 8.34e-03 ]


average potential <V> = 9.82e-16
Davidson converged in 3 steps

FERMI ENERGY =     -5.03508164 eV
@@ EIGENVALUE SUM     =      -26.650052 Ha
@@ ION_ION            =      -29.161043 Ha
@@ ELECTROSTATIC      =     -113.605117 Ha
@@ VXC                =      -22.010317 Ha
@@ EXC                =      -21.573279 Ha
@@ TOTAL ENERGY       =     -168.979174 Ha
@@ estimated error    =        5.98e-06 Ha
@@ TOTAL MAGNETIZATION    =   2.00000000 Bohr mag/cell
@@ ABSOLUTE MAGNETIZATION =   2.04349829 Bohr mag/cell
Charge normalization constant: 1.000000
Charge density mixing: Pulay

 charge density is NEGATIVE after interpolation, minimum is -1.524679e-03
 minimum charge density with core charge added is -1.524686e-03
 quench: [md:   0/10  scf:   7/100  step time:   1.16  scf time:     9.63 secs  RMS[dV]: 2.61e-03 ]


average potential <V> = -2.39e-15
Davidson converged in 3 steps

FERMI ENERGY =     -5.03560380 eV
@@ EIGENVALUE SUM     =      -26.653357 Ha
@@ ION_ION            =      -29.161043 Ha
@@ ELECTROSTATIC      =     -113.601813 Ha
@@ VXC                =      -22.009896 Ha
@@ EXC                =      -21.572894 Ha
@@ TOTAL ENERGY       =     -168.979212 Ha
@@ estimated error    =        5.02e-07 Ha
@@ TOTAL MAGNETIZATION    =   2.00000000 Bohr mag/cell
@@ ABSOLUTE MAGNETIZATION =   2.04437433 Bohr mag/cell
Charge normalization constant: 1.000000
Charge density mixing: Pulay

 charge density is NEGATIVE after interpolation, minimum is -1.571638e-03
 minimum charge density with core charge added is -1.571645e-03
 quench: [md:   0/10  scf:   8/100  step time:   1.15  scf time:    10.78 secs  RMS[dV]: 1.87e-03 ]


average potential <V> = 1.12e-15
Davidson converged in 3 steps

FERMI ENERGY =     -5.03457102 eV
@@ EIGENVALUE SUM     =      -26.647764 Ha
@@ ION_ION            =      -29.161043 Ha
@@ ELECTROSTATIC      =     -113.607816 Ha
@@ VXC                =      -22.011166 Ha
@@ EXC                =      -21.573836 Ha
@@ TOTAL ENERGY       =     -168.979293 Ha
@@ estimated error    =        5.40e-07 Ha
@@ TOTAL MAGNETIZATION    =   2.00000000 Bohr mag/cell
@@ ABSOLUTE MAGNETIZATION =   2.04737181 Bohr mag/cell
Charge normalization constant: 1.000000
Charge density mixing: Pulay

 charge density is NEGATIVE after interpolation, minimum is -1.577691e-03
 minimum charge density with core charge added is -1.577697e-03
 quench: [md:   0/10  scf:   9/100  step time:   1.24  scf time:    12.02 secs  RMS[dV]: 3.89e-03 ]


average potential <V> = -5.98e-16
Davidson converged in 3 steps

FERMI ENERGY =     -5.03535792 eV
@@ EIGENVALUE SUM     =      -26.650155 Ha
@@ ION_ION            =      -29.161043 Ha
@@ ELECTROSTATIC      =     -113.605381 Ha
@@ VXC                =      -22.010883 Ha
@@ EXC                =      -21.573606 Ha
@@ TOTAL ENERGY       =     -168.979302 Ha
@@ estimated error    =        1.63e-07 Ha
@@ TOTAL MAGNETIZATION    =   2.00000000 Bohr mag/cell
@@ ABSOLUTE MAGNETIZATION =   2.04766958 Bohr mag/cell
Charge normalization constant: 1.000000
Charge density mixing: Pulay

 charge density is NEGATIVE after interpolation, minimum is -1.586875e-03
 minimum charge density with core charge added is -1.586882e-03


KOHN SHAM EIGENVALUES [eV] AT K-POINT [  0]:       0.000000      0.000000      0.000000


------------- SPIN UP ---------------

[kpt   0  10   0]   -111.5179 [1.000]   -71.8938 [1.000]   -71.8938 [1.000]   -71.8938 [1.000]    -9.4262 [1.000]
[kpt   0  10   1]    -9.4262 [1.000]    -9.3622 [1.000]    -9.3622 [1.000]    -9.3622 [1.000]    -5.3705 [1.000]
[kpt   0  10   2]    -0.7688 [0.000]    -0.7688 [0.000]    -0.7688 [0.000]    -0.0965 [0.000]     1.3276 [0.000]
[kpt   0  10   3]     1.3276 [0.000]     2.4920 [0.000]     2.4963 [0.000]

------------ SPIN DOWN --------------

[kpt   0  10   0]   -109.4685 [1.000]   -69.7400 [1.000]   -69.7400 [1.000]   -69.7400 [1.000]    -7.3528 [0.600]
[kpt   0  10   1]    -7.3528 [0.600]    -7.2954 [0.600]    -7.2954 [0.600]    -7.2954 [0.600]    -5.0354 [1.000]
[kpt   0  10   2]    -0.6421 [0.000]    -0.6420 [0.000]    -0.6420 [0.000]    -0.0865 [0.000]     1.3137 [0.000]
[kpt   0  10   3]     1.3137 [0.000]     2.5176 [0.000]     2.5193 [0.000]



Total charge in supercell =      18.00000000
 quench: [md:   0/10  scf:  10/100  step time:   1.20  scf time:    13.22 secs  RMS[dV]: 6.31e-04 ]


average potential <V> = -3.21e-16
Davidson converged in 3 steps

FERMI ENERGY =     -5.03615967 eV
@@ EIGENVALUE SUM     =      -26.651250 Ha
@@ ION_ION            =      -29.161043 Ha
@@ ELECTROSTATIC      =     -113.604283 Ha
@@ VXC                =      -22.010869 Ha
@@ EXC                =      -21.573606 Ha
@@ TOTAL ENERGY       =     -168.979312 Ha
@@ estimated error    =        3.29e-08 Ha
@@ TOTAL MAGNETIZATION    =   2.00000000 Bohr mag/cell
@@ ABSOLUTE MAGNETIZATION =   2.04769431 Bohr mag/cell
Charge normalization constant: 1.000000
Charge density mixing: Pulay

 charge density is NEGATIVE after interpolation, minimum is -1.588389e-03
 minimum charge density with core charge added is -1.588396e-03
 quench: [md:   0/10  scf:  11/100  step time:   1.51  scf time:    14.73 secs  RMS[dV]: 6.94e-04 ]



 Convergence criterion reached: Energy variation (4.94e-09) is lower than threshold (1.00e-08)

potential convergence has been achieved. stopping ...

[   0  12   12       17 ] Quench.cpp: final total energy =    -168.97931234 Ha


KOHN SHAM EIGENVALUES [eV] AT K-POINT [  0]:       0.000000      0.000000      0.000000


------------- SPIN UP ---------------

[kpt   0  12   0]   -111.5193 [1.000]   -71.8953 [1.000]   -71.8953 [1.000]   -71.8952 [1.000]    -9.4281 [1.000]
[kpt   0  12   1]    -9.4281 [1.000]    -9.3639 [1.000]    -9.3639 [1.000]    -9.3639 [1.000]    -5.3718 [1.000]
[kpt   0  12   2]    -0.7696 [0.000]    -0.7696 [0.000]    -0.7696 [0.000]    -0.0998 [0.000]     1.3271 [0.000]
[kpt   0  12   3]     1.3271 [0.000]     2.4887 [0.000]     2.4924 [0.000]

------------ SPIN DOWN --------------

[kpt   0  12   0]   -109.4702 [1.000]   -69.7417 [1.000]   -69.7417 [1.000]   -69.7417 [1.000]    -7.3551 [0.600]
[kpt   0  12   1]    -7.3551 [0.600]    -7.2973 [0.600]    -7.2973 [0.600]    -7.2973 [0.600]    -5.0362 [1.000]
[kpt   0  12   2]    -0.6428 [0.000]    -0.6428 [0.000]    -0.6428 [0.000]    -0.0912 [0.000]     1.3124 [0.000]
[kpt   0  12   3]     1.3124 [0.000]     2.5123 [0.000]     2.5139 [0.000]



Total charge in supercell =      18.00000000
 volume and energy per atom =       580.30177636      -4598.16104054 eV

 Vdd took 0.000895 seconds
WriteRestart: Output file given as /dev/null, no restart data written ...



  IONIC POSITIONS [a0] AND FORCES [Ha/a0]
  Charge analysis using: Voronoi Deformation Density

@ION  Ion  Species       X           Y           Z       Charge       FX          FY         FZ      Movable
@ION    1    Ni      0.0000000   0.0000000   0.0000000    0.000   -0.0001005   0.0002060   0.0001789  1 1 1

 mean FX      =   0.00010049 Ha/a0
 mean FY      =   0.00020601 Ha/a0
 mean FZ      =   0.00017885 Ha/a0

 max FX       =   0.00010049 Ha/a0   (ion 1)
 max FY       =   0.00020601 Ha/a0   (ion 1)
 max FZ       =   0.00017885 Ha/a0   (ion 1)
 max F[x,y,z] =   0.00020601 Ha/a0
 max |F|      =   0.00029073 Ha/a0   (ion 1)

 sum FX       =  -0.00010049 Ha/a0
 sum FY       =   0.00020601 Ha/a0
 sum FZ       =   0.00017885 Ha/a0
 Average      =   0.00016178 Ha/a0
 sqrt < F^2 > =   0.00016786 Ha/a0

WriteRestart: Output file given as /dev/null, no restart data written ...


--------TIMING INFORMATION FOR Processor owned the most atoms----------------
                                        Total time               Per SCF/step

1-TOTAL                                            16.98                1.42
-----------------------------------------------------------------------------
  1-TOTAL: Init                                     2.07                0.17
  1-TOTAL: run                                     14.91                1.24
  ---------------------------------------------------------------------------
    1-TOTAL: run: Force                             0.17                0.01
    1-TOTAL: run: Scf steps                        14.70                1.23

2-Force                                             0.17                0.01
-----------------------------------------------------------------------------
  2-Force: core correction                          0.03                0.00
  2-Force: corrections                              0.03                0.00
  2-Force: ion-ion                                  0.02                0.00
  2-Force: local                                    0.06                0.01
  2-Force: non-local                                0.02                0.00
  2-Force: non-local-betaxpsi                       0.01                0.00
  2-Force: non-local-get gamma                      0.00                0.00
  2-Force: non-local-nlforce_par_Q                  0.00                0.00
  2-Force: non-local-nlforce_par_gamma              0.00                0.00
  2-Force: non-local-nlforce_par_omega              0.00                0.00
  2-Force: non-local-partial gamma                  0.00                0.00
  2-Force: non-local-veff grad                      0.00                0.00

2-Init                                              2.07                0.17
-----------------------------------------------------------------------------
  2-Init: GetNewRho                                 0.15                0.01
  2-Init: KpointClass                               0.62                0.05
  2-Init: LcaoGetPsi                                0.02                0.00
  2-Init: LcaoGetRho                                0.02                0.00
  2-Init: ReinitIonicPotentials                     0.14                0.01
  2-Init: betaxpsi                                  0.01                0.00
  2-Init: exchange/correlation                      0.43                0.04
  2-Init: hartree                                   0.20                0.02
  2-Init: normalization                             0.00                0.00
  2-Init: radial potentials                         0.19                0.02
  2-Init: subdiag                                   0.05                0.00
  2-Init: weights                                   0.04                0.00

2-Scf steps                                        14.70                1.23
-----------------------------------------------------------------------------
  2-Scf steps: Davidson                             2.55                0.21
  2-Scf steps: GetNewRho                            0.32                0.03
  2-Scf steps: Hartree                              2.77                0.23
  2-Scf steps: MgridSubspace                        1.02                0.09
  2-Scf steps: MixRho                               1.59                0.13
  2-Scf steps: exchange/correlation                 4.16                0.35

3-MgridSubspace                                     1.02                0.09
-----------------------------------------------------------------------------
  3-MgridSubspace: AppNls                           0.02                0.00
  3-MgridSubspace: Beta x psi                       0.11                0.01
  3-MgridSubspace: Diagonalization                  0.34                0.03
  3-MgridSubspace: Mg_eig                           0.55                0.05

3-ReinitIonicPotentials                             0.14                0.01
-----------------------------------------------------------------------------
  3-ReinitIonicPotentials: GetNlop                  0.01                0.00
  3-ReinitIonicPotentials: GetWeight                0.03                0.00
  3-ReinitIonicPotentials: get_QI                   0.00                0.00
  3-ReinitIonicPotentials: get_qqq                  0.00                0.00
  3-ReinitIonicPotentials: init_nuc                 0.09                0.01

4-Diagonalization                                   0.39                0.03
-----------------------------------------------------------------------------
  4-Diagonalization: ELPA/PDSYGVX/PZHEGVX           0.10                0.01
  4-Diagonalization: Hpsi                           0.08                0.01
  4-Diagonalization: MPI_Bcast                      0.00                0.00
  4-Diagonalization: Update orbitals                0.01                0.00
  ---------------------------------------------------------------------------
    4-Diagonalization: Update orbitals: gather           0.00                0.00
    4-Diagonalization: Update orbitals: gemm           0.01                0.00
  4-Diagonalization: matrix                         0.11                0.01
  ---------------------------------------------------------------------------
    4-Diagonalization: matrix: Allreduce            0.09                0.01
    4-Diagonalization: matrix: Gemm                 0.02                0.00

5-Functional                                        4.47                0.37
-----------------------------------------------------------------------------
  5-Functional: apply gradient                      0.89                0.07
  5-Functional: libxc                               2.79                0.23
  5-Functional: vxc                                 4.46                0.37
  5-Functional: vxc grad                            2.96                0.25
  5-Functional: vxc local                           1.46                0.12
  5-Functional: vxc nonlocal                        0.00                0.00

6-Davidson                                          2.55                0.21
-----------------------------------------------------------------------------
  6-Davidson: Betaxpsi                              0.16                0.01
  6-Davidson: apply hamiltonian                     0.43                0.04
  6-Davidson: diagonalization                       0.11                0.01
  6-Davidson: generate residuals                    0.13                0.01
  6-Davidson: matrix setup/reduce                   0.44                0.04
  6-Davidson: normalization                         0.14                0.01
  6-Davidson: precondition                          1.07                0.09
  6-Davidson: refresh h_psi and s_psi               0.01                0.00
  6-Davidson: reset hr,sr,vr                        0.00                0.00
  6-Davidson: rotate orbitals                       0.05                0.00

AppNls                                              0.09                0.01
-----------------------------------------------------------------------------
  AppNls: data_rearrange                            0.00                0.00
  ---------------------------------------------------------------------------
    AppNls: data_rearrange: alloc and zeros           0.00                0.00
    AppNls: data_rearrange: dnm                     0.00                0.00
    AppNls: data_rearrange: sint                    0.00                0.00
  AppNls: nv                                        0.07                0.01
  AppNls: nv_work                                   0.00                0.00

App_gradient                                        0.88                0.07

ApplyAOperator                                      0.03                0.00

CPUFD                                               0.01                0.00

Compute Hpsi                                        0.08                0.01
-----------------------------------------------------------------------------
  Compute Hpsi: AppNls                              0.01                0.00
  Compute Hpsi: Threaded Apply H                    0.07                0.01

GlobalSums                                          0.57                0.05

Init                                                1.44                0.12

Init Voronoi                                        0.03                0.00

Mix rho                                             1.71                0.14
-----------------------------------------------------------------------------
  Mix rho: Linear                                   0.44                0.04
  Mix rho: Pulay                                    0.91                0.08

Orbital                                             0.01                0.00
-----------------------------------------------------------------------------
  Orbital: phase and set                            0.01                0.00
  Orbital: proj cal                                 0.01                0.00
  Trade images: trade_images                        0.00                0.00
  Trade images: trade_imagesx                       0.58                0.05

VhPfft                                              2.82                0.23

Weight                                              0.02                0.00

radial beta                                         0.15                0.01


------------------------- TIMING INFORMATION FOR THREADS  -------------------

                                           Min            Max            Avg
ApplyAOperator                             0.62           0.62           0.62
-----------------------------------------------------------------------------

CPUFD                                      0.17           0.17           0.17
-----------------------------------------------------------------------------

GlobalSums                                 0.30           0.30           0.30
-----------------------------------------------------------------------------

Mg_eig                                     0.54           0.54           0.54
-----------------------------------------------------------------------------
  Mg_eig: apply hamiltonian                0.25           0.25           0.25
  Mg_eig: mgrid_solv                       0.16           0.16           0.16
  Trade images: trade_images               0.62           0.62           0.62
  Trade images: trade_imagesx              0.48           0.48           0.48
