RMG initialization ... 1 image(s) total, 1 per node. 16 MPI processes/image. Thread level 2.
FFT-FD  0.000000e+00   5.427020e-06
FFT-FD  1.000000e+00   -2.672171e-05
IP=0 M = -3.214873e-05  1.688098e-01  5.427020e-06
FFT-FD  0.000000e+00   3.537035e-05
FFT-FD  1.000000e+00   -2.432124e-04
IP=1 M = -2.785828e-04  1.269653e-01  3.537035e-05
FFT-FD  0.000000e+00   3.537035e-05
FFT-FD  1.000000e+00   -2.432124e-04
IP=2 M = -2.785828e-04  1.269653e-01  3.537035e-05
FFT-FD  0.000000e+00   3.537035e-05
FFT-FD  1.000000e+00   -2.432124e-04
IP=3 M = -2.785828e-04  1.269653e-01  3.537035e-05
FFT-FD  0.000000e+00   6.176380e-05
FFT-FD  1.000000e+00   -4.196044e-04
IP=4 M = -4.813682e-04  1.283089e-01  6.176380e-05
FFT-FD  0.000000e+00   6.176380e-05
FFT-FD  1.000000e+00   -4.196044e-04
IP=5 M = -4.813682e-04  1.283089e-01  6.176380e-05
FFT-FD  0.000000e+00   1.638133e-04
FFT-FD  1.000000e+00   -8.744406e-04
IP=6 M = -1.038254e-03  1.577776e-01  1.638133e-04
FFT-FD  0.000000e+00   6.176380e-05
FFT-FD  1.000000e+00   -4.196044e-04
IP=7 M = -4.813682e-04  1.283089e-01  6.176380e-05
FFT-FD  0.000000e+00   1.638133e-04
FFT-FD  1.000000e+00   -8.744406e-04
IP=8 M = -1.038254e-03  1.577777e-01  1.638133e-04
FFT-FD  0.000000e+00   7.440606e-06
FFT-FD  1.000000e+00   -2.160373e-06
IP=9 M = -9.600979e-06  7.749841e-01  7.440606e-06
NEWCFAC = 0.143189  0.143189


                     * * * * * * * * * *
                     *    R   M   G    *
                     * * * * * * * * * *

     -- A Real Space Multigrid Electronic structure code --
     --      More information at www.rmgdft.org          --

Code Revision:     5.0.0_beta1_111_gca5c3507
Build Date:        Feb 22 2023  21:48:37
Start time:        Sun Feb 26 20:58:45 2023

NOTICE: RMG internal pseudopotentials have switched to
ONCVP from Ultrasoft. You can revert to Ultrasoft by
adding the input tag internal_pseudo_type="ultrasoft" to
your input files.


Files
   Control input file:        input7
   Data output file:          /dev/null

Run Setup
    Calculation type:         Quench electrons - Fixed ions SCF calculation
    Description:              Ni atom test cell
    Orbital Initialization:   LCAO (10 LCAO and 0 random orbitals)
    Exchange Correlation:     pbe
    Spin Polarization:        ON
    System charge:            Neutral

Processor Topology
   Total PEs:                 8
   X direction:               2
   Y direction:               2
   Z direction:               2
   MG Threads/PE:             1
   OMP Threads/PE:            1

Grid Points  (Linear Anisotropy: 1.000)
    X:  Total: 104   Per PE: 52   Spacing:0.152 a0  
    Y:  Total: 104   Per PE: 52   Spacing:0.152 a0  
    Z:  Total: 104   Per PE: 52   Spacing:0.152 a0  

    Equivalent energy cutoffs (psi,rho):   429.668   1718.671 Ry

    Charge density grid:         2 times finer

Coordinate planes
  Planar Anisotropy: 1.000
  A0-A1 density:    43.534
  A0-A2 density:    43.534
  A1-A2 density:    43.534


Lattice (Cell) Setup
    Type:                       Cubic_primitive
    Volume (a0^3):               3916.07
    Boundary conditions:        Periodic

    X Basis Vector:      15.762       0.000       0.000 a0
    Y Basis Vector:       0.000      15.762       0.000 a0
    Z Basis Vector:       0.000       0.000      15.762 a0
    X Reci Vector:       0.063      -0.000       0.000 a0
    Y Reci Vector:       0.000       0.063       0.000 a0
    Z Reci Vector:       0.000      -0.000       0.063 a0

K-points
    Gamma Point Only (real orbitals)

Atoms and States
    Number of ions:                          1
    Number of species:                       1
    Number of spin up states:                18
    Number of spin down states:              18

Run Parameters
    SCF Convergence criterion (potential):   1.00e-08
    SCF Convergence criterion (energy):      1.00e-08
    Max SCF steps:                           100

SCF Cycle Settings
    Charge density mixing:                   Pulay  (Order:5 Scale:0.20 Refresh:100)
    Hartree Solver:                          PFFT
    Interpolation type:                      FFT

Subspace Diagonalization Options
    Frequency:                               every 1 SCF step(s)
    Driver:                                  ScaLapack
    Initial diagonalization:                 ON
    Folded spectrum:                         OFF

Filtering Cutoff  Parameters
    Wavefunction grid (cparm):               0.800
    Charge density grid (rhocparm):          1.000
    Filter factor:                           1.000

Multigrid (MG) Parameters
    Psi MG levels:                           3
    Psi global step:                         0.660 
    Psi pre:                                 2
    Psi post:                                2

Davidson Parameters
    Davidson multiplier:                     4
    Davidson max step:                       8
    Davidson unocc tol factor:               1000.000

Blas Libraries
    CPU support with openblas-parallel.


Atomic Species Information
(PP = Pseudopotential, US = Ultrasoft, NC = Norm Conserving)
-------------------------------------------------------------------------
|Index|Symbol| Mass|Valence| PP |  Comp  |Local| Local|Nlocal|    PP    |
|     |      |     |       |Type|Gaussian|  l  |Radius|Radius|Functional|
-------------------------------------------------------------------------
|    1|    Ni| 58.0|  18.00|  NC|    0.66|   -1| 10.00|  7.00|       PBE|
-------------------------------------------------------------------------

Pseudopotential generation information:
  Ni pseudopotential file: ./@Internal
      Generation info     : Generated using ONCVPSP code by D. R. Hamann
      Author info         : anonymous


Memory usage (Mbytes):     Min        Max       Total
    wave functions         80.99      80.99    1295.86
    beta-functions         40.50      40.50     323.98



Initial Ionic Positions And Displacements (Bohr)
Species      X           Y           Z           dX          dY          dZ
  Ni       0.0000      0.0000      0.0000      0.0000      0.0000      0.0000


Initial Ionic Positions And Displacements (Angstrom)
Species      X           Y           Z           dX          dY          dZ
  Ni       0.0000      0.0000      0.0000      0.0000      0.0000      0.0000

Diagonalization using scalapack for step=0  count=0



KOHN SHAM EIGENVALUES [eV] AT K-POINT [  0]:       0.000000      0.000000      0.000000


------------- SPIN UP ---------------

[kpt   0  -1   0]   -111.4084 [1.000]   -71.7521 [1.000]   -71.7521 [1.000]   -71.7521 [1.000]    -9.1202 [1.000]
[kpt   0  -1   1]    -9.1202 [1.000]    -9.1195 [1.000]    -9.1195 [1.000]    -9.1195 [1.000]    -5.2929 [1.000]
[kpt   0  -1   2]   1172.3503 [0.000]   2414.4323 [0.000]   2670.4550 [0.000]   2712.9576 [0.000]   2756.4693 [0.000]
[kpt   0  -1   3]   2809.2549 [0.000]   2904.8329 [0.000]   2993.2675 [0.000]

------------ SPIN DOWN --------------

[kpt   0  -1   0]   -109.3404 [1.000]   -69.6609 [1.000]   -69.6609 [1.000]   -69.6609 [1.000]    -7.3081 [0.600]
[kpt   0  -1   1]    -7.3081 [0.600]    -7.3074 [0.600]    -7.3074 [0.600]    -7.3074 [0.600]    -4.8670 [1.000]
[kpt   0  -1   2]   1172.4092 [0.000]   2414.4819 [0.000]   2670.5089 [0.000]   2713.0204 [0.000]   2756.5259 [0.000]
[kpt   0  -1   3]   2809.3116 [0.000]   2904.8934 [0.000]   2993.3249 [0.000]


Charge normalization constant: 1.000000
Charge density mixing: Linear with a constant of 0.20 

 charge density is NEGATIVE after interpolation, minimum is -2.342310e-07
 minimum charge density with core charge added is -2.359389e-07

Diagonalization using scalapack for step=0  count=1


FERMI ENERGY =     -4.89298898 eV
@@ EIGENVALUE SUM     =      -26.574755 Ha
@@ ION_ION            =      -29.161043 Ha
@@ ELECTROSTATIC      =     -113.675031 Ha
@@ VXC                =      -22.000171 Ha
@@ EXC                =      -21.564513 Ha
@@ TOTAL ENERGY       =     -168.975170 Ha
@@ estimated error    =   ****************
@@ TOTAL MAGNETIZATION    =   2.00000000 Bohr mag/cell
@@ ABSOLUTE MAGNETIZATION =   2.00000000 Bohr mag/cell
Charge normalization constant: 1.000000
Charge density mixing: Linear with a constant of 0.20 

 charge density is NEGATIVE after interpolation, minimum is -4.817147e-07
 minimum charge density with core charge added is -4.836448e-07
WriteRestart: Output file given as /dev/null, no restart data written ...


KOHN SHAM EIGENVALUES [eV] AT K-POINT [  0]:       0.000000      0.000000      0.000000


------------- SPIN UP ---------------

[kpt   0   0   0]   -111.4222 [1.000]   -71.7726 [1.000]   -71.7726 [1.000]   -71.7726 [1.000]    -9.1586 [1.000]
[kpt   0   0   1]    -9.1586 [1.000]    -9.1579 [1.000]    -9.1579 [1.000]    -9.1579 [1.000]    -5.3067 [1.000]
[kpt   0   0   2]     1.1093 [0.000]    14.5095 [0.000]    16.8624 [0.000]    20.4676 [0.000]    31.0441 [0.000]
[kpt   0   0   3]    34.8297 [0.000]    40.8612 [0.000]    53.9314 [0.000]

------------ SPIN DOWN --------------

[kpt   0   0   0]   -109.3816 [1.000]   -69.6933 [1.000]   -69.6933 [1.000]   -69.6933 [1.000]    -7.3151 [0.600]
[kpt   0   0   1]    -7.3151 [0.600]    -7.3143 [0.600]    -7.3143 [0.600]    -7.3143 [0.600]    -4.8930 [1.000]
[kpt   0   0   2]     1.1682 [0.000]    14.5674 [0.000]    16.9368 [0.000]    20.5140 [0.000]    31.1172 [0.000]
[kpt   0   0   3]    34.8756 [0.000]    40.9147 [0.000]    53.9769 [0.000]



Total charge in supercell =      18.00000000
 quench: [md:   0/10  scf:   0/100  step time:   3.39  scf time:     3.49 secs  RMS[dV]: 2.04e-03 ]


average potential <V> = -1.54e-15

Diagonalization using scalapack for step=1  count=2


FERMI ENERGY =     -4.91413021 eV
@@ EIGENVALUE SUM     =      -26.595343 Ha
@@ ION_ION            =      -29.161043 Ha
@@ ELECTROSTATIC      =     -113.654925 Ha
@@ VXC                =      -21.998852 Ha
@@ EXC                =      -21.563645 Ha
@@ TOTAL ENERGY       =     -168.976104 Ha
@@ estimated error    =        4.59e-05 Ha
@@ TOTAL MAGNETIZATION    =   2.00000000 Bohr mag/cell
@@ ABSOLUTE MAGNETIZATION =   2.00000000 Bohr mag/cell
Charge normalization constant: 1.000000
Charge density mixing: Linear with a constant of 0.20 

 charge density is NEGATIVE after interpolation, minimum is -6.577690e-07
 minimum charge density with core charge added is -6.595731e-07
 quench: [md:   0/10  scf:   1/100  step time:   3.29  scf time:     6.79 secs  RMS[dV]: 1.83e-03 ]


average potential <V> = -3.35e-15

Diagonalization using scalapack for step=2  count=3


FERMI ENERGY =     -4.93290124 eV
@@ EIGENVALUE SUM     =      -26.612405 Ha
@@ ION_ION            =      -29.161043 Ha
@@ ELECTROSTATIC      =     -113.638175 Ha
@@ VXC                =      -21.998120 Ha
@@ EXC                =      -21.563181 Ha
@@ TOTAL ENERGY       =     -168.976684 Ha
@@ estimated error    =        3.82e-05 Ha
@@ TOTAL MAGNETIZATION    =   2.00000000 Bohr mag/cell
@@ ABSOLUTE MAGNETIZATION =   2.00000000 Bohr mag/cell
Charge normalization constant: 1.000000
Charge density mixing: Linear with a constant of 0.20 

 charge density is NEGATIVE after interpolation, minimum is -7.735162e-07
 minimum charge density with core charge added is -7.752419e-07
 quench: [md:   0/10  scf:   2/100  step time:   3.19  scf time:     9.98 secs  RMS[dV]: 1.55e-03 ]


average potential <V> = -2.03e-15

Diagonalization using scalapack for step=3  count=4


FERMI ENERGY =     -4.94879823 eV
@@ EIGENVALUE SUM     =      -26.624569 Ha
@@ ION_ION            =      -29.161043 Ha
@@ ELECTROSTATIC      =     -113.626291 Ha
@@ VXC                =      -21.998017 Ha
@@ EXC                =      -21.563181 Ha
@@ TOTAL ENERGY       =     -168.977068 Ha
@@ estimated error    =        2.70e-05 Ha
@@ TOTAL MAGNETIZATION    =   2.00000000 Bohr mag/cell
@@ ABSOLUTE MAGNETIZATION =   2.00000000 Bohr mag/cell
Charge normalization constant: 1.000000
Charge density mixing: Linear with a constant of 0.20 

 charge density is NEGATIVE after interpolation, minimum is -8.545081e-07
 minimum charge density with core charge added is -8.596539e-07
 quench: [md:   0/10  scf:   3/100  step time:   3.35  scf time:    13.33 secs  RMS[dV]: 1.34e-03 ]


average potential <V> = -1.76e-15
Davidson incomplete convergence steps = 8

FERMI ENERGY =     -4.96240551 eV
@@ EIGENVALUE SUM     =      -26.632657 Ha
@@ ION_ION            =      -29.161043 Ha
@@ ELECTROSTATIC      =     -113.618638 Ha
@@ VXC                =      -21.998399 Ha
@@ EXC                =      -21.563544 Ha
@@ TOTAL ENERGY       =     -168.977483 Ha
@@ estimated error    =        1.93e-05 Ha
@@ TOTAL MAGNETIZATION    =   2.00000000 Bohr mag/cell
@@ ABSOLUTE MAGNETIZATION =   2.00000000 Bohr mag/cell
Charge normalization constant: 1.000000
Charge density mixing: Pulay

 charge density is NEGATIVE after interpolation, minimum is -9.337698e-07
 minimum charge density with core charge added is -9.403954e-07
 quench: [md:   0/10  scf:   4/100  step time:   4.27  scf time:    17.60 secs  RMS[dV]: 1.20e-03 ]


average potential <V> = -3.41e-15
Davidson converged in 6 steps

FERMI ENERGY =     -4.97458545 eV
@@ EIGENVALUE SUM     =      -26.632092 Ha
@@ ION_ION            =      -29.161043 Ha
@@ ELECTROSTATIC      =     -113.619675 Ha
@@ VXC                =      -22.000244 Ha
@@ EXC                =      -21.565053 Ha
@@ TOTAL ENERGY       =     -168.977618 Ha
@@ estimated error    =        2.42e-05 Ha
@@ TOTAL MAGNETIZATION    =   2.00000000 Bohr mag/cell
@@ ABSOLUTE MAGNETIZATION =   2.00000985 Bohr mag/cell
Charge normalization constant: 1.000000
Charge density mixing: Pulay

 charge density is NEGATIVE after interpolation, minimum is -1.221408e-06
 minimum charge density with core charge added is -1.231732e-06


KOHN SHAM EIGENVALUES [eV] AT K-POINT [  0]:       0.000000      0.000000      0.000000


------------- SPIN UP ---------------

[kpt   0   5   0]   -111.4948 [1.000]   -71.8656 [1.000]   -71.8656 [1.000]   -71.8656 [1.000]    -9.3023 [1.000]
[kpt   0   5   1]    -9.3023 [1.000]    -9.3015 [1.000]    -9.3015 [1.000]    -9.3014 [1.000]    -5.3389 [1.000]
[kpt   0   5   2]    -0.7396 [0.000]    -0.7395 [0.000]    -0.7394 [0.000]     0.0096 [0.000]     1.4084 [0.000]
[kpt   0   5   3]     1.4091 [0.000]     2.6107 [0.000]     2.6161 [0.000]

------------ SPIN DOWN --------------

[kpt   0   5   0]   -109.4778 [1.000]   -69.7671 [1.000]   -69.7669 [1.000]   -69.7669 [1.000]    -7.3349 [0.600]
[kpt   0   5   1]    -7.3346 [0.600]    -7.3343 [0.600]    -7.3342 [0.600]    -7.3342 [0.600]    -4.9746 [1.000]
[kpt   0   5   2]    -0.5751 [0.000]    -0.5744 [0.000]    -0.5743 [0.000]     0.0603 [0.000]     1.4351 [0.000]
[kpt   0   5   3]     1.4356 [0.000]     2.6689 [0.000]     2.6707 [0.000]



Total charge in supercell =      18.00000000
 quench: [md:   0/10  scf:   5/100  step time:   3.28  scf time:    20.88 secs  RMS[dV]: 1.06e-03 ]


average potential <V> = -4.58e-16
Davidson converged in 3 steps

FERMI ENERGY =     -5.02883495 eV
@@ EIGENVALUE SUM     =      -26.641196 Ha
@@ ION_ION            =      -29.161043 Ha
@@ ELECTROSTATIC      =     -113.612080 Ha
@@ VXC                =      -22.006794 Ha
@@ EXC                =      -21.570368 Ha
@@ TOTAL ENERGY       =     -168.977894 Ha
@@ estimated error    =        1.39e-05 Ha
@@ TOTAL MAGNETIZATION    =   2.00000000 Bohr mag/cell
@@ ABSOLUTE MAGNETIZATION =   2.03407061 Bohr mag/cell
Charge normalization constant: 1.000000
Charge density mixing: Pulay

 charge density is NEGATIVE after interpolation, minimum is -1.061941e-06
 minimum charge density with core charge added is -1.071324e-06
 quench: [md:   0/10  scf:   6/100  step time:   3.31  scf time:    24.19 secs  RMS[dV]: 3.10e-03 ]


average potential <V> = -5.60e-16
Davidson converged in 2 steps

FERMI ENERGY =     -5.03365677 eV
@@ EIGENVALUE SUM     =      -26.652226 Ha
@@ ION_ION            =      -29.161043 Ha
@@ ELECTROSTATIC      =     -113.600807 Ha
@@ VXC                =      -22.005438 Ha
@@ EXC                =      -21.569257 Ha
@@ TOTAL ENERGY       =     -168.977894 Ha
@@ estimated error    =        4.79e-06 Ha
@@ TOTAL MAGNETIZATION    =   2.00000000 Bohr mag/cell
@@ ABSOLUTE MAGNETIZATION =   2.03846197 Bohr mag/cell
Charge normalization constant: 1.000000
Charge density mixing: Pulay

 charge density is NEGATIVE after interpolation, minimum is -8.155617e-07
 minimum charge density with core charge added is -8.236440e-07
 quench: [md:   0/10  scf:   7/100  step time:   3.05  scf time:    27.23 secs  RMS[dV]: 1.52e-03 ]


average potential <V> = 1.97e-15
Davidson converged in 3 steps

FERMI ENERGY =     -5.03433439 eV
@@ EIGENVALUE SUM     =      -26.659417 Ha
@@ ION_ION            =      -29.161043 Ha
@@ ELECTROSTATIC      =     -113.593392 Ha
@@ VXC                =      -22.004149 Ha
@@ EXC                =      -21.568193 Ha
@@ TOTAL ENERGY       =     -168.977896 Ha
@@ estimated error    =        9.15e-07 Ha
@@ TOTAL MAGNETIZATION    =   2.00000000 Bohr mag/cell
@@ ABSOLUTE MAGNETIZATION =   2.03938607 Bohr mag/cell
Charge normalization constant: 1.000000
Charge density mixing: Pulay

 charge density is NEGATIVE after interpolation, minimum is -7.040518e-07
 minimum charge density with core charge added is -7.121556e-07
 quench: [md:   0/10  scf:   8/100  step time:   3.32  scf time:    30.55 secs  RMS[dV]: 1.66e-03 ]


average potential <V> = 2.96e-15
Davidson converged in 3 steps

FERMI ENERGY =     -5.03207534 eV
@@ EIGENVALUE SUM     =      -26.650019 Ha
@@ ION_ION            =      -29.161043 Ha
@@ ELECTROSTATIC      =     -113.603064 Ha
@@ VXC                =      -22.005595 Ha
@@ EXC                =      -21.569365 Ha
@@ TOTAL ENERGY       =     -168.977897 Ha
@@ estimated error    =        6.36e-07 Ha
@@ TOTAL MAGNETIZATION    =   2.00000000 Bohr mag/cell
@@ ABSOLUTE MAGNETIZATION =   2.03928249 Bohr mag/cell
Charge normalization constant: 1.000000
Charge density mixing: Pulay

 charge density is NEGATIVE after interpolation, minimum is -3.240272e-07
 minimum charge density with core charge added is -3.304747e-07
 quench: [md:   0/10  scf:   9/100  step time:   3.34  scf time:    33.89 secs  RMS[dV]: 6.84e-04 ]


average potential <V> = -3.47e-16
Davidson converged in 2 steps

FERMI ENERGY =     -5.03291659 eV
@@ EIGENVALUE SUM     =      -26.655531 Ha
@@ ION_ION            =      -29.161043 Ha
@@ ELECTROSTATIC      =     -113.597388 Ha
@@ VXC                =      -22.004664 Ha
@@ EXC                =      -21.568599 Ha
@@ TOTAL ENERGY       =     -168.977897 Ha
@@ estimated error    =        6.75e-07 Ha
@@ TOTAL MAGNETIZATION    =   2.00000000 Bohr mag/cell
@@ ABSOLUTE MAGNETIZATION =   2.04171610 Bohr mag/cell
Charge normalization constant: 1.000000
Charge density mixing: Pulay

 charge density is NEGATIVE after interpolation, minimum is -2.476542e-07
 minimum charge density with core charge added is -2.541863e-07


KOHN SHAM EIGENVALUES [eV] AT K-POINT [  0]:       0.000000      0.000000      0.000000


------------- SPIN UP ---------------

[kpt   0  10   0]   -111.5369 [1.000]   -71.9202 [1.000]   -71.9202 [1.000]   -71.9202 [1.000]    -9.3844 [1.000]
[kpt   0  10   1]    -9.3844 [1.000]    -9.3837 [1.000]    -9.3837 [1.000]    -9.3837 [1.000]    -5.3507 [1.000]
[kpt   0  10   2]    -0.7428 [0.000]    -0.7428 [0.000]    -0.7428 [0.000]    -0.0890 [0.000]     1.3471 [0.000]
[kpt   0  10   3]     1.3472 [0.000]     2.5021 [0.000]     2.5040 [0.000]

------------ SPIN DOWN --------------

[kpt   0  10   0]   -109.4891 [1.000]   -69.7671 [1.000]   -69.7671 [1.000]   -69.7671 [1.000]    -7.3147 [0.600]
[kpt   0  10   1]    -7.3147 [0.600]    -7.3140 [0.600]    -7.3140 [0.600]    -7.3140 [0.600]    -5.0329 [1.000]
[kpt   0  10   2]    -0.6364 [0.000]    -0.6364 [0.000]    -0.6364 [0.000]    -0.0790 [0.000]     1.3213 [0.000]
[kpt   0  10   3]     1.3213 [0.000]     2.5233 [0.000]     2.5239 [0.000]



Total charge in supercell =      18.00000000
 quench: [md:   0/10  scf:  10/100  step time:   3.23  scf time:    37.12 secs  RMS[dV]: 2.15e-03 ]


average potential <V> = -4.45e-15
Davidson converged in 3 steps

FERMI ENERGY =     -5.03295332 eV
@@ EIGENVALUE SUM     =      -26.655292 Ha
@@ ION_ION            =      -29.161043 Ha
@@ ELECTROSTATIC      =     -113.597637 Ha
@@ VXC                =      -22.004721 Ha
@@ EXC                =      -21.568646 Ha
@@ TOTAL ENERGY       =     -168.977897 Ha
@@ estimated error    =        1.98e-08 Ha
@@ TOTAL MAGNETIZATION    =   2.00000000 Bohr mag/cell
@@ ABSOLUTE MAGNETIZATION =   2.04190008 Bohr mag/cell
Charge normalization constant: 1.000000
Charge density mixing: Pulay

 charge density is NEGATIVE after interpolation, minimum is -2.029641e-07
 minimum charge density with core charge added is -2.096250e-07
 quench: [md:   0/10  scf:  11/100  step time:   3.92  scf time:    41.05 secs  RMS[dV]: 4.55e-04 ]


average potential <V> = -4.43e-15
Davidson converged in 1 steps

FERMI ENERGY =     -5.03298876 eV
@@ EIGENVALUE SUM     =      -26.655024 Ha
@@ ION_ION            =      -29.161043 Ha
@@ ELECTROSTATIC      =     -113.597915 Ha
@@ VXC                =      -22.004782 Ha
@@ EXC                =      -21.568698 Ha
@@ TOTAL ENERGY       =     -168.977897 Ha
@@ estimated error    =        1.29e-08 Ha
@@ TOTAL MAGNETIZATION    =   2.00000000 Bohr mag/cell
@@ ABSOLUTE MAGNETIZATION =   2.04193245 Bohr mag/cell
Charge normalization constant: 1.000000
Charge density mixing: Pulay

 charge density is NEGATIVE after interpolation, minimum is -1.151563e-07
 minimum charge density with core charge added is -1.220471e-07
 quench: [md:   0/10  scf:  12/100  step time:   4.46  scf time:    45.51 secs  RMS[dV]: 2.79e-04 ]



 Convergence criterion reached: Energy variation (4.75e-09) is lower than threshold (1.00e-08)

potential convergence has been achieved. stopping ...

[   0  13   13       51 ] Quench.cpp: final total energy =    -168.97789736 Ha


KOHN SHAM EIGENVALUES [eV] AT K-POINT [  0]:       0.000000      0.000000      0.000000


------------- SPIN UP ---------------

[kpt   0  13   0]   -111.5357 [1.000]   -71.9191 [1.000]   -71.9191 [1.000]   -71.9191 [1.000]    -9.3838 [1.000]
[kpt   0  13   1]    -9.3838 [1.000]    -9.3831 [1.000]    -9.3831 [1.000]    -9.3831 [1.000]    -5.3510 [1.000]
[kpt   0  13   2]    -0.7431 [0.000]    -0.7431 [0.000]    -0.7431 [0.000]    -0.0929 [0.000]     1.3464 [0.000]
[kpt   0  13   3]     1.3464 [0.000]     2.4978 [0.000]     2.4988 [0.000]

------------ SPIN DOWN --------------

[kpt   0  13   0]   -109.4879 [1.000]   -69.7660 [1.000]   -69.7660 [1.000]   -69.7660 [1.000]    -7.3140 [0.600]
[kpt   0  13   1]    -7.3140 [0.600]    -7.3133 [0.600]    -7.3133 [0.600]    -7.3133 [0.600]    -5.0330 [1.000]
[kpt   0  13   2]    -0.6367 [0.000]    -0.6367 [0.000]    -0.6367 [0.000]    -0.0841 [0.000]     1.3197 [0.000]
[kpt   0  13   3]     1.3197 [0.000]     2.5178 [0.000]     2.5181 [0.000]



Total charge in supercell =      18.00000000
 volume and energy per atom =       580.30177636      -4598.12253711 eV

 Vdd took 0.003771 seconds
WriteRestart: Output file given as /dev/null, no restart data written ...



  IONIC POSITIONS [a0] AND FORCES [Ha/a0]
  Charge analysis using: Voronoi Deformation Density

@ION  Ion  Species       X           Y           Z       Charge       FX          FY         FZ      Movable
@ION    1    Ni      0.0000000   0.0000000   0.0000000   -0.000   -0.0000103  -0.0000082  -0.0000156  1 1 1

 mean FX      =   0.00001033 Ha/a0
 mean FY      =   0.00000816 Ha/a0
 mean FZ      =   0.00001559 Ha/a0

 max FX       =   0.00001033 Ha/a0   (ion 1)
 max FY       =   0.00000816 Ha/a0   (ion 1)
 max FZ       =   0.00001559 Ha/a0   (ion 1)
 max F[x,y,z] =   0.00001559 Ha/a0
 max |F|      =   0.00002040 Ha/a0   (ion 1)

 sum FX       =  -0.00001033 Ha/a0
 sum FY       =  -0.00000816 Ha/a0
 sum FZ       =  -0.00001559 Ha/a0
 Average      =   0.00001136 Ha/a0
 sqrt < F^2 > =   0.00001178 Ha/a0

WriteRestart: Output file given as /dev/null, no restart data written ...


--------TIMING INFORMATION FOR Processor owned the most atoms----------------
                                        Total time               Per SCF/step

1-TOTAL                                            51.26                3.94
-----------------------------------------------------------------------------
  1-TOTAL: Init                                     5.10                0.39
  1-TOTAL: run                                     46.16                3.55
  ---------------------------------------------------------------------------
    1-TOTAL: run: Force                             0.63                0.05
    1-TOTAL: run: Scf steps                        45.40                3.49

2-Force                                             0.63                0.05
-----------------------------------------------------------------------------
  2-Force: core correction                          0.11                0.01
  2-Force: corrections                              0.13                0.01
  2-Force: ion-ion                                  0.08                0.01
  2-Force: local                                    0.19                0.01
  2-Force: non-local                                0.09                0.01
  2-Force: non-local-betaxpsi                       0.02                0.00
  2-Force: non-local-get gamma                      0.00                0.00
  2-Force: non-local-nlforce_par_Q                  0.02                0.00
  2-Force: non-local-nlforce_par_gamma              0.00                0.00
  2-Force: non-local-nlforce_par_omega              0.00                0.00
  2-Force: non-local-partial gamma                  0.00                0.00
  2-Force: non-local-veff grad                      0.02                0.00

2-Init                                              5.10                0.39
-----------------------------------------------------------------------------
  2-Init: GetNewRho                                 0.39                0.03
  2-Init: KpointClass                               0.59                0.05
  2-Init: LcaoGetPsi                                0.12                0.01
  2-Init: LcaoGetRho                                0.09                0.01
  2-Init: ReinitIonicPotentials                     0.55                0.04
  2-Init: betaxpsi                                  0.04                0.00
  2-Init: exchange/correlation                      1.61                0.12
  2-Init: hartree                                   0.53                0.04
  2-Init: normalization                             0.01                0.00
  2-Init: radial potentials                         0.22                0.02
  2-Init: subdiag                                   0.09                0.01
  2-Init: weights                                   0.15                0.01

2-Scf steps                                        45.40                3.49
-----------------------------------------------------------------------------
  2-Scf steps: Davidson                             6.50                0.50
  2-Scf steps: GetNewRho                            1.63                0.13
  2-Scf steps: Hartree                              7.01                0.54
  2-Scf steps: MgridSubspace                        3.03                0.23
  2-Scf steps: MixRho                               4.45                0.34
  2-Scf steps: exchange/correlation                18.27                1.41

3-MgridSubspace                                     3.03                0.23
-----------------------------------------------------------------------------
  3-MgridSubspace: AppNls                           0.10                0.01
  3-MgridSubspace: Beta x psi                       0.20                0.02
  3-MgridSubspace: Diagonalization                  0.46                0.04
  3-MgridSubspace: Mg_eig                           2.26                0.17

3-ReinitIonicPotentials                             0.55                0.04
-----------------------------------------------------------------------------
  3-ReinitIonicPotentials: GetNlop                  0.03                0.00
  3-ReinitIonicPotentials: GetWeight                0.21                0.02
  3-ReinitIonicPotentials: get_QI                   0.00                0.00
  3-ReinitIonicPotentials: get_qqq                  0.00                0.00
  3-ReinitIonicPotentials: init_nuc                 0.30                0.02

4-Diagonalization                                   0.55                0.04
-----------------------------------------------------------------------------
  4-Diagonalization: ELPA/PDSYGVX/PZHEGVX           0.00                0.00
  4-Diagonalization: Hpsi                           0.24                0.02
  4-Diagonalization: MPI_Bcast                      0.00                0.00
  4-Diagonalization: Update orbitals                0.07                0.01
  ---------------------------------------------------------------------------
    4-Diagonalization: Update orbitals: gather           0.00                0.00
    4-Diagonalization: Update orbitals: gemm           0.05                0.00
  4-Diagonalization: matrix                         0.14                0.01
  ---------------------------------------------------------------------------
    4-Diagonalization: matrix: Allreduce            0.05                0.00
    4-Diagonalization: matrix: Gemm                 0.09                0.01

5-Functional                                       19.62                1.51
-----------------------------------------------------------------------------
  5-Functional: apply gradient                      3.46                0.27
  5-Functional: libxc                              11.60                0.89
  5-Functional: vxc                                19.53                1.50
  5-Functional: vxc grad                           12.63                0.97
  5-Functional: vxc local                           6.70                0.52
  5-Functional: vxc nonlocal                        0.00                0.00

6-Davidson                                          6.50                0.50
-----------------------------------------------------------------------------
  6-Davidson: Betaxpsi                              0.55                0.04
  6-Davidson: apply hamiltonian                     1.55                0.12
  6-Davidson: diagonalization                       0.09                0.01
  6-Davidson: generate residuals                    0.56                0.04
  6-Davidson: matrix setup/reduce                   1.16                0.09
  6-Davidson: normalization                         0.23                0.02
  6-Davidson: precondition                          2.08                0.16
  6-Davidson: refresh h_psi and s_psi               0.05                0.00
  6-Davidson: reset hr,sr,vr                        0.00                0.00
  6-Davidson: rotate orbitals                       0.21                0.02

AppNls                                              0.53                0.04
-----------------------------------------------------------------------------
  AppNls: data_rearrange                            0.00                0.00
  ---------------------------------------------------------------------------
    AppNls: data_rearrange: alloc and zeros           0.00                0.00
    AppNls: data_rearrange: dnm                     0.00                0.00
    AppNls: data_rearrange: sint                    0.00                0.00
  AppNls: nv                                        0.41                0.03
  AppNls: nv_work                                   0.00                0.00

App_gradient                                        3.37                0.26

ApplyAOperator                                      0.20                0.02

CPUFD                                               0.04                0.00

Compute Hpsi                                        0.24                0.02
-----------------------------------------------------------------------------
  Compute Hpsi: AppNls                              0.06                0.00
  Compute Hpsi: Threaded Apply H                    0.18                0.01

GlobalSums                                          0.40                0.03

Init                                                4.51                0.35

Init Voronoi                                        0.11                0.01

Mix rho                                             4.73                0.36
-----------------------------------------------------------------------------
  Mix rho: Linear                                   1.31                0.10
  Mix rho: Pulay                                    3.22                0.25

Orbital                                             0.05                0.00
-----------------------------------------------------------------------------
  Orbital: phase and set                            0.05                0.00
  Orbital: proj cal                                 0.05                0.00
  Trade images: trade_images                        0.00                0.00
  Trade images: trade_imagesx                       1.95                0.15

VhPfft                                              6.88                0.53

Weight                                              0.10                0.01

radial beta                                         0.15                0.01


------------------------- TIMING INFORMATION FOR THREADS  -------------------

                                           Min            Max            Avg
ApplyAOperator                             2.14           2.14           2.14
-----------------------------------------------------------------------------

CPUFD                                      0.78           0.78           0.78
-----------------------------------------------------------------------------

GlobalSums                                 0.44           0.44           0.44
-----------------------------------------------------------------------------

Mg_eig                                     2.25           2.25           2.25
-----------------------------------------------------------------------------
  Mg_eig: apply hamiltonian                1.27           1.27           1.27
  Mg_eig: mgrid_solv                       0.37           0.37           0.37
  Trade images: trade_images               0.91           0.91           0.91
  Trade images: trade_imagesx              1.41           1.41           1.41
