RMG initialization ... 1 image(s) total, 1 per node. 16 MPI processes/image. Thread level 2.
FFT-FD  0.000000e+00   3.726162e-05
FFT-FD  1.000000e+00   -9.070028e-05
IP=0 M = -1.279619e-04  2.911931e-01  3.726162e-05
FFT-FD  0.000000e+00   2.542715e-04
FFT-FD  1.000000e+00   -9.024995e-04
IP=1 M = -1.156771e-03  2.198115e-01  2.542715e-04
FFT-FD  0.000000e+00   2.542715e-04
FFT-FD  1.000000e+00   -9.024995e-04
IP=2 M = -1.156771e-03  2.198115e-01  2.542715e-04
FFT-FD  0.000000e+00   2.542715e-04
FFT-FD  1.000000e+00   -9.024995e-04
IP=3 M = -1.156771e-03  2.198115e-01  2.542715e-04
FFT-FD  0.000000e+00   4.454713e-04
FFT-FD  1.000000e+00   -1.548635e-03
IP=4 M = -1.994106e-03  2.233940e-01  4.454713e-04
FFT-FD  0.000000e+00   4.454713e-04
FFT-FD  1.000000e+00   -1.548635e-03
IP=5 M = -1.994106e-03  2.233940e-01  4.454713e-04
FFT-FD  0.000000e+00   1.156260e-03
FFT-FD  1.000000e+00   -3.006070e-03
IP=6 M = -4.162330e-03  2.777915e-01  1.156260e-03
FFT-FD  0.000000e+00   4.454713e-04
FFT-FD  1.000000e+00   -1.548635e-03
IP=7 M = -1.994106e-03  2.233940e-01  4.454713e-04
FFT-FD  0.000000e+00   1.156260e-03
FFT-FD  1.000000e+00   -3.006070e-03
IP=8 M = -4.162330e-03  2.777915e-01  1.156260e-03
FFT-FD  0.000000e+00   1.227475e-05
FFT-FD  1.000000e+00   -1.534726e-05
IP=9 M = -2.762202e-05  4.443829e-01  1.227475e-05
NEWCFAC = 0.246875  0.246875


                     * * * * * * * * * *
                     *    R   M   G    *
                     * * * * * * * * * *

     -- A Real Space Multigrid Electronic structure code --
     --      More information at www.rmgdft.org          --

Code Revision:     5.0.0_beta1_111_gca5c3507
Build Date:        Feb 22 2023  21:48:37
Start time:        Sun Feb 26 20:57:01 2023

NOTICE: RMG internal pseudopotentials have switched to
ONCVP from Ultrasoft. You can revert to Ultrasoft by
adding the input tag internal_pseudo_type="ultrasoft" to
your input files.


Files
   Control input file:        input4
   Data output file:          /dev/null

Run Setup
    Calculation type:         Quench electrons - Fixed ions SCF calculation
    Description:              Ni atom test cell
    Orbital Initialization:   LCAO (10 LCAO and 0 random orbitals)
    Exchange Correlation:     pbe
    Spin Polarization:        ON
    System charge:            Neutral

Processor Topology
   Total PEs:                 8
   X direction:               2
   Y direction:               2
   Z direction:               2
   MG Threads/PE:             1
   OMP Threads/PE:            1

Grid Points  (Linear Anisotropy: 1.000)
    X:  Total: 80   Per PE: 40   Spacing:0.197 a0  
    Y:  Total: 80   Per PE: 40   Spacing:0.197 a0  
    Z:  Total: 80   Per PE: 40   Spacing:0.197 a0  

    Equivalent energy cutoffs (psi,rho):   254.241   1016.965 Ry

    Charge density grid:         2 times finer

Coordinate planes
  Planar Anisotropy: 1.000
  A0-A1 density:    25.760
  A0-A2 density:    25.760
  A1-A2 density:    25.760


Lattice (Cell) Setup
    Type:                       Cubic_primitive
    Volume (a0^3):               3916.07
    Boundary conditions:        Periodic

    X Basis Vector:      15.762       0.000       0.000 a0
    Y Basis Vector:       0.000      15.762       0.000 a0
    Z Basis Vector:       0.000       0.000      15.762 a0
    X Reci Vector:       0.063      -0.000       0.000 a0
    Y Reci Vector:       0.000       0.063       0.000 a0
    Z Reci Vector:       0.000      -0.000       0.063 a0

K-points
    Gamma Point Only (real orbitals)

Atoms and States
    Number of ions:                          1
    Number of species:                       1
    Number of spin up states:                18
    Number of spin down states:              18

Run Parameters
    SCF Convergence criterion (potential):   1.00e-08
    SCF Convergence criterion (energy):      1.00e-08
    Max SCF steps:                           100

SCF Cycle Settings
    Charge density mixing:                   Pulay  (Order:5 Scale:0.20 Refresh:100)
    Hartree Solver:                          PFFT
    Interpolation type:                      FFT

Subspace Diagonalization Options
    Frequency:                               every 1 SCF step(s)
    Driver:                                  ScaLapack
    Initial diagonalization:                 ON
    Folded spectrum:                         OFF

Filtering Cutoff  Parameters
    Wavefunction grid (cparm):               0.800
    Charge density grid (rhocparm):          1.000
    Filter factor:                           1.000

Multigrid (MG) Parameters
    Psi MG levels:                           3
    Psi global step:                         0.660 
    Psi pre:                                 2
    Psi post:                                2

Davidson Parameters
    Davidson multiplier:                     4
    Davidson max step:                       8
    Davidson unocc tol factor:               1000.000

Blas Libraries
    CPU support with openblas-parallel.


Atomic Species Information
(PP = Pseudopotential, US = Ultrasoft, NC = Norm Conserving)
-------------------------------------------------------------------------
|Index|Symbol| Mass|Valence| PP |  Comp  |Local| Local|Nlocal|    PP    |
|     |      |     |       |Type|Gaussian|  l  |Radius|Radius|Functional|
-------------------------------------------------------------------------
|    1|    Ni| 58.0|  18.00|  NC|    0.66|   -1| 10.00|  7.00|       PBE|
-------------------------------------------------------------------------

Pseudopotential generation information:
  Ni pseudopotential file: ./@Internal
      Generation info     : Generated using ONCVPSP code by D. R. Hamann
      Author info         : anonymous


Memory usage (Mbytes):     Min        Max       Total
    wave functions         36.87      36.87     589.84
    beta-functions         18.43      18.43     147.47



Initial Ionic Positions And Displacements (Bohr)
Species      X           Y           Z           dX          dY          dZ
  Ni       0.0000      0.0000      0.0000      0.0000      0.0000      0.0000


Initial Ionic Positions And Displacements (Angstrom)
Species      X           Y           Z           dX          dY          dZ
  Ni       0.0000      0.0000      0.0000      0.0000      0.0000      0.0000

Diagonalization using scalapack for step=0  count=0



KOHN SHAM EIGENVALUES [eV] AT K-POINT [  0]:       0.000000      0.000000      0.000000


------------- SPIN UP ---------------

[kpt   0  -1   0]   -111.4085 [1.000]   -71.7514 [1.000]   -71.7514 [1.000]   -71.7514 [1.000]    -9.1232 [1.000]
[kpt   0  -1   1]    -9.1232 [1.000]    -9.1184 [1.000]    -9.1184 [1.000]    -9.1184 [1.000]    -5.2947 [1.000]
[kpt   0  -1   2]   655.1074 [0.000]   1438.2496 [0.000]   1534.3719 [0.000]   1620.5536 [0.000]   1676.0681 [0.000]
[kpt   0  -1   3]   1716.9713 [0.000]   1797.7739 [0.000]   1850.2181 [0.000]

------------ SPIN DOWN --------------

[kpt   0  -1   0]   -109.3405 [1.000]   -69.6601 [1.000]   -69.6601 [1.000]   -69.6601 [1.000]    -7.3111 [0.600]
[kpt   0  -1   1]    -7.3111 [0.600]    -7.3063 [0.600]    -7.3063 [0.600]    -7.3063 [0.600]    -4.8688 [1.000]
[kpt   0  -1   2]   655.1533 [0.000]   1438.3018 [0.000]   1534.4180 [0.000]   1620.5996 [0.000]   1676.1171 [0.000]
[kpt   0  -1   3]   1717.0145 [0.000]   1797.8213 [0.000]   1850.2639 [0.000]


Charge normalization constant: 1.000000
Charge density mixing: Linear with a constant of 0.20 

 charge density is NEGATIVE after interpolation, minimum is -2.369466e-07
 minimum charge density with core charge added is -2.368934e-07

Diagonalization using scalapack for step=0  count=1


FERMI ENERGY =     -4.89289114 eV
@@ EIGENVALUE SUM     =      -26.574811 Ha
@@ ION_ION            =      -29.161043 Ha
@@ ELECTROSTATIC      =     -113.675009 Ha
@@ VXC                =      -22.000170 Ha
@@ EXC                =      -21.564512 Ha
@@ TOTAL ENERGY       =     -168.975204 Ha
@@ estimated error    =   ****************
@@ TOTAL MAGNETIZATION    =   2.00000000 Bohr mag/cell
@@ ABSOLUTE MAGNETIZATION =   2.00000000 Bohr mag/cell
Charge normalization constant: 1.000000
Charge density mixing: Linear with a constant of 0.20 

 charge density is NEGATIVE after interpolation, minimum is -4.781993e-07
 minimum charge density with core charge added is -4.788222e-07
WriteRestart: Output file given as /dev/null, no restart data written ...


KOHN SHAM EIGENVALUES [eV] AT K-POINT [  0]:       0.000000      0.000000      0.000000


------------- SPIN UP ---------------

[kpt   0   0   0]   -111.4223 [1.000]   -71.7718 [1.000]   -71.7718 [1.000]   -71.7718 [1.000]    -9.1618 [1.000]
[kpt   0   0   1]    -9.1618 [1.000]    -9.1569 [1.000]    -9.1568 [1.000]    -9.1568 [1.000]    -5.3069 [1.000]
[kpt   0   0   2]     1.1988 [0.000]    14.3392 [0.000]    21.6357 [0.000]    25.0431 [0.000]    26.1618 [0.000]
[kpt   0   0   3]    34.3328 [0.000]    41.5781 [0.000]    50.9437 [0.000]

------------ SPIN DOWN --------------

[kpt   0   0   0]   -109.3818 [1.000]   -69.6926 [1.000]   -69.6926 [1.000]   -69.6926 [1.000]    -7.3183 [0.600]
[kpt   0   0   1]    -7.3183 [0.600]    -7.3134 [0.600]    -7.3133 [0.600]    -7.3133 [0.600]    -4.8929 [1.000]
[kpt   0   0   2]     1.2474 [0.000]    14.3933 [0.000]    21.6757 [0.000]    25.0840 [0.000]    26.2151 [0.000]
[kpt   0   0   3]    34.3795 [0.000]    41.6307 [0.000]    50.9856 [0.000]



Total charge in supercell =      18.00000000
 quench: [md:   0/10  scf:   0/100  step time:   1.47  scf time:     1.52 secs  RMS[dV]: 2.06e-03 ]


average potential <V> = 3.81e-16

Diagonalization using scalapack for step=1  count=2


FERMI ENERGY =     -4.91331799 eV
@@ EIGENVALUE SUM     =      -26.593950 Ha
@@ ION_ION            =      -29.161043 Ha
@@ ELECTROSTATIC      =     -113.656379 Ha
@@ VXC                =      -21.998993 Ha
@@ EXC                =      -21.563762 Ha
@@ TOTAL ENERGY       =     -168.976141 Ha
@@ estimated error    =        4.03e-05 Ha
@@ TOTAL MAGNETIZATION    =   2.00000000 Bohr mag/cell
@@ ABSOLUTE MAGNETIZATION =   2.00000000 Bohr mag/cell
Charge normalization constant: 1.000000
Charge density mixing: Linear with a constant of 0.20 

 charge density is NEGATIVE after interpolation, minimum is -6.546931e-07
 minimum charge density with core charge added is -6.557251e-07
 quench: [md:   0/10  scf:   1/100  step time:   1.48  scf time:     3.00 secs  RMS[dV]: 1.85e-03 ]


average potential <V> = -1.42e-15

Diagonalization using scalapack for step=2  count=3


FERMI ENERGY =     -4.93166480 eV
@@ EIGENVALUE SUM     =      -26.609805 Ha
@@ ION_ION            =      -29.161043 Ha
@@ ELECTROSTATIC      =     -113.640857 Ha
@@ VXC                =      -21.998400 Ha
@@ EXC                =      -21.563417 Ha
@@ TOTAL ENERGY       =     -168.976721 Ha
@@ estimated error    =        3.48e-05 Ha
@@ TOTAL MAGNETIZATION    =   2.00000000 Bohr mag/cell
@@ ABSOLUTE MAGNETIZATION =   2.00000007 Bohr mag/cell
Charge normalization constant: 1.000000
Charge density mixing: Linear with a constant of 0.20 

 charge density is NEGATIVE after interpolation, minimum is -7.691919e-07
 minimum charge density with core charge added is -7.702969e-07
 quench: [md:   0/10  scf:   2/100  step time:   1.44  scf time:     4.44 secs  RMS[dV]: 1.60e-03 ]


average potential <V> = 4.62e-16

Diagonalization using scalapack for step=3  count=4


FERMI ENERGY =     -4.94735531 eV
@@ EIGENVALUE SUM     =      -26.621112 Ha
@@ ION_ION            =      -29.161043 Ha
@@ ELECTROSTATIC      =     -113.629844 Ha
@@ VXC                =      -21.998408 Ha
@@ EXC                =      -21.563512 Ha
@@ TOTAL ENERGY       =     -168.977103 Ha
@@ estimated error    =        2.56e-05 Ha
@@ TOTAL MAGNETIZATION    =   2.00000000 Bohr mag/cell
@@ ABSOLUTE MAGNETIZATION =   2.00000129 Bohr mag/cell
Charge normalization constant: 1.000000
Charge density mixing: Linear with a constant of 0.20 

 charge density is NEGATIVE after interpolation, minimum is -8.386183e-07
 minimum charge density with core charge added is -8.468896e-07
 quench: [md:   0/10  scf:   3/100  step time:   1.36  scf time:     5.80 secs  RMS[dV]: 1.40e-03 ]


average potential <V> = 4.51e-16
Davidson incomplete convergence steps = 8

FERMI ENERGY =     -4.96098580 eV
@@ EIGENVALUE SUM     =      -26.628701 Ha
@@ ION_ION            =      -29.161043 Ha
@@ ELECTROSTATIC      =     -113.622682 Ha
@@ VXC                =      -21.998862 Ha
@@ EXC                =      -21.563937 Ha
@@ TOTAL ENERGY       =     -168.977502 Ha
@@ estimated error    =        1.90e-05 Ha
@@ TOTAL MAGNETIZATION    =   2.00000000 Bohr mag/cell
@@ ABSOLUTE MAGNETIZATION =   2.00000506 Bohr mag/cell
Charge normalization constant: 1.000000
Charge density mixing: Pulay

 charge density is NEGATIVE after interpolation, minimum is -9.155334e-07
 minimum charge density with core charge added is -9.222730e-07
 quench: [md:   0/10  scf:   4/100  step time:   1.98  scf time:     7.78 secs  RMS[dV]: 1.29e-03 ]


average potential <V> = 2.36e-15
Davidson converged in 3 steps

FERMI ENERGY =     -4.97364524 eV
@@ EIGENVALUE SUM     =      -26.629231 Ha
@@ ION_ION            =      -29.161043 Ha
@@ ELECTROSTATIC      =     -113.622591 Ha
@@ VXC                =      -22.000577 Ha
@@ EXC                =      -21.565349 Ha
@@ TOTAL ENERGY       =     -168.977638 Ha
@@ estimated error    =        2.48e-05 Ha
@@ TOTAL MAGNETIZATION    =   2.00000000 Bohr mag/cell
@@ ABSOLUTE MAGNETIZATION =   2.00001777 Bohr mag/cell
Charge normalization constant: 1.000000
Charge density mixing: Pulay

 charge density is NEGATIVE after interpolation, minimum is -1.227273e-06
 minimum charge density with core charge added is -1.237545e-06


KOHN SHAM EIGENVALUES [eV] AT K-POINT [  0]:       0.000000      0.000000      0.000000


------------- SPIN UP ---------------

[kpt   0   5   0]   -111.4894 [1.000]   -71.8599 [1.000]   -71.8599 [1.000]   -71.8598 [1.000]    -9.3016 [1.000]
[kpt   0   5   1]    -9.3015 [1.000]    -9.2965 [1.000]    -9.2965 [1.000]    -9.2964 [1.000]    -5.3372 [1.000]
[kpt   0   5   2]    -0.7389 [0.000]    -0.7388 [0.000]    -0.7387 [0.000]     0.0082 [0.000]     1.4077 [0.000]
[kpt   0   5   3]     1.4079 [0.000]     2.6084 [0.000]     2.6103 [0.000]

------------ SPIN DOWN --------------

[kpt   0   5   0]   -109.4717 [1.000]   -69.7606 [1.000]   -69.7606 [1.000]   -69.7605 [1.000]    -7.3337 [0.600]
[kpt   0   5   1]    -7.3335 [0.600]    -7.3291 [0.600]    -7.3291 [0.600]    -7.3291 [0.600]    -4.9736 [1.000]
[kpt   0   5   2]    -0.5742 [0.000]    -0.5740 [0.000]    -0.5738 [0.000]     0.0597 [0.000]     1.4353 [0.000]
[kpt   0   5   3]     1.4360 [0.000]     2.6675 [0.000]     2.6690 [0.000]



Total charge in supercell =      18.00000000
 quench: [md:   0/10  scf:   5/100  step time:   1.56  scf time:     9.34 secs  RMS[dV]: 1.17e-03 ]


average potential <V> = 1.53e-15
Davidson converged in 4 steps

FERMI ENERGY =     -5.02959359 eV
@@ EIGENVALUE SUM     =      -26.641555 Ha
@@ ION_ION            =      -29.161043 Ha
@@ ELECTROSTATIC      =     -113.611694 Ha
@@ VXC                =      -22.006813 Ha
@@ EXC                =      -21.570436 Ha
@@ TOTAL ENERGY       =     -168.977915 Ha
@@ estimated error    =        1.47e-05 Ha
@@ TOTAL MAGNETIZATION    =   2.00000000 Bohr mag/cell
@@ ABSOLUTE MAGNETIZATION =   2.03406575 Bohr mag/cell
Charge normalization constant: 1.000000
Charge density mixing: Pulay

 charge density is NEGATIVE after interpolation, minimum is -1.049869e-06
 minimum charge density with core charge added is -1.059556e-06
 quench: [md:   0/10  scf:   6/100  step time:   1.61  scf time:    10.94 secs  RMS[dV]: 3.69e-03 ]


average potential <V> = 1.04e-15
Davidson converged in 2 steps

FERMI ENERGY =     -5.03462439 eV
@@ EIGENVALUE SUM     =      -26.652561 Ha
@@ ION_ION            =      -29.161043 Ha
@@ ELECTROSTATIC      =     -113.600465 Ha
@@ VXC                =      -22.005498 Ha
@@ EXC                =      -21.569348 Ha
@@ TOTAL ENERGY       =     -168.977918 Ha
@@ estimated error    =        4.05e-06 Ha
@@ TOTAL MAGNETIZATION    =   2.00000000 Bohr mag/cell
@@ ABSOLUTE MAGNETIZATION =   2.03890356 Bohr mag/cell
Charge normalization constant: 1.000000
Charge density mixing: Pulay

 charge density is NEGATIVE after interpolation, minimum is -8.159919e-07
 minimum charge density with core charge added is -8.245158e-07
 quench: [md:   0/10  scf:   7/100  step time:   1.46  scf time:    12.40 secs  RMS[dV]: 2.04e-03 ]


average potential <V> = -3.90e-16
Davidson converged in 3 steps

FERMI ENERGY =     -5.03432567 eV
@@ EIGENVALUE SUM     =      -26.657337 Ha
@@ ION_ION            =      -29.161043 Ha
@@ ELECTROSTATIC      =     -113.595532 Ha
@@ VXC                =      -22.004526 Ha
@@ EXC                =      -21.568537 Ha
@@ TOTAL ENERGY       =     -168.977922 Ha
@@ estimated error    =        6.16e-07 Ha
@@ TOTAL MAGNETIZATION    =   2.00000000 Bohr mag/cell
@@ ABSOLUTE MAGNETIZATION =   2.03901203 Bohr mag/cell
Charge normalization constant: 1.000000
Charge density mixing: Pulay

 charge density is NEGATIVE after interpolation, minimum is -2.371162e-06
 minimum charge density with core charge added is -2.371415e-06
 quench: [md:   0/10  scf:   8/100  step time:   1.56  scf time:    13.97 secs  RMS[dV]: 1.99e-03 ]


average potential <V> = 1.42e-15
Davidson converged in 4 steps

FERMI ENERGY =     -5.03277757 eV
@@ EIGENVALUE SUM     =      -26.648383 Ha
@@ ION_ION            =      -29.161043 Ha
@@ ELECTROSTATIC      =     -113.604799 Ha
@@ VXC                =      -22.006029 Ha
@@ EXC                =      -21.569732 Ha
@@ TOTAL ENERGY       =     -168.977927 Ha
@@ estimated error    =        3.55e-07 Ha
@@ TOTAL MAGNETIZATION    =   2.00000000 Bohr mag/cell
@@ ABSOLUTE MAGNETIZATION =   2.04091289 Bohr mag/cell
Charge normalization constant: 1.000000
Charge density mixing: Pulay

 charge density is NEGATIVE after interpolation, minimum is -3.971497e-06
 minimum charge density with core charge added is -3.971750e-06
 quench: [md:   0/10  scf:   9/100  step time:   1.55  scf time:    15.51 secs  RMS[dV]: 2.83e-03 ]


average potential <V> = 2.11e-15
Davidson converged in 3 steps

FERMI ENERGY =     -5.03403143 eV
@@ EIGENVALUE SUM     =      -26.655928 Ha
@@ ION_ION            =      -29.161043 Ha
@@ ELECTROSTATIC      =     -113.597027 Ha
@@ VXC                =      -22.004793 Ha
@@ EXC                =      -21.568723 Ha
@@ TOTAL ENERGY       =     -168.977928 Ha
@@ estimated error    =        1.04e-06 Ha
@@ TOTAL MAGNETIZATION    =   2.00000000 Bohr mag/cell
@@ ABSOLUTE MAGNETIZATION =   2.04144843 Bohr mag/cell
Charge normalization constant: 1.000000
Charge density mixing: Pulay

 charge density is NEGATIVE after interpolation, minimum is -9.696989e-06
 minimum charge density with core charge added is -9.697243e-06


KOHN SHAM EIGENVALUES [eV] AT K-POINT [  0]:       0.000000      0.000000      0.000000


------------- SPIN UP ---------------

[kpt   0  10   0]   -111.5369 [1.000]   -71.9196 [1.000]   -71.9196 [1.000]   -71.9196 [1.000]    -9.3884 [1.000]
[kpt   0  10   1]    -9.3884 [1.000]    -9.3835 [1.000]    -9.3835 [1.000]    -9.3835 [1.000]    -5.3518 [1.000]
[kpt   0  10   2]    -0.7454 [0.000]    -0.7454 [0.000]    -0.7454 [0.000]    -0.0878 [0.000]     1.3438 [0.000]
[kpt   0  10   3]     1.3438 [0.000]     2.5040 [0.000]     2.5049 [0.000]

------------ SPIN DOWN --------------

[kpt   0  10   0]   -109.4890 [1.000]   -69.7664 [1.000]   -69.7664 [1.000]   -69.7664 [1.000]    -7.3187 [0.600]
[kpt   0  10   1]    -7.3187 [0.600]    -7.3140 [0.600]    -7.3140 [0.600]    -7.3140 [0.600]    -5.0340 [1.000]
[kpt   0  10   2]    -0.6386 [0.000]    -0.6386 [0.000]    -0.6386 [0.000]    -0.0773 [0.000]     1.3176 [0.000]
[kpt   0  10   3]     1.3176 [0.000]     2.5261 [0.000]     2.5266 [0.000]



Total charge in supercell =      18.00000000
 quench: [md:   0/10  scf:  10/100  step time:   1.50  scf time:    17.01 secs  RMS[dV]: 1.27e-03 ]


average potential <V> = 2.24e-15
Davidson converged in 4 steps

FERMI ENERGY =     -5.03467399 eV
@@ EIGENVALUE SUM     =      -26.655985 Ha
@@ ION_ION            =      -29.161043 Ha
@@ ELECTROSTATIC      =     -113.597006 Ha
@@ VXC                =      -22.004954 Ha
@@ EXC                =      -21.568850 Ha
@@ TOTAL ENERGY       =     -168.977931 Ha
@@ estimated error    =        1.05e-07 Ha
@@ TOTAL MAGNETIZATION    =   2.00000000 Bohr mag/cell
@@ ABSOLUTE MAGNETIZATION =   2.04201249 Bohr mag/cell
Charge normalization constant: 1.000000
Charge density mixing: Pulay

 charge density is NEGATIVE after interpolation, minimum is -2.730375e-05
 minimum charge density with core charge added is -2.730724e-05
 quench: [md:   0/10  scf:  11/100  step time:   1.63  scf time:    18.64 secs  RMS[dV]: 2.44e-03 ]


average potential <V> = 1.39e-15
Davidson converged in 5 steps

FERMI ENERGY =     -5.03655384 eV
@@ EIGENVALUE SUM     =      -26.657140 Ha
@@ ION_ION            =      -29.161043 Ha
@@ ELECTROSTATIC      =     -113.595904 Ha
@@ VXC                =      -22.005255 Ha
@@ EXC                =      -21.569101 Ha
@@ TOTAL ENERGY       =     -168.977932 Ha
@@ estimated error    =        4.58e-08 Ha
@@ TOTAL MAGNETIZATION    =   2.00000000 Bohr mag/cell
@@ ABSOLUTE MAGNETIZATION =   2.04266296 Bohr mag/cell
Charge normalization constant: 1.000000
Charge density mixing: Pulay

 charge density is NEGATIVE after interpolation, minimum is -2.296261e-05
 minimum charge density with core charge added is -2.296610e-05
 quench: [md:   0/10  scf:  12/100  step time:   1.65  scf time:    20.29 secs  RMS[dV]: 4.08e-03 ]


average potential <V> = 8.27e-16
Davidson converged in 3 steps

FERMI ENERGY =     -5.03566079 eV
@@ EIGENVALUE SUM     =      -26.656897 Ha
@@ ION_ION            =      -29.161043 Ha
@@ ELECTROSTATIC      =     -113.596129 Ha
@@ VXC                =      -22.005086 Ha
@@ EXC                =      -21.568949 Ha
@@ TOTAL ENERGY       =     -168.977932 Ha
@@ estimated error    =        3.61e-08 Ha
@@ TOTAL MAGNETIZATION    =   2.00000000 Bohr mag/cell
@@ ABSOLUTE MAGNETIZATION =   2.04210788 Bohr mag/cell
Charge normalization constant: 1.000000
Charge density mixing: Pulay

 charge density is NEGATIVE after interpolation, minimum is -4.821699e-05
 minimum charge density with core charge added is -4.822048e-05
 quench: [md:   0/10  scf:  13/100  step time:   1.58  scf time:    21.86 secs  RMS[dV]: 1.15e-03 ]


average potential <V> = -9.56e-16
Davidson converged in 5 steps

FERMI ENERGY =     -5.03677311 eV
@@ EIGENVALUE SUM     =      -26.657546 Ha
@@ ION_ION            =      -29.161043 Ha
@@ ELECTROSTATIC      =     -113.595556 Ha
@@ VXC                =      -22.005383 Ha
@@ EXC                =      -21.569165 Ha
@@ TOTAL ENERGY       =     -168.977927 Ha
@@ estimated error    =        1.64e-08 Ha
@@ TOTAL MAGNETIZATION    =   2.00000000 Bohr mag/cell
@@ ABSOLUTE MAGNETIZATION =   2.04191583 Bohr mag/cell
Charge normalization constant: 1.000000
Charge density mixing: Pulay

 charge density is NEGATIVE after interpolation, minimum is -3.004868e-05
 minimum charge density with core charge added is -3.005217e-05
 quench: [md:   0/10  scf:  14/100  step time:   2.39  scf time:    24.25 secs  RMS[dV]: 3.71e-03 ]



 Convergence criterion reached: Energy variation (5.38e-09) is lower than threshold (1.00e-08)

potential convergence has been achieved. stopping ...

[   0  15   15       27 ] Quench.cpp: final total energy =    -168.97792685 Ha


KOHN SHAM EIGENVALUES [eV] AT K-POINT [  0]:       0.000000      0.000000      0.000000


------------- SPIN UP ---------------

[kpt   0  15   0]   -111.5383 [1.000]   -71.9212 [1.000]   -71.9212 [1.000]   -71.9212 [1.000]    -9.3907 [1.000]
[kpt   0  15   1]    -9.3907 [1.000]    -9.3862 [1.000]    -9.3862 [1.000]    -9.3862 [1.000]    -5.3564 [1.000]
[kpt   0  15   2]    -0.7518 [0.000]    -0.7518 [0.000]    -0.7518 [0.000]    -0.1016 [0.000]     1.3383 [0.000]
[kpt   0  15   3]     1.3383 [0.000]     2.4884 [0.000]     2.4890 [0.000]

------------ SPIN DOWN --------------

[kpt   0  15   0]   -109.4910 [1.000]   -69.7687 [1.000]   -69.7686 [1.000]   -69.7686 [1.000]    -7.3214 [0.600]
[kpt   0  15   1]    -7.3214 [0.600]    -7.3171 [0.600]    -7.3171 [0.600]    -7.3171 [0.600]    -5.0368 [1.000]
[kpt   0  15   2]    -0.6434 [0.000]    -0.6434 [0.000]    -0.6434 [0.000]    -0.0961 [0.000]     1.3115 [0.000]
[kpt   0  15   3]     1.3115 [0.000]     2.5047 [0.000]     2.5050 [0.000]



Total charge in supercell =      18.00000000
 volume and energy per atom =       580.30177636      -4598.12333944 eV

 Vdd took 0.001715 seconds
WriteRestart: Output file given as /dev/null, no restart data written ...



  IONIC POSITIONS [a0] AND FORCES [Ha/a0]
  Charge analysis using: Voronoi Deformation Density

@ION  Ion  Species       X           Y           Z       Charge       FX          FY         FZ      Movable
@ION    1    Ni      0.0000000   0.0000000   0.0000000    0.000   -0.0001254  -0.0000543   0.0001558  1 1 1

 mean FX      =   0.00012535 Ha/a0
 mean FY      =   0.00005425 Ha/a0
 mean FZ      =   0.00015580 Ha/a0

 max FX       =   0.00012535 Ha/a0   (ion 1)
 max FY       =   0.00005425 Ha/a0   (ion 1)
 max FZ       =   0.00015580 Ha/a0   (ion 1)
 max F[x,y,z] =   0.00015580 Ha/a0
 max |F|      =   0.00020719 Ha/a0   (ion 1)

 sum FX       =  -0.00012535 Ha/a0
 sum FY       =  -0.00005425 Ha/a0
 sum FZ       =   0.00015580 Ha/a0
 Average      =   0.00011180 Ha/a0
 sqrt < F^2 > =   0.00011962 Ha/a0

WriteRestart: Output file given as /dev/null, no restart data written ...


--------TIMING INFORMATION FOR Processor owned the most atoms----------------
                                        Total time               Per SCF/step

1-TOTAL                                            27.14                1.81
-----------------------------------------------------------------------------
  1-TOTAL: Init                                     2.61                0.17
  1-TOTAL: run                                     24.53                1.64
  ---------------------------------------------------------------------------
    1-TOTAL: run: Force                             0.27                0.02
    1-TOTAL: run: Scf steps                        24.20                1.61

2-Force                                             0.27                0.02
-----------------------------------------------------------------------------
  2-Force: core correction                          0.05                0.00
  2-Force: corrections                              0.06                0.00
  2-Force: ion-ion                                  0.04                0.00
  2-Force: local                                    0.07                0.00
  2-Force: non-local                                0.04                0.00
  2-Force: non-local-betaxpsi                       0.01                0.00
  2-Force: non-local-get gamma                      0.00                0.00
  2-Force: non-local-nlforce_par_Q                  0.01                0.00
  2-Force: non-local-nlforce_par_gamma              0.00                0.00
  2-Force: non-local-nlforce_par_omega              0.00                0.00
  2-Force: non-local-partial gamma                  0.00                0.00
  2-Force: non-local-veff grad                      0.01                0.00

2-Init                                              2.61                0.17
-----------------------------------------------------------------------------
  2-Init: GetNewRho                                 0.20                0.01
  2-Init: KpointClass                               0.58                0.04
  2-Init: LcaoGetPsi                                0.04                0.00
  2-Init: LcaoGetRho                                0.05                0.00
  2-Init: ReinitIonicPotentials                     0.20                0.01
  2-Init: betaxpsi                                  0.01                0.00
  2-Init: exchange/correlation                      0.72                0.05
  2-Init: hartree                                   0.21                0.01
  2-Init: normalization                             0.00                0.00
  2-Init: radial potentials                         0.19                0.01
  2-Init: subdiag                                   0.04                0.00
  2-Init: weights                                   0.07                0.00

2-Scf steps                                        24.20                1.61
-----------------------------------------------------------------------------
  2-Scf steps: Davidson                             4.75                0.32
  2-Scf steps: GetNewRho                            0.75                0.05
  2-Scf steps: Hartree                              3.29                0.22
  2-Scf steps: MgridSubspace                        1.25                0.08
  2-Scf steps: MixRho                               2.12                0.14
  2-Scf steps: exchange/correlation                 9.48                0.63

3-MgridSubspace                                     1.25                0.08
-----------------------------------------------------------------------------
  3-MgridSubspace: AppNls                           0.04                0.00
  3-MgridSubspace: Beta x psi                       0.09                0.01
  3-MgridSubspace: Diagonalization                  0.35                0.02
  3-MgridSubspace: Mg_eig                           0.78                0.05

3-ReinitIonicPotentials                             0.20                0.01
-----------------------------------------------------------------------------
  3-ReinitIonicPotentials: GetNlop                  0.01                0.00
  3-ReinitIonicPotentials: GetWeight                0.06                0.00
  3-ReinitIonicPotentials: get_QI                   0.00                0.00
  3-ReinitIonicPotentials: get_qqq                  0.00                0.00
  3-ReinitIonicPotentials: init_nuc                 0.13                0.01

4-Diagonalization                                   0.39                0.03
-----------------------------------------------------------------------------
  4-Diagonalization: ELPA/PDSYGVX/PZHEGVX           0.04                0.00
  4-Diagonalization: Hpsi                           0.18                0.01
  4-Diagonalization: MPI_Bcast                      0.00                0.00
  4-Diagonalization: Update orbitals                0.03                0.00
  ---------------------------------------------------------------------------
    4-Diagonalization: Update orbitals: gather           0.00                0.00
    4-Diagonalization: Update orbitals: gemm           0.02                0.00
  4-Diagonalization: matrix                         0.11                0.01
  ---------------------------------------------------------------------------
    4-Diagonalization: matrix: Allreduce            0.07                0.00
    4-Diagonalization: matrix: Gemm                 0.04                0.00

5-Functional                                       10.10                0.67
-----------------------------------------------------------------------------
  5-Functional: apply gradient                      1.47                0.10
  5-Functional: libxc                               5.94                0.40
  5-Functional: vxc                                10.05                0.67
  5-Functional: vxc grad                            6.41                0.43
  5-Functional: vxc local                           3.55                0.24
  5-Functional: vxc nonlocal                        0.00                0.00

6-Davidson                                          4.75                0.32
-----------------------------------------------------------------------------
  6-Davidson: Betaxpsi                              0.32                0.02
  6-Davidson: apply hamiltonian                     1.00                0.07
  6-Davidson: diagonalization                       0.12                0.01
  6-Davidson: generate residuals                    0.36                0.02
  6-Davidson: matrix setup/reduce                   0.78                0.05
  6-Davidson: normalization                         0.17                0.01
  6-Davidson: precondition                          1.84                0.12
  6-Davidson: refresh h_psi and s_psi               0.02                0.00
  6-Davidson: reset hr,sr,vr                        0.00                0.00
  6-Davidson: rotate orbitals                       0.13                0.01

AppNls                                              0.25                0.02
-----------------------------------------------------------------------------
  AppNls: data_rearrange                            0.00                0.00
  ---------------------------------------------------------------------------
    AppNls: data_rearrange: alloc and zeros           0.00                0.00
    AppNls: data_rearrange: dnm                     0.00                0.00
    AppNls: data_rearrange: sint                    0.00                0.00
  AppNls: nv                                        0.20                0.01
  AppNls: nv_work                                   0.00                0.00

App_gradient                                        1.40                0.09

ApplyAOperator                                      0.11                0.01

CPUFD                                               0.02                0.00

Compute Hpsi                                        0.18                0.01
-----------------------------------------------------------------------------
  Compute Hpsi: AppNls                              0.02                0.00
  Compute Hpsi: Threaded Apply H                    0.16                0.01

GlobalSums                                          0.23                0.02

Init                                                2.03                0.14

Init Voronoi                                        0.05                0.00

Mix rho                                             2.26                0.15
-----------------------------------------------------------------------------
  Mix rho: Linear                                   0.56                0.04
  Mix rho: Pulay                                    1.59                0.11

Orbital                                             0.02                0.00
-----------------------------------------------------------------------------
  Orbital: phase and set                            0.02                0.00
  Orbital: proj cal                                 0.02                0.00
  Trade images: trade_images                        0.00                0.00
  Trade images: trade_imagesx                       0.68                0.05

VhPfft                                              3.24                0.22

Weight                                              0.04                0.00

radial beta                                         0.13                0.01


------------------------- TIMING INFORMATION FOR THREADS  -------------------

                                           Min            Max            Avg
ApplyAOperator                             1.08           1.08           1.08
-----------------------------------------------------------------------------

CPUFD                                      0.44           0.44           0.44
-----------------------------------------------------------------------------

GlobalSums                                 0.36           0.36           0.36
-----------------------------------------------------------------------------

Mg_eig                                     0.75           0.75           0.75
-----------------------------------------------------------------------------
  Mg_eig: apply hamiltonian                0.39           0.39           0.39
  Mg_eig: mgrid_solv                       0.18           0.18           0.18
  Trade images: trade_images               0.84           0.84           0.84
  Trade images: trade_imagesx              0.68           0.68           0.68
