RMG initialization ... 1 image(s) total, 1 per node. 16 MPI processes/image. Thread level 2.
FFT-FD  0.000000e+00   9.852164e-06
FFT-FD  1.000000e+00   -3.961394e-05
IP=0 M = -4.946610e-05  1.991700e-01  9.852164e-06
FFT-FD  0.000000e+00   6.498483e-05
FFT-FD  1.000000e+00   -3.684493e-04
IP=1 M = -4.334342e-04  1.499301e-01  6.498483e-05
FFT-FD  0.000000e+00   6.498483e-05
FFT-FD  1.000000e+00   -3.684493e-04
IP=2 M = -4.334342e-04  1.499301e-01  6.498483e-05
FFT-FD  0.000000e+00   6.498483e-05
FFT-FD  1.000000e+00   -3.684493e-04
IP=3 M = -4.334342e-04  1.499301e-01  6.498483e-05
FFT-FD  0.000000e+00   1.135671e-04
FFT-FD  1.000000e+00   -6.349838e-04
IP=4 M = -7.485510e-04  1.517160e-01  1.135671e-04
FFT-FD  0.000000e+00   1.135671e-04
FFT-FD  1.000000e+00   -6.349838e-04
IP=5 M = -7.485510e-04  1.517160e-01  1.135671e-04
FFT-FD  0.000000e+00   2.995676e-04
FFT-FD  1.000000e+00   -1.301653e-03
IP=6 M = -1.601221e-03  1.870870e-01  2.995676e-04
FFT-FD  0.000000e+00   1.135671e-04
FFT-FD  1.000000e+00   -6.349838e-04
IP=7 M = -7.485510e-04  1.517160e-01  1.135671e-04
FFT-FD  0.000000e+00   2.995676e-04
FFT-FD  1.000000e+00   -1.301653e-03
IP=8 M = -1.601221e-03  1.870870e-01  2.995676e-04
FFT-FD  0.000000e+00   7.396363e-06
FFT-FD  1.000000e+00   -5.191380e-06
IP=9 M = -1.258774e-05  5.875845e-01  7.396363e-06
NEWCFAC = 0.168335  0.168335


                     * * * * * * * * * *
                     *    R   M   G    *
                     * * * * * * * * * *

     -- A Real Space Multigrid Electronic structure code --
     --      More information at www.rmgdft.org          --

Code Revision:     5.0.0_beta1_111_gca5c3507
Build Date:        Feb 22 2023  21:48:37
Start time:        Sun Feb 26 20:58:01 2023

NOTICE: RMG internal pseudopotentials have switched to
ONCVP from Ultrasoft. You can revert to Ultrasoft by
adding the input tag internal_pseudo_type="ultrasoft" to
your input files.


Files
   Control input file:        input6
   Data output file:          /dev/null

Run Setup
    Calculation type:         Quench electrons - Fixed ions SCF calculation
    Description:              Ni atom test cell
    Orbital Initialization:   LCAO (10 LCAO and 0 random orbitals)
    Exchange Correlation:     pbe
    Spin Polarization:        ON
    System charge:            Neutral

Processor Topology
   Total PEs:                 8
   X direction:               2
   Y direction:               2
   Z direction:               2
   MG Threads/PE:             1
   OMP Threads/PE:            1

Grid Points  (Linear Anisotropy: 1.000)
    X:  Total: 96   Per PE: 48   Spacing:0.164 a0  
    Y:  Total: 96   Per PE: 48   Spacing:0.164 a0  
    Z:  Total: 96   Per PE: 48   Spacing:0.164 a0  

    Equivalent energy cutoffs (psi,rho):   366.107   1464.430 Ry

    Charge density grid:         2 times finer

Coordinate planes
  Planar Anisotropy: 1.000
  A0-A1 density:    37.094
  A0-A2 density:    37.094
  A1-A2 density:    37.094


Lattice (Cell) Setup
    Type:                       Cubic_primitive
    Volume (a0^3):               3916.07
    Boundary conditions:        Periodic

    X Basis Vector:      15.762       0.000       0.000 a0
    Y Basis Vector:       0.000      15.762       0.000 a0
    Z Basis Vector:       0.000       0.000      15.762 a0
    X Reci Vector:       0.063      -0.000       0.000 a0
    Y Reci Vector:       0.000       0.063       0.000 a0
    Z Reci Vector:       0.000      -0.000       0.063 a0

K-points
    Gamma Point Only (real orbitals)

Atoms and States
    Number of ions:                          1
    Number of species:                       1
    Number of spin up states:                18
    Number of spin down states:              18

Run Parameters
    SCF Convergence criterion (potential):   1.00e-08
    SCF Convergence criterion (energy):      1.00e-08
    Max SCF steps:                           100

SCF Cycle Settings
    Charge density mixing:                   Pulay  (Order:5 Scale:0.20 Refresh:100)
    Hartree Solver:                          PFFT
    Interpolation type:                      FFT

Subspace Diagonalization Options
    Frequency:                               every 1 SCF step(s)
    Driver:                                  ScaLapack
    Initial diagonalization:                 ON
    Folded spectrum:                         OFF

Filtering Cutoff  Parameters
    Wavefunction grid (cparm):               0.800
    Charge density grid (rhocparm):          1.000
    Filter factor:                           1.000

Multigrid (MG) Parameters
    Psi MG levels:                           3
    Psi global step:                         0.660 
    Psi pre:                                 2
    Psi post:                                2

Davidson Parameters
    Davidson multiplier:                     4
    Davidson max step:                       8
    Davidson unocc tol factor:               1000.000

Blas Libraries
    CPU support with openblas-parallel.


Atomic Species Information
(PP = Pseudopotential, US = Ultrasoft, NC = Norm Conserving)
-------------------------------------------------------------------------
|Index|Symbol| Mass|Valence| PP |  Comp  |Local| Local|Nlocal|    PP    |
|     |      |     |       |Type|Gaussian|  l  |Radius|Radius|Functional|
-------------------------------------------------------------------------
|    1|    Ni| 58.0|  18.00|  NC|    0.66|   -1| 10.00|  7.00|       PBE|
-------------------------------------------------------------------------

Pseudopotential generation information:
  Ni pseudopotential file: ./@Internal
      Generation info     : Generated using ONCVPSP code by D. R. Hamann
      Author info         : anonymous


Memory usage (Mbytes):     Min        Max       Total
    wave functions         63.70      63.70    1019.23
    beta-functions         31.85      31.85     254.82



Initial Ionic Positions And Displacements (Bohr)
Species      X           Y           Z           dX          dY          dZ
  Ni       0.0000      0.0000      0.0000      0.0000      0.0000      0.0000


Initial Ionic Positions And Displacements (Angstrom)
Species      X           Y           Z           dX          dY          dZ
  Ni       0.0000      0.0000      0.0000      0.0000      0.0000      0.0000

Diagonalization using scalapack for step=0  count=0



KOHN SHAM EIGENVALUES [eV] AT K-POINT [  0]:       0.000000      0.000000      0.000000


------------- SPIN UP ---------------

[kpt   0  -1   0]   -111.4084 [1.000]   -71.7520 [1.000]   -71.7520 [1.000]   -71.7520 [1.000]    -9.1206 [1.000]
[kpt   0  -1   1]    -9.1206 [1.000]    -9.1193 [1.000]    -9.1193 [1.000]    -9.1193 [1.000]    -5.2936 [1.000]
[kpt   0  -1   2]   1049.6613 [0.000]   2128.0117 [0.000]   2203.1795 [0.000]   2256.6639 [0.000]   2375.2567 [0.000]
[kpt   0  -1   3]   2454.1525 [0.000]   2506.0988 [0.000]   2518.1239 [0.000]

------------ SPIN DOWN --------------

[kpt   0  -1   0]   -109.3404 [1.000]   -69.6608 [1.000]   -69.6608 [1.000]   -69.6608 [1.000]    -7.3085 [0.600]
[kpt   0  -1   1]    -7.3085 [0.600]    -7.3072 [0.600]    -7.3072 [0.600]    -7.3072 [0.600]    -4.8677 [1.000]
[kpt   0  -1   2]   1049.7185 [0.000]   2128.0715 [0.000]   2203.2358 [0.000]   2256.7193 [0.000]   2375.3143 [0.000]
[kpt   0  -1   3]   2454.2076 [0.000]   2506.1574 [0.000]   2518.1816 [0.000]


Charge normalization constant: 1.000000
Charge density mixing: Linear with a constant of 0.20 

 charge density is NEGATIVE after interpolation, minimum is -2.340136e-07
 minimum charge density with core charge added is -2.356214e-07

Diagonalization using scalapack for step=0  count=1


FERMI ENERGY =     -4.89311447 eV
@@ EIGENVALUE SUM     =      -26.574774 Ha
@@ ION_ION            =      -29.161043 Ha
@@ ELECTROSTATIC      =     -113.675027 Ha
@@ VXC                =      -22.000171 Ha
@@ EXC                =      -21.564513 Ha
@@ TOTAL ENERGY       =     -168.975186 Ha
@@ estimated error    =   ****************
@@ TOTAL MAGNETIZATION    =   2.00000000 Bohr mag/cell
@@ ABSOLUTE MAGNETIZATION =   2.00000000 Bohr mag/cell
Charge normalization constant: 1.000000
Charge density mixing: Linear with a constant of 0.20 

 charge density is NEGATIVE after interpolation, minimum is -4.865732e-07
 minimum charge density with core charge added is -4.896458e-07
WriteRestart: Output file given as /dev/null, no restart data written ...


KOHN SHAM EIGENVALUES [eV] AT K-POINT [  0]:       0.000000      0.000000      0.000000


------------- SPIN UP ---------------

[kpt   0   0   0]   -111.4222 [1.000]   -71.7725 [1.000]   -71.7725 [1.000]   -71.7725 [1.000]    -9.1590 [1.000]
[kpt   0   0   1]    -9.1590 [1.000]    -9.1578 [1.000]    -9.1578 [1.000]    -9.1578 [1.000]    -5.3068 [1.000]
[kpt   0   0   2]     1.0335 [0.000]    12.9794 [0.000]    18.0517 [0.000]    20.8941 [0.000]    25.9342 [0.000]
[kpt   0   0   3]    33.7841 [0.000]    42.5566 [0.000]    47.4269 [0.000]

------------ SPIN DOWN --------------

[kpt   0   0   0]   -109.3817 [1.000]   -69.6932 [1.000]   -69.6932 [1.000]   -69.6932 [1.000]    -7.3155 [0.600]
[kpt   0   0   1]    -7.3155 [0.600]    -7.3142 [0.600]    -7.3142 [0.600]    -7.3142 [0.600]    -4.8931 [1.000]
[kpt   0   0   2]     1.0919 [0.000]    13.0360 [0.000]    18.1000 [0.000]    20.9528 [0.000]    25.9759 [0.000]
[kpt   0   0   3]    33.8326 [0.000]    42.6146 [0.000]    47.4873 [0.000]



Total charge in supercell =      18.00000000
 quench: [md:   0/10  scf:   0/100  step time:   2.88  scf time:     2.97 secs  RMS[dV]: 2.04e-03 ]


average potential <V> = -2.27e-16

Diagonalization using scalapack for step=1  count=2


FERMI ENERGY =     -4.91445950 eV
@@ EIGENVALUE SUM     =      -26.595506 Ha
@@ ION_ION            =      -29.161043 Ha
@@ ELECTROSTATIC      =     -113.654774 Ha
@@ VXC                =      -21.998846 Ha
@@ EXC                =      -21.563642 Ha
@@ TOTAL ENERGY       =     -168.976120 Ha
@@ estimated error    =        4.71e-05 Ha
@@ TOTAL MAGNETIZATION    =   2.00000000 Bohr mag/cell
@@ ABSOLUTE MAGNETIZATION =   2.00000000 Bohr mag/cell
Charge normalization constant: 1.000000
Charge density mixing: Linear with a constant of 0.20 

 charge density is NEGATIVE after interpolation, minimum is -6.764022e-07
 minimum charge density with core charge added is -6.781308e-07
 quench: [md:   0/10  scf:   1/100  step time:   2.79  scf time:     5.76 secs  RMS[dV]: 1.83e-03 ]


average potential <V> = -8.07e-16

Diagonalization using scalapack for step=2  count=3


FERMI ENERGY =     -4.93342874 eV
@@ EIGENVALUE SUM     =      -26.612783 Ha
@@ ION_ION            =      -29.161043 Ha
@@ ELECTROSTATIC      =     -113.637804 Ha
@@ VXC                =      -21.998102 Ha
@@ EXC                =      -21.563171 Ha
@@ TOTAL ENERGY       =     -168.976699 Ha
@@ estimated error    =        3.96e-05 Ha
@@ TOTAL MAGNETIZATION    =   2.00000000 Bohr mag/cell
@@ ABSOLUTE MAGNETIZATION =   2.00000000 Bohr mag/cell
Charge normalization constant: 1.000000
Charge density mixing: Linear with a constant of 0.20 

 charge density is NEGATIVE after interpolation, minimum is -8.001707e-07
 minimum charge density with core charge added is -8.112827e-07
 quench: [md:   0/10  scf:   2/100  step time:   2.75  scf time:     8.50 secs  RMS[dV]: 1.57e-03 ]


average potential <V> = 2.25e-15

Diagonalization using scalapack for step=3  count=4


FERMI ENERGY =     -4.94944166 eV
@@ EIGENVALUE SUM     =      -26.625045 Ha
@@ ION_ION            =      -29.161043 Ha
@@ ELECTROSTATIC      =     -113.625820 Ha
@@ VXC                =      -21.997998 Ha
@@ EXC                =      -21.563172 Ha
@@ TOTAL ENERGY       =     -168.977081 Ha
@@ estimated error    =        2.76e-05 Ha
@@ TOTAL MAGNETIZATION    =   2.00000000 Bohr mag/cell
@@ ABSOLUTE MAGNETIZATION =   2.00000000 Bohr mag/cell
Charge normalization constant: 1.000000
Charge density mixing: Linear with a constant of 0.20 

 charge density is NEGATIVE after interpolation, minimum is -8.810840e-07
 minimum charge density with core charge added is -8.903387e-07
 quench: [md:   0/10  scf:   3/100  step time:   2.72  scf time:    11.23 secs  RMS[dV]: 1.37e-03 ]


average potential <V> = 9.02e-16
Davidson incomplete convergence steps = 8

FERMI ENERGY =     -4.96307809 eV
@@ EIGENVALUE SUM     =      -26.633116 Ha
@@ ION_ION            =      -29.161043 Ha
@@ ELECTROSTATIC      =     -113.618174 Ha
@@ VXC                =      -21.998389 Ha
@@ EXC                =      -21.563543 Ha
@@ TOTAL ENERGY       =     -168.977486 Ha
@@ estimated error    =        1.96e-05 Ha
@@ TOTAL MAGNETIZATION    =   2.00000000 Bohr mag/cell
@@ ABSOLUTE MAGNETIZATION =   2.00000000 Bohr mag/cell
Charge normalization constant: 1.000000
Charge density mixing: Pulay

 charge density is NEGATIVE after interpolation, minimum is -9.494252e-07
 minimum charge density with core charge added is -9.532526e-07
 quench: [md:   0/10  scf:   4/100  step time:   3.56  scf time:    14.78 secs  RMS[dV]: 1.22e-03 ]


average potential <V> = 5.68e-15
Davidson converged in 7 steps

FERMI ENERGY =     -4.97512263 eV
@@ EIGENVALUE SUM     =      -26.632389 Ha
@@ ION_ION            =      -29.161043 Ha
@@ ELECTROSTATIC      =     -113.619375 Ha
@@ VXC                =      -22.000247 Ha
@@ EXC                =      -21.565062 Ha
@@ TOTAL ENERGY       =     -168.977622 Ha
@@ estimated error    =        2.38e-05 Ha
@@ TOTAL MAGNETIZATION    =   2.00000000 Bohr mag/cell
@@ ABSOLUTE MAGNETIZATION =   2.00001363 Bohr mag/cell
Charge normalization constant: 1.000000
Charge density mixing: Pulay

 charge density is NEGATIVE after interpolation, minimum is -1.217472e-06
 minimum charge density with core charge added is -1.227808e-06


KOHN SHAM EIGENVALUES [eV] AT K-POINT [  0]:       0.000000      0.000000      0.000000


------------- SPIN UP ---------------

[kpt   0   5   0]   -111.4952 [1.000]   -71.8660 [1.000]   -71.8660 [1.000]   -71.8659 [1.000]    -9.3034 [1.000]
[kpt   0   5   1]    -9.3032 [1.000]    -9.3019 [1.000]    -9.3019 [1.000]    -9.3019 [1.000]    -5.3393 [1.000]
[kpt   0   5   2]    -0.7399 [0.000]    -0.7399 [0.000]    -0.7398 [0.000]     0.0089 [0.000]     1.4077 [0.000]
[kpt   0   5   3]     1.4088 [0.000]     2.6110 [0.000]     2.6160 [0.000]

------------ SPIN DOWN --------------

[kpt   0   5   0]   -109.4780 [1.000]   -69.7672 [1.000]   -69.7671 [1.000]   -69.7671 [1.000]    -7.3356 [0.600]
[kpt   0   5   1]    -7.3355 [0.600]    -7.3346 [0.600]    -7.3345 [0.600]    -7.3345 [0.600]    -4.9751 [1.000]
[kpt   0   5   2]    -0.5753 [0.000]    -0.5752 [0.000]    -0.5750 [0.000]     0.0592 [0.000]     1.4336 [0.000]
[kpt   0   5   3]     1.4346 [0.000]     2.6697 [0.000]     2.6830 [0.000]



Total charge in supercell =      18.00000000
 quench: [md:   0/10  scf:   5/100  step time:   2.77  scf time:    17.55 secs  RMS[dV]: 1.05e-03 ]


average potential <V> = 2.72e-15
Davidson converged in 4 steps

FERMI ENERGY =     -5.02879601 eV
@@ EIGENVALUE SUM     =      -26.640955 Ha
@@ ION_ION            =      -29.161043 Ha
@@ ELECTROSTATIC      =     -113.612322 Ha
@@ VXC                =      -22.006823 Ha
@@ EXC                =      -21.570399 Ha
@@ TOTAL ENERGY       =     -168.977896 Ha
@@ estimated error    =        1.36e-05 Ha
@@ TOTAL MAGNETIZATION    =   2.00000000 Bohr mag/cell
@@ ABSOLUTE MAGNETIZATION =   2.03404841 Bohr mag/cell
Charge normalization constant: 1.000000
Charge density mixing: Pulay

 charge density is NEGATIVE after interpolation, minimum is -1.056588e-06
 minimum charge density with core charge added is -1.065860e-06
 quench: [md:   0/10  scf:   6/100  step time:   2.85  scf time:    20.40 secs  RMS[dV]: 3.11e-03 ]


average potential <V> = -7.10e-16
Davidson converged in 2 steps

FERMI ENERGY =     -5.03366661 eV
@@ EIGENVALUE SUM     =      -26.652131 Ha
@@ ION_ION            =      -29.161043 Ha
@@ ELECTROSTATIC      =     -113.600900 Ha
@@ VXC                =      -22.005448 Ha
@@ EXC                =      -21.569272 Ha
@@ TOTAL ENERGY       =     -168.977897 Ha
@@ estimated error    =        4.82e-06 Ha
@@ TOTAL MAGNETIZATION    =   2.00000000 Bohr mag/cell
@@ ABSOLUTE MAGNETIZATION =   2.03849439 Bohr mag/cell
Charge normalization constant: 1.000000
Charge density mixing: Pulay

 charge density is NEGATIVE after interpolation, minimum is -8.202243e-07
 minimum charge density with core charge added is -8.279836e-07
 quench: [md:   0/10  scf:   7/100  step time:   2.69  scf time:    23.09 secs  RMS[dV]: 1.53e-03 ]


average potential <V> = 2.97e-15
Davidson converged in 3 steps

FERMI ENERGY =     -5.03405405 eV
@@ EIGENVALUE SUM     =      -26.658585 Ha
@@ ION_ION            =      -29.161043 Ha
@@ ELECTROSTATIC      =     -113.594241 Ha
@@ VXC                =      -22.004256 Ha
@@ EXC                =      -21.568286 Ha
@@ TOTAL ENERGY       =     -168.977898 Ha
@@ estimated error    =        8.39e-07 Ha
@@ TOTAL MAGNETIZATION    =   2.00000000 Bohr mag/cell
@@ ABSOLUTE MAGNETIZATION =   2.03917974 Bohr mag/cell
Charge normalization constant: 1.000000
Charge density mixing: Pulay

 charge density is NEGATIVE after interpolation, minimum is -6.756620e-07
 minimum charge density with core charge added is -6.831620e-07
 quench: [md:   0/10  scf:   8/100  step time:   2.94  scf time:    26.03 secs  RMS[dV]: 1.60e-03 ]


average potential <V> = 3.97e-15
Davidson converged in 3 steps

FERMI ENERGY =     -5.03245042 eV
@@ EIGENVALUE SUM     =      -26.651073 Ha
@@ ION_ION            =      -29.161043 Ha
@@ ELECTROSTATIC      =     -113.601980 Ha
@@ VXC                =      -22.005444 Ha
@@ EXC                =      -21.569247 Ha
@@ TOTAL ENERGY       =     -168.977899 Ha
@@ estimated error    =        4.90e-07 Ha
@@ TOTAL MAGNETIZATION    =   2.00000000 Bohr mag/cell
@@ ABSOLUTE MAGNETIZATION =   2.03971057 Bohr mag/cell
Charge normalization constant: 1.000000
Charge density mixing: Pulay

 charge density is NEGATIVE after interpolation, minimum is -3.142674e-07
 minimum charge density with core charge added is -3.201541e-07
 quench: [md:   0/10  scf:   9/100  step time:   2.94  scf time:    28.97 secs  RMS[dV]: 9.36e-04 ]


average potential <V> = 1.43e-15
Davidson converged in 3 steps

FERMI ENERGY =     -5.03294797 eV
@@ EIGENVALUE SUM     =      -26.655834 Ha
@@ ION_ION            =      -29.161043 Ha
@@ ELECTROSTATIC      =     -113.597070 Ha
@@ VXC                =      -22.004605 Ha
@@ EXC                =      -21.568557 Ha
@@ TOTAL ENERGY       =     -168.977899 Ha
@@ estimated error    =        3.97e-07 Ha
@@ TOTAL MAGNETIZATION    =   2.00000000 Bohr mag/cell
@@ ABSOLUTE MAGNETIZATION =   2.04171007 Bohr mag/cell
Charge normalization constant: 1.000000
Charge density mixing: Pulay

 charge density is NEGATIVE after interpolation, minimum is -2.347555e-07
 minimum charge density with core charge added is -2.407763e-07


KOHN SHAM EIGENVALUES [eV] AT K-POINT [  0]:       0.000000      0.000000      0.000000


------------- SPIN UP ---------------

[kpt   0  10   0]   -111.5375 [1.000]   -71.9206 [1.000]   -71.9206 [1.000]   -71.9206 [1.000]    -9.3852 [1.000]
[kpt   0  10   1]    -9.3852 [1.000]    -9.3840 [1.000]    -9.3840 [1.000]    -9.3840 [1.000]    -5.3508 [1.000]
[kpt   0  10   2]    -0.7429 [0.000]    -0.7429 [0.000]    -0.7429 [0.000]    -0.0894 [0.000]     1.3474 [0.000]
[kpt   0  10   3]     1.3474 [0.000]     2.5022 [0.000]     2.5028 [0.000]

------------ SPIN DOWN --------------

[kpt   0  10   0]   -109.4897 [1.000]   -69.7675 [1.000]   -69.7675 [1.000]   -69.7675 [1.000]    -7.3155 [0.600]
[kpt   0  10   1]    -7.3155 [0.600]    -7.3143 [0.600]    -7.3143 [0.600]    -7.3143 [0.600]    -5.0329 [1.000]
[kpt   0  10   2]    -0.6364 [0.000]    -0.6364 [0.000]    -0.6364 [0.000]    -0.0795 [0.000]     1.3215 [0.000]
[kpt   0  10   3]     1.3215 [0.000]     2.5237 [0.000]     2.5294 [0.000]



Total charge in supercell =      18.00000000
 quench: [md:   0/10  scf:  10/100  step time:   2.95  scf time:    31.92 secs  RMS[dV]: 2.05e-03 ]


average potential <V> = 7.83e-16
Davidson converged in 3 steps

FERMI ENERGY =     -5.03294870 eV
@@ EIGENVALUE SUM     =      -26.655092 Ha
@@ ION_ION            =      -29.161043 Ha
@@ ELECTROSTATIC      =     -113.597838 Ha
@@ VXC                =      -22.004754 Ha
@@ EXC                =      -21.568681 Ha
@@ TOTAL ENERGY       =     -168.977899 Ha
@@ estimated error    =        5.75e-08 Ha
@@ TOTAL MAGNETIZATION    =   2.00000000 Bohr mag/cell
@@ ABSOLUTE MAGNETIZATION =   2.04188155 Bohr mag/cell
Charge normalization constant: 1.000000
Charge density mixing: Pulay

 charge density is NEGATIVE after interpolation, minimum is -1.560753e-07
 minimum charge density with core charge added is -1.622998e-07
 quench: [md:   0/10  scf:  11/100  step time:   2.90  scf time:    34.82 secs  RMS[dV]: 4.93e-04 ]


average potential <V> = -3.16e-15
Davidson converged in 3 steps

FERMI ENERGY =     -5.03309559 eV
@@ EIGENVALUE SUM     =      -26.654953 Ha
@@ ION_ION            =      -29.161043 Ha
@@ ELECTROSTATIC      =     -113.597984 Ha
@@ VXC                =      -22.004813 Ha
@@ EXC                =      -21.568732 Ha
@@ TOTAL ENERGY       =     -168.977899 Ha
@@ estimated error    =        1.10e-08 Ha
@@ TOTAL MAGNETIZATION    =   2.00000000 Bohr mag/cell
@@ ABSOLUTE MAGNETIZATION =   2.04197569 Bohr mag/cell
Charge normalization constant: 1.000000
Charge density mixing: Pulay

 charge density is NEGATIVE after interpolation, minimum is -9.494239e-08
 minimum charge density with core charge added is -1.013477e-07
 quench: [md:   0/10  scf:  12/100  step time:   4.05  scf time:    38.87 secs  RMS[dV]: 4.69e-04 ]



 Convergence criterion reached: Energy variation (1.74e-09) is lower than threshold (1.00e-08)

potential convergence has been achieved. stopping ...

[   0  13   13       44 ] Quench.cpp: final total energy =    -168.97789926 Ha


KOHN SHAM EIGENVALUES [eV] AT K-POINT [  0]:       0.000000      0.000000      0.000000


------------- SPIN UP ---------------

[kpt   0  13   0]   -111.5353 [1.000]   -71.9187 [1.000]   -71.9187 [1.000]   -71.9187 [1.000]    -9.3842 [1.000]
[kpt   0  13   1]    -9.3842 [1.000]    -9.3829 [1.000]    -9.3829 [1.000]    -9.3829 [1.000]    -5.3512 [1.000]
[kpt   0  13   2]    -0.7433 [0.000]    -0.7433 [0.000]    -0.7433 [0.000]    -0.0942 [0.000]     1.3464 [0.000]
[kpt   0  13   3]     1.3464 [0.000]     2.4970 [0.000]     2.4972 [0.000]

------------ SPIN DOWN --------------

[kpt   0  13   0]   -109.4875 [1.000]   -69.7656 [1.000]   -69.7656 [1.000]   -69.7656 [1.000]    -7.3143 [0.600]
[kpt   0  13   1]    -7.3143 [0.600]    -7.3131 [0.600]    -7.3131 [0.600]    -7.3131 [0.600]    -5.0331 [1.000]
[kpt   0  13   2]    -0.6368 [0.000]    -0.6368 [0.000]    -0.6368 [0.000]    -0.0858 [0.000]     1.3196 [0.000]
[kpt   0  13   3]     1.3196 [0.000]     2.5168 [0.000]     2.5202 [0.000]



Total charge in supercell =      18.00000000
 volume and energy per atom =       580.30177636      -4598.12258881 eV

 Vdd took 0.002946 seconds
WriteRestart: Output file given as /dev/null, no restart data written ...



  IONIC POSITIONS [a0] AND FORCES [Ha/a0]
  Charge analysis using: Voronoi Deformation Density

@ION  Ion  Species       X           Y           Z       Charge       FX          FY         FZ      Movable
@ION    1    Ni      0.0000000   0.0000000   0.0000000   -0.000   -0.0000015  -0.0000034  -0.0000004  1 1 1

 mean FX      =   0.00000146 Ha/a0
 mean FY      =   0.00000342 Ha/a0
 mean FZ      =   0.00000038 Ha/a0

 max FX       =   0.00000146 Ha/a0   (ion 1)
 max FY       =   0.00000342 Ha/a0   (ion 1)
 max FZ       =   0.00000038 Ha/a0   (ion 1)
 max F[x,y,z] =   0.00000342 Ha/a0
 max |F|      =   0.00000374 Ha/a0   (ion 1)

 sum FX       =  -0.00000146 Ha/a0
 sum FY       =  -0.00000342 Ha/a0
 sum FZ       =  -0.00000038 Ha/a0
 Average      =   0.00000175 Ha/a0
 sqrt < F^2 > =   0.00000216 Ha/a0

WriteRestart: Output file given as /dev/null, no restart data written ...


--------TIMING INFORMATION FOR Processor owned the most atoms----------------
                                        Total time               Per SCF/step

1-TOTAL                                            44.79                3.45
-----------------------------------------------------------------------------
  1-TOTAL: Init                                     5.40                0.42
  1-TOTAL: run                                     39.39                3.03
  ---------------------------------------------------------------------------
    1-TOTAL: run: Force                             0.50                0.04
    1-TOTAL: run: Scf steps                        38.78                2.98

2-Force                                             0.50                0.04
-----------------------------------------------------------------------------
  2-Force: core correction                          0.09                0.01
  2-Force: corrections                              0.10                0.01
  2-Force: ion-ion                                  0.06                0.00
  2-Force: local                                    0.17                0.01
  2-Force: non-local                                0.07                0.01
  2-Force: non-local-betaxpsi                       0.02                0.00
  2-Force: non-local-get gamma                      0.00                0.00
  2-Force: non-local-nlforce_par_Q                  0.02                0.00
  2-Force: non-local-nlforce_par_gamma              0.00                0.00
  2-Force: non-local-nlforce_par_omega              0.00                0.00
  2-Force: non-local-partial gamma                  0.00                0.00
  2-Force: non-local-veff grad                      0.02                0.00

2-Init                                              5.40                0.42
-----------------------------------------------------------------------------
  2-Init: GetNewRho                                 0.42                0.03
  2-Init: KpointClass                               1.45                0.11
  2-Init: LcaoGetPsi                                0.10                0.01
  2-Init: LcaoGetRho                                0.09                0.01
  2-Init: ReinitIonicPotentials                     0.47                0.04
  2-Init: betaxpsi                                  0.04                0.00
  2-Init: exchange/correlation                      1.28                0.10
  2-Init: hartree                                   0.53                0.04
  2-Init: normalization                             0.01                0.00
  2-Init: radial potentials                         0.21                0.02
  2-Init: subdiag                                   0.06                0.00
  2-Init: weights                                   0.12                0.01

2-Scf steps                                        38.78                2.98
-----------------------------------------------------------------------------
  2-Scf steps: Davidson                             5.45                0.42
  2-Scf steps: GetNewRho                            1.35                0.10
  2-Scf steps: Hartree                              6.78                0.52
  2-Scf steps: MgridSubspace                        2.18                0.17
  2-Scf steps: MixRho                               4.32                0.33
  2-Scf steps: exchange/correlation                14.13                1.09

3-MgridSubspace                                     2.18                0.17
-----------------------------------------------------------------------------
  3-MgridSubspace: AppNls                           0.08                0.01
  3-MgridSubspace: Beta x psi                       0.19                0.01
  3-MgridSubspace: Diagonalization                  0.29                0.02
  3-MgridSubspace: Mg_eig                           1.62                0.12

3-ReinitIonicPotentials                             0.47                0.04
-----------------------------------------------------------------------------
  3-ReinitIonicPotentials: GetNlop                  0.00                0.00
  3-ReinitIonicPotentials: GetWeight                0.16                0.01
  3-ReinitIonicPotentials: get_QI                   0.00                0.00
  3-ReinitIonicPotentials: get_qqq                  0.00                0.00
  3-ReinitIonicPotentials: init_nuc                 0.31                0.02

4-Diagonalization                                   0.35                0.03
-----------------------------------------------------------------------------
  4-Diagonalization: ELPA/PDSYGVX/PZHEGVX           0.00                0.00
  4-Diagonalization: Hpsi                           0.19                0.01
  4-Diagonalization: MPI_Bcast                      0.00                0.00
  4-Diagonalization: Update orbitals                0.05                0.00
  ---------------------------------------------------------------------------
    4-Diagonalization: Update orbitals: gather           0.00                0.00
    4-Diagonalization: Update orbitals: gemm           0.04                0.00
  4-Diagonalization: matrix                         0.08                0.01
  ---------------------------------------------------------------------------
    4-Diagonalization: matrix: Allreduce            0.02                0.00
    4-Diagonalization: matrix: Gemm                 0.07                0.01

5-Functional                                       15.15                1.17
-----------------------------------------------------------------------------
  5-Functional: apply gradient                      2.31                0.18
  5-Functional: libxc                               8.86                0.68
  5-Functional: vxc                                15.08                1.16
  5-Functional: vxc grad                            9.66                0.74
  5-Functional: vxc local                           5.27                0.41
  5-Functional: vxc nonlocal                        0.00                0.00

6-Davidson                                          5.45                0.42
-----------------------------------------------------------------------------
  6-Davidson: Betaxpsi                              0.43                0.03
  6-Davidson: apply hamiltonian                     1.31                0.10
  6-Davidson: diagonalization                       0.07                0.01
  6-Davidson: generate residuals                    0.48                0.04
  6-Davidson: matrix setup/reduce                   0.98                0.08
  6-Davidson: normalization                         0.14                0.01
  6-Davidson: precondition                          1.82                0.14
  6-Davidson: refresh h_psi and s_psi               0.04                0.00
  6-Davidson: reset hr,sr,vr                        0.00                0.00
  6-Davidson: rotate orbitals                       0.16                0.01

AppNls                                              0.41                0.03
-----------------------------------------------------------------------------
  AppNls: data_rearrange                            0.00                0.00
  ---------------------------------------------------------------------------
    AppNls: data_rearrange: alloc and zeros           0.00                0.00
    AppNls: data_rearrange: dnm                     0.00                0.00
    AppNls: data_rearrange: sint                    0.00                0.00
  AppNls: nv                                        0.33                0.03
  AppNls: nv_work                                   0.00                0.00

App_gradient                                        2.23                0.17

ApplyAOperator                                      0.17                0.01

CPUFD                                               0.03                0.00

Compute Hpsi                                        0.19                0.01
-----------------------------------------------------------------------------
  Compute Hpsi: AppNls                              0.05                0.00
  Compute Hpsi: Threaded Apply H                    0.14                0.01

GlobalSums                                          0.49                0.04

Init                                                3.95                0.30

Init Voronoi                                        0.09                0.01

Mix rho                                             4.63                0.36
-----------------------------------------------------------------------------
  Mix rho: Linear                                   1.28                0.10
  Mix rho: Pulay                                    3.01                0.23

Orbital                                             0.04                0.00
-----------------------------------------------------------------------------
  Orbital: phase and set                            0.04                0.00
  Orbital: proj cal                                 0.04                0.00
  Trade images: trade_images                        0.00                0.00
  Trade images: trade_imagesx                       1.13                0.09

VhPfft                                              6.76                0.52

Weight                                              0.08                0.01

radial beta                                         0.15                0.01


------------------------- TIMING INFORMATION FOR THREADS  -------------------

                                           Min            Max            Avg
ApplyAOperator                             1.64           1.64           1.64
-----------------------------------------------------------------------------

CPUFD                                      0.62           0.62           0.62
-----------------------------------------------------------------------------

GlobalSums                                 0.38           0.38           0.38
-----------------------------------------------------------------------------

Mg_eig                                     1.60           1.60           1.60
-----------------------------------------------------------------------------
  Mg_eig: apply hamiltonian                0.89           0.89           0.89
  Mg_eig: mgrid_solv                       0.26           0.26           0.26
  Trade images: trade_images               0.76           0.76           0.76
  Trade images: trade_imagesx              1.06           1.06           1.06
