RMG initialization ... 1 image(s) total, 1 per node. 16 MPI processes/image. Thread level 2.
FFT-FD  0.000000e+00   1.360140e-06
FFT-FD  1.000000e+00   -1.960047e-06
IP=0 M = -3.320186e-06  4.096576e-01  1.360140e-06
FFT-FD  0.000000e+00   5.546900e-06
FFT-FD  1.000000e+00   -1.299713e-05
IP=1 M = -1.854403e-05  2.991206e-01  5.546900e-06
FFT-FD  0.000000e+00   5.546900e-06
FFT-FD  1.000000e+00   -1.299713e-05
IP=2 M = -1.854403e-05  2.991206e-01  5.546900e-06
FFT-FD  0.000000e+00   5.546900e-06
FFT-FD  1.000000e+00   -1.299713e-05
IP=3 M = -1.854403e-05  2.991206e-01  5.546900e-06
FFT-FD  0.000000e+00   9.116283e-06
FFT-FD  1.000000e+00   -2.314658e-05
IP=4 M = -3.226287e-05  2.825627e-01  9.116283e-06
FFT-FD  0.000000e+00   9.116283e-06
FFT-FD  1.000000e+00   -2.314658e-05
IP=5 M = -3.226287e-05  2.825627e-01  9.116283e-06
FFT-FD  0.000000e+00   3.148958e-05
FFT-FD  1.000000e+00   -6.282722e-05
IP=6 M = -9.431680e-05  3.338703e-01  3.148958e-05
FFT-FD  0.000000e+00   9.116283e-06
FFT-FD  1.000000e+00   -2.314658e-05
IP=7 M = -3.226287e-05  2.825627e-01  9.116283e-06
FFT-FD  0.000000e+00   3.148958e-05
FFT-FD  1.000000e+00   -6.282722e-05
IP=8 M = -9.431680e-05  3.338703e-01  3.148958e-05
FFT-FD  0.000000e+00   2.343946e-06
FFT-FD  1.000000e+00   9.057572e-07
IP=9 M = -1.438189e-06  1.629790e+00  2.343946e-06
NEWCFAC = 0.320722  0.320722


                     * * * * * * * * * *
                     *    R   M   G    *
                     * * * * * * * * * *

     -- A Real Space Multigrid Electronic structure code --
     --      More information at www.rmgdft.org          --

Code Revision:     5.0.0_beta1_111_gca5c3507
Build Date:        Feb 22 2023  21:48:37
Start time:        Sun Feb 26 20:50:27 2023

NOTICE: RMG internal pseudopotentials have switched to
ONCVP from Ultrasoft. You can revert to Ultrasoft by
adding the input tag internal_pseudo_type="ultrasoft" to
your input files.


Files
   Control input file:        input5
   Data output file:          /dev/null

Run Setup
    Calculation type:         Quench electrons - Fixed ions SCF calculation
    Description:              Ni atom test cell
    Orbital Initialization:   LCAO (10 LCAO and 0 random orbitals)
    Exchange Correlation:     pbe
    Spin Polarization:        ON
    System charge:            Neutral

Processor Topology
   Total PEs:                 8
   X direction:               2
   Y direction:               2
   Z direction:               2
   MG Threads/PE:             1
   OMP Threads/PE:            1

Grid Points  (Linear Anisotropy: 1.000)
    X:  Total: 88   Per PE: 44   Spacing:0.179 a0  
    Y:  Total: 88   Per PE: 44   Spacing:0.179 a0  
    Z:  Total: 88   Per PE: 44   Spacing:0.179 a0  

    Equivalent energy cutoffs (psi,rho):   307.632   1230.528 Ry

    Charge density grid:         2 times finer

Coordinate planes
  Planar Anisotropy: 1.000
  A0-A1 density:    31.170
  A0-A2 density:    31.170
  A1-A2 density:    31.170


Lattice (Cell) Setup
    Type:                       Cubic_primitive
    Volume (a0^3):               3916.07
    Boundary conditions:        Periodic

    X Basis Vector:      15.762       0.000       0.000 a0
    Y Basis Vector:       0.000      15.762       0.000 a0
    Z Basis Vector:       0.000       0.000      15.762 a0
    X Reci Vector:       0.063      -0.000       0.000 a0
    Y Reci Vector:       0.000       0.063       0.000 a0
    Z Reci Vector:       0.000      -0.000       0.063 a0

K-points
    Gamma Point Only (real orbitals)

Atoms and States
    Number of ions:                          1
    Number of species:                       1
    Number of spin up states:                18
    Number of spin down states:              18

Run Parameters
    SCF Convergence criterion (potential):   1.00e-08
    SCF Convergence criterion (energy):      1.00e-08
    Max SCF steps:                           100

SCF Cycle Settings
    Charge density mixing:                   Pulay  (Order:5 Scale:0.20 Refresh:100)
    Hartree Solver:                          PFFT
    Interpolation type:                      FFT

Subspace Diagonalization Options
    Frequency:                               every 1 SCF step(s)
    Driver:                                  ScaLapack
    Initial diagonalization:                 ON
    Folded spectrum:                         OFF

Filtering Cutoff  Parameters
    Wavefunction grid (cparm):               0.800
    Charge density grid (rhocparm):          1.000
    Filter factor:                           1.000

Multigrid (MG) Parameters
    Psi MG levels:                           3
    Psi global step:                         0.660 
    Psi pre:                                 2
    Psi post:                                2

Davidson Parameters
    Davidson multiplier:                     4
    Davidson max step:                       8
    Davidson unocc tol factor:               1000.000

Blas Libraries
    CPU support with openblas-parallel.


Atomic Species Information
(PP = Pseudopotential, US = Ultrasoft, NC = Norm Conserving)
-------------------------------------------------------------------------
|Index|Symbol| Mass|Valence| PP |  Comp  |Local| Local|Nlocal|    PP    |
|     |      |     |       |Type|Gaussian|  l  |Radius|Radius|Functional|
-------------------------------------------------------------------------
|    1|    Ni| 58.0|  18.00|  NC|    0.66|   -1| 10.00|  7.00|       PBE|
-------------------------------------------------------------------------

Pseudopotential generation information:
  Ni pseudopotential file: ./@Internal
      Generation info     : Generated using ONCVPSP code by D. R. Hamann
      Author info         : anonymous


Memory usage (Mbytes):     Min        Max       Total
    wave functions         49.07      49.07     785.07
    beta-functions         24.54      24.54     196.28



Initial Ionic Positions And Displacements (Bohr)
Species      X           Y           Z           dX          dY          dZ
  Ni       0.0000      0.0000      0.0000      0.0000      0.0000      0.0000


Initial Ionic Positions And Displacements (Angstrom)
Species      X           Y           Z           dX          dY          dZ
  Ni       0.0000      0.0000      0.0000      0.0000      0.0000      0.0000

Diagonalization using scalapack for step=0  count=0



KOHN SHAM EIGENVALUES [eV] AT K-POINT [  0]:       0.000000      0.000000      0.000000


------------- SPIN UP ---------------

[kpt   0  -1   0]   -111.4084 [1.000]   -71.7522 [1.000]   -71.7522 [1.000]   -71.7522 [1.000]    -9.1198 [1.000]
[kpt   0  -1   1]    -9.1198 [1.000]    -9.1196 [1.000]    -9.1196 [1.000]    -9.1196 [1.000]    -5.2942 [1.000]
[kpt   0  -1   2]   864.6847 [0.000]   1773.0969 [0.000]   2023.6707 [0.000]   2082.1023 [0.000]   2126.2746 [0.000]
[kpt   0  -1   3]   2159.8518 [0.000]   2212.6235 [0.000]   2292.0200 [0.000]

------------ SPIN DOWN --------------

[kpt   0  -1   0]   -109.3404 [1.000]   -69.6610 [1.000]   -69.6610 [1.000]   -69.6610 [1.000]    -7.3077 [0.600]
[kpt   0  -1   1]    -7.3077 [0.600]    -7.3075 [0.600]    -7.3075 [0.600]    -7.3075 [0.600]    -4.8683 [1.000]
[kpt   0  -1   2]   864.7390 [0.000]   1773.1523 [0.000]   2023.7202 [0.000]   2082.1516 [0.000]   2126.3266 [0.000]
[kpt   0  -1   3]   2159.8972 [0.000]   2212.6791 [0.000]   2292.0670 [0.000]


Charge normalization constant: 1.000000
Charge density mixing: Linear with a constant of 0.20 

 charge density is NEGATIVE after interpolation, minimum is -2.340821e-07
 minimum charge density with core charge added is -2.363090e-07

Diagonalization using scalapack for step=0  count=1


FERMI ENERGY =     -4.89288322 eV
@@ EIGENVALUE SUM     =      -26.574782 Ha
@@ ION_ION            =      -29.161043 Ha
@@ ELECTROSTATIC      =     -113.675018 Ha
@@ VXC                =      -22.000169 Ha
@@ EXC                =      -21.564511 Ha
@@ TOTAL ENERGY       =     -168.975186 Ha
@@ estimated error    =   ****************
@@ TOTAL MAGNETIZATION    =   2.00000000 Bohr mag/cell
@@ ABSOLUTE MAGNETIZATION =   2.00000000 Bohr mag/cell
Charge normalization constant: 1.000000
Charge density mixing: Linear with a constant of 0.20 

 charge density is NEGATIVE after interpolation, minimum is -4.764798e-07
 minimum charge density with core charge added is -4.778799e-07
WriteRestart: Output file given as /dev/null, no restart data written ...


KOHN SHAM EIGENVALUES [eV] AT K-POINT [  0]:       0.000000      0.000000      0.000000


------------- SPIN UP ---------------

[kpt   0   0   0]   -111.4222 [1.000]   -71.7727 [1.000]   -71.7727 [1.000]   -71.7727 [1.000]    -9.1582 [1.000]
[kpt   0   0   1]    -9.1582 [1.000]    -9.1581 [1.000]    -9.1581 [1.000]    -9.1581 [1.000]    -5.3068 [1.000]
[kpt   0   0   2]     1.1552 [0.000]    16.9714 [0.000]    20.7074 [0.000]    25.5486 [0.000]    27.5167 [0.000]
[kpt   0   0   3]    36.0567 [0.000]    46.2747 [0.000]    52.4211 [0.000]

------------ SPIN DOWN --------------

[kpt   0   0   0]   -109.3816 [1.000]   -69.6934 [1.000]   -69.6934 [1.000]   -69.6934 [1.000]    -7.3148 [0.600]
[kpt   0   0   1]    -7.3148 [0.600]    -7.3146 [0.600]    -7.3146 [0.600]    -7.3146 [0.600]    -4.8929 [1.000]
[kpt   0   0   2]     1.2064 [0.000]    17.0264 [0.000]    20.7461 [0.000]    25.6099 [0.000]    27.5654 [0.000]
[kpt   0   0   3]    36.1202 [0.000]    46.3256 [0.000]    52.4654 [0.000]



Total charge in supercell =      18.00000000
 quench: [md:   0/10  scf:   0/100  step time:   2.05  scf time:     2.12 secs  RMS[dV]: 2.05e-03 ]


average potential <V> = -6.24e-15

Diagonalization using scalapack for step=1  count=2


FERMI ENERGY =     -4.91356018 eV
@@ EIGENVALUE SUM     =      -26.594474 Ha
@@ ION_ION            =      -29.161043 Ha
@@ ELECTROSTATIC      =     -113.655835 Ha
@@ VXC                =      -21.998938 Ha
@@ EXC                =      -21.563709 Ha
@@ TOTAL ENERGY       =     -168.976123 Ha
@@ estimated error    =        4.22e-05 Ha
@@ TOTAL MAGNETIZATION    =   2.00000000 Bohr mag/cell
@@ ABSOLUTE MAGNETIZATION =   2.00000000 Bohr mag/cell
Charge normalization constant: 1.000000
Charge density mixing: Linear with a constant of 0.20 

 charge density is NEGATIVE after interpolation, minimum is -6.547537e-07
 minimum charge density with core charge added is -6.558909e-07
 quench: [md:   0/10  scf:   1/100  step time:   1.99  scf time:     4.11 secs  RMS[dV]: 1.85e-03 ]


average potential <V> = -2.62e-15

Diagonalization using scalapack for step=2  count=3


FERMI ENERGY =     -4.93205218 eV
@@ EIGENVALUE SUM     =      -26.610886 Ha
@@ ION_ION            =      -29.161043 Ha
@@ ELECTROSTATIC      =     -113.639752 Ha
@@ VXC                =      -21.998275 Ha
@@ EXC                =      -21.563298 Ha
@@ TOTAL ENERGY       =     -168.976704 Ha
@@ estimated error    =        3.60e-05 Ha
@@ TOTAL MAGNETIZATION    =   2.00000000 Bohr mag/cell
@@ ABSOLUTE MAGNETIZATION =   2.00000000 Bohr mag/cell
Charge normalization constant: 1.000000
Charge density mixing: Linear with a constant of 0.20 

 charge density is NEGATIVE after interpolation, minimum is -7.821044e-07
 minimum charge density with core charge added is -7.852402e-07
 quench: [md:   0/10  scf:   2/100  step time:   1.98  scf time:     6.09 secs  RMS[dV]: 1.58e-03 ]


average potential <V> = 3.54e-15

Diagonalization using scalapack for step=3  count=4


FERMI ENERGY =     -4.94784706 eV
@@ EIGENVALUE SUM     =      -26.622721 Ha
@@ ION_ION            =      -29.161043 Ha
@@ ELECTROSTATIC      =     -113.628206 Ha
@@ VXC                =      -21.998211 Ha
@@ EXC                =      -21.563327 Ha
@@ TOTAL ENERGY       =     -168.977086 Ha
@@ estimated error    =        2.61e-05 Ha
@@ TOTAL MAGNETIZATION    =   2.00000000 Bohr mag/cell
@@ ABSOLUTE MAGNETIZATION =   2.00000000 Bohr mag/cell
Charge normalization constant: 1.000000
Charge density mixing: Linear with a constant of 0.20 

 charge density is NEGATIVE after interpolation, minimum is -8.625536e-07
 minimum charge density with core charge added is -8.633621e-07
 quench: [md:   0/10  scf:   3/100  step time:   2.10  scf time:     8.19 secs  RMS[dV]: 1.36e-03 ]


average potential <V> = -2.82e-15
Davidson incomplete convergence steps = 8

FERMI ENERGY =     -4.96150524 eV
@@ EIGENVALUE SUM     =      -26.630723 Ha
@@ ION_ION            =      -29.161043 Ha
@@ ELECTROSTATIC      =     -113.620630 Ha
@@ VXC                =      -21.998603 Ha
@@ EXC                =      -21.563697 Ha
@@ TOTAL ENERGY       =     -168.977489 Ha
@@ estimated error    =        1.92e-05 Ha
@@ TOTAL MAGNETIZATION    =   2.00000000 Bohr mag/cell
@@ ABSOLUTE MAGNETIZATION =   2.00000021 Bohr mag/cell
Charge normalization constant: 1.000000
Charge density mixing: Pulay

 charge density is NEGATIVE after interpolation, minimum is -9.279121e-07
 minimum charge density with core charge added is -9.323778e-07
 quench: [md:   0/10  scf:   4/100  step time:   2.61  scf time:    10.80 secs  RMS[dV]: 1.21e-03 ]


average potential <V> = 5.75e-16
Davidson converged in 7 steps

FERMI ENERGY =     -4.97400339 eV
@@ EIGENVALUE SUM     =      -26.631025 Ha
@@ ION_ION            =      -29.161043 Ha
@@ ELECTROSTATIC      =     -113.620777 Ha
@@ VXC                =      -22.000339 Ha
@@ EXC                =      -21.565119 Ha
@@ TOTAL ENERGY       =     -168.977624 Ha
@@ estimated error    =        2.42e-05 Ha
@@ TOTAL MAGNETIZATION    =   2.00000000 Bohr mag/cell
@@ ABSOLUTE MAGNETIZATION =   2.00001277 Bohr mag/cell
Charge normalization constant: 1.000000
Charge density mixing: Pulay

 charge density is NEGATIVE after interpolation, minimum is -1.228040e-06
 minimum charge density with core charge added is -1.238773e-06


KOHN SHAM EIGENVALUES [eV] AT K-POINT [  0]:       0.000000      0.000000      0.000000


------------- SPIN UP ---------------

[kpt   0   5   0]   -111.4932 [1.000]   -71.8642 [1.000]   -71.8642 [1.000]   -71.8641 [1.000]    -9.3003 [1.000]
[kpt   0   5   1]    -9.3002 [1.000]    -9.3001 [1.000]    -9.3000 [1.000]    -9.3000 [1.000]    -5.3378 [1.000]
[kpt   0   5   2]    -0.7392 [0.000]    -0.7389 [0.000]    -0.7388 [0.000]     0.0086 [0.000]     1.4078 [0.000]
[kpt   0   5   3]     1.4086 [0.000]     2.6115 [0.000]     2.6131 [0.000]

------------ SPIN DOWN --------------

[kpt   0   5   0]   -109.4759 [1.000]   -69.7652 [1.000]   -69.7652 [1.000]   -69.7651 [1.000]    -7.3327 [0.600]
[kpt   0   5   1]    -7.3326 [0.600]    -7.3325 [0.600]    -7.3325 [0.600]    -7.3325 [0.600]    -4.9740 [1.000]
[kpt   0   5   2]    -0.5744 [0.000]    -0.5742 [0.000]    -0.5737 [0.000]     0.0598 [0.000]     1.4345 [0.000]
[kpt   0   5   3]     1.4353 [0.000]     2.6697 [0.000]     2.6740 [0.000]



Total charge in supercell =      18.00000000
 quench: [md:   0/10  scf:   5/100  step time:   2.08  scf time:    12.88 secs  RMS[dV]: 1.04e-03 ]


average potential <V> = -9.56e-16
Davidson converged in 3 steps

FERMI ENERGY =     -5.02921670 eV
@@ EIGENVALUE SUM     =      -26.642756 Ha
@@ ION_ION            =      -29.161043 Ha
@@ ELECTROSTATIC      =     -113.610490 Ha
@@ VXC                =      -22.006572 Ha
@@ EXC                =      -21.570181 Ha
@@ TOTAL ENERGY       =     -168.977897 Ha
@@ estimated error    =        1.42e-05 Ha
@@ TOTAL MAGNETIZATION    =   2.00000000 Bohr mag/cell
@@ ABSOLUTE MAGNETIZATION =   2.03397900 Bohr mag/cell
Charge normalization constant: 1.000000
Charge density mixing: Pulay

 charge density is NEGATIVE after interpolation, minimum is -1.064160e-06
 minimum charge density with core charge added is -1.073832e-06
 quench: [md:   0/10  scf:   6/100  step time:   2.19  scf time:    15.08 secs  RMS[dV]: 3.05e-03 ]


average potential <V> = 1.07e-15
Davidson converged in 2 steps

FERMI ENERGY =     -5.03394272 eV
@@ EIGENVALUE SUM     =      -26.652875 Ha
@@ ION_ION            =      -29.161043 Ha
@@ ELECTROSTATIC      =     -113.600159 Ha
@@ VXC                =      -22.005372 Ha
@@ EXC                =      -21.569194 Ha
@@ TOTAL ENERGY       =     -168.977898 Ha
@@ estimated error    =        3.92e-06 Ha
@@ TOTAL MAGNETIZATION    =   2.00000000 Bohr mag/cell
@@ ABSOLUTE MAGNETIZATION =   2.03863289 Bohr mag/cell
Charge normalization constant: 1.000000
Charge density mixing: Pulay

 charge density is NEGATIVE after interpolation, minimum is -7.942869e-07
 minimum charge density with core charge added is -8.024158e-07
 quench: [md:   0/10  scf:   7/100  step time:   1.97  scf time:    17.05 secs  RMS[dV]: 1.59e-03 ]


average potential <V> = -3.34e-16
Davidson converged in 3 steps

FERMI ENERGY =     -5.03431868 eV
@@ EIGENVALUE SUM     =      -26.659966 Ha
@@ ION_ION            =      -29.161043 Ha
@@ ELECTROSTATIC      =     -113.592840 Ha
@@ VXC                =      -22.004050 Ha
@@ EXC                =      -21.568101 Ha
@@ TOTAL ENERGY       =     -168.977900 Ha
@@ estimated error    =        8.69e-07 Ha
@@ TOTAL MAGNETIZATION    =   2.00000000 Bohr mag/cell
@@ ABSOLUTE MAGNETIZATION =   2.03947265 Bohr mag/cell
Charge normalization constant: 1.000000
Charge density mixing: Pulay

 charge density is NEGATIVE after interpolation, minimum is -7.292910e-07
 minimum charge density with core charge added is -7.377636e-07
 quench: [md:   0/10  scf:   8/100  step time:   2.22  scf time:    19.27 secs  RMS[dV]: 1.81e-03 ]


average potential <V> = 1.40e-15
Davidson converged in 3 steps

FERMI ENERGY =     -5.03234262 eV
@@ EIGENVALUE SUM     =      -26.650897 Ha
@@ ION_ION            =      -29.161043 Ha
@@ ELECTROSTATIC      =     -113.602177 Ha
@@ VXC                =      -22.005482 Ha
@@ EXC                =      -21.569266 Ha
@@ TOTAL ENERGY       =     -168.977900 Ha
@@ estimated error    =        7.60e-07 Ha
@@ TOTAL MAGNETIZATION    =   2.00000000 Bohr mag/cell
@@ ABSOLUTE MAGNETIZATION =   2.03925127 Bohr mag/cell
Charge normalization constant: 1.000000
Charge density mixing: Pulay

 charge density is NEGATIVE after interpolation, minimum is -3.388514e-07
 minimum charge density with core charge added is -3.452265e-07
 quench: [md:   0/10  scf:   9/100  step time:   2.04  scf time:    21.31 secs  RMS[dV]: 4.30e-04 ]


average potential <V> = -2.12e-16
Davidson converged in 3 steps

FERMI ENERGY =     -5.03308844 eV
@@ EIGENVALUE SUM     =      -26.656724 Ha
@@ ION_ION            =      -29.161043 Ha
@@ ELECTROSTATIC      =     -113.596171 Ha
@@ VXC                =      -22.004472 Ha
@@ EXC                =      -21.568435 Ha
@@ TOTAL ENERGY       =     -168.977901 Ha
@@ estimated error    =        5.08e-07 Ha
@@ TOTAL MAGNETIZATION    =   2.00000000 Bohr mag/cell
@@ ABSOLUTE MAGNETIZATION =   2.04164729 Bohr mag/cell
Charge normalization constant: 1.000000
Charge density mixing: Pulay

 charge density is NEGATIVE after interpolation, minimum is -2.418975e-07
 minimum charge density with core charge added is -2.484227e-07


KOHN SHAM EIGENVALUES [eV] AT K-POINT [  0]:       0.000000      0.000000      0.000000


------------- SPIN UP ---------------

[kpt   0  10   0]   -111.5395 [1.000]   -71.9226 [1.000]   -71.9226 [1.000]   -71.9226 [1.000]    -9.3856 [1.000]
[kpt   0  10   1]    -9.3856 [1.000]    -9.3854 [1.000]    -9.3854 [1.000]    -9.3854 [1.000]    -5.3508 [1.000]
[kpt   0  10   2]    -0.7430 [0.000]    -0.7430 [0.000]    -0.7430 [0.000]    -0.0884 [0.000]     1.3475 [0.000]
[kpt   0  10   3]     1.3475 [0.000]     2.5032 [0.000]     2.5040 [0.000]

------------ SPIN DOWN --------------

[kpt   0  10   0]   -109.4917 [1.000]   -69.7695 [1.000]   -69.7695 [1.000]   -69.7695 [1.000]    -7.3159 [0.600]
[kpt   0  10   1]    -7.3159 [0.600]    -7.3157 [0.600]    -7.3157 [0.600]    -7.3157 [0.600]    -5.0331 [1.000]
[kpt   0  10   2]    -0.6365 [0.000]    -0.6365 [0.000]    -0.6365 [0.000]    -0.0781 [0.000]     1.3219 [0.000]
[kpt   0  10   3]     1.3220 [0.000]     2.5245 [0.000]     2.5268 [0.000]



Total charge in supercell =      18.00000000
 quench: [md:   0/10  scf:  10/100  step time:   2.17  scf time:    23.48 secs  RMS[dV]: 2.30e-03 ]


average potential <V> = 4.21e-15
Davidson converged in 3 steps

FERMI ENERGY =     -5.03298075 eV
@@ EIGENVALUE SUM     =      -26.655458 Ha
@@ ION_ION            =      -29.161043 Ha
@@ ELECTROSTATIC      =     -113.597479 Ha
@@ VXC                =      -22.004705 Ha
@@ EXC                =      -21.568626 Ha
@@ TOTAL ENERGY       =     -168.977901 Ha
@@ estimated error    =        1.20e-07 Ha
@@ TOTAL MAGNETIZATION    =   2.00000000 Bohr mag/cell
@@ ABSOLUTE MAGNETIZATION =   2.04188414 Bohr mag/cell
Charge normalization constant: 1.000000
Charge density mixing: Pulay

 charge density is NEGATIVE after interpolation, minimum is -1.828020e-07
 minimum charge density with core charge added is -1.895602e-07
 quench: [md:   0/10  scf:  11/100  step time:   2.08  scf time:    25.57 secs  RMS[dV]: 6.64e-04 ]


average potential <V> = -3.73e-15
Davidson converged in 3 steps

FERMI ENERGY =     -5.03308415 eV
@@ EIGENVALUE SUM     =      -26.655103 Ha
@@ ION_ION            =      -29.161043 Ha
@@ ELECTROSTATIC      =     -113.597848 Ha
@@ VXC                =      -22.004797 Ha
@@ EXC                =      -21.568704 Ha
@@ TOTAL ENERGY       =     -168.977901 Ha
@@ estimated error    =        1.90e-08 Ha
@@ TOTAL MAGNETIZATION    =   2.00000000 Bohr mag/cell
@@ ABSOLUTE MAGNETIZATION =   2.04192981 Bohr mag/cell
Charge normalization constant: 1.000000
Charge density mixing: Pulay

 charge density is NEGATIVE after interpolation, minimum is -1.326268e-07
 minimum charge density with core charge added is -1.395245e-07
 quench: [md:   0/10  scf:  12/100  step time:   2.92  scf time:    28.49 secs  RMS[dV]: 4.80e-04 ]



 Convergence criterion reached: Energy variation (4.19e-09) is lower than threshold (1.00e-08)

potential convergence has been achieved. stopping ...

[   0  13   13       32 ] Quench.cpp: final total energy =    -168.97790115 Ha


KOHN SHAM EIGENVALUES [eV] AT K-POINT [  0]:       0.000000      0.000000      0.000000


------------- SPIN UP ---------------

[kpt   0  13   0]   -111.5358 [1.000]   -71.9193 [1.000]   -71.9193 [1.000]   -71.9193 [1.000]    -9.3835 [1.000]
[kpt   0  13   1]    -9.3835 [1.000]    -9.3833 [1.000]    -9.3833 [1.000]    -9.3833 [1.000]    -5.3511 [1.000]
[kpt   0  13   2]    -0.7434 [0.000]    -0.7433 [0.000]    -0.7433 [0.000]    -0.0934 [0.000]     1.3461 [0.000]
[kpt   0  13   3]     1.3461 [0.000]     2.4976 [0.000]     2.4984 [0.000]

------------ SPIN DOWN --------------

[kpt   0  13   0]   -109.4880 [1.000]   -69.7662 [1.000]   -69.7662 [1.000]   -69.7662 [1.000]    -7.3137 [0.600]
[kpt   0  13   1]    -7.3137 [0.600]    -7.3135 [0.600]    -7.3135 [0.600]    -7.3135 [0.600]    -5.0331 [1.000]
[kpt   0  13   2]    -0.6369 [0.000]    -0.6369 [0.000]    -0.6369 [0.000]    -0.0847 [0.000]     1.3193 [0.000]
[kpt   0  13   3]     1.3193 [0.000]     2.5175 [0.000]     2.5191 [0.000]



Total charge in supercell =      18.00000000
 volume and energy per atom =       580.30177636      -4598.12264032 eV

 Vdd took 0.002264 seconds
WriteRestart: Output file given as /dev/null, no restart data written ...



  IONIC POSITIONS [a0] AND FORCES [Ha/a0]
  Charge analysis using: Voronoi Deformation Density

@ION  Ion  Species       X           Y           Z       Charge       FX          FY         FZ      Movable
@ION    1    Ni      0.0000000   0.0000000   0.0000000   -0.000    0.0000046   0.0000064   0.0000048  1 1 1

 mean FX      =   0.00000461 Ha/a0
 mean FY      =   0.00000642 Ha/a0
 mean FZ      =   0.00000482 Ha/a0

 max FX       =   0.00000461 Ha/a0   (ion 1)
 max FY       =   0.00000642 Ha/a0   (ion 1)
 max FZ       =   0.00000482 Ha/a0   (ion 1)
 max F[x,y,z] =   0.00000642 Ha/a0
 max |F|      =   0.00000926 Ha/a0   (ion 1)

 sum FX       =   0.00000461 Ha/a0
 sum FY       =   0.00000642 Ha/a0
 sum FZ       =   0.00000482 Ha/a0
 Average      =   0.00000528 Ha/a0
 sqrt < F^2 > =   0.00000534 Ha/a0

WriteRestart: Output file given as /dev/null, no restart data written ...


--------TIMING INFORMATION FOR Processor owned the most atoms----------------
                                        Total time               Per SCF/step

1-TOTAL                                            34.07                2.62
-----------------------------------------------------------------------------
  1-TOTAL: Init                                     3.68                0.28
  1-TOTAL: run                                     30.39                2.34
  ---------------------------------------------------------------------------
    1-TOTAL: run: Force                             1.89                0.15
    1-TOTAL: run: Scf steps                        28.42                2.19

2-Force                                             1.89                0.15
-----------------------------------------------------------------------------
  2-Force: core correction                          0.37                0.03
  2-Force: corrections                              0.39                0.03
  2-Force: ion-ion                                  0.05                0.00
  2-Force: local                                    0.41                0.03
  2-Force: non-local                                0.66                0.05
  2-Force: non-local-betaxpsi                       0.01                0.00
  2-Force: non-local-get gamma                      0.00                0.00
  2-Force: non-local-nlforce_par_Q                  0.32                0.02
  2-Force: non-local-nlforce_par_gamma              0.00                0.00
  2-Force: non-local-nlforce_par_omega              0.00                0.00
  2-Force: non-local-partial gamma                  0.00                0.00
  2-Force: non-local-veff grad                      0.31                0.02

2-Init                                              3.68                0.28
-----------------------------------------------------------------------------
  2-Init: GetNewRho                                 0.22                0.02
  2-Init: KpointClass                               0.99                0.08
  2-Init: LcaoGetPsi                                0.06                0.00
  2-Init: LcaoGetRho                                0.06                0.00
  2-Init: ReinitIonicPotentials                     0.29                0.02
  2-Init: betaxpsi                                  0.03                0.00
  2-Init: exchange/correlation                      0.95                0.07
  2-Init: hartree                                   0.30                0.02
  2-Init: normalization                             0.00                0.00
  2-Init: radial potentials                         0.20                0.02
  2-Init: subdiag                                   0.08                0.01
  2-Init: weights                                   0.09                0.01

2-Scf steps                                        28.42                2.19
-----------------------------------------------------------------------------
  2-Scf steps: Davidson                             4.51                0.35
  2-Scf steps: GetNewRho                            0.93                0.07
  2-Scf steps: Hartree                              3.99                0.31
  2-Scf steps: MgridSubspace                        1.95                0.15
  2-Scf steps: MixRho                               2.64                0.20
  2-Scf steps: exchange/correlation                11.28                0.87

3-MgridSubspace                                     1.95                0.15
-----------------------------------------------------------------------------
  3-MgridSubspace: AppNls                           0.04                0.00
  3-MgridSubspace: Beta x psi                       0.20                0.02
  3-MgridSubspace: Diagonalization                  0.31                0.02
  3-MgridSubspace: Mg_eig                           1.40                0.11

3-ReinitIonicPotentials                             0.29                0.02
-----------------------------------------------------------------------------
  3-ReinitIonicPotentials: GetNlop                  0.02                0.00
  3-ReinitIonicPotentials: GetWeight                0.11                0.01
  3-ReinitIonicPotentials: get_QI                   0.00                0.00
  3-ReinitIonicPotentials: get_qqq                  0.00                0.00
  3-ReinitIonicPotentials: init_nuc                 0.17                0.01

4-Diagonalization                                   0.38                0.03
-----------------------------------------------------------------------------
  4-Diagonalization: ELPA/PDSYGVX/PZHEGVX           0.00                0.00
  4-Diagonalization: Hpsi                           0.20                0.02
  4-Diagonalization: MPI_Bcast                      0.00                0.00
  4-Diagonalization: Update orbitals                0.03                0.00
  ---------------------------------------------------------------------------
    4-Diagonalization: Update orbitals: gather           0.00                0.00
    4-Diagonalization: Update orbitals: gemm           0.02                0.00
  4-Diagonalization: matrix                         0.08                0.01
  ---------------------------------------------------------------------------
    4-Diagonalization: matrix: Allreduce            0.05                0.00
    4-Diagonalization: matrix: Gemm                 0.04                0.00

5-Functional                                       12.10                0.93
-----------------------------------------------------------------------------
  5-Functional: apply gradient                      2.18                0.17
  5-Functional: libxc                               7.16                0.55
  5-Functional: vxc                                12.06                0.93
  5-Functional: vxc grad                            7.87                0.61
  5-Functional: vxc local                           4.06                0.31
  5-Functional: vxc nonlocal                        0.00                0.00

6-Davidson                                          4.51                0.35
-----------------------------------------------------------------------------
  6-Davidson: Betaxpsi                              0.36                0.03
  6-Davidson: apply hamiltonian                     1.14                0.09
  6-Davidson: diagonalization                       0.07                0.01
  6-Davidson: generate residuals                    0.28                0.02
  6-Davidson: matrix setup/reduce                   0.84                0.06
  6-Davidson: normalization                         0.16                0.01
  6-Davidson: precondition                          1.53                0.12
  6-Davidson: refresh h_psi and s_psi               0.02                0.00
  6-Davidson: reset hr,sr,vr                        0.00                0.00
  6-Davidson: rotate orbitals                       0.10                0.01

AppNls                                              0.20                0.02
-----------------------------------------------------------------------------
  AppNls: data_rearrange                            0.00                0.00
  ---------------------------------------------------------------------------
    AppNls: data_rearrange: alloc and zeros           0.00                0.00
    AppNls: data_rearrange: dnm                     0.00                0.00
    AppNls: data_rearrange: sint                    0.00                0.00
  AppNls: nv                                        0.15                0.01
  AppNls: nv_work                                   0.00                0.00

App_gradient                                        2.09                0.16

ApplyAOperator                                      0.16                0.01

CPUFD                                               0.03                0.00

Compute Hpsi                                        0.20                0.02
-----------------------------------------------------------------------------
  Compute Hpsi: AppNls                              0.02                0.00
  Compute Hpsi: Threaded Apply H                    0.18                0.01

GlobalSums                                          0.39                0.03

Init                                                2.69                0.21

Init Voronoi                                        0.06                0.00

Mix rho                                             2.80                0.22
-----------------------------------------------------------------------------
  Mix rho: Linear                                   0.76                0.06
  Mix rho: Pulay                                    1.85                0.14

Orbital                                             0.03                0.00
-----------------------------------------------------------------------------
  Orbital: phase and set                            0.03                0.00
  Orbital: proj cal                                 0.03                0.00
  Trade images: trade_images                        0.00                0.00
  Trade images: trade_imagesx                       0.87                0.07

VhPfft                                              3.93                0.30

Weight                                              0.06                0.00

radial beta                                         0.15                0.01


------------------------- TIMING INFORMATION FOR THREADS  -------------------

                                           Min            Max            Avg
ApplyAOperator                             1.82           1.82           1.82
-----------------------------------------------------------------------------

CPUFD                                      0.67           0.67           0.67
-----------------------------------------------------------------------------

GlobalSums                                 0.49           0.49           0.49
-----------------------------------------------------------------------------

Mg_eig                                     1.40           1.40           1.40
-----------------------------------------------------------------------------
  Mg_eig: apply hamiltonian                0.86           0.86           0.86
  Mg_eig: mgrid_solv                       0.26           0.26           0.26
  Trade images: trade_images               0.78           0.78           0.78
  Trade images: trade_imagesx              1.19           1.19           1.19
