RMG initialization ... 1 image(s) total, 1 per node. 16 MPI processes/image. Thread level 2.
FFT-FD  0.000000e+00   3.348985e-05
FFT-FD  1.000000e+00   -5.367988e-06
IP=0 M = -3.885784e-05  8.618557e-01  3.348985e-05
FFT-FD  0.000000e+00   1.552971e-04
FFT-FD  1.000000e+00   -1.028154e-04
IP=1 M = -2.581125e-04  6.016644e-01  1.552971e-04
FFT-FD  0.000000e+00   1.552971e-04
FFT-FD  1.000000e+00   -1.028154e-04
IP=2 M = -2.581125e-04  6.016644e-01  1.552971e-04
FFT-FD  0.000000e+00   1.552971e-04
FFT-FD  1.000000e+00   -1.028154e-04
IP=3 M = -2.581125e-04  6.016644e-01  1.552971e-04
FFT-FD  0.000000e+00   2.647864e-04
FFT-FD  1.000000e+00   -1.919512e-04
IP=4 M = -4.567377e-04  5.797341e-01  2.647864e-04
FFT-FD  0.000000e+00   2.647864e-04
FFT-FD  1.000000e+00   -1.919512e-04
IP=5 M = -4.567377e-04  5.797341e-01  2.647864e-04
FFT-FD  0.000000e+00   8.618114e-04
FFT-FD  1.000000e+00   -3.644663e-04
IP=6 M = -1.226278e-03  7.027865e-01  8.618114e-04
FFT-FD  0.000000e+00   2.647864e-04
FFT-FD  1.000000e+00   -1.919512e-04
IP=7 M = -4.567377e-04  5.797341e-01  2.647864e-04
FFT-FD  0.000000e+00   8.618114e-04
FFT-FD  1.000000e+00   -3.644663e-04
IP=8 M = -1.226278e-03  7.027865e-01  8.618114e-04
FFT-FD  0.000000e+00   9.873024e-06
FFT-FD  1.000000e+00   1.156282e-06
IP=9 M = -8.716742e-06  1.132651e+00  9.873024e-06
NEWCFAC = 0.649859  0.649859


                     * * * * * * * * * *
                     *    R   M   G    *
                     * * * * * * * * * *

     -- A Real Space Multigrid Electronic structure code --
     --      More information at www.rmgdft.org          --

Code Revision:     5.0.0_beta1_111_gca5c3507
Build Date:        Feb 22 2023  21:48:37
Start time:        Sun Feb 26 20:49:19 2023

NOTICE: RMG internal pseudopotentials have switched to
ONCVP from Ultrasoft. You can revert to Ultrasoft by
adding the input tag internal_pseudo_type="ultrasoft" to
your input files.


Files
   Control input file:        input2
   Data output file:          /dev/null

Run Setup
    Calculation type:         Quench electrons - Fixed ions SCF calculation
    Description:              Ni atom test cell
    Orbital Initialization:   LCAO (10 LCAO and 0 random orbitals)
    Exchange Correlation:     pbe
    Spin Polarization:        ON
    System charge:            Neutral

Processor Topology
   Total PEs:                 8
   X direction:               2
   Y direction:               2
   Z direction:               2
   MG Threads/PE:             1
   OMP Threads/PE:            1

Grid Points  (Linear Anisotropy: 1.000)
    X:  Total: 64   Per PE: 32   Spacing:0.246 a0  
    Y:  Total: 64   Per PE: 32   Spacing:0.246 a0  
    Z:  Total: 64   Per PE: 32   Spacing:0.246 a0  

    Equivalent energy cutoffs (psi,rho):   162.714    650.858 Ry

    Charge density grid:         2 times finer

Coordinate planes
  Planar Anisotropy: 1.000
  A0-A1 density:    16.486
  A0-A2 density:    16.486
  A1-A2 density:    16.486


Lattice (Cell) Setup
    Type:                       Cubic_primitive
    Volume (a0^3):               3916.07
    Boundary conditions:        Periodic

    X Basis Vector:      15.762       0.000       0.000 a0
    Y Basis Vector:       0.000      15.762       0.000 a0
    Z Basis Vector:       0.000       0.000      15.762 a0
    X Reci Vector:       0.063      -0.000       0.000 a0
    Y Reci Vector:       0.000       0.063       0.000 a0
    Z Reci Vector:       0.000      -0.000       0.063 a0

K-points
    Gamma Point Only (real orbitals)

Atoms and States
    Number of ions:                          1
    Number of species:                       1
    Number of spin up states:                18
    Number of spin down states:              18

Run Parameters
    SCF Convergence criterion (potential):   1.00e-08
    SCF Convergence criterion (energy):      1.00e-08
    Max SCF steps:                           100

SCF Cycle Settings
    Charge density mixing:                   Pulay  (Order:5 Scale:0.20 Refresh:100)
    Hartree Solver:                          PFFT
    Interpolation type:                      FFT

Subspace Diagonalization Options
    Frequency:                               every 1 SCF step(s)
    Driver:                                  ScaLapack
    Initial diagonalization:                 ON
    Folded spectrum:                         OFF

Filtering Cutoff  Parameters
    Wavefunction grid (cparm):               0.800
    Charge density grid (rhocparm):          1.000
    Filter factor:                           1.000

Multigrid (MG) Parameters
    Psi MG levels:                           3
    Psi global step:                         0.660 
    Psi pre:                                 2
    Psi post:                                2

Davidson Parameters
    Davidson multiplier:                     4
    Davidson max step:                       8
    Davidson unocc tol factor:               1000.000

Blas Libraries
    CPU support with openblas-parallel.


Atomic Species Information
(PP = Pseudopotential, US = Ultrasoft, NC = Norm Conserving)
-------------------------------------------------------------------------
|Index|Symbol| Mass|Valence| PP |  Comp  |Local| Local|Nlocal|    PP    |
|     |      |     |       |Type|Gaussian|  l  |Radius|Radius|Functional|
-------------------------------------------------------------------------
|    1|    Ni| 58.0|  18.00|  NC|    0.66|   -1| 10.00|  7.00|       PBE|
-------------------------------------------------------------------------

Pseudopotential generation information:
  Ni pseudopotential file: ./@Internal
      Generation info     : Generated using ONCVPSP code by D. R. Hamann
      Author info         : anonymous


Memory usage (Mbytes):     Min        Max       Total
    wave functions         18.88      18.88     302.01
    beta-functions          9.44       9.44      75.51



Initial Ionic Positions And Displacements (Bohr)
Species      X           Y           Z           dX          dY          dZ
  Ni       0.0000      0.0000      0.0000      0.0000      0.0000      0.0000


Initial Ionic Positions And Displacements (Angstrom)
Species      X           Y           Z           dX          dY          dZ
  Ni       0.0000      0.0000      0.0000      0.0000      0.0000      0.0000

Diagonalization using scalapack for step=0  count=0



KOHN SHAM EIGENVALUES [eV] AT K-POINT [  0]:       0.000000      0.000000      0.000000


------------- SPIN UP ---------------

[kpt   0  -1   0]   -111.4085 [1.000]   -71.7517 [1.000]   -71.7517 [1.000]   -71.7517 [1.000]    -9.1215 [1.000]
[kpt   0  -1   1]    -9.1215 [1.000]    -9.1191 [1.000]    -9.1191 [1.000]    -9.1191 [1.000]    -5.2957 [1.000]
[kpt   0  -1   2]   443.5836 [0.000]   879.7963 [0.000]   1097.7463 [0.000]   1113.4468 [0.000]   1121.4498 [0.000]
[kpt   0  -1   3]   1165.6256 [0.000]   1175.4987 [0.000]   1222.7793 [0.000]

------------ SPIN DOWN --------------

[kpt   0  -1   0]   -109.3406 [1.000]   -69.6602 [1.000]   -69.6602 [1.000]   -69.6602 [1.000]    -7.3097 [0.600]
[kpt   0  -1   1]    -7.3097 [0.600]    -7.3073 [0.600]    -7.3073 [0.600]    -7.3073 [0.600]    -4.8699 [1.000]
[kpt   0  -1   2]   443.6359 [0.000]   879.8377 [0.000]   1097.8029 [0.000]   1113.4991 [0.000]   1121.5046 [0.000]
[kpt   0  -1   3]   1165.6762 [0.000]   1175.5554 [0.000]   1222.8334 [0.000]


Charge normalization constant: 1.000000
Charge density mixing: Linear with a constant of 0.20 

 charge density is NEGATIVE after interpolation, minimum is -1.083651e-04
 minimum charge density with core charge added is -1.083642e-04

Diagonalization using scalapack for step=0  count=1


FERMI ENERGY =     -4.89280840 eV
@@ EIGENVALUE SUM     =      -26.575014 Ha
@@ ION_ION            =      -29.161043 Ha
@@ ELECTROSTATIC      =     -113.674974 Ha
@@ VXC                =      -22.000363 Ha
@@ EXC                =      -21.564643 Ha
@@ TOTAL ENERGY       =     -168.975310 Ha
@@ estimated error    =   ****************
@@ TOTAL MAGNETIZATION    =   2.00000000 Bohr mag/cell
@@ ABSOLUTE MAGNETIZATION =   2.00021342 Bohr mag/cell
Charge normalization constant: 1.000000
Charge density mixing: Linear with a constant of 0.20 

 charge density is NEGATIVE after interpolation, minimum is -2.739203e-04
 minimum charge density with core charge added is -2.739150e-04
WriteRestart: Output file given as /dev/null, no restart data written ...


KOHN SHAM EIGENVALUES [eV] AT K-POINT [  0]:       0.000000      0.000000      0.000000


------------- SPIN UP ---------------

[kpt   0   0   0]   -111.4226 [1.000]   -71.7718 [1.000]   -71.7718 [1.000]   -71.7718 [1.000]    -9.1648 [1.000]
[kpt   0   0   1]    -9.1648 [1.000]    -9.1559 [1.000]    -9.1558 [1.000]    -9.1558 [1.000]    -5.3072 [1.000]
[kpt   0   0   2]     1.8124 [0.000]    17.1958 [0.000]    19.2160 [0.000]    20.9151 [0.000]    22.6663 [0.000]
[kpt   0   0   3]    32.4108 [0.000]    35.9662 [0.000]    52.3792 [0.000]

------------ SPIN DOWN --------------

[kpt   0   0   0]   -109.3820 [1.000]   -69.6925 [1.000]   -69.6925 [1.000]   -69.6925 [1.000]    -7.3204 [0.600]
[kpt   0   0   1]    -7.3203 [0.600]    -7.3133 [0.600]    -7.3133 [0.600]    -7.3132 [0.600]    -4.8928 [1.000]
[kpt   0   0   2]     1.8662 [0.000]    17.2483 [0.000]    19.2691 [0.000]    20.9720 [0.000]    22.7329 [0.000]
[kpt   0   0   3]    32.4646 [0.000]    36.0101 [0.000]    52.4215 [0.000]



Total charge in supercell =      18.00000000
 quench: [md:   0/10  scf:   0/100  step time:   0.84  scf time:     0.87 secs  RMS[dV]: 5.12e-03 ]


average potential <V> = 1.58e-15

Diagonalization using scalapack for step=1  count=2


FERMI ENERGY =     -4.91287491 eV
@@ EIGENVALUE SUM     =      -26.593692 Ha
@@ ION_ION            =      -29.161043 Ha
@@ ELECTROSTATIC      =     -113.657002 Ha
@@ VXC                =      -21.999596 Ha
@@ EXC                =      -21.564201 Ha
@@ TOTAL ENERGY       =     -168.976341 Ha
@@ estimated error    =        4.11e-05 Ha
@@ TOTAL MAGNETIZATION    =   2.00000000 Bohr mag/cell
@@ ABSOLUTE MAGNETIZATION =   2.00068772 Bohr mag/cell
Charge normalization constant: 1.000000
Charge density mixing: Linear with a constant of 0.20 

 charge density is NEGATIVE after interpolation, minimum is -4.266747e-04
 minimum charge density with core charge added is -4.266763e-04
 quench: [md:   0/10  scf:   1/100  step time:   0.80  scf time:     1.67 secs  RMS[dV]: 5.85e-03 ]


average potential <V> = 2.60e-18

Diagonalization using scalapack for step=2  count=3


FERMI ENERGY =     -4.93114525 eV
@@ EIGENVALUE SUM     =      -26.609544 Ha
@@ ION_ION            =      -29.161043 Ha
@@ ELECTROSTATIC      =     -113.641665 Ha
@@ VXC                =      -21.999411 Ha
@@ EXC                =      -21.564167 Ha
@@ TOTAL ENERGY       =     -168.977009 Ha
@@ estimated error    =        3.85e-05 Ha
@@ TOTAL MAGNETIZATION    =   2.00000000 Bohr mag/cell
@@ ABSOLUTE MAGNETIZATION =   2.00127104 Bohr mag/cell
Charge normalization constant: 1.000000
Charge density mixing: Linear with a constant of 0.20 

 charge density is NEGATIVE after interpolation, minimum is -5.858675e-04
 minimum charge density with core charge added is -5.858691e-04
 quench: [md:   0/10  scf:   2/100  step time:   0.84  scf time:     2.50 secs  RMS[dV]: 4.89e-03 ]


average potential <V> = 9.82e-16

Diagonalization using scalapack for step=3  count=4


FERMI ENERGY =     -4.94697326 eV
@@ EIGENVALUE SUM     =      -26.621040 Ha
@@ ION_ION            =      -29.161043 Ha
@@ ELECTROSTATIC      =     -113.630637 Ha
@@ VXC                =      -21.999808 Ha
@@ EXC                =      -21.564561 Ha
@@ TOTAL ENERGY       =     -168.977472 Ha
@@ estimated error    =        3.01e-05 Ha
@@ TOTAL MAGNETIZATION    =   2.00000000 Bohr mag/cell
@@ ABSOLUTE MAGNETIZATION =   2.00190181 Bohr mag/cell
Charge normalization constant: 1.000000
Charge density mixing: Linear with a constant of 0.20 

 charge density is NEGATIVE after interpolation, minimum is -7.189005e-04
 minimum charge density with core charge added is -7.189020e-04
 quench: [md:   0/10  scf:   3/100  step time:   0.81  scf time:     3.31 secs  RMS[dV]: 4.15e-03 ]


average potential <V> = 1.70e-15
Davidson incomplete convergence steps = 8

FERMI ENERGY =     -4.96064567 eV
@@ EIGENVALUE SUM     =      -26.628861 Ha
@@ ION_ION            =      -29.161043 Ha
@@ ELECTROSTATIC      =     -113.623389 Ha
@@ VXC                =      -22.000628 Ha
@@ EXC                =      -21.565267 Ha
@@ TOTAL ENERGY       =     -168.977931 Ha
@@ estimated error    =        2.35e-05 Ha
@@ TOTAL MAGNETIZATION    =   2.00000000 Bohr mag/cell
@@ ABSOLUTE MAGNETIZATION =   2.00253550 Bohr mag/cell
Charge normalization constant: 1.000000
Charge density mixing: Pulay

 charge density is NEGATIVE after interpolation, minimum is -8.329603e-04
 minimum charge density with core charge added is -8.329618e-04
 quench: [md:   0/10  scf:   4/100  step time:   1.17  scf time:     4.48 secs  RMS[dV]: 3.55e-03 ]


average potential <V> = -1.07e-15
Davidson converged in 5 steps

FERMI ENERGY =     -4.97344955 eV
@@ EIGENVALUE SUM     =      -26.629569 Ha
@@ ION_ION            =      -29.161043 Ha
@@ ELECTROSTATIC      =     -113.623258 Ha
@@ VXC                =      -22.002687 Ha
@@ EXC                =      -21.566937 Ha
@@ TOTAL ENERGY       =     -168.978120 Ha
@@ estimated error    =        2.97e-05 Ha
@@ TOTAL MAGNETIZATION    =   2.00000000 Bohr mag/cell
@@ ABSOLUTE MAGNETIZATION =   2.00319318 Bohr mag/cell
Charge normalization constant: 1.000000
Charge density mixing: Pulay

 charge density is NEGATIVE after interpolation, minimum is -1.420250e-03
 minimum charge density with core charge added is -1.420257e-03


KOHN SHAM EIGENVALUES [eV] AT K-POINT [  0]:       0.000000      0.000000      0.000000


------------- SPIN UP ---------------

[kpt   0   5   0]   -111.4890 [1.000]   -71.8570 [1.000]   -71.8569 [1.000]   -71.8568 [1.000]    -9.3167 [1.000]
[kpt   0   5   1]    -9.3165 [1.000]    -9.2913 [1.000]    -9.2912 [1.000]    -9.2911 [1.000]    -5.3445 [1.000]
[kpt   0   5   2]    -0.7518 [0.000]    -0.7516 [0.000]    -0.7514 [0.000]     0.0093 [0.000]     1.3982 [0.000]
[kpt   0   5   3]     1.3986 [0.000]     2.6128 [0.000]     2.6146 [0.000]

------------ SPIN DOWN --------------

[kpt   0   5   0]   -109.4706 [1.000]   -69.7574 [1.000]   -69.7573 [1.000]   -69.7572 [1.000]    -7.3458 [0.600]
[kpt   0   5   1]    -7.3457 [0.600]    -7.3254 [0.600]    -7.3253 [0.600]    -7.3253 [0.600]    -4.9734 [1.000]
[kpt   0   5   2]    -0.5749 [0.000]    -0.5745 [0.000]    -0.5743 [0.000]     0.0627 [0.000]     1.4373 [0.000]
[kpt   0   5   3]     1.4379 [0.000]     2.6763 [0.000]     2.6799 [0.000]



Total charge in supercell =      18.00000000
 quench: [md:   0/10  scf:   5/100  step time:   1.07  scf time:     5.55 secs  RMS[dV]: 3.06e-03 ]


average potential <V> = -1.09e-15
Davidson converged in 5 steps

FERMI ENERGY =     -5.03030013 eV
@@ EIGENVALUE SUM     =      -26.643719 Ha
@@ ION_ION            =      -29.161043 Ha
@@ ELECTROSTATIC      =     -113.611177 Ha
@@ VXC                =      -22.010551 Ha
@@ EXC                =      -21.573259 Ha
@@ TOTAL ENERGY       =     -168.978647 Ha
@@ estimated error    =        1.82e-05 Ha
@@ TOTAL MAGNETIZATION    =   2.00000000 Bohr mag/cell
@@ ABSOLUTE MAGNETIZATION =   2.03924126 Bohr mag/cell
Charge normalization constant: 1.000000
Charge density mixing: Pulay

 charge density is NEGATIVE after interpolation, minimum is -1.461670e-03
 minimum charge density with core charge added is -1.461677e-03
 quench: [md:   0/10  scf:   6/100  step time:   1.16  scf time:     6.71 secs  RMS[dV]: 8.83e-03 ]


average potential <V> = -4.15e-16
Davidson converged in 3 steps

FERMI ENERGY =     -5.03504623 eV
@@ EIGENVALUE SUM     =      -26.654897 Ha
@@ ION_ION            =      -29.161043 Ha
@@ ELECTROSTATIC      =     -113.599870 Ha
@@ VXC                =      -22.009406 Ha
@@ EXC                =      -21.572288 Ha
@@ TOTAL ENERGY       =     -168.978693 Ha
@@ estimated error    =        4.15e-06 Ha
@@ TOTAL MAGNETIZATION    =   2.00000000 Bohr mag/cell
@@ ABSOLUTE MAGNETIZATION =   2.04334476 Bohr mag/cell
Charge normalization constant: 1.000000
Charge density mixing: Pulay

 charge density is NEGATIVE after interpolation, minimum is -1.473183e-03
 minimum charge density with core charge added is -1.473189e-03
 quench: [md:   0/10  scf:   7/100  step time:   1.11  scf time:     7.82 secs  RMS[dV]: 2.55e-03 ]


average potential <V> = 5.61e-16
Davidson converged in 3 steps

FERMI ENERGY =     -5.03543470 eV
@@ EIGENVALUE SUM     =      -26.658930 Ha
@@ ION_ION            =      -29.161043 Ha
@@ ELECTROSTATIC      =     -113.595809 Ha
@@ VXC                =      -22.008826 Ha
@@ EXC                =      -21.571779 Ha
@@ TOTAL ENERGY       =     -168.978735 Ha
@@ estimated error    =        5.01e-07 Ha
@@ TOTAL MAGNETIZATION    =   2.00000000 Bohr mag/cell
@@ ABSOLUTE MAGNETIZATION =   2.04408491 Bohr mag/cell
Charge normalization constant: 1.000000
Charge density mixing: Pulay

 charge density is NEGATIVE after interpolation, minimum is -1.515503e-03
 minimum charge density with core charge added is -1.515510e-03
 quench: [md:   0/10  scf:   8/100  step time:   1.18  scf time:     8.99 secs  RMS[dV]: 2.20e-03 ]


average potential <V> = 1.10e-15
Davidson converged in 4 steps

FERMI ENERGY =     -5.03436996 eV
@@ EIGENVALUE SUM     =      -26.652268 Ha
@@ ION_ION            =      -29.161043 Ha
@@ ELECTROSTATIC      =     -113.602895 Ha
@@ VXC                =      -22.010253 Ha
@@ EXC                =      -21.572861 Ha
@@ TOTAL ENERGY       =     -168.978815 Ha
@@ estimated error    =        4.54e-07 Ha
@@ TOTAL MAGNETIZATION    =   2.00000000 Bohr mag/cell
@@ ABSOLUTE MAGNETIZATION =   2.04721936 Bohr mag/cell
Charge normalization constant: 1.000000
Charge density mixing: Pulay

 charge density is NEGATIVE after interpolation, minimum is -1.517548e-03
 minimum charge density with core charge added is -1.517555e-03
 quench: [md:   0/10  scf:   9/100  step time:   1.15  scf time:    10.14 secs  RMS[dV]: 4.09e-03 ]


average potential <V> = 1.08e-15
Davidson converged in 2 steps

FERMI ENERGY =     -5.03558769 eV
@@ EIGENVALUE SUM     =      -26.656701 Ha
@@ ION_ION            =      -29.161043 Ha
@@ ELECTROSTATIC      =     -113.598339 Ha
@@ VXC                =      -22.009617 Ha
@@ EXC                =      -21.572351 Ha
@@ TOTAL ENERGY       =     -168.978818 Ha
@@ estimated error    =        3.68e-07 Ha
@@ TOTAL MAGNETIZATION    =   2.00000000 Bohr mag/cell
@@ ABSOLUTE MAGNETIZATION =   2.04729927 Bohr mag/cell
Charge normalization constant: 1.000000
Charge density mixing: Pulay

 charge density is NEGATIVE after interpolation, minimum is -1.525009e-03
 minimum charge density with core charge added is -1.525016e-03


KOHN SHAM EIGENVALUES [eV] AT K-POINT [  0]:       0.000000      0.000000      0.000000


------------- SPIN UP ---------------

[kpt   0  10   0]   -111.5349 [1.000]   -71.9129 [1.000]   -71.9129 [1.000]   -71.9129 [1.000]    -9.4145 [1.000]
[kpt   0  10   1]    -9.4145 [1.000]    -9.3757 [1.000]    -9.3757 [1.000]    -9.3757 [1.000]    -5.3703 [1.000]
[kpt   0  10   2]    -0.7684 [0.000]    -0.7684 [0.000]    -0.7683 [0.000]    -0.0960 [0.000]     1.3284 [0.000]
[kpt   0  10   3]     1.3285 [0.000]     2.4925 [0.000]     2.4950 [0.000]

------------ SPIN DOWN --------------

[kpt   0  10   0]   -109.4865 [1.000]   -69.7597 [1.000]   -69.7597 [1.000]   -69.7597 [1.000]    -7.3417 [0.600]
[kpt   0  10   1]    -7.3417 [0.600]    -7.3082 [0.600]    -7.3082 [0.600]    -7.3082 [0.600]    -5.0356 [1.000]
[kpt   0  10   2]    -0.6419 [0.000]    -0.6419 [0.000]    -0.6419 [0.000]    -0.0858 [0.000]     1.3147 [0.000]
[kpt   0  10   3]     1.3147 [0.000]     2.5186 [0.000]     2.5196 [0.000]



Total charge in supercell =      18.00000000
 quench: [md:   0/10  scf:  10/100  step time:   1.06  scf time:    11.21 secs  RMS[dV]: 2.62e-04 ]


average potential <V> = 3.65e-16
Davidson converged in 3 steps

FERMI ENERGY =     -5.03619638 eV
@@ EIGENVALUE SUM     =      -26.657510 Ha
@@ ION_ION            =      -29.161043 Ha
@@ ELECTROSTATIC      =     -113.597530 Ha
@@ VXC                =      -22.009611 Ha
@@ EXC                =      -21.572352 Ha
@@ TOTAL ENERGY       =     -168.978824 Ha
@@ estimated error    =        2.52e-08 Ha
@@ TOTAL MAGNETIZATION    =   2.00000000 Bohr mag/cell
@@ ABSOLUTE MAGNETIZATION =   2.04724646 Bohr mag/cell
Charge normalization constant: 1.000000
Charge density mixing: Pulay

 charge density is NEGATIVE after interpolation, minimum is -1.530826e-03
 minimum charge density with core charge added is -1.530833e-03
 quench: [md:   0/10  scf:  11/100  step time:   1.22  scf time:    12.42 secs  RMS[dV]: 6.50e-04 ]


average potential <V> = -2.34e-15
Davidson converged in 3 steps

FERMI ENERGY =     -5.03653980 eV
@@ EIGENVALUE SUM     =      -26.657346 Ha
@@ ION_ION            =      -29.161043 Ha
@@ ELECTROSTATIC      =     -113.597715 Ha
@@ VXC                =      -22.009733 Ha
@@ EXC                =      -21.572457 Ha
@@ TOTAL ENERGY       =     -168.978828 Ha
@@ estimated error    =        1.62e-08 Ha
@@ TOTAL MAGNETIZATION    =   2.00000000 Bohr mag/cell
@@ ABSOLUTE MAGNETIZATION =   2.04717200 Bohr mag/cell
Charge normalization constant: 1.000000
Charge density mixing: Pulay

 charge density is NEGATIVE after interpolation, minimum is -1.530286e-03
 minimum charge density with core charge added is -1.530293e-03
 quench: [md:   0/10  scf:  12/100  step time:   1.44  scf time:    13.86 secs  RMS[dV]: 3.27e-04 ]



 Convergence criterion reached: Energy variation (2.33e-09) is lower than threshold (1.00e-08)

potential convergence has been achieved. stopping ...

[   0  13   13       16 ] Quench.cpp: final total energy =    -168.97882777 Ha


KOHN SHAM EIGENVALUES [eV] AT K-POINT [  0]:       0.000000      0.000000      0.000000


------------- SPIN UP ---------------

[kpt   0  13   0]   -111.5352 [1.000]   -71.9133 [1.000]   -71.9133 [1.000]   -71.9133 [1.000]    -9.4157 [1.000]
[kpt   0  13   1]    -9.4157 [1.000]    -9.3767 [1.000]    -9.3767 [1.000]    -9.3767 [1.000]    -5.3719 [1.000]
[kpt   0  13   2]    -0.7696 [0.000]    -0.7695 [0.000]    -0.7695 [0.000]    -0.1003 [0.000]     1.3276 [0.000]
[kpt   0  13   3]     1.3276 [0.000]     2.4881 [0.000]     2.4899 [0.000]

------------ SPIN DOWN --------------

[kpt   0  13   0]   -109.4872 [1.000]   -69.7605 [1.000]   -69.7605 [1.000]   -69.7605 [1.000]    -7.3436 [0.600]
[kpt   0  13   1]    -7.3436 [0.600]    -7.3096 [0.600]    -7.3096 [0.600]    -7.3096 [0.600]    -5.0365 [1.000]
[kpt   0  13   2]    -0.6427 [0.000]    -0.6427 [0.000]    -0.6427 [0.000]    -0.0916 [0.000]     1.3134 [0.000]
[kpt   0  13   3]     1.3134 [0.000]     2.5118 [0.000]     2.5120 [0.000]



Total charge in supercell =      18.00000000
 volume and energy per atom =       580.30177636      -4598.14785491 eV

 Vdd took 0.000884 seconds
WriteRestart: Output file given as /dev/null, no restart data written ...



  IONIC POSITIONS [a0] AND FORCES [Ha/a0]
  Charge analysis using: Voronoi Deformation Density

@ION  Ion  Species       X           Y           Z       Charge       FX          FY         FZ      Movable
@ION    1    Ni      0.0000000   0.0000000   0.0000000    0.000   -0.0001290   0.0002554   0.0002236  1 1 1

 mean FX      =   0.00012896 Ha/a0
 mean FY      =   0.00025539 Ha/a0
 mean FZ      =   0.00022355 Ha/a0

 max FX       =   0.00012896 Ha/a0   (ion 1)
 max FY       =   0.00025539 Ha/a0   (ion 1)
 max FZ       =   0.00022355 Ha/a0   (ion 1)
 max F[x,y,z] =   0.00025539 Ha/a0
 max |F|      =   0.00036308 Ha/a0   (ion 1)

 sum FX       =  -0.00012896 Ha/a0
 sum FY       =   0.00025539 Ha/a0
 sum FZ       =   0.00022355 Ha/a0
 Average      =   0.00020263 Ha/a0
 sqrt < F^2 > =   0.00020962 Ha/a0

WriteRestart: Output file given as /dev/null, no restart data written ...


--------TIMING INFORMATION FOR Processor owned the most atoms----------------
                                        Total time               Per SCF/step

1-TOTAL                                            17.82                1.37
-----------------------------------------------------------------------------
  1-TOTAL: Init                                     2.41                0.19
  1-TOTAL: run                                     15.41                1.19
  ---------------------------------------------------------------------------
    1-TOTAL: run: Force                             1.54                0.12
    1-TOTAL: run: Scf steps                        13.83                1.06

2-Force                                             1.54                0.12
-----------------------------------------------------------------------------
  2-Force: core correction                          0.37                0.03
  2-Force: corrections                              0.36                0.03
  2-Force: ion-ion                                  0.02                0.00
  2-Force: local                                    0.33                0.03
  2-Force: non-local                                0.44                0.03
  2-Force: non-local-betaxpsi                       0.01                0.00
  2-Force: non-local-get gamma                      0.00                0.00
  2-Force: non-local-nlforce_par_Q                  0.31                0.02
  2-Force: non-local-nlforce_par_gamma              0.00                0.00
  2-Force: non-local-nlforce_par_omega              0.00                0.00
  2-Force: non-local-partial gamma                  0.00                0.00
  2-Force: non-local-veff grad                      0.30                0.02

2-Init                                              2.41                0.19
-----------------------------------------------------------------------------
  2-Init: GetNewRho                                 0.16                0.01
  2-Init: KpointClass                               0.59                0.05
  2-Init: LcaoGetPsi                                0.02                0.00
  2-Init: LcaoGetRho                                0.03                0.00
  2-Init: ReinitIonicPotentials                     0.14                0.01
  2-Init: betaxpsi                                  0.01                0.00
  2-Init: exchange/correlation                      0.42                0.03
  2-Init: hartree                                   0.22                0.02
  2-Init: normalization                             0.00                0.00
  2-Init: radial potentials                         0.20                0.02
  2-Init: subdiag                                   0.41                0.03
  2-Init: weights                                   0.04                0.00

2-Scf steps                                        13.83                1.06
-----------------------------------------------------------------------------
  2-Scf steps: Davidson                             2.45                0.19
  2-Scf steps: GetNewRho                            0.41                0.03
  2-Scf steps: Hartree                              2.61                0.20
  2-Scf steps: MgridSubspace                        0.82                0.06
  2-Scf steps: MixRho                               1.13                0.09
  2-Scf steps: exchange/correlation                 4.40                0.34

3-MgridSubspace                                     0.82                0.06
-----------------------------------------------------------------------------
  3-MgridSubspace: AppNls                           0.02                0.00
  3-MgridSubspace: Beta x psi                       0.07                0.01
  3-MgridSubspace: Diagonalization                  0.12                0.01
  3-MgridSubspace: Mg_eig                           0.61                0.05

3-ReinitIonicPotentials                             0.14                0.01
-----------------------------------------------------------------------------
  3-ReinitIonicPotentials: GetNlop                  0.01                0.00
  3-ReinitIonicPotentials: GetWeight                0.03                0.00
  3-ReinitIonicPotentials: get_QI                   0.00                0.00
  3-ReinitIonicPotentials: get_qqq                  0.00                0.00
  3-ReinitIonicPotentials: init_nuc                 0.09                0.01

4-Diagonalization                                   0.53                0.04
-----------------------------------------------------------------------------
  4-Diagonalization: ELPA/PDSYGVX/PZHEGVX           0.00                0.00
  4-Diagonalization: Hpsi                           0.12                0.01
  4-Diagonalization: MPI_Bcast                      0.00                0.00
  4-Diagonalization: Update orbitals                0.01                0.00
  ---------------------------------------------------------------------------
    4-Diagonalization: Update orbitals: gather           0.00                0.00
    4-Diagonalization: Update orbitals: gemm           0.01                0.00
  4-Diagonalization: matrix                         0.03                0.00
  ---------------------------------------------------------------------------
    4-Diagonalization: matrix: Allreduce            0.01                0.00
    4-Diagonalization: matrix: Gemm                 0.02                0.00

5-Functional                                        4.73                0.36
-----------------------------------------------------------------------------
  5-Functional: apply gradient                      0.85                0.07
  5-Functional: libxc                               2.83                0.22
  5-Functional: vxc                                 4.71                0.36
  5-Functional: vxc grad                            3.09                0.24
  5-Functional: vxc local                           1.59                0.12
  5-Functional: vxc nonlocal                        0.00                0.00

6-Davidson                                          2.45                0.19
-----------------------------------------------------------------------------
  6-Davidson: Betaxpsi                              0.14                0.01
  6-Davidson: apply hamiltonian                     0.54                0.04
  6-Davidson: diagonalization                       0.07                0.01
  6-Davidson: generate residuals                    0.15                0.01
  6-Davidson: matrix setup/reduce                   0.39                0.03
  6-Davidson: normalization                         0.08                0.01
  6-Davidson: precondition                          1.00                0.08
  6-Davidson: refresh h_psi and s_psi               0.01                0.00
  6-Davidson: reset hr,sr,vr                        0.00                0.00
  6-Davidson: rotate orbitals                       0.05                0.00

AppNls                                              0.10                0.01
-----------------------------------------------------------------------------
  AppNls: data_rearrange                            0.00                0.00
  ---------------------------------------------------------------------------
    AppNls: data_rearrange: alloc and zeros           0.00                0.00
    AppNls: data_rearrange: dnm                     0.00                0.00
    AppNls: data_rearrange: sint                    0.00                0.00
  AppNls: nv                                        0.07                0.01
  AppNls: nv_work                                   0.00                0.00

App_gradient                                        0.80                0.06

ApplyAOperator                                      0.04                0.00

CPUFD                                               0.01                0.00

Compute Hpsi                                        0.12                0.01
-----------------------------------------------------------------------------
  Compute Hpsi: AppNls                              0.01                0.00
  Compute Hpsi: Threaded Apply H                    0.11                0.01

GlobalSums                                          0.26                0.02

Init                                                1.82                0.14

Init Voronoi                                        0.03                0.00

Mix rho                                             1.26                0.10
-----------------------------------------------------------------------------
  Mix rho: Linear                                   0.29                0.02
  Mix rho: Pulay                                    0.84                0.06

Orbital                                             0.01                0.00
-----------------------------------------------------------------------------
  Orbital: phase and set                            0.01                0.00
  Orbital: proj cal                                 0.01                0.00
  Trade images: trade_images                        0.00                0.00
  Trade images: trade_imagesx                       0.31                0.02

VhPfft                                              2.63                0.20

Weight                                              0.02                0.00

radial beta                                         0.16                0.01


------------------------- TIMING INFORMATION FOR THREADS  -------------------

                                           Min            Max            Avg
ApplyAOperator                             0.81           0.81           0.81
-----------------------------------------------------------------------------

CPUFD                                      0.27           0.27           0.27
-----------------------------------------------------------------------------

GlobalSums                                 0.25           0.25           0.25
-----------------------------------------------------------------------------

Mg_eig                                     0.58           0.58           0.58
-----------------------------------------------------------------------------
  Mg_eig: apply hamiltonian                0.33           0.33           0.33
  Mg_eig: mgrid_solv                       0.15           0.15           0.15
  Trade images: trade_images               0.57           0.57           0.57
  Trade images: trade_imagesx              0.58           0.58           0.58
