RMG initialization ... 1 image(s) total, 1 per node. 16 MPI processes/image. Thread level 2.
FFT-FD  0.000000e+00   1.056631e-05
FFT-FD  1.000000e+00   -5.869169e-06
IP=0 M = -1.643547e-05  6.428963e-01  1.056631e-05
FFT-FD  0.000000e+00   4.654708e-05
FFT-FD  1.000000e+00   -5.459687e-05
IP=1 M = -1.011439e-04  4.602062e-01  4.654708e-05
FFT-FD  0.000000e+00   4.654708e-05
FFT-FD  1.000000e+00   -5.459687e-05
IP=2 M = -1.011439e-04  4.602062e-01  4.654708e-05
FFT-FD  0.000000e+00   4.654708e-05
FFT-FD  1.000000e+00   -5.459687e-05
IP=3 M = -1.011439e-04  4.602062e-01  4.654708e-05
FFT-FD  0.000000e+00   7.854962e-05
FFT-FD  1.000000e+00   -9.934157e-05
IP=4 M = -1.778912e-04  4.415599e-01  7.854962e-05
FFT-FD  0.000000e+00   7.854962e-05
FFT-FD  1.000000e+00   -9.934157e-05
IP=5 M = -1.778912e-04  4.415599e-01  7.854962e-05
FFT-FD  0.000000e+00   2.624830e-04
FFT-FD  1.000000e+00   -2.334974e-04
IP=6 M = -4.959804e-04  5.292205e-01  2.624830e-04
FFT-FD  0.000000e+00   7.854962e-05
FFT-FD  1.000000e+00   -9.934157e-05
IP=7 M = -1.778912e-04  4.415599e-01  7.854962e-05
FFT-FD  0.000000e+00   2.624830e-04
FFT-FD  1.000000e+00   -2.334974e-04
IP=8 M = -4.959804e-04  5.292205e-01  2.624830e-04
FFT-FD  0.000000e+00   4.792728e-06
FFT-FD  1.000000e+00   5.637838e-07
IP=9 M = -4.228944e-06  1.133315e+00  4.792728e-06
NEWCFAC = 0.494131  0.494131


                     * * * * * * * * * *
                     *    R   M   G    *
                     * * * * * * * * * *

     -- A Real Space Multigrid Electronic structure code --
     --      More information at www.rmgdft.org          --

Code Revision:     5.0.0_beta1_111_gca5c3507
Build Date:        Feb 22 2023  21:48:37
Start time:        Sun Feb 26 20:49:37 2023

NOTICE: RMG internal pseudopotentials have switched to
ONCVP from Ultrasoft. You can revert to Ultrasoft by
adding the input tag internal_pseudo_type="ultrasoft" to
your input files.


Files
   Control input file:        input3
   Data output file:          /dev/null

Run Setup
    Calculation type:         Quench electrons - Fixed ions SCF calculation
    Description:              Ni atom test cell
    Orbital Initialization:   LCAO (10 LCAO and 0 random orbitals)
    Exchange Correlation:     pbe
    Spin Polarization:        ON
    System charge:            Neutral

Processor Topology
   Total PEs:                 8
   X direction:               2
   Y direction:               2
   Z direction:               2
   MG Threads/PE:             1
   OMP Threads/PE:            1

Grid Points  (Linear Anisotropy: 1.000)
    X:  Total: 72   Per PE: 36   Spacing:0.219 a0  
    Y:  Total: 72   Per PE: 36   Spacing:0.219 a0  
    Z:  Total: 72   Per PE: 36   Spacing:0.219 a0  

    Equivalent energy cutoffs (psi,rho):   205.935    823.742 Ry

    Charge density grid:         2 times finer

Coordinate planes
  Planar Anisotropy: 1.000
  A0-A1 density:    20.866
  A0-A2 density:    20.866
  A1-A2 density:    20.866


Lattice (Cell) Setup
    Type:                       Cubic_primitive
    Volume (a0^3):               3916.07
    Boundary conditions:        Periodic

    X Basis Vector:      15.762       0.000       0.000 a0
    Y Basis Vector:       0.000      15.762       0.000 a0
    Z Basis Vector:       0.000       0.000      15.762 a0
    X Reci Vector:       0.063      -0.000       0.000 a0
    Y Reci Vector:       0.000       0.063       0.000 a0
    Z Reci Vector:       0.000      -0.000       0.063 a0

K-points
    Gamma Point Only (real orbitals)

Atoms and States
    Number of ions:                          1
    Number of species:                       1
    Number of spin up states:                18
    Number of spin down states:              18

Run Parameters
    SCF Convergence criterion (potential):   1.00e-08
    SCF Convergence criterion (energy):      1.00e-08
    Max SCF steps:                           100

SCF Cycle Settings
    Charge density mixing:                   Pulay  (Order:5 Scale:0.20 Refresh:100)
    Hartree Solver:                          PFFT
    Interpolation type:                      FFT

Subspace Diagonalization Options
    Frequency:                               every 1 SCF step(s)
    Driver:                                  ScaLapack
    Initial diagonalization:                 ON
    Folded spectrum:                         OFF

Filtering Cutoff  Parameters
    Wavefunction grid (cparm):               0.800
    Charge density grid (rhocparm):          1.000
    Filter factor:                           1.000

Multigrid (MG) Parameters
    Psi MG levels:                           3
    Psi global step:                         0.660 
    Psi pre:                                 2
    Psi post:                                2

Davidson Parameters
    Davidson multiplier:                     4
    Davidson max step:                       8
    Davidson unocc tol factor:               1000.000

Blas Libraries
    CPU support with openblas-parallel.


Atomic Species Information
(PP = Pseudopotential, US = Ultrasoft, NC = Norm Conserving)
-------------------------------------------------------------------------
|Index|Symbol| Mass|Valence| PP |  Comp  |Local| Local|Nlocal|    PP    |
|     |      |     |       |Type|Gaussian|  l  |Radius|Radius|Functional|
-------------------------------------------------------------------------
|    1|    Ni| 58.0|  18.00|  NC|    0.66|   -1| 10.00|  7.00|       PBE|
-------------------------------------------------------------------------

Pseudopotential generation information:
  Ni pseudopotential file: ./@Internal
      Generation info     : Generated using ONCVPSP code by D. R. Hamann
      Author info         : anonymous


Memory usage (Mbytes):     Min        Max       Total
    wave functions         26.87      26.87     430.00
    beta-functions         13.44      13.44     107.51



Initial Ionic Positions And Displacements (Bohr)
Species      X           Y           Z           dX          dY          dZ
  Ni       0.0000      0.0000      0.0000      0.0000      0.0000      0.0000


Initial Ionic Positions And Displacements (Angstrom)
Species      X           Y           Z           dX          dY          dZ
  Ni       0.0000      0.0000      0.0000      0.0000      0.0000      0.0000

Diagonalization using scalapack for step=0  count=0



KOHN SHAM EIGENVALUES [eV] AT K-POINT [  0]:       0.000000      0.000000      0.000000


------------- SPIN UP ---------------

[kpt   0  -1   0]   -111.4084 [1.000]   -71.7522 [1.000]   -71.7522 [1.000]   -71.7522 [1.000]    -9.1200 [1.000]
[kpt   0  -1   1]    -9.1200 [1.000]    -9.1193 [1.000]    -9.1193 [1.000]    -9.1193 [1.000]    -5.2951 [1.000]
[kpt   0  -1   2]   568.5935 [0.000]   1167.5906 [0.000]   1293.4540 [0.000]   1315.1154 [0.000]   1399.4975 [0.000]
[kpt   0  -1   3]   1435.7220 [0.000]   1498.2823 [0.000]   1571.5024 [0.000]

------------ SPIN DOWN --------------

[kpt   0  -1   0]   -109.3404 [1.000]   -69.6609 [1.000]   -69.6609 [1.000]   -69.6609 [1.000]    -7.3080 [0.600]
[kpt   0  -1   1]    -7.3080 [0.600]    -7.3072 [0.600]    -7.3072 [0.600]    -7.3072 [0.600]    -4.8692 [1.000]
[kpt   0  -1   2]   568.6490 [0.000]   1167.6534 [0.000]   1293.5124 [0.000]   1315.1724 [0.000]   1399.5553 [0.000]
[kpt   0  -1   3]   1435.7855 [0.000]   1498.3324 [0.000]   1571.5475 [0.000]


Charge normalization constant: 1.000000
Charge density mixing: Linear with a constant of 0.20 

 charge density is NEGATIVE after interpolation, minimum is -5.429319e-06
 minimum charge density with core charge added is -5.431367e-06

Diagonalization using scalapack for step=0  count=1


FERMI ENERGY =     -4.89299305 eV
@@ EIGENVALUE SUM     =      -26.574801 Ha
@@ ION_ION            =      -29.161043 Ha
@@ ELECTROSTATIC      =     -113.674995 Ha
@@ VXC                =      -22.000188 Ha
@@ EXC                =      -21.564520 Ha
@@ TOTAL ENERGY       =     -168.975171 Ha
@@ estimated error    =   ****************
@@ TOTAL MAGNETIZATION    =   2.00000000 Bohr mag/cell
@@ ABSOLUTE MAGNETIZATION =   2.00001148 Bohr mag/cell
Charge normalization constant: 1.000000
Charge density mixing: Linear with a constant of 0.20 

 charge density is NEGATIVE after interpolation, minimum is -2.098035e-05
 minimum charge density with core charge added is -2.098475e-05
WriteRestart: Output file given as /dev/null, no restart data written ...


KOHN SHAM EIGENVALUES [eV] AT K-POINT [  0]:       0.000000      0.000000      0.000000


------------- SPIN UP ---------------

[kpt   0   0   0]   -111.4222 [1.000]   -71.7726 [1.000]   -71.7726 [1.000]   -71.7726 [1.000]    -9.1590 [1.000]
[kpt   0   0   1]    -9.1590 [1.000]    -9.1577 [1.000]    -9.1577 [1.000]    -9.1577 [1.000]    -5.3069 [1.000]
[kpt   0   0   2]     1.3493 [0.000]    16.1882 [0.000]    19.6094 [0.000]    24.6145 [0.000]    27.7752 [0.000]
[kpt   0   0   3]    31.6978 [0.000]    36.6717 [0.000]    50.9752 [0.000]

------------ SPIN DOWN --------------

[kpt   0   0   0]   -109.3817 [1.000]   -69.6934 [1.000]   -69.6934 [1.000]   -69.6934 [1.000]    -7.3157 [0.600]
[kpt   0   0   1]    -7.3156 [0.600]    -7.3142 [0.600]    -7.3142 [0.600]    -7.3142 [0.600]    -4.8930 [1.000]
[kpt   0   0   2]     1.4053 [0.000]    16.2461 [0.000]    19.6633 [0.000]    24.6559 [0.000]    27.8273 [0.000]
[kpt   0   0   3]    31.7528 [0.000]    36.7211 [0.000]    51.0260 [0.000]



Total charge in supercell =      18.00000000
 quench: [md:   0/10  scf:   0/100  step time:   1.05  scf time:     1.09 secs  RMS[dV]: 3.02e-03 ]


average potential <V> = 3.44e-16

Diagonalization using scalapack for step=1  count=2


FERMI ENERGY =     -4.91391611 eV
@@ EIGENVALUE SUM     =      -26.594584 Ha
@@ ION_ION            =      -29.161043 Ha
@@ ELECTROSTATIC      =     -113.655760 Ha
@@ VXC                =      -21.999015 Ha
@@ EXC                =      -21.563759 Ha
@@ TOTAL ENERGY       =     -168.976131 Ha
@@ estimated error    =        4.32e-05 Ha
@@ TOTAL MAGNETIZATION    =   2.00000000 Bohr mag/cell
@@ ABSOLUTE MAGNETIZATION =   2.00006072 Bohr mag/cell
Charge normalization constant: 1.000000
Charge density mixing: Linear with a constant of 0.20 

 charge density is NEGATIVE after interpolation, minimum is -3.895617e-05
 minimum charge density with core charge added is -3.896156e-05
 quench: [md:   0/10  scf:   1/100  step time:   1.04  scf time:     2.13 secs  RMS[dV]: 3.95e-03 ]


average potential <V> = 1.05e-15

Diagonalization using scalapack for step=2  count=3


FERMI ENERGY =     -4.93280616 eV
@@ EIGENVALUE SUM     =      -26.611318 Ha
@@ ION_ION            =      -29.161043 Ha
@@ ELECTROSTATIC      =     -113.639394 Ha
@@ VXC                =      -21.998411 Ha
@@ EXC                =      -21.563389 Ha
@@ TOTAL ENERGY       =     -168.976733 Ha
@@ estimated error    =        3.82e-05 Ha
@@ TOTAL MAGNETIZATION    =   2.00000000 Bohr mag/cell
@@ ABSOLUTE MAGNETIZATION =   2.00014214 Bohr mag/cell
Charge normalization constant: 1.000000
Charge density mixing: Linear with a constant of 0.20 

 charge density is NEGATIVE after interpolation, minimum is -5.912938e-05
 minimum charge density with core charge added is -5.913477e-05
 quench: [md:   0/10  scf:   2/100  step time:   1.04  scf time:     3.17 secs  RMS[dV]: 3.89e-03 ]


average potential <V> = -6.47e-16

Diagonalization using scalapack for step=3  count=4


FERMI ENERGY =     -4.94887882 eV
@@ EIGENVALUE SUM     =      -26.623336 Ha
@@ ION_ION            =      -29.161043 Ha
@@ ELECTROSTATIC      =     -113.627711 Ha
@@ VXC                =      -21.998429 Ha
@@ EXC                =      -21.563476 Ha
@@ TOTAL ENERGY       =     -168.977137 Ha
@@ estimated error    =        2.78e-05 Ha
@@ TOTAL MAGNETIZATION    =   2.00000000 Bohr mag/cell
@@ ABSOLUTE MAGNETIZATION =   2.00025316 Bohr mag/cell
Charge normalization constant: 1.000000
Charge density mixing: Linear with a constant of 0.20 

 charge density is NEGATIVE after interpolation, minimum is -7.679450e-05
 minimum charge density with core charge added is -7.679990e-05
 quench: [md:   0/10  scf:   3/100  step time:   1.02  scf time:     4.18 secs  RMS[dV]: 3.65e-03 ]


average potential <V> = -1.85e-15
Davidson incomplete convergence steps = 8

FERMI ENERGY =     -4.96269029 eV
@@ EIGENVALUE SUM     =      -26.631358 Ha
@@ ION_ION            =      -29.161043 Ha
@@ ELECTROSTATIC      =     -113.620158 Ha
@@ VXC                =      -21.998925 Ha
@@ EXC                =      -21.563921 Ha
@@ TOTAL ENERGY       =     -168.977554 Ha
@@ estimated error    =        2.03e-05 Ha
@@ TOTAL MAGNETIZATION    =   2.00000000 Bohr mag/cell
@@ ABSOLUTE MAGNETIZATION =   2.00039418 Bohr mag/cell
Charge normalization constant: 1.000000
Charge density mixing: Pulay

 charge density is NEGATIVE after interpolation, minimum is -9.264241e-05
 minimum charge density with core charge added is -9.264780e-05
 quench: [md:   0/10  scf:   4/100  step time:   1.45  scf time:     5.64 secs  RMS[dV]: 3.28e-03 ]


average potential <V> = -3.64e-15
Davidson converged in 5 steps

FERMI ENERGY =     -4.97526650 eV
@@ EIGENVALUE SUM     =      -26.631669 Ha
@@ ION_ION            =      -29.161043 Ha
@@ ELECTROSTATIC      =     -113.620346 Ha
@@ VXC                =      -22.000754 Ha
@@ EXC                =      -21.565407 Ha
@@ TOTAL ENERGY       =     -168.977711 Ha
@@ estimated error    =        2.53e-05 Ha
@@ TOTAL MAGNETIZATION    =   2.00000000 Bohr mag/cell
@@ ABSOLUTE MAGNETIZATION =   2.00060129 Bohr mag/cell
Charge normalization constant: 1.000000
Charge density mixing: Pulay

 charge density is NEGATIVE after interpolation, minimum is -1.861628e-04
 minimum charge density with core charge added is -1.861587e-04


KOHN SHAM EIGENVALUES [eV] AT K-POINT [  0]:       0.000000      0.000000      0.000000


------------- SPIN UP ---------------

[kpt   0   5   0]   -111.4941 [1.000]   -71.8647 [1.000]   -71.8645 [1.000]   -71.8645 [1.000]    -9.3041 [1.000]
[kpt   0   5   1]    -9.3038 [1.000]    -9.3004 [1.000]    -9.3004 [1.000]    -9.3004 [1.000]    -5.3396 [1.000]
[kpt   0   5   2]    -0.7441 [0.000]    -0.7439 [0.000]    -0.7438 [0.000]     0.0085 [0.000]     1.4028 [0.000]
[kpt   0   5   3]     1.4040 [0.000]     2.6106 [0.000]     2.6116 [0.000]

------------ SPIN DOWN --------------

[kpt   0   5   0]   -109.4761 [1.000]   -69.7651 [1.000]   -69.7649 [1.000]   -69.7649 [1.000]    -7.3361 [0.600]
[kpt   0   5   1]    -7.3359 [0.600]    -7.3327 [0.600]    -7.3327 [0.600]    -7.3326 [0.600]    -4.9753 [1.000]
[kpt   0   5   2]    -0.5767 [0.000]    -0.5763 [0.000]    -0.5759 [0.000]     0.0603 [0.000]     1.4340 [0.000]
[kpt   0   5   3]     1.4352 [0.000]     2.6713 [0.000]     2.6760 [0.000]



Total charge in supercell =      18.00000000
 quench: [md:   0/10  scf:   5/100  step time:   1.10  scf time:     6.74 secs  RMS[dV]: 2.82e-03 ]


average potential <V> = 1.92e-15
Davidson converged in 5 steps

FERMI ENERGY =     -5.03133213 eV
@@ EIGENVALUE SUM     =      -26.644528 Ha
@@ ION_ION            =      -29.161043 Ha
@@ ELECTROSTATIC      =     -113.609141 Ha
@@ VXC                =      -22.007415 Ha
@@ EXC                =      -21.570769 Ha
@@ TOTAL ENERGY       =     -168.978067 Ha
@@ estimated error    =        1.51e-05 Ha
@@ TOTAL MAGNETIZATION    =   2.00000000 Bohr mag/cell
@@ ABSOLUTE MAGNETIZATION =   2.03489756 Bohr mag/cell
Charge normalization constant: 1.000000
Charge density mixing: Pulay

 charge density is NEGATIVE after interpolation, minimum is -2.025000e-04
 minimum charge density with core charge added is -2.024959e-04
 quench: [md:   0/10  scf:   6/100  step time:   1.19  scf time:     7.93 secs  RMS[dV]: 8.50e-03 ]


average potential <V> = -2.97e-15
Davidson converged in 3 steps

FERMI ENERGY =     -5.03647445 eV
@@ EIGENVALUE SUM     =      -26.654797 Ha
@@ ION_ION            =      -29.161043 Ha
@@ ELECTROSTATIC      =     -113.598722 Ha
@@ VXC                =      -22.006373 Ha
@@ EXC                =      -21.569892 Ha
@@ TOTAL ENERGY       =     -168.978081 Ha
@@ estimated error    =        3.26e-06 Ha
@@ TOTAL MAGNETIZATION    =   2.00000000 Bohr mag/cell
@@ ABSOLUTE MAGNETIZATION =   2.03947851 Bohr mag/cell
Charge normalization constant: 1.000000
Charge density mixing: Pulay

 charge density is NEGATIVE after interpolation, minimum is -2.167234e-04
 minimum charge density with core charge added is -2.167193e-04
 quench: [md:   0/10  scf:   7/100  step time:   1.09  scf time:     9.02 secs  RMS[dV]: 2.75e-03 ]


average potential <V> = -1.49e-15
Davidson converged in 4 steps

FERMI ENERGY =     -5.03699251 eV
@@ EIGENVALUE SUM     =      -26.661719 Ha
@@ ION_ION            =      -29.161043 Ha
@@ ELECTROSTATIC      =     -113.591627 Ha
@@ VXC                =      -22.005218 Ha
@@ EXC                =      -21.568922 Ha
@@ TOTAL ENERGY       =     -168.978093 Ha
@@ estimated error    =        6.16e-07 Ha
@@ TOTAL MAGNETIZATION    =   2.00000000 Bohr mag/cell
@@ ABSOLUTE MAGNETIZATION =   2.03989778 Bohr mag/cell
Charge normalization constant: 1.000000
Charge density mixing: Pulay

 charge density is NEGATIVE after interpolation, minimum is -2.286049e-04
 minimum charge density with core charge added is -2.286003e-04
 quench: [md:   0/10  scf:   8/100  step time:   1.22  scf time:    10.24 secs  RMS[dV]: 2.82e-03 ]


average potential <V> = -6.46e-17
Davidson converged in 3 steps

FERMI ENERGY =     -5.03526958 eV
@@ EIGENVALUE SUM     =      -26.651765 Ha
@@ ION_ION            =      -29.161043 Ha
@@ ELECTROSTATIC      =     -113.601924 Ha
@@ VXC                =      -22.006937 Ha
@@ EXC                =      -21.570302 Ha
@@ TOTAL ENERGY       =     -168.978098 Ha
@@ estimated error    =        7.58e-07 Ha
@@ TOTAL MAGNETIZATION    =   2.00000000 Bohr mag/cell
@@ ABSOLUTE MAGNETIZATION =   2.04074908 Bohr mag/cell
Charge normalization constant: 1.000000
Charge density mixing: Pulay

 charge density is NEGATIVE after interpolation, minimum is -2.504102e-04
 minimum charge density with core charge added is -2.504057e-04
 quench: [md:   0/10  scf:   9/100  step time:   1.16  scf time:    11.40 secs  RMS[dV]: 1.74e-03 ]


average potential <V> = -8.00e-16
Davidson converged in 2 steps

FERMI ENERGY =     -5.03610388 eV
@@ EIGENVALUE SUM     =      -26.653671 Ha
@@ ION_ION            =      -29.161043 Ha
@@ ELECTROSTATIC      =     -113.600031 Ha
@@ VXC                =      -22.006839 Ha
@@ EXC                =      -21.570200 Ha
@@ TOTAL ENERGY       =     -168.978106 Ha
@@ estimated error    =        8.26e-07 Ha
@@ TOTAL MAGNETIZATION    =   2.00000000 Bohr mag/cell
@@ ABSOLUTE MAGNETIZATION =   2.04299227 Bohr mag/cell
Charge normalization constant: 1.000000
Charge density mixing: Pulay

 charge density is NEGATIVE after interpolation, minimum is -2.526499e-04
 minimum charge density with core charge added is -2.526453e-04


KOHN SHAM EIGENVALUES [eV] AT K-POINT [  0]:       0.000000      0.000000      0.000000


------------- SPIN UP ---------------

[kpt   0  10   0]   -111.5312 [1.000]   -71.9143 [1.000]   -71.9143 [1.000]   -71.9143 [1.000]    -9.3859 [1.000]
[kpt   0  10   1]    -9.3859 [1.000]    -9.3803 [1.000]    -9.3803 [1.000]    -9.3803 [1.000]    -5.3575 [1.000]
[kpt   0  10   2]    -0.7558 [0.000]    -0.7558 [0.000]    -0.7558 [0.000]    -0.0968 [0.000]     1.3357 [0.000]
[kpt   0  10   3]     1.3357 [0.000]     2.4931 [0.000]     2.4941 [0.000]

------------ SPIN DOWN --------------

[kpt   0  10   0]   -109.4829 [1.000]   -69.7606 [1.000]   -69.7606 [1.000]   -69.7606 [1.000]    -7.3164 [0.600]
[kpt   0  10   1]    -7.3163 [0.600]    -7.3104 [0.600]    -7.3104 [0.600]    -7.3104 [0.600]    -5.0361 [1.000]
[kpt   0  10   2]    -0.6429 [0.000]    -0.6429 [0.000]    -0.6429 [0.000]    -0.0889 [0.000]     1.3132 [0.000]
[kpt   0  10   3]     1.3132 [0.000]     2.5141 [0.000]     2.5150 [0.000]



Total charge in supercell =      18.00000000
 quench: [md:   0/10  scf:  10/100  step time:   1.11  scf time:    12.51 secs  RMS[dV]: 2.73e-03 ]


average potential <V> = -5.60e-16
Davidson converged in 2 steps

FERMI ENERGY =     -5.03740392 eV
@@ EIGENVALUE SUM     =      -26.658774 Ha
@@ ION_ION            =      -29.161043 Ha
@@ ELECTROSTATIC      =     -113.594782 Ha
@@ VXC                =      -22.006095 Ha
@@ EXC                =      -21.569603 Ha
@@ TOTAL ENERGY       =     -168.978107 Ha
@@ estimated error    =        4.95e-07 Ha
@@ TOTAL MAGNETIZATION    =   2.00000000 Bohr mag/cell
@@ ABSOLUTE MAGNETIZATION =   2.04280151 Bohr mag/cell
Charge normalization constant: 1.000000
Charge density mixing: Pulay

 charge density is NEGATIVE after interpolation, minimum is -2.582775e-04
 minimum charge density with core charge added is -2.582729e-04
 quench: [md:   0/10  scf:  11/100  step time:   1.08  scf time:    13.59 secs  RMS[dV]: 3.76e-04 ]


average potential <V> = -1.40e-16
Davidson converged in 4 steps

FERMI ENERGY =     -5.03800738 eV
@@ EIGENVALUE SUM     =      -26.658997 Ha
@@ ION_ION            =      -29.161043 Ha
@@ ELECTROSTATIC      =     -113.594576 Ha
@@ VXC                =      -22.006204 Ha
@@ EXC                =      -21.569697 Ha
@@ TOTAL ENERGY       =     -168.978109 Ha
@@ estimated error    =        1.59e-08 Ha
@@ TOTAL MAGNETIZATION    =   2.00000000 Bohr mag/cell
@@ ABSOLUTE MAGNETIZATION =   2.04278005 Bohr mag/cell
Charge normalization constant: 1.000000
Charge density mixing: Pulay

 charge density is NEGATIVE after interpolation, minimum is -2.594731e-04
 minimum charge density with core charge added is -2.594685e-04
 quench: [md:   0/10  scf:  12/100  step time:   1.67  scf time:    15.26 secs  RMS[dV]: 6.39e-04 ]



 Convergence criterion reached: Energy variation (1.47e-09) is lower than threshold (1.00e-08)

potential convergence has been achieved. stopping ...

[   0  13   13       17 ] Quench.cpp: final total energy =    -168.97810905 Ha


KOHN SHAM EIGENVALUES [eV] AT K-POINT [  0]:       0.000000      0.000000      0.000000


------------- SPIN UP ---------------

[kpt   0  13   0]   -111.5410 [1.000]   -71.9236 [1.000]   -71.9236 [1.000]   -71.9236 [1.000]    -9.3936 [1.000]
[kpt   0  13   1]    -9.3936 [1.000]    -9.3880 [1.000]    -9.3880 [1.000]    -9.3880 [1.000]    -5.3601 [1.000]
[kpt   0  13   2]    -0.7574 [0.000]    -0.7574 [0.000]    -0.7574 [0.000]    -0.0996 [0.000]     1.3351 [0.000]
[kpt   0  13   3]     1.3351 [0.000]     2.4900 [0.000]     2.4907 [0.000]

------------ SPIN DOWN --------------

[kpt   0  13   0]   -109.4932 [1.000]   -69.7704 [1.000]   -69.7704 [1.000]   -69.7704 [1.000]    -7.3245 [0.600]
[kpt   0  13   1]    -7.3245 [0.600]    -7.3184 [0.600]    -7.3184 [0.600]    -7.3184 [0.600]    -5.0380 [1.000]
[kpt   0  13   2]    -0.6442 [0.000]    -0.6442 [0.000]    -0.6442 [0.000]    -0.0928 [0.000]     1.3124 [0.000]
[kpt   0  13   3]     1.3124 [0.000]     2.5092 [0.000]     2.5099 [0.000]



Total charge in supercell =      18.00000000
 volume and energy per atom =       580.30177636      -4598.12829758 eV

 Vdd took 0.001447 seconds
WriteRestart: Output file given as /dev/null, no restart data written ...



  IONIC POSITIONS [a0] AND FORCES [Ha/a0]
  Charge analysis using: Voronoi Deformation Density

@ION  Ion  Species       X           Y           Z       Charge       FX          FY         FZ      Movable
@ION    1    Ni      0.0000000   0.0000000   0.0000000   -0.000    0.0002688  -0.0001496   0.0000070  1 1 1

 mean FX      =   0.00026877 Ha/a0
 mean FY      =   0.00014962 Ha/a0
 mean FZ      =   0.00000700 Ha/a0

 max FX       =   0.00026877 Ha/a0   (ion 1)
 max FY       =   0.00014962 Ha/a0   (ion 1)
 max FZ       =   0.00000700 Ha/a0   (ion 1)
 max F[x,y,z] =   0.00026877 Ha/a0
 max |F|      =   0.00030768 Ha/a0   (ion 1)

 sum FX       =   0.00026877 Ha/a0
 sum FY       =  -0.00014962 Ha/a0
 sum FZ       =   0.00000700 Ha/a0
 Average      =   0.00014179 Ha/a0
 sqrt < F^2 > =   0.00017764 Ha/a0

WriteRestart: Output file given as /dev/null, no restart data written ...


--------TIMING INFORMATION FOR Processor owned the most atoms----------------
                                        Total time               Per SCF/step

1-TOTAL                                            18.27                1.41
-----------------------------------------------------------------------------
  1-TOTAL: Init                                     2.08                0.16
  1-TOTAL: run                                     16.20                1.25
  ---------------------------------------------------------------------------
    1-TOTAL: run: Force                             0.92                0.07
    1-TOTAL: run: Scf steps                        15.23                1.17

2-Force                                             0.92                0.07
-----------------------------------------------------------------------------
  2-Force: core correction                          0.18                0.01
  2-Force: corrections                              0.19                0.01
  2-Force: ion-ion                                  0.03                0.00
  2-Force: local                                    0.20                0.02
  2-Force: non-local                                0.32                0.02
  2-Force: non-local-betaxpsi                       0.01                0.00
  2-Force: non-local-get gamma                      0.00                0.00
  2-Force: non-local-nlforce_par_Q                  0.15                0.01
  2-Force: non-local-nlforce_par_gamma              0.00                0.00
  2-Force: non-local-nlforce_par_omega              0.00                0.00
  2-Force: non-local-partial gamma                  0.00                0.00
  2-Force: non-local-veff grad                      0.15                0.01

2-Init                                              2.08                0.16
-----------------------------------------------------------------------------
  2-Init: GetNewRho                                 0.10                0.01
  2-Init: KpointClass                               0.60                0.05
  2-Init: LcaoGetPsi                                0.03                0.00
  2-Init: LcaoGetRho                                0.03                0.00
  2-Init: ReinitIonicPotentials                     0.14                0.01
  2-Init: betaxpsi                                  0.00                0.00
  2-Init: exchange/correlation                      0.51                0.04
  2-Init: hartree                                   0.14                0.01
  2-Init: normalization                             0.00                0.00
  2-Init: radial potentials                         0.20                0.02
  2-Init: subdiag                                   0.06                0.00
  2-Init: weights                                   0.05                0.00

2-Scf steps                                        15.23                1.17
-----------------------------------------------------------------------------
  2-Scf steps: Davidson                             3.06                0.24
  2-Scf steps: GetNewRho                            0.46                0.04
  2-Scf steps: Hartree                              1.84                0.14
  2-Scf steps: MgridSubspace                        0.97                0.07
  2-Scf steps: MixRho                               1.21                0.09
  2-Scf steps: exchange/correlation                 6.12                0.47

3-MgridSubspace                                     0.97                0.07
-----------------------------------------------------------------------------
  3-MgridSubspace: AppNls                           0.03                0.00
  3-MgridSubspace: Beta x psi                       0.07                0.01
  3-MgridSubspace: Diagonalization                  0.13                0.01
  3-MgridSubspace: Mg_eig                           0.74                0.06

3-ReinitIonicPotentials                             0.14                0.01
-----------------------------------------------------------------------------
  3-ReinitIonicPotentials: GetNlop                  0.00                0.00
  3-ReinitIonicPotentials: GetWeight                0.04                0.00
  3-ReinitIonicPotentials: get_QI                   0.00                0.00
  3-ReinitIonicPotentials: get_qqq                  0.00                0.00
  3-ReinitIonicPotentials: init_nuc                 0.09                0.01

4-Diagonalization                                   0.18                0.01
-----------------------------------------------------------------------------
  4-Diagonalization: ELPA/PDSYGVX/PZHEGVX           0.00                0.00
  4-Diagonalization: Hpsi                           0.11                0.01
  4-Diagonalization: MPI_Bcast                      0.00                0.00
  4-Diagonalization: Update orbitals                0.02                0.00
  ---------------------------------------------------------------------------
    4-Diagonalization: Update orbitals: gather           0.00                0.00
    4-Diagonalization: Update orbitals: gemm           0.02                0.00
  4-Diagonalization: matrix                         0.04                0.00
  ---------------------------------------------------------------------------
    4-Diagonalization: matrix: Allreduce            0.00                0.00
    4-Diagonalization: matrix: Gemm                 0.04                0.00

5-Functional                                        6.57                0.51
-----------------------------------------------------------------------------
  5-Functional: apply gradient                      1.09                0.08
  5-Functional: libxc                               3.93                0.30
  5-Functional: vxc                                 6.54                0.50
  5-Functional: vxc grad                            4.24                0.33
  5-Functional: vxc local                           2.24                0.17
  5-Functional: vxc nonlocal                        0.00                0.00

6-Davidson                                          3.06                0.24
-----------------------------------------------------------------------------
  6-Davidson: Betaxpsi                              0.19                0.01
  6-Davidson: apply hamiltonian                     0.71                0.05
  6-Davidson: diagonalization                       0.10                0.01
  6-Davidson: generate residuals                    0.20                0.02
  6-Davidson: matrix setup/reduce                   0.47                0.04
  6-Davidson: normalization                         0.06                0.00
  6-Davidson: precondition                          1.23                0.09
  6-Davidson: refresh h_psi and s_psi               0.01                0.00
  6-Davidson: reset hr,sr,vr                        0.00                0.00
  6-Davidson: rotate orbitals                       0.07                0.01

AppNls                                              0.14                0.01
-----------------------------------------------------------------------------
  AppNls: data_rearrange                            0.00                0.00
  ---------------------------------------------------------------------------
    AppNls: data_rearrange: alloc and zeros           0.00                0.00
    AppNls: data_rearrange: dnm                     0.00                0.00
    AppNls: data_rearrange: sint                    0.00                0.00
  AppNls: nv                                        0.11                0.01
  AppNls: nv_work                                   0.00                0.00

App_gradient                                        1.01                0.08

ApplyAOperator                                      0.07                0.01

CPUFD                                               0.02                0.00

Compute Hpsi                                        0.11                0.01
-----------------------------------------------------------------------------
  Compute Hpsi: AppNls                              0.02                0.00
  Compute Hpsi: Threaded Apply H                    0.08                0.01

GlobalSums                                          0.14                0.01

Init                                                1.47                0.11

Init Voronoi                                        0.03                0.00

Mix rho                                             1.28                0.10
-----------------------------------------------------------------------------
  Mix rho: Linear                                   0.34                0.03
  Mix rho: Pulay                                    0.89                0.07

Orbital                                             0.02                0.00
-----------------------------------------------------------------------------
  Orbital: phase and set                            0.02                0.00
  Orbital: proj cal                                 0.02                0.00
  Trade images: trade_images                        0.00                0.00
  Trade images: trade_imagesx                       0.32                0.02

VhPfft                                              1.82                0.14

Weight                                              0.03                0.00

radial beta                                         0.14                0.01


------------------------- TIMING INFORMATION FOR THREADS  -------------------

                                           Min            Max            Avg
ApplyAOperator                             0.94           0.94           0.94
-----------------------------------------------------------------------------

CPUFD                                      0.42           0.42           0.42
-----------------------------------------------------------------------------

GlobalSums                                 0.26           0.26           0.26
-----------------------------------------------------------------------------

Mg_eig                                     0.73           0.73           0.73
-----------------------------------------------------------------------------
  Mg_eig: apply hamiltonian                0.42           0.42           0.42
  Mg_eig: mgrid_solv                       0.17           0.17           0.17
  Trade images: trade_images               0.63           0.63           0.63
  Trade images: trade_imagesx              0.56           0.56           0.56
