RMG initialization ... 1 image(s) total, 1 per node. 16 MPI processes/image. Thread level 2.
FFT-FD  0.000000e+00   2.362139e-07
FFT-FD  1.000000e+00   -5.610570e-07
IP=0 M = -7.972709e-07  2.962781e-01  2.362139e-07
FFT-FD  0.000000e+00   8.886079e-07
FFT-FD  1.000000e+00   -3.306891e-06
IP=1 M = -4.195499e-06  2.118003e-01  8.886079e-07
FFT-FD  0.000000e+00   8.886079e-07
FFT-FD  1.000000e+00   -3.306891e-06
IP=2 M = -4.195499e-06  2.118003e-01  8.886079e-07
FFT-FD  0.000000e+00   8.886071e-07
FFT-FD  1.000000e+00   -3.306892e-06
IP=3 M = -4.195499e-06  2.118001e-01  8.886071e-07
FFT-FD  0.000000e+00   1.434842e-06
FFT-FD  1.000000e+00   -5.805306e-06
IP=4 M = -7.240149e-06  1.981785e-01  1.434842e-06
FFT-FD  0.000000e+00   1.434841e-06
FFT-FD  1.000000e+00   -5.805307e-06
IP=5 M = -7.240148e-06  1.981784e-01  1.434841e-06
FFT-FD  0.000000e+00   5.046246e-06
FFT-FD  1.000000e+00   -1.670456e-05
IP=6 M = -2.175080e-05  2.320028e-01  5.046246e-06
FFT-FD  0.000000e+00   1.434841e-06
FFT-FD  1.000000e+00   -5.805307e-06
IP=7 M = -7.240148e-06  1.981784e-01  1.434841e-06
FFT-FD  0.000000e+00   5.046251e-06
FFT-FD  1.000000e+00   -1.670455e-05
IP=8 M = -2.175080e-05  2.320030e-01  5.046251e-06
FFT-FD  0.000000e+00   3.545057e-06
FFT-FD  1.000000e+00   2.304627e-06
IP=9 M = -1.240429e-06  2.857927e+00  3.545057e-06
NEWCFAC = 0.268922  0.268922


                     * * * * * * * * * *
                     *    R   M   G    *
                     * * * * * * * * * *

     -- A Real Space Multigrid Electronic structure code --
     --      More information at www.rmgdft.org          --

Code Revision:     5.0.0_beta1_111_gca5c3507
Build Date:        Feb 22 2023  21:48:37
Start time:        Sun Feb 26 20:51:50 2023

NOTICE: RMG internal pseudopotentials have switched to
ONCVP from Ultrasoft. You can revert to Ultrasoft by
adding the input tag internal_pseudo_type="ultrasoft" to
your input files.


Files
   Control input file:        input7
   Data output file:          /dev/null

Run Setup
    Calculation type:         Quench electrons - Fixed ions SCF calculation
    Description:              Ni atom test cell
    Orbital Initialization:   LCAO (10 LCAO and 0 random orbitals)
    Exchange Correlation:     pbe
    Spin Polarization:        ON
    System charge:            Neutral

Processor Topology
   Total PEs:                 8
   X direction:               2
   Y direction:               2
   Z direction:               2
   MG Threads/PE:             1
   OMP Threads/PE:            1

Grid Points  (Linear Anisotropy: 1.000)
    X:  Total: 104   Per PE: 52   Spacing:0.152 a0  
    Y:  Total: 104   Per PE: 52   Spacing:0.152 a0  
    Z:  Total: 104   Per PE: 52   Spacing:0.152 a0  

    Equivalent energy cutoffs (psi,rho):   429.668   1718.671 Ry

    Charge density grid:         2 times finer

Coordinate planes
  Planar Anisotropy: 1.000
  A0-A1 density:    43.534
  A0-A2 density:    43.534
  A1-A2 density:    43.534


Lattice (Cell) Setup
    Type:                       Cubic_primitive
    Volume (a0^3):               3916.07
    Boundary conditions:        Periodic

    X Basis Vector:      15.762       0.000       0.000 a0
    Y Basis Vector:       0.000      15.762       0.000 a0
    Z Basis Vector:       0.000       0.000      15.762 a0
    X Reci Vector:       0.063      -0.000       0.000 a0
    Y Reci Vector:       0.000       0.063       0.000 a0
    Z Reci Vector:       0.000      -0.000       0.063 a0

K-points
    Gamma Point Only (real orbitals)

Atoms and States
    Number of ions:                          1
    Number of species:                       1
    Number of spin up states:                18
    Number of spin down states:              18

Run Parameters
    SCF Convergence criterion (potential):   1.00e-08
    SCF Convergence criterion (energy):      1.00e-08
    Max SCF steps:                           100

SCF Cycle Settings
    Charge density mixing:                   Pulay  (Order:5 Scale:0.20 Refresh:100)
    Hartree Solver:                          PFFT
    Interpolation type:                      FFT

Subspace Diagonalization Options
    Frequency:                               every 1 SCF step(s)
    Driver:                                  ScaLapack
    Initial diagonalization:                 ON
    Folded spectrum:                         OFF

Filtering Cutoff  Parameters
    Wavefunction grid (cparm):               0.800
    Charge density grid (rhocparm):          1.000
    Filter factor:                           1.000

Multigrid (MG) Parameters
    Psi MG levels:                           3
    Psi global step:                         0.660 
    Psi pre:                                 2
    Psi post:                                2

Davidson Parameters
    Davidson multiplier:                     4
    Davidson max step:                       8
    Davidson unocc tol factor:               1000.000

Blas Libraries
    CPU support with openblas-parallel.


Atomic Species Information
(PP = Pseudopotential, US = Ultrasoft, NC = Norm Conserving)
-------------------------------------------------------------------------
|Index|Symbol| Mass|Valence| PP |  Comp  |Local| Local|Nlocal|    PP    |
|     |      |     |       |Type|Gaussian|  l  |Radius|Radius|Functional|
-------------------------------------------------------------------------
|    1|    Ni| 58.0|  18.00|  NC|    0.66|   -1| 10.00|  7.00|       PBE|
-------------------------------------------------------------------------

Pseudopotential generation information:
  Ni pseudopotential file: ./@Internal
      Generation info     : Generated using ONCVPSP code by D. R. Hamann
      Author info         : anonymous


Memory usage (Mbytes):     Min        Max       Total
    wave functions         80.99      80.99    1295.86
    beta-functions         40.50      40.50     323.98



Initial Ionic Positions And Displacements (Bohr)
Species      X           Y           Z           dX          dY          dZ
  Ni       0.0000      0.0000      0.0000      0.0000      0.0000      0.0000


Initial Ionic Positions And Displacements (Angstrom)
Species      X           Y           Z           dX          dY          dZ
  Ni       0.0000      0.0000      0.0000      0.0000      0.0000      0.0000

Diagonalization using scalapack for step=0  count=0



KOHN SHAM EIGENVALUES [eV] AT K-POINT [  0]:       0.000000      0.000000      0.000000


------------- SPIN UP ---------------

[kpt   0  -1   0]   -111.4084 [1.000]   -71.7522 [1.000]   -71.7522 [1.000]   -71.7522 [1.000]    -9.1197 [1.000]
[kpt   0  -1   1]    -9.1197 [1.000]    -9.1197 [1.000]    -9.1197 [1.000]    -9.1197 [1.000]    -5.2928 [1.000]
[kpt   0  -1   2]   1226.6305 [0.000]   2508.9432 [0.000]   2794.8671 [0.000]   2842.5119 [0.000]   2884.3594 [0.000]
[kpt   0  -1   3]   2945.9372 [0.000]   3048.9429 [0.000]   3142.9517 [0.000]

------------ SPIN DOWN --------------

[kpt   0  -1   0]   -109.3404 [1.000]   -69.6610 [1.000]   -69.6610 [1.000]   -69.6610 [1.000]    -7.3076 [0.600]
[kpt   0  -1   1]    -7.3076 [0.600]    -7.3076 [0.600]    -7.3076 [0.600]    -7.3076 [0.600]    -4.8669 [1.000]
[kpt   0  -1   2]   1226.6893 [0.000]   2508.9928 [0.000]   2794.9207 [0.000]   2842.5749 [0.000]   2884.4163 [0.000]
[kpt   0  -1   3]   2945.9937 [0.000]   3049.0033 [0.000]   3143.0090 [0.000]


Charge normalization constant: 1.000000
Charge density mixing: Linear with a constant of 0.20 

 charge density is NEGATIVE after interpolation, minimum is -2.342107e-07
 minimum charge density with core charge added is -2.359171e-07

Diagonalization using scalapack for step=0  count=1


FERMI ENERGY =     -4.89296366 eV
@@ EIGENVALUE SUM     =      -26.574755 Ha
@@ ION_ION            =      -29.161043 Ha
@@ ELECTROSTATIC      =     -113.675032 Ha
@@ VXC                =      -22.000171 Ha
@@ EXC                =      -21.564513 Ha
@@ TOTAL ENERGY       =     -168.975172 Ha
@@ estimated error    =   ****************
@@ TOTAL MAGNETIZATION    =   2.00000000 Bohr mag/cell
@@ ABSOLUTE MAGNETIZATION =   2.00000000 Bohr mag/cell
Charge normalization constant: 1.000000
Charge density mixing: Linear with a constant of 0.20 

 charge density is NEGATIVE after interpolation, minimum is -4.815492e-07
 minimum charge density with core charge added is -4.835004e-07
WriteRestart: Output file given as /dev/null, no restart data written ...


KOHN SHAM EIGENVALUES [eV] AT K-POINT [  0]:       0.000000      0.000000      0.000000


------------- SPIN UP ---------------

[kpt   0   0   0]   -111.4221 [1.000]   -71.7727 [1.000]   -71.7727 [1.000]   -71.7727 [1.000]    -9.1582 [1.000]
[kpt   0   0   1]    -9.1581 [1.000]    -9.1581 [1.000]    -9.1581 [1.000]    -9.1581 [1.000]    -5.3067 [1.000]
[kpt   0   0   2]     1.1171 [0.000]    14.5816 [0.000]    16.9229 [0.000]    20.4970 [0.000]    31.1275 [0.000]
[kpt   0   0   3]    34.9256 [0.000]    40.9919 [0.000]    54.0717 [0.000]

------------ SPIN DOWN --------------

[kpt   0   0   0]   -109.3816 [1.000]   -69.6934 [1.000]   -69.6934 [1.000]   -69.6934 [1.000]    -7.3147 [0.600]
[kpt   0   0   1]    -7.3146 [0.600]    -7.3145 [0.600]    -7.3145 [0.600]    -7.3145 [0.600]    -4.8930 [1.000]
[kpt   0   0   2]     1.1761 [0.000]    14.6395 [0.000]    16.9972 [0.000]    20.5434 [0.000]    31.2006 [0.000]
[kpt   0   0   3]    34.9715 [0.000]    41.0453 [0.000]    54.1170 [0.000]



Total charge in supercell =      18.00000000
 quench: [md:   0/10  scf:   0/100  step time:   4.48  scf time:     4.60 secs  RMS[dV]: 2.05e-03 ]


average potential <V> = 1.62e-15

Diagonalization using scalapack for step=1  count=2


FERMI ENERGY =     -4.91410371 eV
@@ EIGENVALUE SUM     =      -26.595354 Ha
@@ ION_ION            =      -29.161043 Ha
@@ ELECTROSTATIC      =     -113.654918 Ha
@@ VXC                =      -21.998849 Ha
@@ EXC                =      -21.563641 Ha
@@ TOTAL ENERGY       =     -168.976106 Ha
@@ estimated error    =        4.59e-05 Ha
@@ TOTAL MAGNETIZATION    =   2.00000000 Bohr mag/cell
@@ ABSOLUTE MAGNETIZATION =   2.00000000 Bohr mag/cell
Charge normalization constant: 1.000000
Charge density mixing: Linear with a constant of 0.20 

 charge density is NEGATIVE after interpolation, minimum is -6.576178e-07
 minimum charge density with core charge added is -6.594319e-07
 quench: [md:   0/10  scf:   1/100  step time:   3.37  scf time:     7.97 secs  RMS[dV]: 1.83e-03 ]


average potential <V> = 1.16e-15

Diagonalization using scalapack for step=2  count=3


FERMI ENERGY =     -4.93287330 eV
@@ EIGENVALUE SUM     =      -26.612456 Ha
@@ ION_ION            =      -29.161043 Ha
@@ ELECTROSTATIC      =     -113.638127 Ha
@@ VXC                =      -21.998111 Ha
@@ EXC                =      -21.563171 Ha
@@ TOTAL ENERGY       =     -168.976687 Ha
@@ estimated error    =        3.82e-05 Ha
@@ TOTAL MAGNETIZATION    =   2.00000000 Bohr mag/cell
@@ ABSOLUTE MAGNETIZATION =   2.00000000 Bohr mag/cell
Charge normalization constant: 1.000000
Charge density mixing: Linear with a constant of 0.20 

 charge density is NEGATIVE after interpolation, minimum is -7.733722e-07
 minimum charge density with core charge added is -7.750666e-07
 quench: [md:   0/10  scf:   2/100  step time:   3.36  scf time:    11.34 secs  RMS[dV]: 1.55e-03 ]


average potential <V> = 2.01e-15

Diagonalization using scalapack for step=3  count=4


FERMI ENERGY =     -4.94877258 eV
@@ EIGENVALUE SUM     =      -26.624677 Ha
@@ ION_ION            =      -29.161043 Ha
@@ ELECTROSTATIC      =     -113.626188 Ha
@@ VXC                =      -21.997999 Ha
@@ EXC                =      -21.563163 Ha
@@ TOTAL ENERGY       =     -168.977070 Ha
@@ estimated error    =        2.70e-05 Ha
@@ TOTAL MAGNETIZATION    =   2.00000000 Bohr mag/cell
@@ ABSOLUTE MAGNETIZATION =   2.00000000 Bohr mag/cell
Charge normalization constant: 1.000000
Charge density mixing: Linear with a constant of 0.20 

 charge density is NEGATIVE after interpolation, minimum is -8.542286e-07
 minimum charge density with core charge added is -8.593937e-07
 quench: [md:   0/10  scf:   3/100  step time:   3.37  scf time:    14.70 secs  RMS[dV]: 1.34e-03 ]


average potential <V> = -5.45e-16
Davidson incomplete convergence steps = 8

FERMI ENERGY =     -4.96238495 eV
@@ EIGENVALUE SUM     =      -26.632818 Ha
@@ ION_ION            =      -29.161043 Ha
@@ ELECTROSTATIC      =     -113.618481 Ha
@@ VXC                =      -21.998373 Ha
@@ EXC                =      -21.563518 Ha
@@ TOTAL ENERGY       =     -168.977487 Ha
@@ estimated error    =        1.93e-05 Ha
@@ TOTAL MAGNETIZATION    =   2.00000000 Bohr mag/cell
@@ ABSOLUTE MAGNETIZATION =   2.00000000 Bohr mag/cell
Charge normalization constant: 1.000000
Charge density mixing: Pulay

 charge density is NEGATIVE after interpolation, minimum is -9.335691e-07
 minimum charge density with core charge added is -9.401921e-07
 quench: [md:   0/10  scf:   4/100  step time:   4.17  scf time:    18.87 secs  RMS[dV]: 1.20e-03 ]


average potential <V> = 1.29e-16
Davidson converged in 7 steps

FERMI ENERGY =     -4.97456820 eV
@@ EIGENVALUE SUM     =      -26.632263 Ha
@@ ION_ION            =      -29.161043 Ha
@@ ELECTROSTATIC      =     -113.619509 Ha
@@ VXC                =      -22.000217 Ha
@@ EXC                =      -21.565025 Ha
@@ TOTAL ENERGY       =     -168.977623 Ha
@@ estimated error    =        2.42e-05 Ha
@@ TOTAL MAGNETIZATION    =   2.00000000 Bohr mag/cell
@@ ABSOLUTE MAGNETIZATION =   2.00000971 Bohr mag/cell
Charge normalization constant: 1.000000
Charge density mixing: Pulay

 charge density is NEGATIVE after interpolation, minimum is -1.221038e-06
 minimum charge density with core charge added is -1.231368e-06


KOHN SHAM EIGENVALUES [eV] AT K-POINT [  0]:       0.000000      0.000000      0.000000


------------- SPIN UP ---------------

[kpt   0   5   0]   -111.4951 [1.000]   -71.8661 [1.000]   -71.8661 [1.000]   -71.8660 [1.000]    -9.3020 [1.000]
[kpt   0   5   1]    -9.3020 [1.000]    -9.3019 [1.000]    -9.3018 [1.000]    -9.3018 [1.000]    -5.3389 [1.000]
[kpt   0   5   2]    -0.7396 [0.000]    -0.7395 [0.000]    -0.7394 [0.000]     0.0096 [0.000]     1.4085 [0.000]
[kpt   0   5   3]     1.4092 [0.000]     2.6108 [0.000]     2.6168 [0.000]

------------ SPIN DOWN --------------

[kpt   0   5   0]   -109.4782 [1.000]   -69.7676 [1.000]   -69.7675 [1.000]   -69.7674 [1.000]    -7.3347 [0.600]
[kpt   0   5   1]    -7.3346 [0.600]    -7.3346 [0.600]    -7.3345 [0.600]    -7.3344 [0.600]    -4.9746 [1.000]
[kpt   0   5   2]    -0.5751 [0.000]    -0.5744 [0.000]    -0.5742 [0.000]     0.0603 [0.000]     1.4352 [0.000]
[kpt   0   5   3]     1.4356 [0.000]     2.6689 [0.000]     2.6712 [0.000]



Total charge in supercell =      18.00000000
 quench: [md:   0/10  scf:   5/100  step time:   3.41  scf time:    22.28 secs  RMS[dV]: 1.06e-03 ]


average potential <V> = -3.35e-15
Davidson converged in 3 steps

FERMI ENERGY =     -5.02881093 eV
@@ EIGENVALUE SUM     =      -26.641572 Ha
@@ ION_ION            =      -29.161043 Ha
@@ ELECTROSTATIC      =     -113.611705 Ha
@@ VXC                =      -22.006731 Ha
@@ EXC                =      -21.570309 Ha
@@ TOTAL ENERGY       =     -168.977898 Ha
@@ estimated error    =        1.39e-05 Ha
@@ TOTAL MAGNETIZATION    =   2.00000000 Bohr mag/cell
@@ ABSOLUTE MAGNETIZATION =   2.03395689 Bohr mag/cell
Charge normalization constant: 1.000000
Charge density mixing: Pulay

 charge density is NEGATIVE after interpolation, minimum is -1.064909e-06
 minimum charge density with core charge added is -1.074305e-06
 quench: [md:   0/10  scf:   6/100  step time:   3.43  scf time:    25.71 secs  RMS[dV]: 3.09e-03 ]


average potential <V> = 3.20e-15
Davidson converged in 2 steps

FERMI ENERGY =     -5.03365758 eV
@@ EIGENVALUE SUM     =      -26.652180 Ha
@@ ION_ION            =      -29.161043 Ha
@@ ELECTROSTATIC      =     -113.600870 Ha
@@ VXC                =      -22.005460 Ha
@@ EXC                =      -21.569266 Ha
@@ TOTAL ENERGY       =     -168.977899 Ha
@@ estimated error    =        4.53e-06 Ha
@@ TOTAL MAGNETIZATION    =   2.00000000 Bohr mag/cell
@@ ABSOLUTE MAGNETIZATION =   2.03846682 Bohr mag/cell
Charge normalization constant: 1.000000
Charge density mixing: Pulay

 charge density is NEGATIVE after interpolation, minimum is -8.045715e-07
 minimum charge density with core charge added is -8.125810e-07
 quench: [md:   0/10  scf:   7/100  step time:   3.31  scf time:    29.02 secs  RMS[dV]: 1.51e-03 ]


average potential <V> = 1.97e-16
Davidson converged in 3 steps

FERMI ENERGY =     -5.03439122 eV
@@ EIGENVALUE SUM     =      -26.659957 Ha
@@ ION_ION            =      -29.161043 Ha
@@ ELECTROSTATIC      =     -113.592850 Ha
@@ VXC                =      -22.004066 Ha
@@ EXC                =      -21.568117 Ha
@@ TOTAL ENERGY       =     -168.977901 Ha
@@ estimated error    =        1.01e-06 Ha
@@ TOTAL MAGNETIZATION    =   2.00000000 Bohr mag/cell
@@ ABSOLUTE MAGNETIZATION =   2.03943575 Bohr mag/cell
Charge normalization constant: 1.000000
Charge density mixing: Pulay

 charge density is NEGATIVE after interpolation, minimum is -7.250288e-07
 minimum charge density with core charge added is -7.332304e-07
 quench: [md:   0/10  scf:   8/100  step time:   3.50  scf time:    32.53 secs  RMS[dV]: 1.73e-03 ]


average potential <V> = 5.89e-16
Davidson converged in 3 steps

FERMI ENERGY =     -5.03208384 eV
@@ EIGENVALUE SUM     =      -26.649996 Ha
@@ ION_ION            =      -29.161043 Ha
@@ ELECTROSTATIC      =     -113.603103 Ha
@@ VXC                =      -22.005614 Ha
@@ EXC                =      -21.569373 Ha
@@ TOTAL ENERGY       =     -168.977901 Ha
@@ estimated error    =        7.37e-07 Ha
@@ TOTAL MAGNETIZATION    =   2.00000000 Bohr mag/cell
@@ ABSOLUTE MAGNETIZATION =   2.03917144 Bohr mag/cell
Charge normalization constant: 1.000000
Charge density mixing: Pulay

 charge density is NEGATIVE after interpolation, minimum is -3.305694e-07
 minimum charge density with core charge added is -3.370234e-07
 quench: [md:   0/10  scf:   9/100  step time:   3.37  scf time:    35.89 secs  RMS[dV]: 4.70e-04 ]


average potential <V> = 3.87e-15
Davidson converged in 2 steps

FERMI ENERGY =     -5.03293683 eV
@@ EIGENVALUE SUM     =      -26.655806 Ha
@@ ION_ION            =      -29.161043 Ha
@@ ELECTROSTATIC      =     -113.597118 Ha
@@ VXC                =      -22.004625 Ha
@@ EXC                =      -21.568560 Ha
@@ TOTAL ENERGY       =     -168.977902 Ha
@@ estimated error    =        7.36e-07 Ha
@@ TOTAL MAGNETIZATION    =   2.00000000 Bohr mag/cell
@@ ABSOLUTE MAGNETIZATION =   2.04168064 Bohr mag/cell
Charge normalization constant: 1.000000
Charge density mixing: Pulay

 charge density is NEGATIVE after interpolation, minimum is -2.504929e-07
 minimum charge density with core charge added is -2.570153e-07


KOHN SHAM EIGENVALUES [eV] AT K-POINT [  0]:       0.000000      0.000000      0.000000


------------- SPIN UP ---------------

[kpt   0  10   0]   -111.5376 [1.000]   -71.9209 [1.000]   -71.9209 [1.000]   -71.9209 [1.000]    -9.3843 [1.000]
[kpt   0  10   1]    -9.3843 [1.000]    -9.3842 [1.000]    -9.3842 [1.000]    -9.3842 [1.000]    -5.3507 [1.000]
[kpt   0  10   2]    -0.7428 [0.000]    -0.7428 [0.000]    -0.7428 [0.000]    -0.0887 [0.000]     1.3472 [0.000]
[kpt   0  10   3]     1.3472 [0.000]     2.5025 [0.000]     2.5047 [0.000]

------------ SPIN DOWN --------------

[kpt   0  10   0]   -109.4898 [1.000]   -69.7678 [1.000]   -69.7678 [1.000]   -69.7677 [1.000]    -7.3146 [0.600]
[kpt   0  10   1]    -7.3146 [0.600]    -7.3145 [0.600]    -7.3144 [0.600]    -7.3144 [0.600]    -5.0329 [1.000]
[kpt   0  10   2]    -0.6364 [0.000]    -0.6364 [0.000]    -0.6364 [0.000]    -0.0786 [0.000]     1.3214 [0.000]
[kpt   0  10   3]     1.3215 [0.000]     2.5238 [0.000]     2.5244 [0.000]



Total charge in supercell =      18.00000000
 quench: [md:   0/10  scf:  10/100  step time:   3.20  scf time:    39.10 secs  RMS[dV]: 2.22e-03 ]


average potential <V> = 4.65e-16
Davidson converged in 3 steps

FERMI ENERGY =     -5.03295033 eV
@@ EIGENVALUE SUM     =      -26.655467 Ha
@@ ION_ION            =      -29.161043 Ha
@@ ELECTROSTATIC      =     -113.597471 Ha
@@ VXC                =      -22.004697 Ha
@@ EXC                =      -21.568619 Ha
@@ TOTAL ENERGY       =     -168.977902 Ha
@@ estimated error    =        2.43e-08 Ha
@@ TOTAL MAGNETIZATION    =   2.00000000 Bohr mag/cell
@@ ABSOLUTE MAGNETIZATION =   2.04190155 Bohr mag/cell
Charge normalization constant: 1.000000
Charge density mixing: Pulay

 charge density is NEGATIVE after interpolation, minimum is -2.109656e-07
 minimum charge density with core charge added is -2.176042e-07
 quench: [md:   0/10  scf:  11/100  step time:   3.50  scf time:    42.60 secs  RMS[dV]: 4.80e-04 ]


average potential <V> = -1.59e-15
Davidson converged in 1 steps

FERMI ENERGY =     -5.03297534 eV
@@ EIGENVALUE SUM     =      -26.655192 Ha
@@ ION_ION            =      -29.161043 Ha
@@ ELECTROSTATIC      =     -113.597755 Ha
@@ VXC                =      -22.004758 Ha
@@ EXC                =      -21.568670 Ha
@@ TOTAL ENERGY       =     -168.977902 Ha
@@ estimated error    =        1.40e-08 Ha
@@ TOTAL MAGNETIZATION    =   2.00000000 Bohr mag/cell
@@ ABSOLUTE MAGNETIZATION =   2.04192726 Bohr mag/cell
Charge normalization constant: 1.000000
Charge density mixing: Pulay

 charge density is NEGATIVE after interpolation, minimum is -1.111776e-07
 minimum charge density with core charge added is -1.180810e-07
 quench: [md:   0/10  scf:  12/100  step time:   4.62  scf time:    47.22 secs  RMS[dV]: 2.56e-04 ]



 Convergence criterion reached: Energy variation (5.78e-09) is lower than threshold (1.00e-08)

potential convergence has been achieved. stopping ...

[   0  13   13       53 ] Quench.cpp: final total energy =    -168.97790185 Ha


KOHN SHAM EIGENVALUES [eV] AT K-POINT [  0]:       0.000000      0.000000      0.000000


------------- SPIN UP ---------------

[kpt   0  13   0]   -111.5361 [1.000]   -71.9196 [1.000]   -71.9196 [1.000]   -71.9196 [1.000]    -9.3835 [1.000]
[kpt   0  13   1]    -9.3835 [1.000]    -9.3834 [1.000]    -9.3834 [1.000]    -9.3834 [1.000]    -5.3509 [1.000]
[kpt   0  13   2]    -0.7431 [0.000]    -0.7431 [0.000]    -0.7431 [0.000]    -0.0927 [0.000]     1.3464 [0.000]
[kpt   0  13   3]     1.3464 [0.000]     2.4980 [0.000]     2.4993 [0.000]

------------ SPIN DOWN --------------

[kpt   0  13   0]   -109.4883 [1.000]   -69.7665 [1.000]   -69.7664 [1.000]   -69.7664 [1.000]    -7.3137 [0.600]
[kpt   0  13   1]    -7.3137 [0.600]    -7.3136 [0.600]    -7.3136 [0.600]    -7.3136 [0.600]    -5.0330 [1.000]
[kpt   0  13   2]    -0.6366 [0.000]    -0.6366 [0.000]    -0.6366 [0.000]    -0.0838 [0.000]     1.3198 [0.000]
[kpt   0  13   3]     1.3198 [0.000]     2.5181 [0.000]     2.5185 [0.000]



Total charge in supercell =      18.00000000
 volume and energy per atom =       580.30177636      -4598.12265920 eV

 Vdd took 0.003748 seconds
WriteRestart: Output file given as /dev/null, no restart data written ...



  IONIC POSITIONS [a0] AND FORCES [Ha/a0]
  Charge analysis using: Voronoi Deformation Density

@ION  Ion  Species       X           Y           Z       Charge       FX          FY         FZ      Movable
@ION    1    Ni      0.0000000   0.0000000   0.0000000   -0.000   -0.0000120  -0.0000110  -0.0000165  1 1 1

 mean FX      =   0.00001202 Ha/a0
 mean FY      =   0.00001104 Ha/a0
 mean FZ      =   0.00001654 Ha/a0

 max FX       =   0.00001202 Ha/a0   (ion 1)
 max FY       =   0.00001104 Ha/a0   (ion 1)
 max FZ       =   0.00001654 Ha/a0   (ion 1)
 max F[x,y,z] =   0.00001654 Ha/a0
 max |F|      =   0.00002324 Ha/a0   (ion 1)

 sum FX       =  -0.00001202 Ha/a0
 sum FY       =  -0.00001104 Ha/a0
 sum FZ       =  -0.00001654 Ha/a0
 Average      =   0.00001320 Ha/a0
 sqrt < F^2 > =   0.00001342 Ha/a0

WriteRestart: Output file given as /dev/null, no restart data written ...


--------TIMING INFORMATION FOR Processor owned the most atoms----------------
                                        Total time               Per SCF/step

1-TOTAL                                            56.55                4.35
-----------------------------------------------------------------------------
  1-TOTAL: Init                                     5.80                0.45
  1-TOTAL: run                                     50.75                3.90
  ---------------------------------------------------------------------------
    1-TOTAL: run: Force                             3.51                0.27
    1-TOTAL: run: Scf steps                        47.10                3.62

2-Force                                             3.51                0.27
-----------------------------------------------------------------------------
  2-Force: core correction                          0.69                0.05
  2-Force: corrections                              0.70                0.05
  2-Force: ion-ion                                  0.08                0.01
  2-Force: local                                    0.77                0.06
  2-Force: non-local                                1.25                0.10
  2-Force: non-local-betaxpsi                       0.02                0.00
  2-Force: non-local-get gamma                      0.00                0.00
  2-Force: non-local-nlforce_par_Q                  0.59                0.05
  2-Force: non-local-nlforce_par_gamma              0.00                0.00
  2-Force: non-local-nlforce_par_omega              0.00                0.00
  2-Force: non-local-partial gamma                  0.00                0.00
  2-Force: non-local-veff grad                      0.58                0.04

2-Init                                              5.80                0.45
-----------------------------------------------------------------------------
  2-Init: GetNewRho                                 0.46                0.04
  2-Init: KpointClass                               0.57                0.04
  2-Init: LcaoGetPsi                                0.13                0.01
  2-Init: LcaoGetRho                                0.28                0.02
  2-Init: ReinitIonicPotentials                     0.52                0.04
  2-Init: betaxpsi                                  0.03                0.00
  2-Init: exchange/correlation                      1.69                0.13
  2-Init: hartree                                   0.62                0.05
  2-Init: normalization                             0.01                0.00
  2-Init: radial potentials                         0.28                0.02
  2-Init: subdiag                                   0.24                0.02
  2-Init: weights                                   0.15                0.01

2-Scf steps                                        47.10                3.62
-----------------------------------------------------------------------------
  2-Scf steps: Davidson                             6.72                0.52
  2-Scf steps: GetNewRho                            1.58                0.12
  2-Scf steps: Hartree                              6.99                0.54
  2-Scf steps: MgridSubspace                        4.41                0.34
  2-Scf steps: MixRho                               4.41                0.34
  2-Scf steps: exchange/correlation                18.32                1.41

3-MgridSubspace                                     4.41                0.34
-----------------------------------------------------------------------------
  3-MgridSubspace: AppNls                           0.13                0.01
  3-MgridSubspace: Beta x psi                       0.24                0.02
  3-MgridSubspace: Diagonalization                  1.32                0.10
  3-MgridSubspace: Mg_eig                           2.71                0.21

3-ReinitIonicPotentials                             0.52                0.04
-----------------------------------------------------------------------------
  3-ReinitIonicPotentials: GetNlop                  0.01                0.00
  3-ReinitIonicPotentials: GetWeight                0.20                0.02
  3-ReinitIonicPotentials: get_QI                   0.00                0.00
  3-ReinitIonicPotentials: get_qqq                  0.00                0.00
  3-ReinitIonicPotentials: init_nuc                 0.31                0.02

4-Diagonalization                                   1.56                0.12
-----------------------------------------------------------------------------
  4-Diagonalization: ELPA/PDSYGVX/PZHEGVX           0.30                0.02
  4-Diagonalization: Hpsi                           0.31                0.02
  4-Diagonalization: MPI_Bcast                      0.00                0.00
  4-Diagonalization: Update orbitals                0.09                0.01
  ---------------------------------------------------------------------------
    4-Diagonalization: Update orbitals: gather           0.03                0.00
    4-Diagonalization: Update orbitals: gemm           0.05                0.00
  4-Diagonalization: matrix                         0.14                0.01
  ---------------------------------------------------------------------------
    4-Diagonalization: matrix: Allreduce            0.08                0.01
    4-Diagonalization: matrix: Gemm                 0.07                0.01

5-Functional                                       19.72                1.52
-----------------------------------------------------------------------------
  5-Functional: apply gradient                      3.55                0.27
  5-Functional: libxc                              11.67                0.90
  5-Functional: vxc                                19.62                1.51
  5-Functional: vxc grad                           12.76                0.98
  5-Functional: vxc local                           6.69                0.51
  5-Functional: vxc nonlocal                        0.00                0.00

6-Davidson                                          6.72                0.52
-----------------------------------------------------------------------------
  6-Davidson: Betaxpsi                              0.48                0.04
  6-Davidson: apply hamiltonian                     2.11                0.16
  6-Davidson: diagonalization                       0.06                0.00
  6-Davidson: generate residuals                    0.56                0.04
  6-Davidson: matrix setup/reduce                   1.17                0.09
  6-Davidson: normalization                         0.14                0.01
  6-Davidson: precondition                          1.93                0.15
  6-Davidson: refresh h_psi and s_psi               0.05                0.00
  6-Davidson: reset hr,sr,vr                        0.00                0.00
  6-Davidson: rotate orbitals                       0.20                0.02

AppNls                                              0.57                0.04
-----------------------------------------------------------------------------
  AppNls: data_rearrange                            0.00                0.00
  ---------------------------------------------------------------------------
    AppNls: data_rearrange: alloc and zeros           0.00                0.00
    AppNls: data_rearrange: dnm                     0.00                0.00
    AppNls: data_rearrange: sint                    0.00                0.00
  AppNls: nv                                        0.44                0.03
  AppNls: nv_work                                   0.00                0.00

App_gradient                                        3.32                0.26

ApplyAOperator                                      0.24                0.02

CPUFD                                               0.08                0.01

Compute Hpsi                                        0.31                0.02
-----------------------------------------------------------------------------
  Compute Hpsi: AppNls                              0.06                0.00
  Compute Hpsi: Threaded Apply H                    0.25                0.02

GlobalSums                                          0.44                0.03

Init                                                5.22                0.40

Init Voronoi                                        0.12                0.01

Mix rho                                             4.74                0.36
-----------------------------------------------------------------------------
  Mix rho: Linear                                   1.34                0.10
  Mix rho: Pulay                                    3.17                0.24

Orbital                                             0.05                0.00
-----------------------------------------------------------------------------
  Orbital: phase and set                            0.05                0.00
  Orbital: proj cal                                 0.05                0.00
  Trade images: trade_images                        0.00                0.00
  Trade images: trade_imagesx                       1.24                0.10

VhPfft                                              6.93                0.53

Weight                                              0.10                0.01

radial beta                                         0.15                0.01


------------------------- TIMING INFORMATION FOR THREADS  -------------------

                                           Min            Max            Avg
ApplyAOperator                             3.11           3.11           3.11
-----------------------------------------------------------------------------

CPUFD                                      1.64           1.64           1.64
-----------------------------------------------------------------------------

GlobalSums                                 0.36           0.36           0.36
-----------------------------------------------------------------------------

Mg_eig                                     2.69           2.69           2.69
-----------------------------------------------------------------------------
  Mg_eig: apply hamiltonian                1.71           1.71           1.71
  Mg_eig: mgrid_solv                       0.33           0.33           0.33
  Trade images: trade_images               0.82           0.82           0.82
  Trade images: trade_imagesx              1.52           1.52           1.52
