RMG initialization ... 1 image(s) total, 1 per node. 16 MPI processes/image. Thread level 2.
FFT-FD  0.000000e+00   3.654964e-06
FFT-FD  1.000000e+00   -3.575459e-06
IP=0 M = -7.230423e-06  5.054980e-01  3.654964e-06
FFT-FD  0.000000e+00   1.538704e-05
FFT-FD  1.000000e+00   -2.669976e-05
IP=1 M = -4.208680e-05  3.656026e-01  1.538704e-05
FFT-FD  0.000000e+00   1.538704e-05
FFT-FD  1.000000e+00   -2.669976e-05
IP=2 M = -4.208680e-05  3.656026e-01  1.538704e-05
FFT-FD  0.000000e+00   1.538704e-05
FFT-FD  1.000000e+00   -2.669976e-05
IP=3 M = -4.208680e-05  3.656026e-01  1.538704e-05
FFT-FD  0.000000e+00   2.564194e-05
FFT-FD  1.000000e+00   -4.796030e-05
IP=4 M = -7.360224e-05  3.483853e-01  2.564194e-05
FFT-FD  0.000000e+00   2.564194e-05
FFT-FD  1.000000e+00   -4.796030e-05
IP=5 M = -7.360224e-05  3.483853e-01  2.564194e-05
FFT-FD  0.000000e+00   8.733529e-05
FFT-FD  1.000000e+00   -1.235331e-04
IP=6 M = -2.108684e-04  4.141697e-01  8.733529e-05
FFT-FD  0.000000e+00   2.564194e-05
FFT-FD  1.000000e+00   -4.796030e-05
IP=7 M = -7.360224e-05  3.483853e-01  2.564194e-05
FFT-FD  0.000000e+00   8.733529e-05
FFT-FD  1.000000e+00   -1.235331e-04
IP=8 M = -2.108684e-04  4.141697e-01  8.733529e-05
FFT-FD  0.000000e+00   3.243535e-06
FFT-FD  1.000000e+00   9.018255e-07
IP=9 M = -2.341709e-06  1.385114e+00  3.243535e-06
NEWCFAC = 0.391312  0.391312


                     * * * * * * * * * *
                     *    R   M   G    *
                     * * * * * * * * * *

     -- A Real Space Multigrid Electronic structure code --
     --      More information at www.rmgdft.org          --

Code Revision:     5.0.0_beta1_111_gca5c3507
Build Date:        Feb 22 2023  21:48:37
Start time:        Sun Feb 26 20:49:57 2023

NOTICE: RMG internal pseudopotentials have switched to
ONCVP from Ultrasoft. You can revert to Ultrasoft by
adding the input tag internal_pseudo_type="ultrasoft" to
your input files.


Files
   Control input file:        input4
   Data output file:          /dev/null

Run Setup
    Calculation type:         Quench electrons - Fixed ions SCF calculation
    Description:              Ni atom test cell
    Orbital Initialization:   LCAO (10 LCAO and 0 random orbitals)
    Exchange Correlation:     pbe
    Spin Polarization:        ON
    System charge:            Neutral

Processor Topology
   Total PEs:                 8
   X direction:               2
   Y direction:               2
   Z direction:               2
   MG Threads/PE:             1
   OMP Threads/PE:            1

Grid Points  (Linear Anisotropy: 1.000)
    X:  Total: 80   Per PE: 40   Spacing:0.197 a0  
    Y:  Total: 80   Per PE: 40   Spacing:0.197 a0  
    Z:  Total: 80   Per PE: 40   Spacing:0.197 a0  

    Equivalent energy cutoffs (psi,rho):   254.241   1016.965 Ry

    Charge density grid:         2 times finer

Coordinate planes
  Planar Anisotropy: 1.000
  A0-A1 density:    25.760
  A0-A2 density:    25.760
  A1-A2 density:    25.760


Lattice (Cell) Setup
    Type:                       Cubic_primitive
    Volume (a0^3):               3916.07
    Boundary conditions:        Periodic

    X Basis Vector:      15.762       0.000       0.000 a0
    Y Basis Vector:       0.000      15.762       0.000 a0
    Z Basis Vector:       0.000       0.000      15.762 a0
    X Reci Vector:       0.063      -0.000       0.000 a0
    Y Reci Vector:       0.000       0.063       0.000 a0
    Z Reci Vector:       0.000      -0.000       0.063 a0

K-points
    Gamma Point Only (real orbitals)

Atoms and States
    Number of ions:                          1
    Number of species:                       1
    Number of spin up states:                18
    Number of spin down states:              18

Run Parameters
    SCF Convergence criterion (potential):   1.00e-08
    SCF Convergence criterion (energy):      1.00e-08
    Max SCF steps:                           100

SCF Cycle Settings
    Charge density mixing:                   Pulay  (Order:5 Scale:0.20 Refresh:100)
    Hartree Solver:                          PFFT
    Interpolation type:                      FFT

Subspace Diagonalization Options
    Frequency:                               every 1 SCF step(s)
    Driver:                                  ScaLapack
    Initial diagonalization:                 ON
    Folded spectrum:                         OFF

Filtering Cutoff  Parameters
    Wavefunction grid (cparm):               0.800
    Charge density grid (rhocparm):          1.000
    Filter factor:                           1.000

Multigrid (MG) Parameters
    Psi MG levels:                           3
    Psi global step:                         0.660 
    Psi pre:                                 2
    Psi post:                                2

Davidson Parameters
    Davidson multiplier:                     4
    Davidson max step:                       8
    Davidson unocc tol factor:               1000.000

Blas Libraries
    CPU support with openblas-parallel.


Atomic Species Information
(PP = Pseudopotential, US = Ultrasoft, NC = Norm Conserving)
-------------------------------------------------------------------------
|Index|Symbol| Mass|Valence| PP |  Comp  |Local| Local|Nlocal|    PP    |
|     |      |     |       |Type|Gaussian|  l  |Radius|Radius|Functional|
-------------------------------------------------------------------------
|    1|    Ni| 58.0|  18.00|  NC|    0.66|   -1| 10.00|  7.00|       PBE|
-------------------------------------------------------------------------

Pseudopotential generation information:
  Ni pseudopotential file: ./@Internal
      Generation info     : Generated using ONCVPSP code by D. R. Hamann
      Author info         : anonymous


Memory usage (Mbytes):     Min        Max       Total
    wave functions         36.87      36.87     589.84
    beta-functions         18.43      18.43     147.47



Initial Ionic Positions And Displacements (Bohr)
Species      X           Y           Z           dX          dY          dZ
  Ni       0.0000      0.0000      0.0000      0.0000      0.0000      0.0000


Initial Ionic Positions And Displacements (Angstrom)
Species      X           Y           Z           dX          dY          dZ
  Ni       0.0000      0.0000      0.0000      0.0000      0.0000      0.0000

Diagonalization using scalapack for step=0  count=0



KOHN SHAM EIGENVALUES [eV] AT K-POINT [  0]:       0.000000      0.000000      0.000000


------------- SPIN UP ---------------

[kpt   0  -1   0]   -111.4084 [1.000]   -71.7522 [1.000]   -71.7522 [1.000]   -71.7522 [1.000]    -9.1199 [1.000]
[kpt   0  -1   1]    -9.1199 [1.000]    -9.1196 [1.000]    -9.1196 [1.000]    -9.1196 [1.000]    -5.2946 [1.000]
[kpt   0  -1   2]   683.5724 [0.000]   1495.2348 [0.000]   1597.3700 [0.000]   1692.6577 [0.000]   1752.6683 [0.000]
[kpt   0  -1   3]   1795.7272 [0.000]   1886.9519 [0.000]   1943.0881 [0.000]

------------ SPIN DOWN --------------

[kpt   0  -1   0]   -109.3404 [1.000]   -69.6609 [1.000]   -69.6609 [1.000]   -69.6609 [1.000]    -7.3078 [0.600]
[kpt   0  -1   1]    -7.3078 [0.600]    -7.3075 [0.600]    -7.3075 [0.600]    -7.3075 [0.600]    -4.8687 [1.000]
[kpt   0  -1   2]   683.6184 [0.000]   1495.2873 [0.000]   1597.4160 [0.000]   1692.7038 [0.000]   1752.7171 [0.000]
[kpt   0  -1   3]   1795.7705 [0.000]   1886.9992 [0.000]   1943.1339 [0.000]


Charge normalization constant: 1.000000
Charge density mixing: Linear with a constant of 0.20 

 charge density is NEGATIVE after interpolation, minimum is -2.369010e-07
 minimum charge density with core charge added is -2.368548e-07

Diagonalization using scalapack for step=0  count=1


FERMI ENERGY =     -4.89283771 eV
@@ EIGENVALUE SUM     =      -26.574784 Ha
@@ ION_ION            =      -29.161043 Ha
@@ ELECTROSTATIC      =     -113.675011 Ha
@@ VXC                =      -22.000169 Ha
@@ EXC                =      -21.564511 Ha
@@ TOTAL ENERGY       =     -168.975179 Ha
@@ estimated error    =   ****************
@@ TOTAL MAGNETIZATION    =   2.00000000 Bohr mag/cell
@@ ABSOLUTE MAGNETIZATION =   2.00000000 Bohr mag/cell
Charge normalization constant: 1.000000
Charge density mixing: Linear with a constant of 0.20 

 charge density is NEGATIVE after interpolation, minimum is -4.778502e-07
 minimum charge density with core charge added is -4.785247e-07
WriteRestart: Output file given as /dev/null, no restart data written ...


KOHN SHAM EIGENVALUES [eV] AT K-POINT [  0]:       0.000000      0.000000      0.000000


------------- SPIN UP ---------------

[kpt   0   0   0]   -111.4222 [1.000]   -71.7727 [1.000]   -71.7727 [1.000]   -71.7727 [1.000]    -9.1584 [1.000]
[kpt   0   0   1]    -9.1584 [1.000]    -9.1580 [1.000]    -9.1580 [1.000]    -9.1580 [1.000]    -5.3069 [1.000]
[kpt   0   0   2]     1.2067 [0.000]    14.3529 [0.000]    21.6689 [0.000]    25.0572 [0.000]    26.2095 [0.000]
[kpt   0   0   3]    34.3980 [0.000]    41.6237 [0.000]    50.9841 [0.000]

------------ SPIN DOWN --------------

[kpt   0   0   0]   -109.3817 [1.000]   -69.6934 [1.000]   -69.6934 [1.000]   -69.6934 [1.000]    -7.3149 [0.600]
[kpt   0   0   1]    -7.3149 [0.600]    -7.3145 [0.600]    -7.3145 [0.600]    -7.3145 [0.600]    -4.8928 [1.000]
[kpt   0   0   2]     1.2552 [0.000]    14.4069 [0.000]    21.7088 [0.000]    25.0981 [0.000]    26.2627 [0.000]
[kpt   0   0   3]    34.4447 [0.000]    41.6763 [0.000]    51.0261 [0.000]



Total charge in supercell =      18.00000000
 quench: [md:   0/10  scf:   0/100  step time:   1.55  scf time:     1.60 secs  RMS[dV]: 2.06e-03 ]


average potential <V> = -9.84e-16

Diagonalization using scalapack for step=1  count=2


FERMI ENERGY =     -4.91327933 eV
@@ EIGENVALUE SUM     =      -26.594081 Ha
@@ ION_ION            =      -29.161043 Ha
@@ ELECTROSTATIC      =     -113.656229 Ha
@@ VXC                =      -21.998975 Ha
@@ EXC                =      -21.563738 Ha
@@ TOTAL ENERGY       =     -168.976116 Ha
@@ estimated error    =        4.04e-05 Ha
@@ TOTAL MAGNETIZATION    =   2.00000000 Bohr mag/cell
@@ ABSOLUTE MAGNETIZATION =   2.00000000 Bohr mag/cell
Charge normalization constant: 1.000000
Charge density mixing: Linear with a constant of 0.20 

 charge density is NEGATIVE after interpolation, minimum is -6.542025e-07
 minimum charge density with core charge added is -6.552308e-07
 quench: [md:   0/10  scf:   1/100  step time:   1.40  scf time:     3.00 secs  RMS[dV]: 1.85e-03 ]


average potential <V> = -5.92e-16

Diagonalization using scalapack for step=2  count=3


FERMI ENERGY =     -4.93165127 eV
@@ EIGENVALUE SUM     =      -26.610215 Ha
@@ ION_ION            =      -29.161043 Ha
@@ ELECTROSTATIC      =     -113.640431 Ha
@@ VXC                =      -21.998343 Ha
@@ EXC                =      -21.563351 Ha
@@ TOTAL ENERGY       =     -168.976697 Ha
@@ estimated error    =        3.51e-05 Ha
@@ TOTAL MAGNETIZATION    =   2.00000000 Bohr mag/cell
@@ ABSOLUTE MAGNETIZATION =   2.00000007 Bohr mag/cell
Charge normalization constant: 1.000000
Charge density mixing: Linear with a constant of 0.20 

 charge density is NEGATIVE after interpolation, minimum is -7.686556e-07
 minimum charge density with core charge added is -7.697327e-07
 quench: [md:   0/10  scf:   2/100  step time:   1.43  scf time:     4.43 secs  RMS[dV]: 1.60e-03 ]


average potential <V> = -3.48e-15

Diagonalization using scalapack for step=3  count=4


FERMI ENERGY =     -4.94737391 eV
@@ EIGENVALUE SUM     =      -26.621843 Ha
@@ ION_ION            =      -29.161043 Ha
@@ ELECTROSTATIC      =     -113.629097 Ha
@@ VXC                =      -21.998303 Ha
@@ EXC                =      -21.563399 Ha
@@ TOTAL ENERGY       =     -168.977079 Ha
@@ estimated error    =        2.56e-05 Ha
@@ TOTAL MAGNETIZATION    =   2.00000000 Bohr mag/cell
@@ ABSOLUTE MAGNETIZATION =   2.00000125 Bohr mag/cell
Charge normalization constant: 1.000000
Charge density mixing: Linear with a constant of 0.20 

 charge density is NEGATIVE after interpolation, minimum is -8.383234e-07
 minimum charge density with core charge added is -8.466315e-07
 quench: [md:   0/10  scf:   3/100  step time:   1.48  scf time:     5.91 secs  RMS[dV]: 1.41e-03 ]


average potential <V> = -7.54e-16
Davidson incomplete convergence steps = 8

FERMI ENERGY =     -4.96103424 eV
@@ EIGENVALUE SUM     =      -26.629725 Ha
@@ ION_ION            =      -29.161043 Ha
@@ ELECTROSTATIC      =     -113.621643 Ha
@@ VXC                =      -21.998712 Ha
@@ EXC                =      -21.563782 Ha
@@ TOTAL ENERGY       =     -168.977480 Ha
@@ estimated error    =        1.89e-05 Ha
@@ TOTAL MAGNETIZATION    =   2.00000000 Bohr mag/cell
@@ ABSOLUTE MAGNETIZATION =   2.00000496 Bohr mag/cell
Charge normalization constant: 1.000000
Charge density mixing: Pulay

 charge density is NEGATIVE after interpolation, minimum is -9.152478e-07
 minimum charge density with core charge added is -9.220137e-07
 quench: [md:   0/10  scf:   4/100  step time:   1.93  scf time:     7.84 secs  RMS[dV]: 1.30e-03 ]


average potential <V> = -1.20e-15
Davidson converged in 3 steps

FERMI ENERGY =     -4.97370086 eV
@@ EIGENVALUE SUM     =      -26.630385 Ha
@@ ION_ION            =      -29.161043 Ha
@@ ELECTROSTATIC      =     -113.621424 Ha
@@ VXC                =      -22.000408 Ha
@@ EXC                =      -21.565173 Ha
@@ TOTAL ENERGY       =     -168.977616 Ha
@@ estimated error    =        2.44e-05 Ha
@@ TOTAL MAGNETIZATION    =   2.00000000 Bohr mag/cell
@@ ABSOLUTE MAGNETIZATION =   2.00001756 Bohr mag/cell
Charge normalization constant: 1.000000
Charge density mixing: Pulay

 charge density is NEGATIVE after interpolation, minimum is -1.226852e-06
 minimum charge density with core charge added is -1.237125e-06


KOHN SHAM EIGENVALUES [eV] AT K-POINT [  0]:       0.000000      0.000000      0.000000


------------- SPIN UP ---------------

[kpt   0   5   0]   -111.4922 [1.000]   -71.8631 [1.000]   -71.8631 [1.000]   -71.8630 [1.000]    -9.2995 [1.000]
[kpt   0   5   1]    -9.2994 [1.000]    -9.2990 [1.000]    -9.2990 [1.000]    -9.2989 [1.000]    -5.3373 [1.000]
[kpt   0   5   2]    -0.7390 [0.000]    -0.7388 [0.000]    -0.7388 [0.000]     0.0082 [0.000]     1.4078 [0.000]
[kpt   0   5   3]     1.4080 [0.000]     2.6086 [0.000]     2.6110 [0.000]

------------ SPIN DOWN --------------

[kpt   0   5   0]   -109.4746 [1.000]   -69.7640 [1.000]   -69.7640 [1.000]   -69.7639 [1.000]    -7.3318 [0.600]
[kpt   0   5   1]    -7.3316 [0.600]    -7.3316 [0.600]    -7.3316 [0.600]    -7.3316 [0.600]    -4.9737 [1.000]
[kpt   0   5   2]    -0.5742 [0.000]    -0.5741 [0.000]    -0.5738 [0.000]     0.0598 [0.000]     1.4354 [0.000]
[kpt   0   5   3]     1.4361 [0.000]     2.6677 [0.000]     2.6696 [0.000]



Total charge in supercell =      18.00000000
 quench: [md:   0/10  scf:   5/100  step time:   1.70  scf time:     9.53 secs  RMS[dV]: 1.18e-03 ]


average potential <V> = -1.80e-16
Davidson converged in 4 steps

FERMI ENERGY =     -5.02960339 eV
@@ EIGENVALUE SUM     =      -26.643162 Ha
@@ ION_ION            =      -29.161043 Ha
@@ ELECTROSTATIC      =     -113.610080 Ha
@@ VXC                =      -22.006570 Ha
@@ EXC                =      -21.570179 Ha
@@ TOTAL ENERGY       =     -168.977893 Ha
@@ estimated error    =        1.46e-05 Ha
@@ TOTAL MAGNETIZATION    =   2.00000000 Bohr mag/cell
@@ ABSOLUTE MAGNETIZATION =   2.03400027 Bohr mag/cell
Charge normalization constant: 1.000000
Charge density mixing: Pulay

 charge density is NEGATIVE after interpolation, minimum is -1.045884e-06
 minimum charge density with core charge added is -1.055530e-06
 quench: [md:   0/10  scf:   6/100  step time:   1.64  scf time:    11.17 secs  RMS[dV]: 3.78e-03 ]


average potential <V> = -2.51e-15
Davidson converged in 2 steps

FERMI ENERGY =     -5.03474765 eV
@@ EIGENVALUE SUM     =      -26.653813 Ha
@@ ION_ION            =      -29.161043 Ha
@@ ELECTROSTATIC      =     -113.599220 Ha
@@ VXC                =      -22.005340 Ha
@@ EXC                =      -21.569160 Ha
@@ TOTAL ENERGY       =     -168.977896 Ha
@@ estimated error    =        3.58e-06 Ha
@@ TOTAL MAGNETIZATION    =   2.00000000 Bohr mag/cell
@@ ABSOLUTE MAGNETIZATION =   2.03910074 Bohr mag/cell
Charge normalization constant: 1.000000
Charge density mixing: Pulay

 charge density is NEGATIVE after interpolation, minimum is -7.993523e-07
 minimum charge density with core charge added is -8.077795e-07
 quench: [md:   0/10  scf:   7/100  step time:   1.66  scf time:    12.83 secs  RMS[dV]: 2.11e-03 ]


average potential <V> = 1.64e-15
Davidson converged in 3 steps

FERMI ENERGY =     -5.03428093 eV
@@ EIGENVALUE SUM     =      -26.658672 Ha
@@ ION_ION            =      -29.161043 Ha
@@ ELECTROSTATIC      =     -113.594193 Ha
@@ VXC                =      -22.004322 Ha
@@ EXC                =      -21.568314 Ha
@@ TOTAL ENERGY       =     -168.977900 Ha
@@ estimated error    =        5.87e-07 Ha
@@ TOTAL MAGNETIZATION    =   2.00000000 Bohr mag/cell
@@ ABSOLUTE MAGNETIZATION =   2.03903238 Bohr mag/cell
Charge normalization constant: 1.000000
Charge density mixing: Pulay

 charge density is NEGATIVE after interpolation, minimum is -1.545998e-06
 minimum charge density with core charge added is -1.546251e-06
 quench: [md:   0/10  scf:   8/100  step time:   1.80  scf time:    14.63 secs  RMS[dV]: 2.09e-03 ]


average potential <V> = 4.33e-16
Davidson converged in 4 steps

FERMI ENERGY =     -5.03247810 eV
@@ EIGENVALUE SUM     =      -26.647669 Ha
@@ ION_ION            =      -29.161043 Ha
@@ ELECTROSTATIC      =     -113.605573 Ha
@@ VXC                =      -22.006178 Ha
@@ EXC                =      -21.569797 Ha
@@ TOTAL ENERGY       =     -168.977904 Ha
@@ estimated error    =        3.93e-07 Ha
@@ TOTAL MAGNETIZATION    =   2.00000000 Bohr mag/cell
@@ ABSOLUTE MAGNETIZATION =   2.04096989 Bohr mag/cell
Charge normalization constant: 1.000000
Charge density mixing: Pulay

 charge density is NEGATIVE after interpolation, minimum is -2.782892e-06
 minimum charge density with core charge added is -2.783145e-06
 quench: [md:   0/10  scf:   9/100  step time:   1.69  scf time:    16.32 secs  RMS[dV]: 2.92e-03 ]


average potential <V> = -8.20e-16
Davidson converged in 3 steps

FERMI ENERGY =     -5.03377020 eV
@@ EIGENVALUE SUM     =      -26.655652 Ha
@@ ION_ION            =      -29.161043 Ha
@@ ELECTROSTATIC      =     -113.597345 Ha
@@ VXC                =      -22.004857 Ha
@@ EXC                =      -21.568721 Ha
@@ TOTAL ENERGY       =     -168.977904 Ha
@@ estimated error    =        1.76e-06 Ha
@@ TOTAL MAGNETIZATION    =   2.00000000 Bohr mag/cell
@@ ABSOLUTE MAGNETIZATION =   2.04154915 Bohr mag/cell
Charge normalization constant: 1.000000
Charge density mixing: Pulay

 charge density is NEGATIVE after interpolation, minimum is -7.144793e-06
 minimum charge density with core charge added is -7.145047e-06


KOHN SHAM EIGENVALUES [eV] AT K-POINT [  0]:       0.000000      0.000000      0.000000


------------- SPIN UP ---------------

[kpt   0  10   0]   -111.5369 [1.000]   -71.9203 [1.000]   -71.9203 [1.000]   -71.9203 [1.000]    -9.3843 [1.000]
[kpt   0  10   1]    -9.3843 [1.000]    -9.3839 [1.000]    -9.3839 [1.000]    -9.3839 [1.000]    -5.3514 [1.000]
[kpt   0  10   2]    -0.7452 [0.000]    -0.7452 [0.000]    -0.7452 [0.000]    -0.0883 [0.000]     1.3436 [0.000]
[kpt   0  10   3]     1.3437 [0.000]     2.5034 [0.000]     2.5046 [0.000]

------------ SPIN DOWN --------------

[kpt   0  10   0]   -109.4892 [1.000]   -69.7671 [1.000]   -69.7671 [1.000]   -69.7671 [1.000]    -7.3146 [0.600]
[kpt   0  10   1]    -7.3146 [0.600]    -7.3142 [0.600]    -7.3142 [0.600]    -7.3142 [0.600]    -5.0338 [1.000]
[kpt   0  10   2]    -0.6385 [0.000]    -0.6385 [0.000]    -0.6385 [0.000]    -0.0780 [0.000]     1.3174 [0.000]
[kpt   0  10   3]     1.3174 [0.000]     2.5254 [0.000]     2.5261 [0.000]



Total charge in supercell =      18.00000000
 quench: [md:   0/10  scf:  10/100  step time:   1.66  scf time:    17.98 secs  RMS[dV]: 1.24e-03 ]


average potential <V> = 3.14e-15
Davidson converged in 4 steps

FERMI ENERGY =     -5.03448868 eV
@@ EIGENVALUE SUM     =      -26.656896 Ha
@@ ION_ION            =      -29.161043 Ha
@@ ELECTROSTATIC      =     -113.596093 Ha
@@ VXC                =      -22.004786 Ha
@@ EXC                =      -21.568660 Ha
@@ TOTAL ENERGY       =     -168.977906 Ha
@@ estimated error    =        3.19e-08 Ha
@@ TOTAL MAGNETIZATION    =   2.00000000 Bohr mag/cell
@@ ABSOLUTE MAGNETIZATION =   2.04203713 Bohr mag/cell
Charge normalization constant: 1.000000
Charge density mixing: Pulay

 charge density is NEGATIVE after interpolation, minimum is -1.603947e-05
 minimum charge density with core charge added is -1.603973e-05
 quench: [md:   0/10  scf:  11/100  step time:   1.70  scf time:    19.67 secs  RMS[dV]: 2.23e-03 ]


average potential <V> = 1.04e-15
Davidson converged in 4 steps

FERMI ENERGY =     -5.03565431 eV
@@ EIGENVALUE SUM     =      -26.657364 Ha
@@ ION_ION            =      -29.161043 Ha
@@ ELECTROSTATIC      =     -113.595664 Ha
@@ VXC                =      -22.005005 Ha
@@ EXC                =      -21.568841 Ha
@@ TOTAL ENERGY       =     -168.977906 Ha
@@ estimated error    =        3.97e-08 Ha
@@ TOTAL MAGNETIZATION    =   2.00000000 Bohr mag/cell
@@ ABSOLUTE MAGNETIZATION =   2.04230905 Bohr mag/cell
Charge normalization constant: 1.000000
Charge density mixing: Pulay

 charge density is NEGATIVE after interpolation, minimum is -2.431255e-05
 minimum charge density with core charge added is -2.431604e-05
 quench: [md:   0/10  scf:  12/100  step time:   1.75  scf time:    21.42 secs  RMS[dV]: 3.17e-03 ]


average potential <V> = -2.85e-15
Davidson converged in 5 steps

FERMI ENERGY =     -5.03626046 eV
@@ EIGENVALUE SUM     =      -26.658438 Ha
@@ ION_ION            =      -29.161043 Ha
@@ ELECTROSTATIC      =     -113.594590 Ha
@@ VXC                =      -22.004985 Ha
@@ EXC                =      -21.568819 Ha
@@ TOTAL ENERGY       =     -168.977905 Ha
@@ estimated error    =        1.46e-08 Ha
@@ TOTAL MAGNETIZATION    =   2.00000000 Bohr mag/cell
@@ ABSOLUTE MAGNETIZATION =   2.04261348 Bohr mag/cell
Charge normalization constant: 1.000000
Charge density mixing: Pulay

 charge density is NEGATIVE after interpolation, minimum is -2.807202e-05
 minimum charge density with core charge added is -2.807551e-05
 quench: [md:   0/10  scf:  13/100  step time:   1.74  scf time:    23.16 secs  RMS[dV]: 2.22e-03 ]


average potential <V> = 1.09e-15
Davidson converged in 3 steps

FERMI ENERGY =     -5.03570934 eV
@@ EIGENVALUE SUM     =      -26.657589 Ha
@@ ION_ION            =      -29.161043 Ha
@@ ELECTROSTATIC      =     -113.595469 Ha
@@ VXC                =      -22.005061 Ha
@@ EXC                =      -21.568863 Ha
@@ TOTAL ENERGY       =     -168.977904 Ha
@@ estimated error    =        1.07e-08 Ha
@@ TOTAL MAGNETIZATION    =   2.00000000 Bohr mag/cell
@@ ABSOLUTE MAGNETIZATION =   2.04203149 Bohr mag/cell
Charge normalization constant: 1.000000
Charge density mixing: Pulay

 charge density is NEGATIVE after interpolation, minimum is -3.862681e-05
 minimum charge density with core charge added is -3.863030e-05
 quench: [md:   0/10  scf:  14/100  step time:   2.31  scf time:    25.47 secs  RMS[dV]: 6.73e-04 ]



 Convergence criterion reached: Energy variation (5.01e-09) is lower than threshold (1.00e-08)

potential convergence has been achieved. stopping ...

[   0  15   15       29 ] Quench.cpp: final total energy =    -168.97790351 Ha


KOHN SHAM EIGENVALUES [eV] AT K-POINT [  0]:       0.000000      0.000000      0.000000


------------- SPIN UP ---------------

[kpt   0  15   0]   -111.5397 [1.000]   -71.9230 [1.000]   -71.9230 [1.000]   -71.9230 [1.000]    -9.3872 [1.000]
[kpt   0  15   1]    -9.3872 [1.000]    -9.3870 [1.000]    -9.3870 [1.000]    -9.3870 [1.000]    -5.3547 [1.000]
[kpt   0  15   2]    -0.7495 [0.000]    -0.7495 [0.000]    -0.7495 [0.000]    -0.1000 [0.000]     1.3397 [0.000]
[kpt   0  15   3]     1.3397 [0.000]     2.4906 [0.000]     2.4913 [0.000]

------------ SPIN DOWN --------------

[kpt   0  15   0]   -109.4922 [1.000]   -69.7702 [1.000]   -69.7702 [1.000]   -69.7702 [1.000]    -7.3176 [0.600]
[kpt   0  15   1]    -7.3176 [0.600]    -7.3175 [0.600]    -7.3175 [0.600]    -7.3175 [0.600]    -5.0357 [1.000]
[kpt   0  15   2]    -0.6418 [0.000]    -0.6418 [0.000]    -0.6418 [0.000]    -0.0938 [0.000]     1.3122 [0.000]
[kpt   0  15   3]     1.3122 [0.000]     2.5078 [0.000]     2.5082 [0.000]



Total charge in supercell =      18.00000000
 volume and energy per atom =       580.30177636      -4598.12270434 eV

 Vdd took 0.001781 seconds
WriteRestart: Output file given as /dev/null, no restart data written ...



  IONIC POSITIONS [a0] AND FORCES [Ha/a0]
  Charge analysis using: Voronoi Deformation Density

@ION  Ion  Species       X           Y           Z       Charge       FX          FY         FZ      Movable
@ION    1    Ni      0.0000000   0.0000000   0.0000000    0.000   -0.0001947  -0.0000741   0.0002408  1 1 1

 mean FX      =   0.00019473 Ha/a0
 mean FY      =   0.00007412 Ha/a0
 mean FZ      =   0.00024081 Ha/a0

 max FX       =   0.00019473 Ha/a0   (ion 1)
 max FY       =   0.00007412 Ha/a0   (ion 1)
 max FZ       =   0.00024081 Ha/a0   (ion 1)
 max F[x,y,z] =   0.00024081 Ha/a0
 max |F|      =   0.00031844 Ha/a0   (ion 1)

 sum FX       =  -0.00019473 Ha/a0
 sum FY       =  -0.00007412 Ha/a0
 sum FZ       =   0.00024081 Ha/a0
 Average      =   0.00016989 Ha/a0
 sqrt < F^2 > =   0.00018385 Ha/a0

WriteRestart: Output file given as /dev/null, no restart data written ...


--------TIMING INFORMATION FOR Processor owned the most atoms----------------
                                        Total time               Per SCF/step

1-TOTAL                                            30.26                2.02
-----------------------------------------------------------------------------
  1-TOTAL: Init                                     3.30                0.22
  1-TOTAL: run                                     26.95                1.80
  ---------------------------------------------------------------------------
    1-TOTAL: run: Force                             1.47                0.10
    1-TOTAL: run: Scf steps                        25.42                1.69

2-Force                                             1.47                0.10
-----------------------------------------------------------------------------
  2-Force: core correction                          0.30                0.02
  2-Force: corrections                              0.31                0.02
  2-Force: ion-ion                                  0.03                0.00
  2-Force: local                                    0.32                0.02
  2-Force: non-local                                0.50                0.03
  2-Force: non-local-betaxpsi                       0.01                0.00
  2-Force: non-local-get gamma                      0.00                0.00
  2-Force: non-local-nlforce_par_Q                  0.25                0.02
  2-Force: non-local-nlforce_par_gamma              0.00                0.00
  2-Force: non-local-nlforce_par_omega              0.00                0.00
  2-Force: non-local-partial gamma                  0.00                0.00
  2-Force: non-local-veff grad                      0.25                0.02

2-Init                                              3.30                0.22
-----------------------------------------------------------------------------
  2-Init: GetNewRho                                 0.17                0.01
  2-Init: KpointClass                               1.06                0.07
  2-Init: LcaoGetPsi                                0.05                0.00
  2-Init: LcaoGetRho                                0.06                0.00
  2-Init: ReinitIonicPotentials                     0.24                0.02
  2-Init: betaxpsi                                  0.01                0.00
  2-Init: exchange/correlation                      0.76                0.05
  2-Init: hartree                                   0.27                0.02
  2-Init: normalization                             0.00                0.00
  2-Init: radial potentials                         0.21                0.01
  2-Init: subdiag                                   0.05                0.00
  2-Init: weights                                   0.07                0.00

2-Scf steps                                        25.42                1.69
-----------------------------------------------------------------------------
  2-Scf steps: Davidson                             4.94                0.33
  2-Scf steps: GetNewRho                            0.80                0.05
  2-Scf steps: Hartree                              3.35                0.22
  2-Scf steps: MgridSubspace                        1.41                0.09
  2-Scf steps: MixRho                               2.21                0.15
  2-Scf steps: exchange/correlation                 9.79                0.65

3-MgridSubspace                                     1.41                0.09
-----------------------------------------------------------------------------
  3-MgridSubspace: AppNls                           0.04                0.00
  3-MgridSubspace: Beta x psi                       0.09                0.01
  3-MgridSubspace: Diagonalization                  0.25                0.02
  3-MgridSubspace: Mg_eig                           1.03                0.07

3-ReinitIonicPotentials                             0.24                0.02
-----------------------------------------------------------------------------
  3-ReinitIonicPotentials: GetNlop                  0.00                0.00
  3-ReinitIonicPotentials: GetWeight                0.08                0.01
  3-ReinitIonicPotentials: get_QI                   0.00                0.00
  3-ReinitIonicPotentials: get_qqq                  0.00                0.00
  3-ReinitIonicPotentials: init_nuc                 0.15                0.01

4-Diagonalization                                   0.30                0.02
-----------------------------------------------------------------------------
  4-Diagonalization: ELPA/PDSYGVX/PZHEGVX           0.00                0.00
  4-Diagonalization: Hpsi                           0.13                0.01
  4-Diagonalization: MPI_Bcast                      0.00                0.00
  4-Diagonalization: Update orbitals                0.04                0.00
  ---------------------------------------------------------------------------
    4-Diagonalization: Update orbitals: gather           0.00                0.00
    4-Diagonalization: Update orbitals: gemm           0.03                0.00
  4-Diagonalization: matrix                         0.05                0.00
  ---------------------------------------------------------------------------
    4-Diagonalization: matrix: Allreduce            0.02                0.00
    4-Diagonalization: matrix: Gemm                 0.04                0.00

5-Functional                                       10.42                0.69
-----------------------------------------------------------------------------
  5-Functional: apply gradient                      1.84                0.12
  5-Functional: libxc                               6.15                0.41
  5-Functional: vxc                                10.38                0.69
  5-Functional: vxc grad                            6.75                0.45
  5-Functional: vxc local                           3.54                0.24
  5-Functional: vxc nonlocal                        0.00                0.00

6-Davidson                                          4.94                0.33
-----------------------------------------------------------------------------
  6-Davidson: Betaxpsi                              0.30                0.02
  6-Davidson: apply hamiltonian                     1.15                0.08
  6-Davidson: diagonalization                       0.11                0.01
  6-Davidson: generate residuals                    0.39                0.03
  6-Davidson: matrix setup/reduce                   0.82                0.05
  6-Davidson: normalization                         0.22                0.01
  6-Davidson: precondition                          1.81                0.12
  6-Davidson: refresh h_psi and s_psi               0.02                0.00
  6-Davidson: reset hr,sr,vr                        0.00                0.00
  6-Davidson: rotate orbitals                       0.12                0.01

AppNls                                              0.26                0.02
-----------------------------------------------------------------------------
  AppNls: data_rearrange                            0.00                0.00
  ---------------------------------------------------------------------------
    AppNls: data_rearrange: alloc and zeros           0.00                0.00
    AppNls: data_rearrange: dnm                     0.00                0.00
    AppNls: data_rearrange: sint                    0.00                0.00
  AppNls: nv                                        0.21                0.01
  AppNls: nv_work                                   0.00                0.00

App_gradient                                        1.74                0.12

ApplyAOperator                                      0.11                0.01

CPUFD                                               0.03                0.00

Compute Hpsi                                        0.13                0.01
-----------------------------------------------------------------------------
  Compute Hpsi: AppNls                              0.03                0.00
  Compute Hpsi: Threaded Apply H                    0.10                0.01

GlobalSums                                          0.29                0.02

Init                                                2.24                0.15

Init Voronoi                                        0.05                0.00

Mix rho                                             2.33                0.16
-----------------------------------------------------------------------------
  Mix rho: Linear                                   0.56                0.04
  Mix rho: Pulay                                    1.69                0.11

Orbital                                             0.02                0.00
-----------------------------------------------------------------------------
  Orbital: phase and set                            0.02                0.00
  Orbital: proj cal                                 0.02                0.00
  Trade images: trade_images                        0.00                0.00
  Trade images: trade_imagesx                       0.63                0.04

VhPfft                                              3.33                0.22

Weight                                              0.05                0.00

radial beta                                         0.16                0.01


------------------------- TIMING INFORMATION FOR THREADS  -------------------

                                           Min            Max            Avg
ApplyAOperator                             1.47           1.47           1.47
-----------------------------------------------------------------------------

CPUFD                                      0.61           0.61           0.61
-----------------------------------------------------------------------------

GlobalSums                                 0.39           0.39           0.39
-----------------------------------------------------------------------------

Mg_eig                                     1.02           1.02           1.02
-----------------------------------------------------------------------------
  Mg_eig: apply hamiltonian                0.62           0.62           0.62
  Mg_eig: mgrid_solv                       0.19           0.19           0.19
  Trade images: trade_images               0.87           0.87           0.87
  Trade images: trade_imagesx              0.90           0.90           0.90
