RMG initialization ... 1 image(s) total, 1 per node. 12 MPI processes/image. Thread level 2.
FFT-FD  0.000000e+00   1.153549e-04
FFT-FD  1.000000e+00   2.117438e-05
IP=0 M = -9.418048e-05  1.224828e+00  1.153549e-04
FFT-FD  0.000000e+00   5.750471e-04
FFT-FD  1.000000e+00   -1.234640e-04
IP=1 M = -6.985112e-04  8.232469e-01  5.750471e-04
FFT-FD  0.000000e+00   5.750471e-04
FFT-FD  1.000000e+00   -1.234640e-04
IP=2 M = -6.985112e-04  8.232469e-01  5.750471e-04
FFT-FD  0.000000e+00   5.750471e-04
FFT-FD  1.000000e+00   -1.234640e-04
IP=3 M = -6.985112e-04  8.232469e-01  5.750471e-04
FFT-FD  0.000000e+00   9.930365e-04
FFT-FD  1.000000e+00   -2.505826e-04
IP=4 M = -1.243619e-03  7.985053e-01  9.930365e-04
FFT-FD  0.000000e+00   9.930365e-04
FFT-FD  1.000000e+00   -2.505826e-04
IP=5 M = -1.243619e-03  7.985053e-01  9.930365e-04
FFT-FD  0.000000e+00   3.112157e-03
FFT-FD  1.000000e+00   -5.030400e-05
IP=6 M = -3.162461e-03  9.840934e-01  3.112157e-03
FFT-FD  0.000000e+00   9.930365e-04
FFT-FD  1.000000e+00   -2.505826e-04
IP=7 M = -1.243619e-03  7.985053e-01  9.930365e-04
FFT-FD  0.000000e+00   3.112157e-03
FFT-FD  1.000000e+00   -5.030400e-05
IP=8 M = -3.162461e-03  9.840934e-01  3.112157e-03
FFT-FD  0.000000e+00   2.725183e-05
FFT-FD  1.000000e+00   7.850407e-06
IP=9 M = -1.940143e-05  1.404630e+00  2.725183e-05
NEWCFAC = 0.898263  0.898263


                     * * * * * * * * * *
                     *    R   M   G    *
                     * * * * * * * * * *

     -- A Real Space Multigrid Electronic structure code --
     --      More information at www.rmgdft.org          --

Code Revision:     5.0.0_beta1_111_gca5c3507
Build Date:        Feb 22 2023  21:48:37
Start time:        Sun Feb 26 20:49:08 2023

NOTICE: RMG internal pseudopotentials have switched to
ONCVP from Ultrasoft. You can revert to Ultrasoft by
adding the input tag internal_pseudo_type="ultrasoft" to
your input files.


Files
   Control input file:        input1
   Data output file:          /dev/null

Run Setup
    Calculation type:         Quench electrons - Fixed ions SCF calculation
    Description:              Ni atom test cell
    Orbital Initialization:   LCAO (10 LCAO and 0 random orbitals)
    Exchange Correlation:     pbe
    Spin Polarization:        ON
    System charge:            Neutral

Processor Topology
   Total PEs:                 6
   X direction:               3
   Y direction:               2
   Z direction:               1
   MG Threads/PE:             1
   OMP Threads/PE:            1

Grid Points  (Linear Anisotropy: 1.000)
    X:  Total: 56   Per PE: 19   Spacing:0.281 a0  
    Y:  Total: 56   Per PE: 28   Spacing:0.281 a0  
    Z:  Total: 56   Per PE: 56   Spacing:0.281 a0  

    Equivalent energy cutoffs (psi,rho):   124.578    498.313 Ry

    Charge density grid:         2 times finer

Coordinate planes
  Planar Anisotropy: 1.000
  A0-A1 density:    12.622
  A0-A2 density:    12.622
  A1-A2 density:    12.622


Lattice (Cell) Setup
    Type:                       Cubic_primitive
    Volume (a0^3):               3916.07
    Boundary conditions:        Periodic

    X Basis Vector:      15.762       0.000       0.000 a0
    Y Basis Vector:       0.000      15.762       0.000 a0
    Z Basis Vector:       0.000       0.000      15.762 a0
    X Reci Vector:       0.063      -0.000       0.000 a0
    Y Reci Vector:       0.000       0.063       0.000 a0
    Z Reci Vector:       0.000      -0.000       0.063 a0

K-points
    Gamma Point Only (real orbitals)

Atoms and States
    Number of ions:                          1
    Number of species:                       1
    Number of spin up states:                18
    Number of spin down states:              18

Run Parameters
    SCF Convergence criterion (potential):   1.00e-08
    SCF Convergence criterion (energy):      1.00e-08
    Max SCF steps:                           100

SCF Cycle Settings
    Charge density mixing:                   Pulay  (Order:5 Scale:0.20 Refresh:100)
    Hartree Solver:                          PFFT
    Interpolation type:                      FFT

Subspace Diagonalization Options
    Frequency:                               every 1 SCF step(s)
    Driver:                                  ScaLapack
    Initial diagonalization:                 ON
    Folded spectrum:                         OFF

Filtering Cutoff  Parameters
    Wavefunction grid (cparm):               0.800
    Charge density grid (rhocparm):          1.000
    Filter factor:                           1.000

Multigrid (MG) Parameters
    Psi MG levels:                           3
    Psi global step:                         0.660 
    Psi pre:                                 2
    Psi post:                                2

Davidson Parameters
    Davidson multiplier:                     4
    Davidson max step:                       8
    Davidson unocc tol factor:               1000.000

Blas Libraries
    CPU support with openblas-parallel.


Atomic Species Information
(PP = Pseudopotential, US = Ultrasoft, NC = Norm Conserving)
-------------------------------------------------------------------------
|Index|Symbol| Mass|Valence| PP |  Comp  |Local| Local|Nlocal|    PP    |
|     |      |     |       |Type|Gaussian|  l  |Radius|Radius|Functional|
-------------------------------------------------------------------------
|    1|    Ni| 58.0|  18.00|  NC|    0.66|   -1| 10.00|  7.00|       PBE|
-------------------------------------------------------------------------

Pseudopotential generation information:
  Ni pseudopotential file: ./@Internal
      Generation info     : Generated using ONCVPSP code by D. R. Hamann
      Author info         : anonymous


Memory usage (Mbytes):     Min        Max       Total
    wave functions         16.26      17.16     202.32
    beta-functions          8.13       8.58      50.59



Initial Ionic Positions And Displacements (Bohr)
Species      X           Y           Z           dX          dY          dZ
  Ni       0.0000      0.0000      0.0000      0.0000      0.0000      0.0000


Initial Ionic Positions And Displacements (Angstrom)
Species      X           Y           Z           dX          dY          dZ
  Ni       0.0000      0.0000      0.0000      0.0000      0.0000      0.0000

Diagonalization using scalapack for step=0  count=0



KOHN SHAM EIGENVALUES [eV] AT K-POINT [  0]:       0.000000      0.000000      0.000000


------------- SPIN UP ---------------

[kpt   0  -1   0]   -111.4091 [1.000]   -71.7488 [1.000]   -71.7488 [1.000]   -71.7488 [1.000]    -9.1313 [1.000]
[kpt   0  -1   1]    -9.1313 [1.000]    -9.1170 [1.000]    -9.1170 [1.000]    -9.1170 [1.000]    -5.2965 [1.000]
[kpt   0  -1   2]   360.2722 [0.000]   744.3067 [0.000]   762.3661 [0.000]   843.2719 [0.000]   904.5460 [0.000]
[kpt   0  -1   3]   913.6830 [0.000]   963.3699 [0.000]   1009.2704 [0.000]

------------ SPIN DOWN --------------

[kpt   0  -1   0]   -109.3412 [1.000]   -69.6570 [1.000]   -69.6570 [1.000]   -69.6570 [1.000]    -7.3203 [0.600]
[kpt   0  -1   1]    -7.3203 [0.600]    -7.3056 [0.600]    -7.3056 [0.600]    -7.3056 [0.600]    -4.8707 [1.000]
[kpt   0  -1   2]   360.3290 [0.000]   744.3693 [0.000]   762.4095 [0.000]   843.3394 [0.000]   904.6049 [0.000]
[kpt   0  -1   3]   913.7385 [0.000]   963.4247 [0.000]   1009.3235 [0.000]


Charge normalization constant: 1.000000
Charge density mixing: Linear with a constant of 0.20 

 charge density is NEGATIVE after interpolation, minimum is -3.560414e-04
 minimum charge density with core charge added is -3.560429e-04

Diagonalization using scalapack for step=0  count=1


FERMI ENERGY =     -4.89294037 eV
@@ EIGENVALUE SUM     =      -26.575244 Ha
@@ ION_ION            =      -29.161043 Ha
@@ ELECTROSTATIC      =     -113.674865 Ha
@@ VXC                =      -22.000676 Ha
@@ EXC                =      -21.564937 Ha
@@ TOTAL ENERGY       =     -168.975413 Ha
@@ estimated error    =   ****************
@@ TOTAL MAGNETIZATION    =   2.00000000 Bohr mag/cell
@@ ABSOLUTE MAGNETIZATION =   2.00101348 Bohr mag/cell
Charge normalization constant: 1.000000
Charge density mixing: Linear with a constant of 0.20 

 charge density is NEGATIVE after interpolation, minimum is -8.216075e-04
 minimum charge density with core charge added is -8.216090e-04
WriteRestart: Output file given as /dev/null, no restart data written ...


KOHN SHAM EIGENVALUES [eV] AT K-POINT [  0]:       0.000000      0.000000      0.000000


------------- SPIN UP ---------------

[kpt   0   0   0]   -111.4232 [1.000]   -71.7711 [1.000]   -71.7711 [1.000]   -71.7711 [1.000]    -9.1692 [1.000]
[kpt   0   0   1]    -9.1691 [1.000]    -9.1540 [1.000]    -9.1540 [1.000]    -9.1540 [1.000]    -5.3082 [1.000]
[kpt   0   0   2]     1.1913 [0.000]    15.1510 [0.000]    17.1215 [0.000]    18.5104 [0.000]    25.7112 [0.000]
[kpt   0   0   3]    31.9426 [0.000]    37.5415 [0.000]    44.9344 [0.000]

------------ SPIN DOWN --------------

[kpt   0   0   0]   -109.3829 [1.000]   -69.6926 [1.000]   -69.6926 [1.000]   -69.6926 [1.000]    -7.3188 [0.600]
[kpt   0   0   1]    -7.3188 [0.600]    -7.3156 [0.600]    -7.3156 [0.600]    -7.3156 [0.600]    -4.8929 [1.000]
[kpt   0   0   2]     1.2478 [0.000]    15.2031 [0.000]    17.1613 [0.000]    18.5717 [0.000]    25.7664 [0.000]
[kpt   0   0   3]    32.0049 [0.000]    37.6153 [0.000]    45.0144 [0.000]



Total charge in supercell =      18.00000000
 quench: [md:   0/10  scf:   0/100  step time:   0.65  scf time:     0.67 secs  RMS[dV]: 6.65e-03 ]


average potential <V> = -6.21e-17

Diagonalization using scalapack for step=1  count=2


FERMI ENERGY =     -4.91311070 eV
@@ EIGENVALUE SUM     =      -26.594322 Ha
@@ ION_ION            =      -29.161043 Ha
@@ ELECTROSTATIC      =     -113.656193 Ha
@@ VXC                =      -22.000250 Ha
@@ EXC                =      -21.564857 Ha
@@ TOTAL ENERGY       =     -168.976164 Ha
@@ estimated error    =        5.84e-05 Ha
@@ TOTAL MAGNETIZATION    =   2.00000000 Bohr mag/cell
@@ ABSOLUTE MAGNETIZATION =   2.00275659 Bohr mag/cell
Charge normalization constant: 1.000000
Charge density mixing: Linear with a constant of 0.20 

 charge density is NEGATIVE after interpolation, minimum is -1.299398e-03
 minimum charge density with core charge added is -1.299404e-03
 quench: [md:   0/10  scf:   1/100  step time:   0.59  scf time:     1.26 secs  RMS[dV]: 6.44e-03 ]


average potential <V> = 4.99e-15

Diagonalization using scalapack for step=2  count=3


FERMI ENERGY =     -4.93091539 eV
@@ EIGENVALUE SUM     =      -26.609953 Ha
@@ ION_ION            =      -29.161043 Ha
@@ ELECTROSTATIC      =     -113.640781 Ha
@@ VXC                =      -22.000428 Ha
@@ EXC                =      -21.565204 Ha
@@ TOTAL ENERGY       =     -168.976552 Ha
@@ estimated error    =        4.83e-05 Ha
@@ TOTAL MAGNETIZATION    =   2.00000000 Bohr mag/cell
@@ ABSOLUTE MAGNETIZATION =   2.00460341 Bohr mag/cell
Charge normalization constant: 1.000000
Charge density mixing: Linear with a constant of 0.20 

 charge density is NEGATIVE after interpolation, minimum is -1.689299e-03
 minimum charge density with core charge added is -1.689305e-03
 quench: [md:   0/10  scf:   2/100  step time:   0.59  scf time:     1.86 secs  RMS[dV]: 4.31e-03 ]


average potential <V> = 2.36e-15

Diagonalization using scalapack for step=3  count=4


FERMI ENERGY =     -4.94674689 eV
@@ EIGENVALUE SUM     =      -26.621092 Ha
@@ ION_ION            =      -29.161043 Ha
@@ ELECTROSTATIC      =     -113.629876 Ha
@@ VXC                =      -22.001143 Ha
@@ EXC                =      -21.565931 Ha
@@ TOTAL ENERGY       =     -168.976798 Ha
@@ estimated error    =        3.54e-05 Ha
@@ TOTAL MAGNETIZATION    =   2.00000000 Bohr mag/cell
@@ ABSOLUTE MAGNETIZATION =   2.00643239 Bohr mag/cell
Charge normalization constant: 1.000000
Charge density mixing: Linear with a constant of 0.20 

 charge density is NEGATIVE after interpolation, minimum is -2.010027e-03
 minimum charge density with core charge added is -2.010024e-03
 quench: [md:   0/10  scf:   3/100  step time:   0.60  scf time:     2.46 secs  RMS[dV]: 3.22e-03 ]


average potential <V> = -2.25e-15
Davidson incomplete convergence steps = 8

FERMI ENERGY =     -4.96041467 eV
@@ EIGENVALUE SUM     =      -26.628658 Ha
@@ ION_ION            =      -29.161043 Ha
@@ ELECTROSTATIC      =     -113.622637 Ha
@@ VXC                =      -22.002185 Ha
@@ EXC                =      -21.566884 Ha
@@ TOTAL ENERGY       =     -168.977037 Ha
@@ estimated error    =        2.61e-05 Ha
@@ TOTAL MAGNETIZATION    =   2.00000000 Bohr mag/cell
@@ ABSOLUTE MAGNETIZATION =   2.00814054 Bohr mag/cell
Charge normalization constant: 1.000000
Charge density mixing: Pulay

 charge density is NEGATIVE after interpolation, minimum is -2.343936e-03
 minimum charge density with core charge added is -2.343933e-03
 quench: [md:   0/10  scf:   4/100  step time:   0.89  scf time:     3.35 secs  RMS[dV]: 2.83e-03 ]


average potential <V> = 2.87e-15
Davidson converged in 5 steps

FERMI ENERGY =     -4.97309756 eV
@@ EIGENVALUE SUM     =      -26.630364 Ha
@@ ION_ION            =      -29.161043 Ha
@@ ELECTROSTATIC      =     -113.621272 Ha
@@ VXC                =      -22.004189 Ha
@@ EXC                =      -21.568580 Ha
@@ TOTAL ENERGY       =     -168.977071 Ha
@@ estimated error    =        2.90e-05 Ha
@@ TOTAL MAGNETIZATION    =   2.00000000 Bohr mag/cell
@@ ABSOLUTE MAGNETIZATION =   2.00981160 Bohr mag/cell
Charge normalization constant: 1.000000
Charge density mixing: Pulay

 charge density is NEGATIVE after interpolation, minimum is -3.749502e-03
 minimum charge density with core charge added is -3.749499e-03


KOHN SHAM EIGENVALUES [eV] AT K-POINT [  0]:       0.000000      0.000000      0.000000


------------- SPIN UP ---------------

[kpt   0   5   0]   -111.4887 [1.000]   -71.8620 [1.000]   -71.8620 [1.000]   -71.8619 [1.000]    -9.3031 [1.000]
[kpt   0   5   1]    -9.3029 [1.000]    -9.2966 [1.000]    -9.2966 [1.000]    -9.2965 [1.000]    -5.3533 [1.000]
[kpt   0   5   2]    -0.7602 [0.000]    -0.7600 [0.000]    -0.7599 [0.000]     0.0046 [0.000]     1.3909 [0.000]
[kpt   0   5   3]     1.3917 [0.000]     2.6053 [0.000]     2.6117 [0.000]

------------ SPIN DOWN --------------

[kpt   0   5   0]   -109.4705 [1.000]   -69.7670 [1.000]   -69.7670 [1.000]   -69.7670 [1.000]    -7.3478 [0.600]
[kpt   0   5   1]    -7.3477 [0.600]    -7.3477 [0.600]    -7.2960 [0.600]    -7.2957 [0.600]    -4.9731 [1.000]
[kpt   0   5   2]    -0.5790 [0.000]    -0.5788 [0.000]    -0.5784 [0.000]     0.0602 [0.000]     1.4296 [0.000]
[kpt   0   5   3]     1.4307 [0.000]     2.6721 [0.000]     2.6823 [0.000]



Total charge in supercell =      18.00000000
 quench: [md:   0/10  scf:   5/100  step time:   0.62  scf time:     3.97 secs  RMS[dV]: 2.20e-03 ]


average potential <V> = 3.16e-15
Davidson converged in 3 steps

FERMI ENERGY =     -5.02903576 eV
@@ EIGENVALUE SUM     =      -26.648295 Ha
@@ ION_ION            =      -29.161043 Ha
@@ ELECTROSTATIC      =     -113.604266 Ha
@@ VXC                =      -22.011740 Ha
@@ EXC                =      -21.574989 Ha
@@ TOTAL ENERGY       =     -168.976852 Ha
@@ estimated error    =        1.76e-05 Ha
@@ TOTAL MAGNETIZATION    =   2.00000000 Bohr mag/cell
@@ ABSOLUTE MAGNETIZATION =   2.05143394 Bohr mag/cell
Charge normalization constant: 1.000000
Charge density mixing: Pulay

 charge density is NEGATIVE after interpolation, minimum is -3.782301e-03
 minimum charge density with core charge added is -3.782298e-03
 quench: [md:   0/10  scf:   6/100  step time:   0.71  scf time:     4.68 secs  RMS[dV]: 6.52e-03 ]


average potential <V> = 2.62e-15
Davidson converged in 2 steps

FERMI ENERGY =     -5.03459027 eV
@@ EIGENVALUE SUM     =      -26.660386 Ha
@@ ION_ION            =      -29.161043 Ha
@@ ELECTROSTATIC      =     -113.591896 Ha
@@ VXC                =      -22.010323 Ha
@@ EXC                =      -21.573843 Ha
@@ TOTAL ENERGY       =     -168.976846 Ha
@@ estimated error    =        4.42e-06 Ha
@@ TOTAL MAGNETIZATION    =   2.00000000 Bohr mag/cell
@@ ABSOLUTE MAGNETIZATION =   2.05705094 Bohr mag/cell
Charge normalization constant: 1.000000
Charge density mixing: Pulay

 charge density is NEGATIVE after interpolation, minimum is -3.721461e-03
 minimum charge density with core charge added is -3.721458e-03
 quench: [md:   0/10  scf:   7/100  step time:   0.65  scf time:     5.33 secs  RMS[dV]: 2.07e-03 ]


average potential <V> = 1.45e-15
Davidson converged in 3 steps

FERMI ENERGY =     -5.03410059 eV
@@ EIGENVALUE SUM     =      -26.662933 Ha
@@ ION_ION            =      -29.161043 Ha
@@ ELECTROSTATIC      =     -113.589242 Ha
@@ VXC                =      -22.009607 Ha
@@ EXC                =      -21.573250 Ha
@@ TOTAL ENERGY       =     -168.976861 Ha
@@ estimated error    =        4.84e-07 Ha
@@ TOTAL MAGNETIZATION    =   2.00000000 Bohr mag/cell
@@ ABSOLUTE MAGNETIZATION =   2.05741609 Bohr mag/cell
Charge normalization constant: 1.000000
Charge density mixing: Pulay

 charge density is NEGATIVE after interpolation, minimum is -3.692985e-03
 minimum charge density with core charge added is -3.692981e-03
 quench: [md:   0/10  scf:   8/100  step time:   0.67  scf time:     6.00 secs  RMS[dV]: 1.82e-03 ]


average potential <V> = -5.48e-15
Davidson converged in 3 steps

FERMI ENERGY =     -5.03546146 eV
@@ EIGENVALUE SUM     =      -26.660223 Ha
@@ ION_ION            =      -29.161043 Ha
@@ ELECTROSTATIC      =     -113.592096 Ha
@@ VXC                =      -22.010208 Ha
@@ EXC                =      -21.573731 Ha
@@ TOTAL ENERGY       =     -168.976884 Ha
@@ estimated error    =        2.20e-07 Ha
@@ TOTAL MAGNETIZATION    =   2.00000000 Bohr mag/cell
@@ ABSOLUTE MAGNETIZATION =   2.06455043 Bohr mag/cell
Charge normalization constant: 1.000000
Charge density mixing: Pulay

 charge density is NEGATIVE after interpolation, minimum is -3.682098e-03
 minimum charge density with core charge added is -3.682095e-03
 quench: [md:   0/10  scf:   9/100  step time:   0.74  scf time:     6.74 secs  RMS[dV]: 4.06e-03 ]


average potential <V> = 6.01e-16
Davidson converged in 2 steps

FERMI ENERGY =     -5.03564451 eV
@@ EIGENVALUE SUM     =      -26.662431 Ha
@@ ION_ION            =      -29.161043 Ha
@@ ELECTROSTATIC      =     -113.589807 Ha
@@ VXC                =      -22.009803 Ha
@@ EXC                =      -21.573407 Ha
@@ TOTAL ENERGY       =     -168.976886 Ha
@@ estimated error    =        1.56e-07 Ha
@@ TOTAL MAGNETIZATION    =   2.00000000 Bohr mag/cell
@@ ABSOLUTE MAGNETIZATION =   2.06373758 Bohr mag/cell
Charge normalization constant: 1.000000
Charge density mixing: Pulay

 charge density is NEGATIVE after interpolation, minimum is -3.690236e-03
 minimum charge density with core charge added is -3.690233e-03


KOHN SHAM EIGENVALUES [eV] AT K-POINT [  0]:       0.000000      0.000000      0.000000


------------- SPIN UP ---------------

[kpt   0  10   0]   -111.5419 [1.000]   -71.9302 [1.000]   -71.9302 [1.000]   -71.9301 [1.000]    -9.3979 [1.000]
[kpt   0  10   1]    -9.3979 [1.000]    -9.3909 [1.000]    -9.3909 [1.000]    -9.3908 [1.000]    -5.3803 [1.000]
[kpt   0  10   2]    -0.7731 [0.000]    -0.7731 [0.000]    -0.7729 [0.000]    -0.0983 [0.000]     1.3294 [0.000]
[kpt   0  10   3]     1.3294 [0.000]     2.4890 [0.000]     2.4901 [0.000]

------------ SPIN DOWN --------------

[kpt   0  10   0]   -109.4959 [1.000]   -69.7890 [1.000]   -69.7889 [1.000]   -69.7889 [1.000]    -7.3560 [0.600]
[kpt   0  10   1]    -7.3560 [0.600]    -7.3559 [0.600]    -7.2512 [0.600]    -7.2512 [0.600]    -5.0356 [1.000]
[kpt   0  10   2]    -0.6501 [0.000]    -0.6501 [0.000]    -0.6498 [0.000]    -0.0941 [0.000]     1.2980 [0.000]
[kpt   0  10   3]     1.2980 [0.000]     2.5106 [0.000]     2.5150 [0.000]



Total charge in supercell =      18.00000000
 quench: [md:   0/10  scf:  10/100  step time:   0.57  scf time:     7.31 secs  RMS[dV]: 1.84e-04 ]


average potential <V> = -4.56e-16
Davidson converged in 3 steps

FERMI ENERGY =     -5.03685754 eV
@@ EIGENVALUE SUM     =      -26.664249 Ha
@@ ION_ION            =      -29.161043 Ha
@@ ELECTROSTATIC      =     -113.587944 Ha
@@ VXC                =      -22.009683 Ha
@@ EXC                =      -21.573328 Ha
@@ TOTAL ENERGY       =     -168.976880 Ha
@@ estimated error    =        2.34e-08 Ha
@@ TOTAL MAGNETIZATION    =   2.00000000 Bohr mag/cell
@@ ABSOLUTE MAGNETIZATION =   2.06443256 Bohr mag/cell
Charge normalization constant: 1.000000
Charge density mixing: Pulay

 charge density is NEGATIVE after interpolation, minimum is -3.694619e-03
 minimum charge density with core charge added is -3.694616e-03
 quench: [md:   0/10  scf:  11/100  step time:   0.71  scf time:     8.02 secs  RMS[dV]: 7.87e-04 ]


average potential <V> = -3.52e-16
Davidson converged in 1 steps

FERMI ENERGY =     -5.03695204 eV
@@ EIGENVALUE SUM     =      -26.664104 Ha
@@ ION_ION            =      -29.161043 Ha
@@ ELECTROSTATIC      =     -113.588094 Ha
@@ VXC                =      -22.009738 Ha
@@ EXC                =      -21.573376 Ha
@@ TOTAL ENERGY       =     -168.976878 Ha
@@ estimated error    =        2.33e-08 Ha
@@ TOTAL MAGNETIZATION    =   2.00000000 Bohr mag/cell
@@ ABSOLUTE MAGNETIZATION =   2.06433958 Bohr mag/cell
Charge normalization constant: 1.000000
Charge density mixing: Pulay

 charge density is NEGATIVE after interpolation, minimum is -3.694797e-03
 minimum charge density with core charge added is -3.694794e-03
 quench: [md:   0/10  scf:  12/100  step time:   0.61  scf time:     8.64 secs  RMS[dV]: 1.48e-04 ]


average potential <V> = -7.04e-16
Davidson converged in 3 steps

FERMI ENERGY =     -5.03680793 eV
@@ EIGENVALUE SUM     =      -26.663476 Ha
@@ ION_ION            =      -29.161043 Ha
@@ ELECTROSTATIC      =     -113.588734 Ha
@@ VXC                =      -22.009835 Ha
@@ EXC                =      -21.573458 Ha
@@ TOTAL ENERGY       =     -168.976876 Ha
@@ estimated error    =        1.25e-08 Ha
@@ TOTAL MAGNETIZATION    =   2.00000000 Bohr mag/cell
@@ ABSOLUTE MAGNETIZATION =   2.06420539 Bohr mag/cell
Charge normalization constant: 1.000000
Charge density mixing: Pulay

 charge density is NEGATIVE after interpolation, minimum is -3.694357e-03
 minimum charge density with core charge added is -3.694354e-03
 quench: [md:   0/10  scf:  13/100  step time:   0.93  scf time:     9.57 secs  RMS[dV]: 2.25e-04 ]



 Convergence criterion reached: Energy variation (6.66e-10) is lower than threshold (1.00e-08)

potential convergence has been achieved. stopping ...

[   0  14   14       11 ] Quench.cpp: final total energy =    -168.97687575 Ha


KOHN SHAM EIGENVALUES [eV] AT K-POINT [  0]:       0.000000      0.000000      0.000000


------------- SPIN UP ---------------

[kpt   0  14   0]   -111.5430 [1.000]   -71.9318 [1.000]   -71.9318 [1.000]   -71.9317 [1.000]    -9.3993 [1.000]
[kpt   0  14   1]    -9.3993 [1.000]    -9.3926 [1.000]    -9.3926 [1.000]    -9.3926 [1.000]    -5.3818 [1.000]
[kpt   0  14   2]    -0.7740 [0.000]    -0.7740 [0.000]    -0.7738 [0.000]    -0.1014 [0.000]     1.3298 [0.000]
[kpt   0  14   3]     1.3298 [0.000]     2.4854 [0.000]     2.4861 [0.000]

------------ SPIN DOWN --------------

[kpt   0  14   0]   -109.4973 [1.000]   -69.7911 [1.000]   -69.7911 [1.000]   -69.7911 [1.000]    -7.3589 [0.600]
[kpt   0  14   1]    -7.3589 [0.600]    -7.3588 [0.600]    -7.2499 [0.600]    -7.2499 [0.600]    -5.0368 [1.000]
[kpt   0  14   2]    -0.6511 [0.000]    -0.6511 [0.000]    -0.6508 [0.000]    -0.0991 [0.000]     1.2973 [0.000]
[kpt   0  14   3]     1.2973 [0.000]     2.5047 [0.000]     2.5076 [0.000]



Total charge in supercell =      18.00000000
 volume and energy per atom =       580.30177636      -4598.09473775 eV

 Vdd took 0.000810 seconds
WriteRestart: Output file given as /dev/null, no restart data written ...



  IONIC POSITIONS [a0] AND FORCES [Ha/a0]
  Charge analysis using: Voronoi Deformation Density

@ION  Ion  Species       X           Y           Z       Charge       FX          FY         FZ      Movable
@ION    1    Ni      0.0000000   0.0000000   0.0000000   -0.000    0.0000466   0.0000901  -0.0000275  1 1 1

 mean FX      =   0.00004657 Ha/a0
 mean FY      =   0.00009014 Ha/a0
 mean FZ      =   0.00002746 Ha/a0

 max FX       =   0.00004657 Ha/a0   (ion 1)
 max FY       =   0.00009014 Ha/a0   (ion 1)
 max FZ       =   0.00002746 Ha/a0   (ion 1)
 max F[x,y,z] =   0.00009014 Ha/a0
 max |F|      =   0.00010511 Ha/a0   (ion 1)

 sum FX       =   0.00004657 Ha/a0
 sum FY       =   0.00009014 Ha/a0
 sum FZ       =  -0.00002746 Ha/a0
 Average      =   0.00005472 Ha/a0
 sqrt < F^2 > =   0.00006068 Ha/a0

WriteRestart: Output file given as /dev/null, no restart data written ...


--------TIMING INFORMATION FOR Processor owned the most atoms----------------
                                        Total time               Per SCF/step

1-TOTAL                                            11.39                0.81
-----------------------------------------------------------------------------
  1-TOTAL: Init                                     1.46                0.10
  1-TOTAL: run                                      9.93                0.71
  ---------------------------------------------------------------------------
    1-TOTAL: run: Force                             0.35                0.03
    1-TOTAL: run: Scf steps                         9.55                0.68

2-Force                                             0.35                0.03
-----------------------------------------------------------------------------
  2-Force: core correction                          0.07                0.00
  2-Force: corrections                              0.07                0.00
  2-Force: ion-ion                                  0.02                0.00
  2-Force: local                                    0.07                0.01
  2-Force: non-local                                0.12                0.01
  2-Force: non-local-betaxpsi                       0.00                0.00
  2-Force: non-local-get gamma                      0.00                0.00
  2-Force: non-local-nlforce_par_Q                  0.05                0.00
  2-Force: non-local-nlforce_par_gamma              0.00                0.00
  2-Force: non-local-nlforce_par_omega              0.00                0.00
  2-Force: non-local-partial gamma                  0.00                0.00
  2-Force: non-local-veff grad                      0.05                0.00

2-Init                                              1.46                0.10
-----------------------------------------------------------------------------
  2-Init: GetNewRho                                 0.04                0.00
  2-Init: KpointClass                               0.56                0.04
  2-Init: LcaoGetPsi                                0.01                0.00
  2-Init: LcaoGetRho                                0.02                0.00
  2-Init: ReinitIonicPotentials                     0.07                0.00
  2-Init: betaxpsi                                  0.01                0.00
  2-Init: exchange/correlation                      0.32                0.02
  2-Init: hartree                                   0.05                0.00
  2-Init: normalization                             0.00                0.00
  2-Init: radial potentials                         0.21                0.02
  2-Init: subdiag                                   0.03                0.00
  2-Init: weights                                   0.04                0.00

2-Scf steps                                         9.55                0.68
-----------------------------------------------------------------------------
  2-Scf steps: Davidson                             1.91                0.14
  2-Scf steps: GetNewRho                            0.32                0.02
  2-Scf steps: Hartree                              0.70                0.05
  2-Scf steps: MgridSubspace                        0.67                0.05
  2-Scf steps: MixRho                               0.48                0.03
  2-Scf steps: exchange/correlation                 4.52                0.32

3-MgridSubspace                                     0.67                0.05
-----------------------------------------------------------------------------
  3-MgridSubspace: AppNls                           0.01                0.00
  3-MgridSubspace: Beta x psi                       0.06                0.00
  3-MgridSubspace: Diagonalization                  0.08                0.01
  3-MgridSubspace: Mg_eig                           0.52                0.04

3-ReinitIonicPotentials                             0.07                0.00
-----------------------------------------------------------------------------
  3-ReinitIonicPotentials: GetNlop                  0.00                0.00
  3-ReinitIonicPotentials: GetWeight                0.02                0.00
  3-ReinitIonicPotentials: get_QI                   0.00                0.00
  3-ReinitIonicPotentials: get_qqq                  0.00                0.00
  3-ReinitIonicPotentials: init_nuc                 0.04                0.00

4-Diagonalization                                   0.11                0.01
-----------------------------------------------------------------------------
  4-Diagonalization: ELPA/PDSYGVX/PZHEGVX           0.00                0.00
  4-Diagonalization: Hpsi                           0.05                0.00
  4-Diagonalization: MPI_Bcast                      0.00                0.00
  4-Diagonalization: Update orbitals                0.01                0.00
  ---------------------------------------------------------------------------
    4-Diagonalization: Update orbitals: gather           0.00                0.00
    4-Diagonalization: Update orbitals: gemm           0.01                0.00
  4-Diagonalization: matrix                         0.03                0.00
  ---------------------------------------------------------------------------
    4-Diagonalization: matrix: Allreduce            0.01                0.00
    4-Diagonalization: matrix: Gemm                 0.02                0.00

5-Functional                                        4.82                0.34
-----------------------------------------------------------------------------
  5-Functional: apply gradient                      0.67                0.05
  5-Functional: libxc                               2.94                0.21
  5-Functional: vxc                                 4.80                0.34
  5-Functional: vxc grad                            3.13                0.22
  5-Functional: vxc local                           1.65                0.12
  5-Functional: vxc nonlocal                        0.00                0.00

6-Davidson                                          1.91                0.14
-----------------------------------------------------------------------------
  6-Davidson: Betaxpsi                              0.11                0.01
  6-Davidson: apply hamiltonian                     0.42                0.03
  6-Davidson: diagonalization                       0.09                0.01
  6-Davidson: generate residuals                    0.13                0.01
  6-Davidson: matrix setup/reduce                   0.29                0.02
  6-Davidson: normalization                         0.03                0.00
  6-Davidson: precondition                          0.77                0.05
  6-Davidson: refresh h_psi and s_psi               0.01                0.00
  6-Davidson: reset hr,sr,vr                        0.00                0.00
  6-Davidson: rotate orbitals                       0.06                0.00

AppNls                                              0.09                0.01
-----------------------------------------------------------------------------
  AppNls: data_rearrange                            0.00                0.00
  ---------------------------------------------------------------------------
    AppNls: data_rearrange: alloc and zeros           0.00                0.00
    AppNls: data_rearrange: dnm                     0.00                0.00
    AppNls: data_rearrange: sint                    0.00                0.00
  AppNls: nv                                        0.07                0.01
  AppNls: nv_work                                   0.00                0.00

App_gradient                                        0.63                0.04

ApplyAOperator                                      0.03                0.00

CPUFD                                               0.02                0.00

Compute Hpsi                                        0.05                0.00
-----------------------------------------------------------------------------
  Compute Hpsi: AppNls                              0.01                0.00
  Compute Hpsi: Threaded Apply H                    0.04                0.00

GlobalSums                                          0.07                0.00

Init                                                0.89                0.06

Init Voronoi                                        0.02                0.00

Mix rho                                             0.51                0.04
-----------------------------------------------------------------------------
  Mix rho: Linear                                   0.11                0.01
  Mix rho: Pulay                                    0.37                0.03

Orbital                                             0.01                0.00
-----------------------------------------------------------------------------
  Orbital: phase and set                            0.01                0.00
  Orbital: proj cal                                 0.01                0.00
  Trade images: trade_images                        0.00                0.00
  Trade images: trade_imagesx                       0.16                0.01

VhPfft                                              0.67                0.05

Weight                                              0.02                0.00

radial beta                                         0.17                0.01


------------------------- TIMING INFORMATION FOR THREADS  -------------------

                                           Min            Max            Avg
ApplyAOperator                             0.62           0.62           0.62
-----------------------------------------------------------------------------

CPUFD                                      0.30           0.30           0.30
-----------------------------------------------------------------------------

GlobalSums                                 0.07           0.07           0.07
-----------------------------------------------------------------------------

Mg_eig                                     0.52           0.52           0.52
-----------------------------------------------------------------------------
  Mg_eig: apply hamiltonian                0.29           0.29           0.29
  Mg_eig: mgrid_solv                       0.14           0.14           0.14
  Trade images: trade_images               0.48           0.48           0.48
  Trade images: trade_imagesx              0.38           0.38           0.38
