RMG initialization ... 1 image(s) total, 1 per node. 16 MPI processes/image. Thread level 2.
FFT-FD  0.000000e+00   7.234770e-05
FFT-FD  1.000000e+00   7.234770e-05
IP=0 M = 0.000000e+00  -inf  7.234770e-05
FFT-FD  0.000000e+00   4.134095e-04
FFT-FD  1.000000e+00   4.134095e-04
IP=1 M = 0.000000e+00  -inf  4.134095e-04
FFT-FD  0.000000e+00   4.134095e-04
FFT-FD  1.000000e+00   4.134095e-04
IP=2 M = 0.000000e+00  -inf  4.134095e-04
FFT-FD  0.000000e+00   4.134095e-04
FFT-FD  1.000000e+00   4.134095e-04
IP=3 M = 0.000000e+00  -inf  4.134095e-04
FFT-FD  0.000000e+00   7.215241e-04
FFT-FD  1.000000e+00   7.215241e-04
IP=4 M = 0.000000e+00  -inf  7.215241e-04
FFT-FD  0.000000e+00   7.215241e-04
FFT-FD  1.000000e+00   7.215241e-04
IP=5 M = 0.000000e+00  -inf  7.215241e-04
FFT-FD  0.000000e+00   2.088089e-03
FFT-FD  1.000000e+00   2.088089e-03
IP=6 M = 0.000000e+00  -inf  2.088089e-03
FFT-FD  0.000000e+00   7.215241e-04
FFT-FD  1.000000e+00   7.215241e-04
IP=7 M = 0.000000e+00  -inf  7.215241e-04
FFT-FD  0.000000e+00   2.088089e-03
FFT-FD  1.000000e+00   2.088089e-03
IP=8 M = 0.000000e+00  -inf  2.088089e-03
FFT-FD  0.000000e+00   1.858977e-05
FFT-FD  1.000000e+00   1.858977e-05
IP=9 M = 0.000000e+00  -inf  1.858977e-05
NEWCFAC = 0.000000  0.000000


                     * * * * * * * * * *
                     *    R   M   G    *
                     * * * * * * * * * *

     -- A Real Space Multigrid Electronic structure code --
     --      More information at www.rmgdft.org          --

Code Revision:     5.0.0_beta1_111_gca5c3507
Build Date:        Feb 22 2023  21:48:37
Start time:        Sun Feb 26 20:59:47 2023

NOTICE: RMG internal pseudopotentials have switched to
ONCVP from Ultrasoft. You can revert to Ultrasoft by
adding the input tag internal_pseudo_type="ultrasoft" to
your input files.


Files
   Control input file:        input2
   Data output file:          /dev/null

Run Setup
    Calculation type:         Quench electrons - Fixed ions SCF calculation
    Description:              Ni atom test cell
    Orbital Initialization:   LCAO (10 LCAO and 0 random orbitals)
    Exchange Correlation:     pbe
    Spin Polarization:        ON
    System charge:            Neutral

Processor Topology
   Total PEs:                 8
   X direction:               2
   Y direction:               2
   Z direction:               2
   MG Threads/PE:             1
   OMP Threads/PE:            1

Grid Points  (Linear Anisotropy: 1.000)
    X:  Total: 64   Per PE: 32   Spacing:0.246 a0  
    Y:  Total: 64   Per PE: 32   Spacing:0.246 a0  
    Z:  Total: 64   Per PE: 32   Spacing:0.246 a0  

    Equivalent energy cutoffs (psi,rho):   162.714    650.858 Ry

    Charge density grid:         2 times finer

Coordinate planes
  Planar Anisotropy: 1.000
  A0-A1 density:    16.486
  A0-A2 density:    16.486
  A1-A2 density:    16.486


Lattice (Cell) Setup
    Type:                       Cubic_primitive
    Volume (a0^3):               3916.07
    Boundary conditions:        Periodic

    X Basis Vector:      15.762       0.000       0.000 a0
    Y Basis Vector:       0.000      15.762       0.000 a0
    Z Basis Vector:       0.000       0.000      15.762 a0
    X Reci Vector:       0.063      -0.000       0.000 a0
    Y Reci Vector:       0.000       0.063       0.000 a0
    Z Reci Vector:       0.000      -0.000       0.063 a0

K-points
    Gamma Point Only (real orbitals)

Atoms and States
    Number of ions:                          1
    Number of species:                       1
    Number of spin up states:                18
    Number of spin down states:              18

Run Parameters
    SCF Convergence criterion (potential):   1.00e-08
    SCF Convergence criterion (energy):      1.00e-08
    Max SCF steps:                           100

SCF Cycle Settings
    Charge density mixing:                   Pulay  (Order:5 Scale:0.20 Refresh:100)
    Hartree Solver:                          PFFT
    Interpolation type:                      FFT

Subspace Diagonalization Options
    Frequency:                               every 1 SCF step(s)
    Driver:                                  ScaLapack
    Initial diagonalization:                 ON
    Folded spectrum:                         OFF

Filtering Cutoff  Parameters
    Wavefunction grid (cparm):               0.800
    Charge density grid (rhocparm):          1.000
    Filter factor:                           1.000

Multigrid (MG) Parameters
    Psi MG levels:                           3
    Psi global step:                         0.660 
    Psi pre:                                 2
    Psi post:                                2

Davidson Parameters
    Davidson multiplier:                     4
    Davidson max step:                       8
    Davidson unocc tol factor:               1000.000

Blas Libraries
    CPU support with openblas-parallel.


Atomic Species Information
(PP = Pseudopotential, US = Ultrasoft, NC = Norm Conserving)
-------------------------------------------------------------------------
|Index|Symbol| Mass|Valence| PP |  Comp  |Local| Local|Nlocal|    PP    |
|     |      |     |       |Type|Gaussian|  l  |Radius|Radius|Functional|
-------------------------------------------------------------------------
|    1|    Ni| 58.0|  18.00|  NC|    0.66|   -1| 10.00|  7.00|       PBE|
-------------------------------------------------------------------------

Pseudopotential generation information:
  Ni pseudopotential file: ./@Internal
      Generation info     : Generated using ONCVPSP code by D. R. Hamann
      Author info         : anonymous


Memory usage (Mbytes):     Min        Max       Total
    wave functions         18.88      18.88     302.01
    beta-functions          9.44       9.44      75.51



Initial Ionic Positions And Displacements (Bohr)
Species      X           Y           Z           dX          dY          dZ
  Ni       0.0000      0.0000      0.0000      0.0000      0.0000      0.0000


Initial Ionic Positions And Displacements (Angstrom)
Species      X           Y           Z           dX          dY          dZ
  Ni       0.0000      0.0000      0.0000      0.0000      0.0000      0.0000

Diagonalization using scalapack for step=0  count=0



KOHN SHAM EIGENVALUES [eV] AT K-POINT [  0]:       0.000000      0.000000      0.000000


------------- SPIN UP ---------------

[kpt   0  -1   0]   -111.4103 [1.000]   -71.7633 [1.000]   -71.7633 [1.000]   -71.7633 [1.000]    -9.1766 [1.000]
[kpt   0  -1   1]    -9.1766 [1.000]    -9.1396 [1.000]    -9.1396 [1.000]    -9.1396 [1.000]    -5.2961 [1.000]
[kpt   0  -1   2]   430.4288 [0.000]   856.9334 [0.000]   1062.2809 [0.000]   1078.7382 [0.000]   1086.4659 [0.000]
[kpt   0  -1   3]   1127.0124 [0.000]   1138.3430 [0.000]   1185.4187 [0.000]

------------ SPIN DOWN --------------

[kpt   0  -1   0]   -109.3423 [1.000]   -69.6718 [1.000]   -69.6718 [1.000]   -69.6718 [1.000]    -7.3648 [0.600]
[kpt   0  -1   1]    -7.3648 [0.600]    -7.3278 [0.600]    -7.3278 [0.600]    -7.3278 [0.600]    -4.8702 [1.000]
[kpt   0  -1   2]   430.4812 [0.000]   856.9747 [0.000]   1062.3374 [0.000]   1078.7908 [0.000]   1086.5206 [0.000]
[kpt   0  -1   3]   1127.0632 [0.000]   1138.3997 [0.000]   1185.4726 [0.000]


Charge normalization constant: 1.000000
Charge density mixing: Linear with a constant of 0.20 

 charge density is NEGATIVE after interpolation, minimum is -1.083653e-04
 minimum charge density with core charge added is -1.083644e-04

Diagonalization using scalapack for step=0  count=1


FERMI ENERGY =     -4.89316990 eV
@@ EIGENVALUE SUM     =      -26.587911 Ha
@@ ION_ION            =      -29.161043 Ha
@@ ELECTROSTATIC      =     -113.674972 Ha
@@ VXC                =      -22.000362 Ha
@@ EXC                =      -21.564643 Ha
@@ TOTAL ENERGY       =     -168.988207 Ha
@@ estimated error    =   ****************
@@ TOTAL MAGNETIZATION    =   2.00000000 Bohr mag/cell
@@ ABSOLUTE MAGNETIZATION =   2.00021342 Bohr mag/cell
Charge normalization constant: 1.000000
Charge density mixing: Linear with a constant of 0.20 

 charge density is NEGATIVE after interpolation, minimum is -2.765229e-04
 minimum charge density with core charge added is -2.765176e-04
WriteRestart: Output file given as /dev/null, no restart data written ...


KOHN SHAM EIGENVALUES [eV] AT K-POINT [  0]:       0.000000      0.000000      0.000000


------------- SPIN UP ---------------

[kpt   0   0   0]   -111.4244 [1.000]   -71.7834 [1.000]   -71.7834 [1.000]   -71.7834 [1.000]    -9.2208 [1.000]
[kpt   0   0   1]    -9.2208 [1.000]    -9.1766 [1.000]    -9.1766 [1.000]    -9.1765 [1.000]    -5.3076 [1.000]
[kpt   0   0   2]     1.8064 [0.000]    17.2011 [0.000]    19.2595 [0.000]    20.8758 [0.000]    22.6657 [0.000]
[kpt   0   0   3]    32.4176 [0.000]    35.9440 [0.000]    52.2947 [0.000]

------------ SPIN DOWN --------------

[kpt   0   0   0]   -109.3838 [1.000]   -69.7042 [1.000]   -69.7041 [1.000]   -69.7041 [1.000]    -7.3754 [0.600]
[kpt   0   0   1]    -7.3754 [0.600]    -7.3337 [0.600]    -7.3337 [0.600]    -7.3337 [0.600]    -4.8932 [1.000]
[kpt   0   0   2]     1.8603 [0.000]    17.2537 [0.000]    19.3124 [0.000]    20.9330 [0.000]    22.7325 [0.000]
[kpt   0   0   3]    32.4715 [0.000]    35.9879 [0.000]    52.3370 [0.000]



Total charge in supercell =      18.00000000
 quench: [md:   0/10  scf:   0/100  step time:   1.12  scf time:     1.15 secs  RMS[dV]: 5.03e-03 ]


average potential <V> = 2.52e-16

Diagonalization using scalapack for step=1  count=2


FERMI ENERGY =     -4.91260112 eV
@@ EIGENVALUE SUM     =      -26.602151 Ha
@@ ION_ION            =      -29.161043 Ha
@@ ELECTROSTATIC      =     -113.661547 Ha
@@ VXC                =      -22.000320 Ha
@@ EXC                =      -21.564841 Ha
@@ TOTAL ENERGY       =     -168.989262 Ha
@@ estimated error    =        4.04e-05 Ha
@@ TOTAL MAGNETIZATION    =   2.00000000 Bohr mag/cell
@@ ABSOLUTE MAGNETIZATION =   2.00069591 Bohr mag/cell
Charge normalization constant: 1.000000
Charge density mixing: Linear with a constant of 0.20 

 charge density is NEGATIVE after interpolation, minimum is -4.341167e-04
 minimum charge density with core charge added is -4.341182e-04
 quench: [md:   0/10  scf:   1/100  step time:   1.10  scf time:     2.24 secs  RMS[dV]: 5.71e-03 ]


average potential <V> = 3.75e-16

Diagonalization using scalapack for step=2  count=3


FERMI ENERGY =     -4.92994251 eV
@@ EIGENVALUE SUM     =      -26.611459 Ha
@@ ION_ION            =      -29.161043 Ha
@@ ELECTROSTATIC      =     -113.652918 Ha
@@ VXC                =      -22.001222 Ha
@@ EXC                =      -21.565746 Ha
@@ TOTAL ENERGY       =     -168.989944 Ha
@@ estimated error    =        4.22e-05 Ha
@@ TOTAL MAGNETIZATION    =   2.00000000 Bohr mag/cell
@@ ABSOLUTE MAGNETIZATION =   2.00129552 Bohr mag/cell
Charge normalization constant: 1.000000
Charge density mixing: Linear with a constant of 0.20 

 charge density is NEGATIVE after interpolation, minimum is -5.976067e-04
 minimum charge density with core charge added is -5.976082e-04
 quench: [md:   0/10  scf:   2/100  step time:   1.03  scf time:     3.27 secs  RMS[dV]: 4.80e-03 ]


average potential <V> = -3.38e-16

Diagonalization using scalapack for step=3  count=4


FERMI ENERGY =     -4.94480323 eV
@@ EIGENVALUE SUM     =      -26.616241 Ha
@@ ION_ION            =      -29.161043 Ha
@@ ELECTROSTATIC      =     -113.648779 Ha
@@ VXC                =      -22.002748 Ha
@@ EXC                =      -21.567100 Ha
@@ TOTAL ENERGY       =     -168.990415 Ha
@@ estimated error    =        3.79e-05 Ha
@@ TOTAL MAGNETIZATION    =   2.00000000 Bohr mag/cell
@@ ABSOLUTE MAGNETIZATION =   2.00194718 Bohr mag/cell
Charge normalization constant: 1.000000
Charge density mixing: Linear with a constant of 0.20 

 charge density is NEGATIVE after interpolation, minimum is -7.347900e-04
 minimum charge density with core charge added is -7.347915e-04
 quench: [md:   0/10  scf:   3/100  step time:   1.04  scf time:     4.31 secs  RMS[dV]: 4.07e-03 ]


average potential <V> = 1.64e-15
Davidson incomplete convergence steps = 8

FERMI ENERGY =     -4.95767447 eV
@@ EIGENVALUE SUM     =      -26.618367 Ha
@@ ION_ION            =      -29.161043 Ha
@@ ELECTROSTATIC      =     -113.647378 Ha
@@ VXC                =      -22.004536 Ha
@@ EXC                =      -21.568623 Ha
@@ TOTAL ENERGY       =     -168.990875 Ha
@@ estimated error    =        3.21e-05 Ha
@@ TOTAL MAGNETIZATION    =   2.00000000 Bohr mag/cell
@@ ABSOLUTE MAGNETIZATION =   2.00260347 Bohr mag/cell
Charge normalization constant: 1.000000
Charge density mixing: Pulay

 charge density is NEGATIVE after interpolation, minimum is -8.528147e-04
 minimum charge density with core charge added is -8.528163e-04
 quench: [md:   0/10  scf:   4/100  step time:   1.29  scf time:     5.60 secs  RMS[dV]: 3.63e-03 ]


average potential <V> = -6.83e-16
Davidson converged in 4 steps

FERMI ENERGY =     -4.97042078 eV
@@ EIGENVALUE SUM     =      -26.616790 Ha
@@ ION_ION            =      -29.161043 Ha
@@ ELECTROSTATIC      =     -113.649606 Ha
@@ VXC                =      -22.007033 Ha
@@ EXC                =      -21.570672 Ha
@@ TOTAL ENERGY       =     -168.991077 Ha
@@ estimated error    =        3.83e-05 Ha
@@ TOTAL MAGNETIZATION    =   2.00000000 Bohr mag/cell
@@ ABSOLUTE MAGNETIZATION =   2.00328819 Bohr mag/cell
Charge normalization constant: 1.000000
Charge density mixing: Pulay

 charge density is NEGATIVE after interpolation, minimum is -1.467377e-03
 minimum charge density with core charge added is -1.467384e-03


KOHN SHAM EIGENVALUES [eV] AT K-POINT [  0]:       0.000000      0.000000      0.000000


------------- SPIN UP ---------------

[kpt   0   5   0]   -111.4348 [1.000]   -71.8178 [1.000]   -71.8177 [1.000]   -71.8176 [1.000]    -9.3395 [1.000]
[kpt   0   5   1]    -9.3394 [1.000]    -9.2776 [1.000]    -9.2776 [1.000]    -9.2775 [1.000]    -5.3412 [1.000]
[kpt   0   5   2]    -0.7514 [0.000]    -0.7512 [0.000]    -0.7509 [0.000]     0.0089 [0.000]     1.3970 [0.000]
[kpt   0   5   3]     1.3976 [0.000]     2.6142 [0.000]     2.6172 [0.000]

------------ SPIN DOWN --------------

[kpt   0   5   0]   -109.4152 [1.000]   -69.7175 [1.000]   -69.7174 [1.000]   -69.7173 [1.000]    -7.3668 [0.600]
[kpt   0   5   1]    -7.3667 [0.600]    -7.3118 [0.600]    -7.3117 [0.600]    -7.3116 [0.600]    -4.9704 [1.000]
[kpt   0   5   2]    -0.5744 [0.000]    -0.5740 [0.000]    -0.5738 [0.000]     0.0624 [0.000]     1.4364 [0.000]
[kpt   0   5   3]     1.4370 [0.000]     2.6774 [0.000]     2.6810 [0.000]



Total charge in supercell =      18.00000000
 quench: [md:   0/10  scf:   5/100  step time:   1.13  scf time:     6.73 secs  RMS[dV]: 2.95e-03 ]


average potential <V> = -2.60e-18
Davidson converged in 5 steps

FERMI ENERGY =     -5.02778937 eV
@@ EIGENVALUE SUM     =      -26.625012 Ha
@@ ION_ION            =      -29.161043 Ha
@@ ELECTROSTATIC      =     -113.643647 Ha
@@ VXC                =      -22.016216 Ha
@@ EXC                =      -21.578148 Ha
@@ TOTAL ENERGY       =     -168.991634 Ha
@@ estimated error    =        2.21e-05 Ha
@@ TOTAL MAGNETIZATION    =   2.00000000 Bohr mag/cell
@@ ABSOLUTE MAGNETIZATION =   2.03940783 Bohr mag/cell
Charge normalization constant: 1.000000
Charge density mixing: Pulay

 charge density is NEGATIVE after interpolation, minimum is -1.510481e-03
 minimum charge density with core charge added is -1.510488e-03
 quench: [md:   0/10  scf:   6/100  step time:   1.23  scf time:     7.96 secs  RMS[dV]: 8.66e-03 ]


average potential <V> = 2.28e-16
Davidson converged in 3 steps

FERMI ENERGY =     -5.03384419 eV
@@ EIGENVALUE SUM     =      -26.643721 Ha
@@ ION_ION            =      -29.161043 Ha
@@ ELECTROSTATIC      =     -113.624624 Ha
@@ VXC                =      -22.013861 Ha
@@ EXC                =      -21.576171 Ha
@@ TOTAL ENERGY       =     -168.991698 Ha
@@ estimated error    =        9.49e-06 Ha
@@ TOTAL MAGNETIZATION    =   2.00000000 Bohr mag/cell
@@ ABSOLUTE MAGNETIZATION =   2.04326332 Bohr mag/cell
Charge normalization constant: 1.000000
Charge density mixing: Pulay

 charge density is NEGATIVE after interpolation, minimum is -1.523768e-03
 minimum charge density with core charge added is -1.523775e-03
 quench: [md:   0/10  scf:   7/100  step time:   1.17  scf time:     9.13 secs  RMS[dV]: 2.74e-03 ]


average potential <V> = -2.00e-16
Davidson converged in 4 steps

FERMI ENERGY =     -5.03426825 eV
@@ EIGENVALUE SUM     =      -26.646189 Ha
@@ ION_ION            =      -29.161043 Ha
@@ ELECTROSTATIC      =     -113.622167 Ha
@@ VXC                =      -22.013561 Ha
@@ EXC                =      -21.575890 Ha
@@ TOTAL ENERGY       =     -168.991728 Ha
@@ estimated error    =        5.03e-07 Ha
@@ TOTAL MAGNETIZATION    =   2.00000000 Bohr mag/cell
@@ ABSOLUTE MAGNETIZATION =   2.04413972 Bohr mag/cell
Charge normalization constant: 1.000000
Charge density mixing: Pulay

 charge density is NEGATIVE after interpolation, minimum is -1.570347e-03
 minimum charge density with core charge added is -1.570354e-03
 quench: [md:   0/10  scf:   8/100  step time:   1.26  scf time:    10.39 secs  RMS[dV]: 1.63e-03 ]


average potential <V> = 1.43e-15
Davidson converged in 3 steps

FERMI ENERGY =     -5.03328597 eV
@@ EIGENVALUE SUM     =      -26.641053 Ha
@@ ION_ION            =      -29.161043 Ha
@@ ELECTROSTATIC      =     -113.627693 Ha
@@ VXC                =      -22.014736 Ha
@@ EXC                =      -21.576755 Ha
@@ TOTAL ENERGY       =     -168.991808 Ha
@@ estimated error    =        5.35e-07 Ha
@@ TOTAL MAGNETIZATION    =   2.00000000 Bohr mag/cell
@@ ABSOLUTE MAGNETIZATION =   2.04718462 Bohr mag/cell
Charge normalization constant: 1.000000
Charge density mixing: Pulay

 charge density is NEGATIVE after interpolation, minimum is -1.577608e-03
 minimum charge density with core charge added is -1.577615e-03
 quench: [md:   0/10  scf:   9/100  step time:   1.33  scf time:    11.72 secs  RMS[dV]: 3.90e-03 ]


average potential <V> = -9.85e-16
Davidson converged in 3 steps

FERMI ENERGY =     -5.03382500 eV
@@ EIGENVALUE SUM     =      -26.642795 Ha
@@ ION_ION            =      -29.161043 Ha
@@ ELECTROSTATIC      =     -113.625935 Ha
@@ VXC                =      -22.014552 Ha
@@ EXC                =      -21.576601 Ha
@@ TOTAL ENERGY       =     -168.991821 Ha
@@ estimated error    =        1.13e-07 Ha
@@ TOTAL MAGNETIZATION    =   2.00000000 Bohr mag/cell
@@ ABSOLUTE MAGNETIZATION =   2.04756822 Bohr mag/cell
Charge normalization constant: 1.000000
Charge density mixing: Pulay

 charge density is NEGATIVE after interpolation, minimum is -1.584524e-03
 minimum charge density with core charge added is -1.584530e-03


KOHN SHAM EIGENVALUES [eV] AT K-POINT [  0]:       0.000000      0.000000      0.000000


------------- SPIN UP ---------------

[kpt   0  10   0]   -111.4769 [1.000]   -71.8706 [1.000]   -71.8706 [1.000]   -71.8706 [1.000]    -9.4368 [1.000]
[kpt   0  10   1]    -9.4368 [1.000]    -9.3612 [1.000]    -9.3612 [1.000]    -9.3612 [1.000]    -5.3688 [1.000]
[kpt   0  10   2]    -0.7692 [0.000]    -0.7692 [0.000]    -0.7692 [0.000]    -0.0964 [0.000]     1.3269 [0.000]
[kpt   0  10   3]     1.3270 [0.000]     2.4926 [0.000]     2.4967 [0.000]

------------ SPIN DOWN --------------

[kpt   0  10   0]   -109.4266 [1.000]   -69.7161 [1.000]   -69.7161 [1.000]   -69.7161 [1.000]    -7.3625 [0.600]
[kpt   0  10   1]    -7.3625 [0.600]    -7.2939 [0.600]    -7.2939 [0.600]    -7.2939 [0.600]    -5.0338 [1.000]
[kpt   0  10   2]    -0.6425 [0.000]    -0.6425 [0.000]    -0.6425 [0.000]    -0.0861 [0.000]     1.3131 [0.000]
[kpt   0  10   3]     1.3131 [0.000]     2.5174 [0.000]     2.5206 [0.000]



Total charge in supercell =      18.00000000
 quench: [md:   0/10  scf:  10/100  step time:   1.19  scf time:    12.91 secs  RMS[dV]: 8.80e-04 ]


average potential <V> = 2.20e-16
Davidson converged in 3 steps

FERMI ENERGY =     -5.03452591 eV
@@ EIGENVALUE SUM     =      -26.643863 Ha
@@ ION_ION            =      -29.161043 Ha
@@ ELECTROSTATIC      =     -113.624860 Ha
@@ VXC                =      -22.014514 Ha
@@ EXC                =      -21.576578 Ha
@@ TOTAL ENERGY       =     -168.991829 Ha
@@ estimated error    =        3.74e-08 Ha
@@ TOTAL MAGNETIZATION    =   2.00000000 Bohr mag/cell
@@ ABSOLUTE MAGNETIZATION =   2.04761963 Bohr mag/cell
Charge normalization constant: 1.000000
Charge density mixing: Pulay

 charge density is NEGATIVE after interpolation, minimum is -1.589282e-03
 minimum charge density with core charge added is -1.589288e-03
 quench: [md:   0/10  scf:  11/100  step time:   1.18  scf time:    14.08 secs  RMS[dV]: 6.41e-04 ]


average potential <V> = -6.56e-16
Davidson converged in 3 steps

FERMI ENERGY =     -5.03516376 eV
@@ EIGENVALUE SUM     =      -26.644249 Ha
@@ ION_ION            =      -29.161043 Ha
@@ ELECTROSTATIC      =     -113.624473 Ha
@@ VXC                =      -22.014570 Ha
@@ EXC                =      -21.576638 Ha
@@ TOTAL ENERGY       =     -168.991833 Ha
@@ estimated error    =        1.04e-08 Ha
@@ TOTAL MAGNETIZATION    =   2.00000000 Bohr mag/cell
@@ ABSOLUTE MAGNETIZATION =   2.04738615 Bohr mag/cell
Charge normalization constant: 1.000000
Charge density mixing: Pulay

 charge density is NEGATIVE after interpolation, minimum is -1.589771e-03
 minimum charge density with core charge added is -1.589778e-03
 quench: [md:   0/10  scf:  12/100  step time:   1.62  scf time:    15.70 secs  RMS[dV]: 2.99e-04 ]



 Convergence criterion reached: Energy variation (3.40e-09) is lower than threshold (1.00e-08)

potential convergence has been achieved. stopping ...

[   0  13   13       18 ] Quench.cpp: final total energy =    -168.99183257 Ha


KOHN SHAM EIGENVALUES [eV] AT K-POINT [  0]:       0.000000      0.000000      0.000000


------------- SPIN UP ---------------

[kpt   0  13   0]   -111.4785 [1.000]   -71.8724 [1.000]   -71.8724 [1.000]   -71.8724 [1.000]    -9.4393 [1.000]
[kpt   0  13   1]    -9.4393 [1.000]    -9.3636 [1.000]    -9.3636 [1.000]    -9.3636 [1.000]    -5.3707 [1.000]
[kpt   0  13   2]    -0.7705 [0.000]    -0.7705 [0.000]    -0.7705 [0.000]    -0.1002 [0.000]     1.3263 [0.000]
[kpt   0  13   3]     1.3263 [0.000]     2.4884 [0.000]     2.4916 [0.000]

------------ SPIN DOWN --------------

[kpt   0  13   0]   -109.4287 [1.000]   -69.7183 [1.000]   -69.7183 [1.000]   -69.7183 [1.000]    -7.3657 [0.600]
[kpt   0  13   1]    -7.3657 [0.600]    -7.2964 [0.600]    -7.2964 [0.600]    -7.2964 [0.600]    -5.0352 [1.000]
[kpt   0  13   2]    -0.6435 [0.000]    -0.6435 [0.000]    -0.6435 [0.000]    -0.0914 [0.000]     1.3122 [0.000]
[kpt   0  13   3]     1.3122 [0.000]     2.5113 [0.000]     2.5139 [0.000]



Total charge in supercell =      18.00000000
 volume and energy per atom =       580.30177636      -4598.50173333 eV

 Vdd took 0.000883 seconds
WriteRestart: Output file given as /dev/null, no restart data written ...



  IONIC POSITIONS [a0] AND FORCES [Ha/a0]
  Charge analysis using: Voronoi Deformation Density

@ION  Ion  Species       X           Y           Z       Charge       FX          FY         FZ      Movable
@ION    1    Ni      0.0000000   0.0000000   0.0000000    0.000   -0.0000816   0.0001757   0.0001500  1 1 1

 mean FX      =   0.00008164 Ha/a0
 mean FY      =   0.00017575 Ha/a0
 mean FZ      =   0.00015005 Ha/a0

 max FX       =   0.00008164 Ha/a0   (ion 1)
 max FY       =   0.00017575 Ha/a0   (ion 1)
 max FZ       =   0.00015005 Ha/a0   (ion 1)
 max F[x,y,z] =   0.00017575 Ha/a0
 max |F|      =   0.00024509 Ha/a0   (ion 1)

 sum FX       =  -0.00008164 Ha/a0
 sum FY       =   0.00017575 Ha/a0
 sum FZ       =   0.00015005 Ha/a0
 Average      =   0.00013581 Ha/a0
 sqrt < F^2 > =   0.00014150 Ha/a0

WriteRestart: Output file given as /dev/null, no restart data written ...


--------TIMING INFORMATION FOR Processor owned the most atoms----------------
                                        Total time               Per SCF/step

1-TOTAL                                            19.53                1.50
-----------------------------------------------------------------------------
  1-TOTAL: Init                                     2.31                0.18
  1-TOTAL: run                                     17.22                1.32
  ---------------------------------------------------------------------------
    1-TOTAL: run: Force                             1.50                0.12
    1-TOTAL: run: Scf steps                        15.68                1.21

2-Force                                             1.50                0.12
-----------------------------------------------------------------------------
  2-Force: core correction                          0.34                0.03
  2-Force: corrections                              0.34                0.03
  2-Force: ion-ion                                  0.02                0.00
  2-Force: local                                    0.31                0.02
  2-Force: non-local                                0.47                0.04
  2-Force: non-local-betaxpsi                       0.01                0.00
  2-Force: non-local-get gamma                      0.00                0.00
  2-Force: non-local-nlforce_par_Q                  0.30                0.02
  2-Force: non-local-nlforce_par_gamma              0.00                0.00
  2-Force: non-local-nlforce_par_omega              0.00                0.00
  2-Force: non-local-partial gamma                  0.00                0.00
  2-Force: non-local-veff grad                      0.29                0.02

2-Init                                              2.31                0.18
-----------------------------------------------------------------------------
  2-Init: GetNewRho                                 0.16                0.01
  2-Init: KpointClass                               0.81                0.06
  2-Init: LcaoGetPsi                                0.02                0.00
  2-Init: LcaoGetRho                                0.03                0.00
  2-Init: ReinitIonicPotentials                     0.13                0.01
  2-Init: betaxpsi                                  0.01                0.00
  2-Init: exchange/correlation                      0.39                0.03
  2-Init: hartree                                   0.12                0.01
  2-Init: normalization                             0.00                0.00
  2-Init: radial potentials                         0.18                0.01
  2-Init: subdiag                                   0.27                0.02
  2-Init: weights                                   0.04                0.00

2-Scf steps                                        15.68                1.21
-----------------------------------------------------------------------------
  2-Scf steps: Davidson                             2.32                0.18
  2-Scf steps: GetNewRho                            0.40                0.03
  2-Scf steps: Hartree                              2.60                0.20
  2-Scf steps: MgridSubspace                        0.92                0.07
  2-Scf steps: MixRho                               1.82                0.14
  2-Scf steps: exchange/correlation                 4.15                0.32

3-MgridSubspace                                     0.92                0.07
-----------------------------------------------------------------------------
  3-MgridSubspace: AppNls                           0.02                0.00
  3-MgridSubspace: Beta x psi                       0.08                0.01
  3-MgridSubspace: Diagonalization                  0.20                0.02
  3-MgridSubspace: Mg_eig                           0.63                0.05

3-ReinitIonicPotentials                             0.13                0.01
-----------------------------------------------------------------------------
  3-ReinitIonicPotentials: GetNlop                  0.01                0.00
  3-ReinitIonicPotentials: GetWeight                0.03                0.00
  3-ReinitIonicPotentials: get_QI                   0.00                0.00
  3-ReinitIonicPotentials: get_qqq                  0.00                0.00
  3-ReinitIonicPotentials: init_nuc                 0.08                0.01

4-Diagonalization                                   0.47                0.04
-----------------------------------------------------------------------------
  4-Diagonalization: ELPA/PDSYGVX/PZHEGVX           0.01                0.00
  4-Diagonalization: Hpsi                           0.09                0.01
  4-Diagonalization: MPI_Bcast                      0.00                0.00
  4-Diagonalization: Update orbitals                0.01                0.00
  ---------------------------------------------------------------------------
    4-Diagonalization: Update orbitals: gather           0.00                0.00
    4-Diagonalization: Update orbitals: gemm           0.01                0.00
  4-Diagonalization: matrix                         0.07                0.01
  ---------------------------------------------------------------------------
    4-Diagonalization: matrix: Allreduce            0.05                0.00
    4-Diagonalization: matrix: Gemm                 0.02                0.00

5-Functional                                        4.47                0.34
-----------------------------------------------------------------------------
  5-Functional: apply gradient                      0.61                0.05
  5-Functional: libxc                               2.65                0.20
  5-Functional: vxc                                 4.44                0.34
  5-Functional: vxc grad                            2.84                0.22
  5-Functional: vxc local                           1.58                0.12
  5-Functional: vxc nonlocal                        0.00                0.00

6-Davidson                                          2.32                0.18
-----------------------------------------------------------------------------
  6-Davidson: Betaxpsi                              0.14                0.01
  6-Davidson: apply hamiltonian                     0.47                0.04
  6-Davidson: diagonalization                       0.07                0.01
  6-Davidson: generate residuals                    0.14                0.01
  6-Davidson: matrix setup/reduce                   0.31                0.02
  6-Davidson: normalization                         0.06                0.00
  6-Davidson: precondition                          1.06                0.08
  6-Davidson: refresh h_psi and s_psi               0.01                0.00
  6-Davidson: reset hr,sr,vr                        0.00                0.00
  6-Davidson: rotate orbitals                       0.05                0.00

AppNls                                              0.09                0.01
-----------------------------------------------------------------------------
  AppNls: data_rearrange                            0.00                0.00
  ---------------------------------------------------------------------------
    AppNls: data_rearrange: alloc and zeros           0.00                0.00
    AppNls: data_rearrange: dnm                     0.00                0.00
    AppNls: data_rearrange: sint                    0.00                0.00
  AppNls: nv                                        0.07                0.01
  AppNls: nv_work                                   0.00                0.00

App_gradient                                        0.57                0.04

ApplyAOperator                                      0.04                0.00

CPUFD                                               0.01                0.00

Compute Hpsi                                        0.09                0.01
-----------------------------------------------------------------------------
  Compute Hpsi: AppNls                              0.01                0.00
  Compute Hpsi: Threaded Apply H                    0.08                0.01

GlobalSums                                          0.66                0.05

Init                                                1.50                0.12

Init Voronoi                                        0.02                0.00

Mix rho                                             1.96                0.15
-----------------------------------------------------------------------------
  Mix rho: Linear                                   0.22                0.02
  Mix rho: Pulay                                    1.05                0.08

Orbital                                             0.01                0.00
-----------------------------------------------------------------------------
  Orbital: phase and set                            0.01                0.00
  Orbital: proj cal                                 0.01                0.00
  Trade images: trade_images                        0.00                0.00
  Trade images: trade_imagesx                       0.18                0.01

VhPfft                                              2.59                0.20

Weight                                              0.02                0.00

radial beta                                         0.14                0.01


------------------------- TIMING INFORMATION FOR THREADS  -------------------

                                           Min            Max            Avg
ApplyAOperator                             0.77           0.77           0.77
-----------------------------------------------------------------------------

CPUFD                                      0.23           0.23           0.23
-----------------------------------------------------------------------------

GlobalSums                                 0.30           0.30           0.30
-----------------------------------------------------------------------------

Mg_eig                                     0.62           0.62           0.62
-----------------------------------------------------------------------------
  Mg_eig: apply hamiltonian                0.37           0.37           0.37
  Mg_eig: mgrid_solv                       0.14           0.14           0.14
  Trade images: trade_images               0.55           0.55           0.55
  Trade images: trade_imagesx              0.57           0.57           0.57
