RMG initialization ... 1 image(s) total, 1 per node. 12 MPI processes/image. Thread level 2.
FFT-FD  0.000000e+00   2.095353e-04
FFT-FD  1.000000e+00   2.095353e-04
IP=0 M = 0.000000e+00  -inf  2.095353e-04
FFT-FD  0.000000e+00   1.273558e-03
FFT-FD  1.000000e+00   1.273558e-03
IP=1 M = 0.000000e+00  -inf  1.273558e-03
FFT-FD  0.000000e+00   1.273558e-03
FFT-FD  1.000000e+00   1.273558e-03
IP=2 M = 0.000000e+00  -inf  1.273558e-03
FFT-FD  0.000000e+00   1.273558e-03
FFT-FD  1.000000e+00   1.273558e-03
IP=3 M = 0.000000e+00  -inf  1.273558e-03
FFT-FD  0.000000e+00   2.236656e-03
FFT-FD  1.000000e+00   2.236656e-03
IP=4 M = 0.000000e+00  -inf  2.236656e-03
FFT-FD  0.000000e+00   2.236656e-03
FFT-FD  1.000000e+00   2.236656e-03
IP=5 M = 0.000000e+00  -inf  2.236656e-03
FFT-FD  0.000000e+00   6.274618e-03
FFT-FD  1.000000e+00   6.274618e-03
IP=6 M = 0.000000e+00  -inf  6.274618e-03
FFT-FD  0.000000e+00   2.236656e-03
FFT-FD  1.000000e+00   2.236656e-03
IP=7 M = 0.000000e+00  -inf  2.236656e-03
FFT-FD  0.000000e+00   6.274618e-03
FFT-FD  1.000000e+00   6.274618e-03
IP=8 M = 0.000000e+00  -inf  6.274618e-03
FFT-FD  0.000000e+00   4.665326e-05
FFT-FD  1.000000e+00   4.665326e-05
IP=9 M = 0.000000e+00  -inf  4.665326e-05
NEWCFAC = 0.000000  0.000000


                     * * * * * * * * * *
                     *    R   M   G    *
                     * * * * * * * * * *

     -- A Real Space Multigrid Electronic structure code --
     --      More information at www.rmgdft.org          --

Code Revision:     5.0.0_beta1_111_gca5c3507
Build Date:        Feb 22 2023  21:48:37
Start time:        Sun Feb 26 20:59:35 2023

NOTICE: RMG internal pseudopotentials have switched to
ONCVP from Ultrasoft. You can revert to Ultrasoft by
adding the input tag internal_pseudo_type="ultrasoft" to
your input files.


Files
   Control input file:        input1
   Data output file:          /dev/null

Run Setup
    Calculation type:         Quench electrons - Fixed ions SCF calculation
    Description:              Ni atom test cell
    Orbital Initialization:   LCAO (10 LCAO and 0 random orbitals)
    Exchange Correlation:     pbe
    Spin Polarization:        ON
    System charge:            Neutral

Processor Topology
   Total PEs:                 6
   X direction:               3
   Y direction:               2
   Z direction:               1
   MG Threads/PE:             1
   OMP Threads/PE:            1

Grid Points  (Linear Anisotropy: 1.000)
    X:  Total: 56   Per PE: 19   Spacing:0.281 a0  
    Y:  Total: 56   Per PE: 28   Spacing:0.281 a0  
    Z:  Total: 56   Per PE: 56   Spacing:0.281 a0  

    Equivalent energy cutoffs (psi,rho):   124.578    498.313 Ry

    Charge density grid:         2 times finer

Coordinate planes
  Planar Anisotropy: 1.000
  A0-A1 density:    12.622
  A0-A2 density:    12.622
  A1-A2 density:    12.622


Lattice (Cell) Setup
    Type:                       Cubic_primitive
    Volume (a0^3):               3916.07
    Boundary conditions:        Periodic

    X Basis Vector:      15.762       0.000       0.000 a0
    Y Basis Vector:       0.000      15.762       0.000 a0
    Z Basis Vector:       0.000       0.000      15.762 a0
    X Reci Vector:       0.063      -0.000       0.000 a0
    Y Reci Vector:       0.000       0.063       0.000 a0
    Z Reci Vector:       0.000      -0.000       0.063 a0

K-points
    Gamma Point Only (real orbitals)

Atoms and States
    Number of ions:                          1
    Number of species:                       1
    Number of spin up states:                18
    Number of spin down states:              18

Run Parameters
    SCF Convergence criterion (potential):   1.00e-08
    SCF Convergence criterion (energy):      1.00e-08
    Max SCF steps:                           100

SCF Cycle Settings
    Charge density mixing:                   Pulay  (Order:5 Scale:0.20 Refresh:100)
    Hartree Solver:                          PFFT
    Interpolation type:                      FFT

Subspace Diagonalization Options
    Frequency:                               every 1 SCF step(s)
    Driver:                                  ScaLapack
    Initial diagonalization:                 ON
    Folded spectrum:                         OFF

Filtering Cutoff  Parameters
    Wavefunction grid (cparm):               0.800
    Charge density grid (rhocparm):          1.000
    Filter factor:                           1.000

Multigrid (MG) Parameters
    Psi MG levels:                           3
    Psi global step:                         0.660 
    Psi pre:                                 2
    Psi post:                                2

Davidson Parameters
    Davidson multiplier:                     4
    Davidson max step:                       8
    Davidson unocc tol factor:               1000.000

Blas Libraries
    CPU support with openblas-parallel.


Atomic Species Information
(PP = Pseudopotential, US = Ultrasoft, NC = Norm Conserving)
-------------------------------------------------------------------------
|Index|Symbol| Mass|Valence| PP |  Comp  |Local| Local|Nlocal|    PP    |
|     |      |     |       |Type|Gaussian|  l  |Radius|Radius|Functional|
-------------------------------------------------------------------------
|    1|    Ni| 58.0|  18.00|  NC|    0.66|   -1| 10.00|  7.00|       PBE|
-------------------------------------------------------------------------

Pseudopotential generation information:
  Ni pseudopotential file: ./@Internal
      Generation info     : Generated using ONCVPSP code by D. R. Hamann
      Author info         : anonymous


Memory usage (Mbytes):     Min        Max       Total
    wave functions         16.26      17.16     202.32
    beta-functions          8.13       8.58      50.59



Initial Ionic Positions And Displacements (Bohr)
Species      X           Y           Z           dX          dY          dZ
  Ni       0.0000      0.0000      0.0000      0.0000      0.0000      0.0000


Initial Ionic Positions And Displacements (Angstrom)
Species      X           Y           Z           dX          dY          dZ
  Ni       0.0000      0.0000      0.0000      0.0000      0.0000      0.0000

Diagonalization using scalapack for step=0  count=0



KOHN SHAM EIGENVALUES [eV] AT K-POINT [  0]:       0.000000      0.000000      0.000000


------------- SPIN UP ---------------

[kpt   0  -1   0]   -111.4140 [1.000]   -71.7849 [1.000]   -71.7849 [1.000]   -71.7849 [1.000]    -9.2947 [1.000]
[kpt   0  -1   1]    -9.2947 [1.000]    -9.1812 [1.000]    -9.1812 [1.000]    -9.1812 [1.000]    -5.2975 [1.000]
[kpt   0  -1   2]   346.7849 [0.000]   720.2003 [0.000]   734.2493 [0.000]   813.8484 [0.000]   870.9842 [0.000]
[kpt   0  -1   3]   878.1891 [0.000]   928.1389 [0.000]   968.8081 [0.000]

------------ SPIN DOWN --------------

[kpt   0  -1   0]   -109.3460 [1.000]   -69.6931 [1.000]   -69.6931 [1.000]   -69.6931 [1.000]    -7.4837 [0.600]
[kpt   0  -1   1]    -7.4837 [0.600]    -7.3698 [0.600]    -7.3698 [0.600]    -7.3698 [0.600]    -4.8717 [1.000]
[kpt   0  -1   2]   346.8416 [0.000]   720.2629 [0.000]   734.2926 [0.000]   813.9157 [0.000]   871.0433 [0.000]
[kpt   0  -1   3]   878.2447 [0.000]   928.1935 [0.000]   968.8615 [0.000]


Charge normalization constant: 1.000000
Charge density mixing: Linear with a constant of 0.20 

 charge density is NEGATIVE after interpolation, minimum is -3.560428e-04
 minimum charge density with core charge added is -3.560443e-04

Diagonalization using scalapack for step=0  count=1


FERMI ENERGY =     -4.89391547 eV
@@ EIGENVALUE SUM     =      -26.614830 Ha
@@ ION_ION            =      -29.161043 Ha
@@ ELECTROSTATIC      =     -113.674865 Ha
@@ VXC                =      -22.000675 Ha
@@ EXC                =      -21.564938 Ha
@@ TOTAL ENERGY       =     -169.015001 Ha
@@ estimated error    =   ****************
@@ TOTAL MAGNETIZATION    =   2.00000000 Bohr mag/cell
@@ ABSOLUTE MAGNETIZATION =   2.00101349 Bohr mag/cell
Charge normalization constant: 1.000000
Charge density mixing: Linear with a constant of 0.20 

 charge density is NEGATIVE after interpolation, minimum is -8.286859e-04
 minimum charge density with core charge added is -8.286873e-04
WriteRestart: Output file given as /dev/null, no restart data written ...


KOHN SHAM EIGENVALUES [eV] AT K-POINT [  0]:       0.000000      0.000000      0.000000


------------- SPIN UP ---------------

[kpt   0   0   0]   -111.4283 [1.000]   -71.8074 [1.000]   -71.8074 [1.000]   -71.8074 [1.000]    -9.3378 [1.000]
[kpt   0   0   1]    -9.3378 [1.000]    -9.2192 [1.000]    -9.2191 [1.000]    -9.2191 [1.000]    -5.3092 [1.000]
[kpt   0   0   2]     1.1904 [0.000]    15.2199 [0.000]    17.1406 [0.000]    18.5440 [0.000]    25.7372 [0.000]
[kpt   0   0   3]    32.0369 [0.000]    37.5893 [0.000]    45.0007 [0.000]

------------ SPIN DOWN --------------

[kpt   0   0   0]   -109.3878 [1.000]   -69.7291 [1.000]   -69.7291 [1.000]   -69.7291 [1.000]    -7.4842 [0.600]
[kpt   0   0   1]    -7.4842 [0.600]    -7.3799 [0.600]    -7.3799 [0.600]    -7.3799 [0.600]    -4.8939 [1.000]
[kpt   0   0   2]     1.2470 [0.000]    15.2720 [0.000]    17.1805 [0.000]    18.6053 [0.000]    25.7924 [0.000]
[kpt   0   0   3]    32.0992 [0.000]    37.6632 [0.000]    45.0809 [0.000]



Total charge in supercell =      18.00000000
 quench: [md:   0/10  scf:   0/100  step time:   0.69  scf time:     0.71 secs  RMS[dV]: 6.52e-03 ]


average potential <V> = 3.74e-15

Diagonalization using scalapack for step=1  count=2


FERMI ENERGY =     -4.91203382 eV
@@ EIGENVALUE SUM     =      -26.620071 Ha
@@ ION_ION            =      -29.161043 Ha
@@ ELECTROSTATIC      =     -113.670411 Ha
@@ VXC                =      -22.002510 Ha
@@ EXC                =      -21.566846 Ha
@@ TOTAL ENERGY       =     -169.015861 Ha
@@ estimated error    =        8.08e-05 Ha
@@ TOTAL MAGNETIZATION    =   2.00000000 Bohr mag/cell
@@ ABSOLUTE MAGNETIZATION =   2.00279447 Bohr mag/cell
Charge normalization constant: 1.000000
Charge density mixing: Linear with a constant of 0.20 

 charge density is NEGATIVE after interpolation, minimum is -1.323867e-03
 minimum charge density with core charge added is -1.323872e-03
 quench: [md:   0/10  scf:   1/100  step time:   0.59  scf time:     1.30 secs  RMS[dV]: 6.25e-03 ]


average potential <V> = 3.84e-15

Diagonalization using scalapack for step=2  count=3


FERMI ENERGY =     -4.92679768 eV
@@ EIGENVALUE SUM     =      -26.615159 Ha
@@ ION_ION            =      -29.161043 Ha
@@ ELECTROSTATIC      =     -113.676043 Ha
@@ VXC                =      -22.006097 Ha
@@ EXC                =      -21.570117 Ha
@@ TOTAL ENERGY       =     -169.016264 Ha
@@ estimated error    =        1.08e-04 Ha
@@ TOTAL MAGNETIZATION    =   2.00000000 Bohr mag/cell
@@ ABSOLUTE MAGNETIZATION =   2.00471533 Bohr mag/cell
Charge normalization constant: 1.000000
Charge density mixing: Linear with a constant of 0.20 

 charge density is NEGATIVE after interpolation, minimum is -1.731192e-03
 minimum charge density with core charge added is -1.731198e-03
 quench: [md:   0/10  scf:   2/100  step time:   0.58  scf time:     1.88 secs  RMS[dV]: 4.22e-03 ]


average potential <V> = -2.90e-15

Diagonalization using scalapack for step=3  count=4


FERMI ENERGY =     -4.93947480 eV
@@ EIGENVALUE SUM     =      -26.605396 Ha
@@ ION_ION            =      -29.161043 Ha
@@ ELECTROSTATIC      =     -113.686560 Ha
@@ VXC                =      -22.010313 Ha
@@ EXC                =      -21.573810 Ha
@@ TOTAL ENERGY       =     -169.016496 Ha
@@ estimated error    =        1.07e-04 Ha
@@ TOTAL MAGNETIZATION    =   2.00000000 Bohr mag/cell
@@ ABSOLUTE MAGNETIZATION =   2.00664546 Bohr mag/cell
Charge normalization constant: 1.000000
Charge density mixing: Linear with a constant of 0.20 

 charge density is NEGATIVE after interpolation, minimum is -2.085267e-03
 minimum charge density with core charge added is -2.085264e-03
 quench: [md:   0/10  scf:   3/100  step time:   0.58  scf time:     2.46 secs  RMS[dV]: 3.11e-03 ]


average potential <V> = 5.49e-16
Davidson converged in 6 steps

FERMI ENERGY =     -4.95076737 eV
@@ EIGENVALUE SUM     =      -26.595530 Ha
@@ ION_ION            =      -29.161043 Ha
@@ ELECTROSTATIC      =     -113.697210 Ha
@@ VXC                =      -22.014305 Ha
@@ EXC                =      -21.577248 Ha
@@ TOTAL ENERGY       =     -169.016726 Ha
@@ estimated error    =        8.43e-05 Ha
@@ TOTAL MAGNETIZATION    =   2.00000000 Bohr mag/cell
@@ ABSOLUTE MAGNETIZATION =   2.00845152 Bohr mag/cell
Charge normalization constant: 1.000000
Charge density mixing: Pulay

 charge density is NEGATIVE after interpolation, minimum is -2.439901e-03
 minimum charge density with core charge added is -2.439898e-03
 quench: [md:   0/10  scf:   4/100  step time:   0.80  scf time:     3.27 secs  RMS[dV]: 2.65e-03 ]


average potential <V> = -1.78e-15
Davidson converged in 1 steps

FERMI ENERGY =     -4.96345194 eV
@@ EIGENVALUE SUM     =      -26.591377 Ha
@@ ION_ION            =      -29.161043 Ha
@@ ELECTROSTATIC      =     -113.701859 Ha
@@ VXC                =      -22.017461 Ha
@@ EXC                =      -21.579942 Ha
@@ TOTAL ENERGY       =     -169.016760 Ha
@@ estimated error    =        5.81e-05 Ha
@@ TOTAL MAGNETIZATION    =   2.00000000 Bohr mag/cell
@@ ABSOLUTE MAGNETIZATION =   2.01023870 Bohr mag/cell
Charge normalization constant: 1.000000
Charge density mixing: Pulay

 charge density is NEGATIVE after interpolation, minimum is -3.900247e-03
 minimum charge density with core charge added is -3.900244e-03


KOHN SHAM EIGENVALUES [eV] AT K-POINT [  0]:       0.000000      0.000000      0.000000


------------- SPIN UP ---------------

[kpt   0   5   0]   -111.3231 [1.000]   -71.7430 [1.000]   -71.7430 [1.000]   -71.7430 [1.000]    -9.3708 [1.000]
[kpt   0   5   1]    -9.3707 [1.000]    -9.2556 [1.000]    -9.2556 [1.000]    -9.2555 [1.000]    -5.3433 [1.000]
[kpt   0   5   2]    -0.7583 [0.000]    -0.7581 [0.000]    -0.7580 [0.000]     0.0034 [0.000]     1.3884 [0.000]
[kpt   0   5   3]     1.3887 [0.000]     2.6036 [0.000]     2.6049 [0.000]

------------ SPIN DOWN --------------

[kpt   0   5   0]   -109.3015 [1.000]   -69.6465 [1.000]   -69.6465 [1.000]   -69.6464 [1.000]    -7.3556 [0.600]
[kpt   0   5   1]    -7.3552 [0.600]    -7.3077 [0.600]    -7.3076 [0.600]    -7.3076 [0.600]    -4.9635 [1.000]
[kpt   0   5   2]    -0.5770 [0.000]    -0.5766 [0.000]    -0.5763 [0.000]     0.0592 [0.000]     1.4274 [0.000]
[kpt   0   5   3]     1.4278 [0.000]     2.6728 [0.000]     2.6954 [0.000]



Total charge in supercell =      18.00000000
 quench: [md:   0/10  scf:   5/100  step time:   0.52  scf time:     3.79 secs  RMS[dV]: 2.02e-03 ]


average potential <V> = 1.73e-15
Davidson converged in 4 steps

FERMI ENERGY =     -5.01965135 eV
@@ EIGENVALUE SUM     =      -26.591466 Ha
@@ ION_ION            =      -29.161043 Ha
@@ ELECTROSTATIC      =     -113.703120 Ha
@@ VXC                =      -22.028582 Ha
@@ EXC                =      -21.589515 Ha
@@ TOTAL ENERGY       =     -169.016562 Ha
@@ estimated error    =        3.18e-05 Ha
@@ TOTAL MAGNETIZATION    =   2.00000000 Bohr mag/cell
@@ ABSOLUTE MAGNETIZATION =   2.05094407 Bohr mag/cell
Charge normalization constant: 1.000000
Charge density mixing: Pulay

 charge density is NEGATIVE after interpolation, minimum is -3.913760e-03
 minimum charge density with core charge added is -3.913757e-03
 quench: [md:   0/10  scf:   6/100  step time:   0.65  scf time:     4.44 secs  RMS[dV]: 6.09e-03 ]


average potential <V> = 1.24e-15
Davidson converged in 1 steps

FERMI ENERGY =     -5.02170073 eV
@@ EIGENVALUE SUM     =      -26.597716 Ha
@@ ION_ION            =      -29.161043 Ha
@@ ELECTROSTATIC      =     -113.696711 Ha
@@ VXC                =      -22.027737 Ha
@@ EXC                =      -21.588825 Ha
@@ TOTAL ENERGY       =     -169.016558 Ha
@@ estimated error    =        2.75e-05 Ha
@@ TOTAL MAGNETIZATION    =   2.00000000 Bohr mag/cell
@@ ABSOLUTE MAGNETIZATION =   2.05235141 Bohr mag/cell
Charge normalization constant: 1.000000
Charge density mixing: Pulay

 charge density is NEGATIVE after interpolation, minimum is -3.920076e-03
 minimum charge density with core charge added is -3.920073e-03
 quench: [md:   0/10  scf:   7/100  step time:   0.52  scf time:     4.97 secs  RMS[dV]: 6.12e-04 ]


average potential <V> = 3.11e-16
Davidson converged in 3 steps

FERMI ENERGY =     -5.03214650 eV
@@ EIGENVALUE SUM     =      -26.640784 Ha
@@ ION_ION            =      -29.161043 Ha
@@ ELECTROSTATIC      =     -113.652496 Ha
@@ VXC                =      -22.021151 Ha
@@ EXC                =      -21.583389 Ha
@@ TOTAL ENERGY       =     -169.016560 Ha
@@ estimated error    =        2.12e-05 Ha
@@ TOTAL MAGNETIZATION    =   2.00000000 Bohr mag/cell
@@ ABSOLUTE MAGNETIZATION =   2.05974094 Bohr mag/cell
Charge normalization constant: 1.000000
Charge density mixing: Pulay

 charge density is NEGATIVE after interpolation, minimum is -3.909171e-03
 minimum charge density with core charge added is -3.909168e-03
 quench: [md:   0/10  scf:   8/100  step time:   0.63  scf time:     5.59 secs  RMS[dV]: 3.17e-03 ]


average potential <V> = -8.29e-16
Davidson converged in 1 steps

FERMI ENERGY =     -5.03359983 eV
@@ EIGENVALUE SUM     =      -26.648995 Ha
@@ ION_ION            =      -29.161043 Ha
@@ ELECTROSTATIC      =     -113.644042 Ha
@@ VXC                =      -22.019792 Ha
@@ EXC                =      -21.582279 Ha
@@ TOTAL ENERGY       =     -169.016567 Ha
@@ estimated error    =        9.20e-06 Ha
@@ TOTAL MAGNETIZATION    =   2.00000000 Bohr mag/cell
@@ ABSOLUTE MAGNETIZATION =   2.05968027 Bohr mag/cell
Charge normalization constant: 1.000000
Charge density mixing: Pulay

 charge density is NEGATIVE after interpolation, minimum is -3.897994e-03
 minimum charge density with core charge added is -3.897990e-03
 quench: [md:   0/10  scf:   9/100  step time:   0.53  scf time:     6.12 secs  RMS[dV]: 2.49e-04 ]


average potential <V> = 1.84e-15
Davidson converged in 2 steps

FERMI ENERGY =     -5.02914426 eV
@@ EIGENVALUE SUM     =      -26.626064 Ha
@@ ION_ION            =      -29.161043 Ha
@@ ELECTROSTATIC      =     -113.667714 Ha
@@ VXC                =      -22.023459 Ha
@@ EXC                =      -21.585198 Ha
@@ TOTAL ENERGY       =     -169.016560 Ha
@@ estimated error    =        1.76e-05 Ha
@@ TOTAL MAGNETIZATION    =   2.00000000 Bohr mag/cell
@@ ABSOLUTE MAGNETIZATION =   2.06269115 Bohr mag/cell
Charge normalization constant: 1.000000
Charge density mixing: Pulay

 charge density is NEGATIVE after interpolation, minimum is -3.900180e-03
 minimum charge density with core charge added is -3.900176e-03


KOHN SHAM EIGENVALUES [eV] AT K-POINT [  0]:       0.000000      0.000000      0.000000


------------- SPIN UP ---------------

[kpt   0  10   0]   -111.3776 [1.000]   -71.8132 [1.000]   -71.8131 [1.000]   -71.8131 [1.000]    -9.4743 [1.000]
[kpt   0  10   1]    -9.4743 [1.000]    -9.3545 [1.000]    -9.3545 [1.000]    -9.3545 [1.000]    -5.3754 [1.000]
[kpt   0  10   2]    -0.7747 [0.000]    -0.7747 [0.000]    -0.7745 [0.000]    -0.0875 [0.000]     1.3280 [0.000]
[kpt   0  10   3]     1.3281 [0.000]     2.5006 [0.000]     2.5015 [0.000]

------------ SPIN DOWN --------------

[kpt   0  10   0]   -109.3269 [1.000]   -69.6692 [1.000]   -69.6692 [1.000]   -69.6692 [1.000]    -7.3215 [0.600]
[kpt   0  10   1]    -7.3215 [0.600]    -7.3211 [0.600]    -7.3211 [0.600]    -7.3210 [0.600]    -5.0291 [1.000]
[kpt   0  10   2]    -0.6483 [0.000]    -0.6483 [0.000]    -0.6480 [0.000]    -0.0768 [0.000]     1.3040 [0.000]
[kpt   0  10   3]     1.3041 [0.000]     2.5291 [0.000]     2.5295 [0.000]



Total charge in supercell =      18.00000000
 quench: [md:   0/10  scf:  10/100  step time:   0.60  scf time:     6.72 secs  RMS[dV]: 2.50e-03 ]


average potential <V> = 5.80e-16
Davidson converged in 3 steps

FERMI ENERGY =     -5.02949478 eV
@@ EIGENVALUE SUM     =      -26.625463 Ha
@@ ION_ION            =      -29.161043 Ha
@@ ELECTROSTATIC      =     -113.668334 Ha
@@ VXC                =      -22.023634 Ha
@@ EXC                =      -21.585352 Ha
@@ TOTAL ENERGY       =     -169.016559 Ha
@@ estimated error    =        7.46e-07 Ha
@@ TOTAL MAGNETIZATION    =   2.00000000 Bohr mag/cell
@@ ABSOLUTE MAGNETIZATION =   2.06356230 Bohr mag/cell
Charge normalization constant: 1.000000
Charge density mixing: Pulay

 charge density is NEGATIVE after interpolation, minimum is -3.898356e-03
 minimum charge density with core charge added is -3.898353e-03
 quench: [md:   0/10  scf:  11/100  step time:   0.64  scf time:     7.36 secs  RMS[dV]: 7.57e-04 ]


average potential <V> = -8.70e-16
Davidson converged in 2 steps

FERMI ENERGY =     -5.02975035 eV
@@ EIGENVALUE SUM     =      -26.623862 Ha
@@ ION_ION            =      -29.161043 Ha
@@ ELECTROSTATIC      =     -113.669987 Ha
@@ VXC                =      -22.023968 Ha
@@ EXC                =      -21.585636 Ha
@@ TOTAL ENERGY       =     -169.016560 Ha
@@ estimated error    =        3.00e-07 Ha
@@ TOTAL MAGNETIZATION    =   2.00000000 Bohr mag/cell
@@ ABSOLUTE MAGNETIZATION =   2.06571826 Bohr mag/cell
Charge normalization constant: 1.000000
Charge density mixing: Pulay

 charge density is NEGATIVE after interpolation, minimum is -3.903118e-03
 minimum charge density with core charge added is -3.903115e-03
 quench: [md:   0/10  scf:  12/100  step time:   0.65  scf time:     8.01 secs  RMS[dV]: 1.61e-03 ]


average potential <V> = 2.45e-15
Davidson converged in 4 steps

FERMI ENERGY =     -5.02991538 eV
@@ EIGENVALUE SUM     =      -26.623457 Ha
@@ ION_ION            =      -29.161043 Ha
@@ ELECTROSTATIC      =     -113.670392 Ha
@@ VXC                =      -22.024074 Ha
@@ EXC                =      -21.585741 Ha
@@ TOTAL ENERGY       =     -169.016559 Ha
@@ estimated error    =        3.68e-08 Ha
@@ TOTAL MAGNETIZATION    =   2.00000000 Bohr mag/cell
@@ ABSOLUTE MAGNETIZATION =   2.06604430 Bohr mag/cell
Charge normalization constant: 1.000000
Charge density mixing: Pulay

 charge density is NEGATIVE after interpolation, minimum is -3.909313e-03
 minimum charge density with core charge added is -3.909309e-03
 quench: [md:   0/10  scf:  13/100  step time:   0.95  scf time:     8.96 secs  RMS[dV]: 3.03e-04 ]



 Convergence criterion reached: Energy variation (6.13e-09) is lower than threshold (1.00e-08)

potential convergence has been achieved. stopping ...

[   0  14   14       10 ] Quench.cpp: final total energy =    -169.01655876 Ha


KOHN SHAM EIGENVALUES [eV] AT K-POINT [  0]:       0.000000      0.000000      0.000000


------------- SPIN UP ---------------

[kpt   0  14   0]   -111.3713 [1.000]   -71.8079 [1.000]   -71.8078 [1.000]   -71.8078 [1.000]    -9.4721 [1.000]
[kpt   0  14   1]    -9.4721 [1.000]    -9.3514 [1.000]    -9.3514 [1.000]    -9.3513 [1.000]    -5.3763 [1.000]
[kpt   0  14   2]    -0.7748 [0.000]    -0.7748 [0.000]    -0.7746 [0.000]    -0.1017 [0.000]     1.3269 [0.000]
[kpt   0  14   3]     1.3269 [0.000]     2.4844 [0.000]     2.4848 [0.000]

------------ SPIN DOWN --------------

[kpt   0  14   0]   -109.3203 [1.000]   -69.6641 [1.000]   -69.6640 [1.000]   -69.6640 [1.000]    -7.3191 [0.600]
[kpt   0  14   1]    -7.3191 [0.600]    -7.3190 [0.600]    -7.3126 [0.600]    -7.3126 [0.600]    -5.0299 [1.000]
[kpt   0  14   2]    -0.6509 [0.000]    -0.6509 [0.000]    -0.6506 [0.000]    -0.0995 [0.000]     1.2937 [0.000]
[kpt   0  14   3]     1.2937 [0.000]     2.5041 [0.000]     2.5050 [0.000]



Total charge in supercell =      18.00000000
 volume and energy per atom =       580.30177636      -4599.17456724 eV

 Vdd took 0.000808 seconds
WriteRestart: Output file given as /dev/null, no restart data written ...



  IONIC POSITIONS [a0] AND FORCES [Ha/a0]
  Charge analysis using: Voronoi Deformation Density

@ION  Ion  Species       X           Y           Z       Charge       FX          FY         FZ      Movable
@ION    1    Ni      0.0000000   0.0000000   0.0000000   -0.000   -0.0000279  -0.0000484   0.0000182  1 1 1

 mean FX      =   0.00002789 Ha/a0
 mean FY      =   0.00004843 Ha/a0
 mean FZ      =   0.00001817 Ha/a0

 max FX       =   0.00002789 Ha/a0   (ion 1)
 max FY       =   0.00004843 Ha/a0   (ion 1)
 max FZ       =   0.00001817 Ha/a0   (ion 1)
 max F[x,y,z] =   0.00004843 Ha/a0
 max |F|      =   0.00005877 Ha/a0   (ion 1)

 sum FX       =  -0.00002789 Ha/a0
 sum FY       =  -0.00004843 Ha/a0
 sum FZ       =   0.00001817 Ha/a0
 Average      =   0.00003150 Ha/a0
 sqrt < F^2 > =   0.00003393 Ha/a0

WriteRestart: Output file given as /dev/null, no restart data written ...


--------TIMING INFORMATION FOR Processor owned the most atoms----------------
                                        Total time               Per SCF/step

1-TOTAL                                            10.77                0.77
-----------------------------------------------------------------------------
  1-TOTAL: Init                                     1.44                0.10
  1-TOTAL: run                                      9.33                0.67
  ---------------------------------------------------------------------------
    1-TOTAL: run: Force                             0.36                0.03
    1-TOTAL: run: Scf steps                         8.94                0.64

2-Force                                             0.36                0.03
-----------------------------------------------------------------------------
  2-Force: core correction                          0.07                0.00
  2-Force: corrections                              0.07                0.01
  2-Force: ion-ion                                  0.02                0.00
  2-Force: local                                    0.07                0.00
  2-Force: non-local                                0.13                0.01
  2-Force: non-local-betaxpsi                       0.00                0.00
  2-Force: non-local-get gamma                      0.00                0.00
  2-Force: non-local-nlforce_par_Q                  0.05                0.00
  2-Force: non-local-nlforce_par_gamma              0.00                0.00
  2-Force: non-local-nlforce_par_omega              0.00                0.00
  2-Force: non-local-partial gamma                  0.00                0.00
  2-Force: non-local-veff grad                      0.05                0.00

2-Init                                              1.44                0.10
-----------------------------------------------------------------------------
  2-Init: GetNewRho                                 0.05                0.00
  2-Init: KpointClass                               0.54                0.04
  2-Init: LcaoGetPsi                                0.01                0.00
  2-Init: LcaoGetRho                                0.02                0.00
  2-Init: ReinitIonicPotentials                     0.07                0.00
  2-Init: betaxpsi                                  0.00                0.00
  2-Init: exchange/correlation                      0.32                0.02
  2-Init: hartree                                   0.05                0.00
  2-Init: normalization                             0.00                0.00
  2-Init: radial potentials                         0.21                0.02
  2-Init: subdiag                                   0.02                0.00
  2-Init: weights                                   0.04                0.00

2-Scf steps                                         8.94                0.64
-----------------------------------------------------------------------------
  2-Scf steps: Davidson                             1.62                0.12
  2-Scf steps: GetNewRho                            0.32                0.02
  2-Scf steps: Hartree                              0.67                0.05
  2-Scf steps: MgridSubspace                        0.70                0.05
  2-Scf steps: MixRho                               0.47                0.03
  2-Scf steps: exchange/correlation                 4.43                0.32

3-MgridSubspace                                     0.70                0.05
-----------------------------------------------------------------------------
  3-MgridSubspace: AppNls                           0.02                0.00
  3-MgridSubspace: Beta x psi                       0.06                0.00
  3-MgridSubspace: Diagonalization                  0.08                0.01
  3-MgridSubspace: Mg_eig                           0.55                0.04

3-ReinitIonicPotentials                             0.07                0.00
-----------------------------------------------------------------------------
  3-ReinitIonicPotentials: GetNlop                  0.00                0.00
  3-ReinitIonicPotentials: GetWeight                0.02                0.00
  3-ReinitIonicPotentials: get_QI                   0.00                0.00
  3-ReinitIonicPotentials: get_qqq                  0.00                0.00
  3-ReinitIonicPotentials: init_nuc                 0.05                0.00

4-Diagonalization                                   0.09                0.01
-----------------------------------------------------------------------------
  4-Diagonalization: ELPA/PDSYGVX/PZHEGVX           0.00                0.00
  4-Diagonalization: Hpsi                           0.05                0.00
  4-Diagonalization: MPI_Bcast                      0.00                0.00
  4-Diagonalization: Update orbitals                0.01                0.00
  ---------------------------------------------------------------------------
    4-Diagonalization: Update orbitals: gather           0.00                0.00
    4-Diagonalization: Update orbitals: gemm           0.01                0.00
  4-Diagonalization: matrix                         0.03                0.00
  ---------------------------------------------------------------------------
    4-Diagonalization: matrix: Allreduce            0.00                0.00
    4-Diagonalization: matrix: Gemm                 0.03                0.00

5-Functional                                        4.73                0.34
-----------------------------------------------------------------------------
  5-Functional: apply gradient                      0.59                0.04
  5-Functional: libxc                               2.88                0.21
  5-Functional: vxc                                 4.71                0.34
  5-Functional: vxc grad                            3.04                0.22
  5-Functional: vxc local                           1.65                0.12
  5-Functional: vxc nonlocal                        0.00                0.00

6-Davidson                                          1.62                0.12
-----------------------------------------------------------------------------
  6-Davidson: Betaxpsi                              0.10                0.01
  6-Davidson: apply hamiltonian                     0.36                0.03
  6-Davidson: diagonalization                       0.06                0.00
  6-Davidson: generate residuals                    0.09                0.01
  6-Davidson: matrix setup/reduce                   0.23                0.02
  6-Davidson: normalization                         0.03                0.00
  6-Davidson: precondition                          0.69                0.05
  6-Davidson: refresh h_psi and s_psi               0.01                0.00
  6-Davidson: reset hr,sr,vr                        0.00                0.00
  6-Davidson: rotate orbitals                       0.05                0.00

AppNls                                              0.08                0.01
-----------------------------------------------------------------------------
  AppNls: data_rearrange                            0.00                0.00
  ---------------------------------------------------------------------------
    AppNls: data_rearrange: alloc and zeros           0.00                0.00
    AppNls: data_rearrange: dnm                     0.00                0.00
    AppNls: data_rearrange: sint                    0.00                0.00
  AppNls: nv                                        0.06                0.00
  AppNls: nv_work                                   0.00                0.00

App_gradient                                        0.55                0.04

ApplyAOperator                                      0.03                0.00

CPUFD                                               0.01                0.00

Compute Hpsi                                        0.05                0.00
-----------------------------------------------------------------------------
  Compute Hpsi: AppNls                              0.01                0.00
  Compute Hpsi: Threaded Apply H                    0.04                0.00

GlobalSums                                          0.09                0.01

Init                                                0.90                0.06

Init Voronoi                                        0.02                0.00

Mix rho                                             0.50                0.04
-----------------------------------------------------------------------------
  Mix rho: Linear                                   0.12                0.01
  Mix rho: Pulay                                    0.35                0.02

Orbital                                             0.01                0.00
-----------------------------------------------------------------------------
  Orbital: phase and set                            0.01                0.00
  Orbital: proj cal                                 0.01                0.00
  Trade images: trade_images                        0.00                0.00
  Trade images: trade_imagesx                       0.17                0.01

VhPfft                                              0.66                0.05

Weight                                              0.02                0.00

radial beta                                         0.17                0.01


------------------------- TIMING INFORMATION FOR THREADS  -------------------

                                           Min            Max            Avg
ApplyAOperator                             0.57           0.57           0.57
-----------------------------------------------------------------------------

CPUFD                                      0.24           0.24           0.24
-----------------------------------------------------------------------------

GlobalSums                                 0.07           0.07           0.07
-----------------------------------------------------------------------------

Mg_eig                                     0.55           0.55           0.55
-----------------------------------------------------------------------------
  Mg_eig: apply hamiltonian                0.29           0.29           0.29
  Mg_eig: mgrid_solv                       0.17           0.17           0.17
  Trade images: trade_images               0.44           0.44           0.44
  Trade images: trade_imagesx              0.38           0.38           0.38
