RMG initialization ... 1 image(s) total, 1 per node. 16 MPI processes/image. Thread level 2.
FFT-FD  0.000000e+00   2.144512e-06
FFT-FD  1.000000e+00   2.144512e-06
IP=0 M = 0.000000e+00  -inf  2.144512e-06
FFT-FD  0.000000e+00   1.076084e-05
FFT-FD  1.000000e+00   1.076084e-05
IP=1 M = 0.000000e+00  -inf  1.076084e-05
FFT-FD  0.000000e+00   1.076084e-05
FFT-FD  1.000000e+00   1.076084e-05
IP=2 M = 0.000000e+00  -inf  1.076084e-05
FFT-FD  0.000000e+00   1.076084e-05
FFT-FD  1.000000e+00   1.076084e-05
IP=3 M = 0.000000e+00  -inf  1.076084e-05
FFT-FD  0.000000e+00   1.841385e-05
FFT-FD  1.000000e+00   1.841385e-05
IP=4 M = 0.000000e+00  -inf  1.841385e-05
FFT-FD  0.000000e+00   1.841385e-05
FFT-FD  1.000000e+00   1.841385e-05
IP=5 M = 0.000000e+00  -inf  1.841385e-05
FFT-FD  0.000000e+00   5.648776e-05
FFT-FD  1.000000e+00   5.648776e-05
IP=6 M = 0.000000e+00  -inf  5.648776e-05
FFT-FD  0.000000e+00   1.841385e-05
FFT-FD  1.000000e+00   1.841385e-05
IP=7 M = 0.000000e+00  -inf  1.841385e-05
FFT-FD  0.000000e+00   5.648776e-05
FFT-FD  1.000000e+00   5.648776e-05
IP=8 M = 0.000000e+00  -inf  5.648776e-05
FFT-FD  0.000000e+00   4.310155e-06
FFT-FD  1.000000e+00   4.310155e-06
IP=9 M = 0.000000e+00  -inf  4.310155e-06
NEWCFAC = 0.000000  0.000000


                     * * * * * * * * * *
                     *    R   M   G    *
                     * * * * * * * * * *

     -- A Real Space Multigrid Electronic structure code --
     --      More information at www.rmgdft.org          --

Code Revision:     5.0.0_beta1_111_gca5c3507
Build Date:        Feb 22 2023  21:48:37
Start time:        Sun Feb 26 21:01:30 2023

NOTICE: RMG internal pseudopotentials have switched to
ONCVP from Ultrasoft. You can revert to Ultrasoft by
adding the input tag internal_pseudo_type="ultrasoft" to
your input files.


Files
   Control input file:        input6
   Data output file:          /dev/null

Run Setup
    Calculation type:         Quench electrons - Fixed ions SCF calculation
    Description:              Ni atom test cell
    Orbital Initialization:   LCAO (10 LCAO and 0 random orbitals)
    Exchange Correlation:     pbe
    Spin Polarization:        ON
    System charge:            Neutral

Processor Topology
   Total PEs:                 8
   X direction:               2
   Y direction:               2
   Z direction:               2
   MG Threads/PE:             1
   OMP Threads/PE:            1

Grid Points  (Linear Anisotropy: 1.000)
    X:  Total: 96   Per PE: 48   Spacing:0.164 a0  
    Y:  Total: 96   Per PE: 48   Spacing:0.164 a0  
    Z:  Total: 96   Per PE: 48   Spacing:0.164 a0  

    Equivalent energy cutoffs (psi,rho):   366.107   1464.430 Ry

    Charge density grid:         2 times finer

Coordinate planes
  Planar Anisotropy: 1.000
  A0-A1 density:    37.094
  A0-A2 density:    37.094
  A1-A2 density:    37.094


Lattice (Cell) Setup
    Type:                       Cubic_primitive
    Volume (a0^3):               3916.07
    Boundary conditions:        Periodic

    X Basis Vector:      15.762       0.000       0.000 a0
    Y Basis Vector:       0.000      15.762       0.000 a0
    Z Basis Vector:       0.000       0.000      15.762 a0
    X Reci Vector:       0.063      -0.000       0.000 a0
    Y Reci Vector:       0.000       0.063       0.000 a0
    Z Reci Vector:       0.000      -0.000       0.063 a0

K-points
    Gamma Point Only (real orbitals)

Atoms and States
    Number of ions:                          1
    Number of species:                       1
    Number of spin up states:                18
    Number of spin down states:              18

Run Parameters
    SCF Convergence criterion (potential):   1.00e-08
    SCF Convergence criterion (energy):      1.00e-08
    Max SCF steps:                           100

SCF Cycle Settings
    Charge density mixing:                   Pulay  (Order:5 Scale:0.20 Refresh:100)
    Hartree Solver:                          PFFT
    Interpolation type:                      FFT

Subspace Diagonalization Options
    Frequency:                               every 1 SCF step(s)
    Driver:                                  ScaLapack
    Initial diagonalization:                 ON
    Folded spectrum:                         OFF

Filtering Cutoff  Parameters
    Wavefunction grid (cparm):               0.800
    Charge density grid (rhocparm):          1.000
    Filter factor:                           1.000

Multigrid (MG) Parameters
    Psi MG levels:                           3
    Psi global step:                         0.660 
    Psi pre:                                 2
    Psi post:                                2

Davidson Parameters
    Davidson multiplier:                     4
    Davidson max step:                       8
    Davidson unocc tol factor:               1000.000

Blas Libraries
    CPU support with openblas-parallel.


Atomic Species Information
(PP = Pseudopotential, US = Ultrasoft, NC = Norm Conserving)
-------------------------------------------------------------------------
|Index|Symbol| Mass|Valence| PP |  Comp  |Local| Local|Nlocal|    PP    |
|     |      |     |       |Type|Gaussian|  l  |Radius|Radius|Functional|
-------------------------------------------------------------------------
|    1|    Ni| 58.0|  18.00|  NC|    0.66|   -1| 10.00|  7.00|       PBE|
-------------------------------------------------------------------------

Pseudopotential generation information:
  Ni pseudopotential file: ./@Internal
      Generation info     : Generated using ONCVPSP code by D. R. Hamann
      Author info         : anonymous


Memory usage (Mbytes):     Min        Max       Total
    wave functions         63.70      63.70    1019.23
    beta-functions         31.85      31.85     254.82



Initial Ionic Positions And Displacements (Bohr)
Species      X           Y           Z           dX          dY          dZ
  Ni       0.0000      0.0000      0.0000      0.0000      0.0000      0.0000


Initial Ionic Positions And Displacements (Angstrom)
Species      X           Y           Z           dX          dY          dZ
  Ni       0.0000      0.0000      0.0000      0.0000      0.0000      0.0000

Diagonalization using scalapack for step=0  count=0



KOHN SHAM EIGENVALUES [eV] AT K-POINT [  0]:       0.000000      0.000000      0.000000


------------- SPIN UP ---------------

[kpt   0  -1   0]   -111.4084 [1.000]   -71.7525 [1.000]   -71.7525 [1.000]   -71.7525 [1.000]    -9.1213 [1.000]
[kpt   0  -1   1]    -9.1213 [1.000]    -9.1202 [1.000]    -9.1202 [1.000]    -9.1202 [1.000]    -5.2936 [1.000]
[kpt   0  -1   2]   1071.9126 [0.000]   2171.6886 [0.000]   2245.4016 [0.000]   2304.3175 [0.000]   2426.3980 [0.000]
[kpt   0  -1   3]   2504.4906 [0.000]   2560.4883 [0.000]   2572.8674 [0.000]

------------ SPIN DOWN --------------

[kpt   0  -1   0]   -109.3404 [1.000]   -69.6613 [1.000]   -69.6613 [1.000]   -69.6613 [1.000]    -7.3092 [0.600]
[kpt   0  -1   1]    -7.3092 [0.600]    -7.3081 [0.600]    -7.3081 [0.600]    -7.3081 [0.600]    -4.8677 [1.000]
[kpt   0  -1   2]   1071.9698 [0.000]   2171.7484 [0.000]   2245.4581 [0.000]   2304.3728 [0.000]   2426.4557 [0.000]
[kpt   0  -1   3]   2504.5456 [0.000]   2560.5469 [0.000]   2572.9251 [0.000]


Charge normalization constant: 1.000000
Charge density mixing: Linear with a constant of 0.20 

 charge density is NEGATIVE after interpolation, minimum is -2.340042e-07
 minimum charge density with core charge added is -2.356102e-07

Diagonalization using scalapack for step=0  count=1


FERMI ENERGY =     -4.89310768 eV
@@ EIGENVALUE SUM     =      -26.575118 Ha
@@ ION_ION            =      -29.161043 Ha
@@ ELECTROSTATIC      =     -113.675028 Ha
@@ VXC                =      -22.000171 Ha
@@ EXC                =      -21.564513 Ha
@@ TOTAL ENERGY       =     -168.975531 Ha
@@ estimated error    =   ****************
@@ TOTAL MAGNETIZATION    =   2.00000000 Bohr mag/cell
@@ ABSOLUTE MAGNETIZATION =   2.00000000 Bohr mag/cell
Charge normalization constant: 1.000000
Charge density mixing: Linear with a constant of 0.20 

 charge density is NEGATIVE after interpolation, minimum is -4.864960e-07
 minimum charge density with core charge added is -4.895755e-07
WriteRestart: Output file given as /dev/null, no restart data written ...


KOHN SHAM EIGENVALUES [eV] AT K-POINT [  0]:       0.000000      0.000000      0.000000


------------- SPIN UP ---------------

[kpt   0   0   0]   -111.4222 [1.000]   -71.7730 [1.000]   -71.7730 [1.000]   -71.7730 [1.000]    -9.1597 [1.000]
[kpt   0   0   1]    -9.1597 [1.000]    -9.1586 [1.000]    -9.1586 [1.000]    -9.1586 [1.000]    -5.3068 [1.000]
[kpt   0   0   2]     1.0360 [0.000]    13.0053 [0.000]    18.0630 [0.000]    20.9056 [0.000]    25.9641 [0.000]
[kpt   0   0   3]    33.8232 [0.000]    42.5890 [0.000]    47.4749 [0.000]

------------ SPIN DOWN --------------

[kpt   0   0   0]   -109.3817 [1.000]   -69.6937 [1.000]   -69.6937 [1.000]   -69.6937 [1.000]    -7.3163 [0.600]
[kpt   0   0   1]    -7.3162 [0.600]    -7.3151 [0.600]    -7.3151 [0.600]    -7.3151 [0.600]    -4.8931 [1.000]
[kpt   0   0   2]     1.0944 [0.000]    13.0619 [0.000]    18.1112 [0.000]    20.9643 [0.000]    26.0057 [0.000]
[kpt   0   0   3]    33.8717 [0.000]    42.6470 [0.000]    47.5352 [0.000]



Total charge in supercell =      18.00000000
 quench: [md:   0/10  scf:   0/100  step time:   3.09  scf time:     3.17 secs  RMS[dV]: 2.04e-03 ]


average potential <V> = -1.57e-15

Diagonalization using scalapack for step=1  count=2


FERMI ENERGY =     -4.91444021 eV
@@ EIGENVALUE SUM     =      -26.595772 Ha
@@ ION_ION            =      -29.161043 Ha
@@ ELECTROSTATIC      =     -113.654858 Ha
@@ VXC                =      -21.998860 Ha
@@ EXC                =      -21.563653 Ha
@@ TOTAL ENERGY       =     -168.976466 Ha
@@ estimated error    =        4.69e-05 Ha
@@ TOTAL MAGNETIZATION    =   2.00000000 Bohr mag/cell
@@ ABSOLUTE MAGNETIZATION =   2.00000000 Bohr mag/cell
Charge normalization constant: 1.000000
Charge density mixing: Linear with a constant of 0.20 

 charge density is NEGATIVE after interpolation, minimum is -6.762918e-07
 minimum charge density with core charge added is -6.779930e-07
 quench: [md:   0/10  scf:   1/100  step time:   2.77  scf time:     5.94 secs  RMS[dV]: 1.83e-03 ]


average potential <V> = 1.83e-15

Diagonalization using scalapack for step=2  count=3


FERMI ENERGY =     -4.93338996 eV
@@ EIGENVALUE SUM     =      -26.612946 Ha
@@ ION_ION            =      -29.161043 Ha
@@ ELECTROSTATIC      =     -113.637994 Ha
@@ VXC                =      -21.998135 Ha
@@ EXC                =      -21.563196 Ha
@@ TOTAL ENERGY       =     -168.977045 Ha
@@ estimated error    =        3.95e-05 Ha
@@ TOTAL MAGNETIZATION    =   2.00000000 Bohr mag/cell
@@ ABSOLUTE MAGNETIZATION =   2.00000000 Bohr mag/cell
Charge normalization constant: 1.000000
Charge density mixing: Linear with a constant of 0.20 

 charge density is NEGATIVE after interpolation, minimum is -8.000208e-07
 minimum charge density with core charge added is -8.111251e-07
 quench: [md:   0/10  scf:   2/100  step time:   2.72  scf time:     8.66 secs  RMS[dV]: 1.57e-03 ]


average potential <V> = -4.11e-18

Diagonalization using scalapack for step=3  count=4


FERMI ENERGY =     -4.94938490 eV
@@ EIGENVALUE SUM     =      -26.625109 Ha
@@ ION_ION            =      -29.161043 Ha
@@ ELECTROSTATIC      =     -113.626113 Ha
@@ VXC                =      -21.998048 Ha
@@ EXC                =      -21.563210 Ha
@@ TOTAL ENERGY       =     -168.977427 Ha
@@ estimated error    =        2.76e-05 Ha
@@ TOTAL MAGNETIZATION    =   2.00000000 Bohr mag/cell
@@ ABSOLUTE MAGNETIZATION =   2.00000000 Bohr mag/cell
Charge normalization constant: 1.000000
Charge density mixing: Linear with a constant of 0.20 

 charge density is NEGATIVE after interpolation, minimum is -8.809245e-07
 minimum charge density with core charge added is -8.901801e-07
 quench: [md:   0/10  scf:   3/100  step time:   2.68  scf time:    11.35 secs  RMS[dV]: 1.37e-03 ]


average potential <V> = -3.23e-15
Davidson incomplete convergence steps = 8

FERMI ENERGY =     -4.96300818 eV
@@ EIGENVALUE SUM     =      -26.633100 Ha
@@ ION_ION            =      -29.161043 Ha
@@ ELECTROSTATIC      =     -113.618551 Ha
@@ VXC                =      -21.998453 Ha
@@ EXC                =      -21.563592 Ha
@@ TOTAL ENERGY       =     -168.977833 Ha
@@ estimated error    =        1.96e-05 Ha
@@ TOTAL MAGNETIZATION    =   2.00000000 Bohr mag/cell
@@ ABSOLUTE MAGNETIZATION =   2.00000000 Bohr mag/cell
Charge normalization constant: 1.000000
Charge density mixing: Pulay

 charge density is NEGATIVE after interpolation, minimum is -9.493035e-07
 minimum charge density with core charge added is -9.531366e-07
 quench: [md:   0/10  scf:   4/100  step time:   3.53  scf time:    14.87 secs  RMS[dV]: 1.22e-03 ]


average potential <V> = -3.93e-16
Davidson converged in 7 steps

FERMI ENERGY =     -4.97505004 eV
@@ EIGENVALUE SUM     =      -26.632326 Ha
@@ ION_ION            =      -29.161043 Ha
@@ ELECTROSTATIC      =     -113.619802 Ha
@@ VXC                =      -22.000321 Ha
@@ EXC                =      -21.565118 Ha
@@ TOTAL ENERGY       =     -168.977969 Ha
@@ estimated error    =        2.39e-05 Ha
@@ TOTAL MAGNETIZATION    =   2.00000000 Bohr mag/cell
@@ ABSOLUTE MAGNETIZATION =   2.00001355 Bohr mag/cell
Charge normalization constant: 1.000000
Charge density mixing: Pulay

 charge density is NEGATIVE after interpolation, minimum is -1.217405e-06
 minimum charge density with core charge added is -1.227739e-06


KOHN SHAM EIGENVALUES [eV] AT K-POINT [  0]:       0.000000      0.000000      0.000000


------------- SPIN UP ---------------

[kpt   0   5   0]   -111.4944 [1.000]   -71.8658 [1.000]   -71.8657 [1.000]   -71.8656 [1.000]    -9.3035 [1.000]
[kpt   0   5   1]    -9.3033 [1.000]    -9.3022 [1.000]    -9.3022 [1.000]    -9.3022 [1.000]    -5.3393 [1.000]
[kpt   0   5   2]    -0.7399 [0.000]    -0.7399 [0.000]    -0.7398 [0.000]     0.0089 [0.000]     1.4075 [0.000]
[kpt   0   5   3]     1.4087 [0.000]     2.6113 [0.000]     2.6173 [0.000]

------------ SPIN DOWN --------------

[kpt   0   5   0]   -109.4772 [1.000]   -69.7669 [1.000]   -69.7669 [1.000]   -69.7669 [1.000]    -7.3357 [0.600]
[kpt   0   5   1]    -7.3357 [0.600]    -7.3348 [0.600]    -7.3347 [0.600]    -7.3347 [0.600]    -4.9751 [1.000]
[kpt   0   5   2]    -0.5752 [0.000]    -0.5752 [0.000]    -0.5750 [0.000]     0.0592 [0.000]     1.4336 [0.000]
[kpt   0   5   3]     1.4347 [0.000]     2.6692 [0.000]     2.6846 [0.000]



Total charge in supercell =      18.00000000
 quench: [md:   0/10  scf:   5/100  step time:   2.80  scf time:    17.67 secs  RMS[dV]: 1.05e-03 ]


average potential <V> = 1.89e-15
Davidson converged in 4 steps

FERMI ENERGY =     -5.02872603 eV
@@ EIGENVALUE SUM     =      -26.640827 Ha
@@ ION_ION            =      -29.161043 Ha
@@ ELECTROSTATIC      =     -113.612819 Ha
@@ VXC                =      -22.006914 Ha
@@ EXC                =      -21.570467 Ha
@@ TOTAL ENERGY       =     -168.978243 Ha
@@ estimated error    =        1.36e-05 Ha
@@ TOTAL MAGNETIZATION    =   2.00000000 Bohr mag/cell
@@ ABSOLUTE MAGNETIZATION =   2.03400380 Bohr mag/cell
Charge normalization constant: 1.000000
Charge density mixing: Pulay

 charge density is NEGATIVE after interpolation, minimum is -1.057722e-06
 minimum charge density with core charge added is -1.066995e-06
 quench: [md:   0/10  scf:   6/100  step time:   2.97  scf time:    20.64 secs  RMS[dV]: 3.10e-03 ]


average potential <V> = 3.43e-15
Davidson converged in 2 steps

FERMI ENERGY =     -5.03362472 eV
@@ EIGENVALUE SUM     =      -26.651937 Ha
@@ ION_ION            =      -29.161043 Ha
@@ ELECTROSTATIC      =     -113.601466 Ha
@@ VXC                =      -22.005556 Ha
@@ EXC                =      -21.569354 Ha
@@ TOTAL ENERGY       =     -168.978244 Ha
@@ estimated error    =        4.80e-06 Ha
@@ TOTAL MAGNETIZATION    =   2.00000000 Bohr mag/cell
@@ ABSOLUTE MAGNETIZATION =   2.03849243 Bohr mag/cell
Charge normalization constant: 1.000000
Charge density mixing: Pulay

 charge density is NEGATIVE after interpolation, minimum is -8.104145e-07
 minimum charge density with core charge added is -8.180824e-07
 quench: [md:   0/10  scf:   7/100  step time:   2.79  scf time:    23.43 secs  RMS[dV]: 1.52e-03 ]


average potential <V> = -6.68e-16
Davidson converged in 3 steps

FERMI ENERGY =     -5.03426042 eV
@@ EIGENVALUE SUM     =      -26.659262 Ha
@@ ION_ION            =      -29.161043 Ha
@@ ELECTROSTATIC      =     -113.593913 Ha
@@ VXC                =      -22.004236 Ha
@@ EXC                =      -21.568264 Ha
@@ TOTAL ENERGY       =     -168.978245 Ha
@@ estimated error    =        9.42e-07 Ha
@@ TOTAL MAGNETIZATION    =   2.00000000 Bohr mag/cell
@@ ABSOLUTE MAGNETIZATION =   2.03934288 Bohr mag/cell
Charge normalization constant: 1.000000
Charge density mixing: Pulay

 charge density is NEGATIVE after interpolation, minimum is -7.065424e-07
 minimum charge density with core charge added is -7.142542e-07
 quench: [md:   0/10  scf:   8/100  step time:   2.90  scf time:    26.33 secs  RMS[dV]: 1.66e-03 ]


average potential <V> = 6.02e-16
Davidson converged in 3 steps

FERMI ENERGY =     -5.03206197 eV
@@ EIGENVALUE SUM     =      -26.649823 Ha
@@ ION_ION            =      -29.161043 Ha
@@ ELECTROSTATIC      =     -113.603628 Ha
@@ VXC                =      -22.005699 Ha
@@ EXC                =      -21.569450 Ha
@@ TOTAL ENERGY       =     -168.978246 Ha
@@ estimated error    =        6.57e-07 Ha
@@ TOTAL MAGNETIZATION    =   2.00000000 Bohr mag/cell
@@ ABSOLUTE MAGNETIZATION =   2.03929924 Bohr mag/cell
Charge normalization constant: 1.000000
Charge density mixing: Pulay

 charge density is NEGATIVE after interpolation, minimum is -3.282832e-07
 minimum charge density with core charge added is -3.341991e-07
 quench: [md:   0/10  scf:   9/100  step time:   2.87  scf time:    29.20 secs  RMS[dV]: 6.60e-04 ]


average potential <V> = -4.43e-16
Davidson converged in 3 steps

FERMI ENERGY =     -5.03293203 eV
@@ EIGENVALUE SUM     =      -26.655715 Ha
@@ ION_ION            =      -29.161043 Ha
@@ ELECTROSTATIC      =     -113.597560 Ha
@@ VXC                =      -22.004701 Ha
@@ EXC                =      -21.568629 Ha
@@ TOTAL ENERGY       =     -168.978246 Ha
@@ estimated error    =        6.58e-07 Ha
@@ TOTAL MAGNETIZATION    =   2.00000000 Bohr mag/cell
@@ ABSOLUTE MAGNETIZATION =   2.04167857 Bohr mag/cell
Charge normalization constant: 1.000000
Charge density mixing: Pulay

 charge density is NEGATIVE after interpolation, minimum is -2.369088e-07
 minimum charge density with core charge added is -2.429100e-07


KOHN SHAM EIGENVALUES [eV] AT K-POINT [  0]:       0.000000      0.000000      0.000000


------------- SPIN UP ---------------

[kpt   0  10   0]   -111.5366 [1.000]   -71.9203 [1.000]   -71.9203 [1.000]   -71.9203 [1.000]    -9.3853 [1.000]
[kpt   0  10   1]    -9.3853 [1.000]    -9.3842 [1.000]    -9.3842 [1.000]    -9.3842 [1.000]    -5.3507 [1.000]
[kpt   0  10   2]    -0.7429 [0.000]    -0.7429 [0.000]    -0.7429 [0.000]    -0.0888 [0.000]     1.3474 [0.000]
[kpt   0  10   3]     1.3475 [0.000]     2.5030 [0.000]     2.5039 [0.000]

------------ SPIN DOWN --------------

[kpt   0  10   0]   -109.4887 [1.000]   -69.7671 [1.000]   -69.7671 [1.000]   -69.7671 [1.000]    -7.3156 [0.600]
[kpt   0  10   1]    -7.3156 [0.600]    -7.3144 [0.600]    -7.3144 [0.600]    -7.3144 [0.600]    -5.0329 [1.000]
[kpt   0  10   2]    -0.6364 [0.000]    -0.6364 [0.000]    -0.6364 [0.000]    -0.0786 [0.000]     1.3218 [0.000]
[kpt   0  10   3]     1.3218 [0.000]     2.5243 [0.000]     2.5313 [0.000]



Total charge in supercell =      18.00000000
 quench: [md:   0/10  scf:  10/100  step time:   2.91  scf time:    32.11 secs  RMS[dV]: 2.16e-03 ]


average potential <V> = 2.24e-15
Davidson converged in 3 steps

FERMI ENERGY =     -5.03291222 eV
@@ EIGENVALUE SUM     =      -26.655074 Ha
@@ ION_ION            =      -29.161043 Ha
@@ ELECTROSTATIC      =     -113.598223 Ha
@@ VXC                =      -22.004828 Ha
@@ EXC                =      -21.568734 Ha
@@ TOTAL ENERGY       =     -168.978246 Ha
@@ estimated error    =        5.29e-08 Ha
@@ TOTAL MAGNETIZATION    =   2.00000000 Bohr mag/cell
@@ ABSOLUTE MAGNETIZATION =   2.04190348 Bohr mag/cell
Charge normalization constant: 1.000000
Charge density mixing: Pulay

 charge density is NEGATIVE after interpolation, minimum is -1.555909e-07
 minimum charge density with core charge added is -1.618293e-07
 quench: [md:   0/10  scf:  11/100  step time:   2.88  scf time:    34.99 secs  RMS[dV]: 5.60e-04 ]


average potential <V> = 5.06e-15
Davidson converged in 3 steps

FERMI ENERGY =     -5.03302763 eV
@@ EIGENVALUE SUM     =      -26.654761 Ha
@@ ION_ION            =      -29.161043 Ha
@@ ELECTROSTATIC      =     -113.598547 Ha
@@ VXC                =      -22.004915 Ha
@@ EXC                =      -21.568810 Ha
@@ TOTAL ENERGY       =     -168.978246 Ha
@@ estimated error    =        1.38e-08 Ha
@@ TOTAL MAGNETIZATION    =   2.00000000 Bohr mag/cell
@@ ABSOLUTE MAGNETIZATION =   2.04195314 Bohr mag/cell
Charge normalization constant: 1.000000
Charge density mixing: Pulay

 charge density is NEGATIVE after interpolation, minimum is -9.287515e-08
 minimum charge density with core charge added is -9.929241e-08
 quench: [md:   0/10  scf:  12/100  step time:   4.07  scf time:    39.06 secs  RMS[dV]: 4.73e-04 ]



 Convergence criterion reached: Energy variation (2.23e-09) is lower than threshold (1.00e-08)

potential convergence has been achieved. stopping ...

[   0  13   13       44 ] Quench.cpp: final total energy =    -168.97824617 Ha


KOHN SHAM EIGENVALUES [eV] AT K-POINT [  0]:       0.000000      0.000000      0.000000


------------- SPIN UP ---------------

[kpt   0  13   0]   -111.5343 [1.000]   -71.9182 [1.000]   -71.9182 [1.000]   -71.9182 [1.000]    -9.3841 [1.000]
[kpt   0  13   1]    -9.3841 [1.000]    -9.3830 [1.000]    -9.3830 [1.000]    -9.3830 [1.000]    -5.3511 [1.000]
[kpt   0  13   2]    -0.7433 [0.000]    -0.7433 [0.000]    -0.7433 [0.000]    -0.0942 [0.000]     1.3464 [0.000]
[kpt   0  13   3]     1.3464 [0.000]     2.4972 [0.000]     2.4974 [0.000]

------------ SPIN DOWN --------------

[kpt   0  13   0]   -109.4865 [1.000]   -69.7651 [1.000]   -69.7651 [1.000]   -69.7651 [1.000]    -7.3143 [0.600]
[kpt   0  13   1]    -7.3143 [0.600]    -7.3132 [0.600]    -7.3132 [0.600]    -7.3132 [0.600]    -5.0330 [1.000]
[kpt   0  13   2]    -0.6368 [0.000]    -0.6368 [0.000]    -0.6368 [0.000]    -0.0857 [0.000]     1.3196 [0.000]
[kpt   0  13   3]     1.3196 [0.000]     2.5167 [0.000]     2.5207 [0.000]



Total charge in supercell =      18.00000000
 volume and energy per atom =       580.30177636      -4598.13202859 eV

 Vdd took 0.002976 seconds
WriteRestart: Output file given as /dev/null, no restart data written ...



  IONIC POSITIONS [a0] AND FORCES [Ha/a0]
  Charge analysis using: Voronoi Deformation Density

@ION  Ion  Species       X           Y           Z       Charge       FX          FY         FZ      Movable
@ION    1    Ni      0.0000000   0.0000000   0.0000000   -0.000   -0.0000012  -0.0000018  -0.0000005  1 1 1

 mean FX      =   0.00000123 Ha/a0
 mean FY      =   0.00000181 Ha/a0
 mean FZ      =   0.00000050 Ha/a0

 max FX       =   0.00000123 Ha/a0   (ion 1)
 max FY       =   0.00000181 Ha/a0   (ion 1)
 max FZ       =   0.00000050 Ha/a0   (ion 1)
 max F[x,y,z] =   0.00000181 Ha/a0
 max |F|      =   0.00000225 Ha/a0   (ion 1)

 sum FX       =  -0.00000123 Ha/a0
 sum FY       =  -0.00000181 Ha/a0
 sum FZ       =  -0.00000050 Ha/a0
 Average      =   0.00000118 Ha/a0
 sqrt < F^2 > =   0.00000130 Ha/a0

WriteRestart: Output file given as /dev/null, no restart data written ...


--------TIMING INFORMATION FOR Processor owned the most atoms----------------
                                        Total time               Per SCF/step

1-TOTAL                                            46.87                3.61
-----------------------------------------------------------------------------
  1-TOTAL: Init                                     4.77                0.37
  1-TOTAL: run                                     42.10                3.24
  ---------------------------------------------------------------------------
    1-TOTAL: run: Force                             3.02                0.23
    1-TOTAL: run: Scf steps                        38.98                3.00

2-Force                                             3.02                0.23
-----------------------------------------------------------------------------
  2-Force: core correction                          0.61                0.05
  2-Force: corrections                              0.59                0.05
  2-Force: ion-ion                                  0.06                0.00
  2-Force: local                                    0.68                0.05
  2-Force: non-local                                1.06                0.08
  2-Force: non-local-betaxpsi                       0.02                0.00
  2-Force: non-local-get gamma                      0.00                0.00
  2-Force: non-local-nlforce_par_Q                  0.52                0.04
  2-Force: non-local-nlforce_par_gamma              0.00                0.00
  2-Force: non-local-nlforce_par_omega              0.00                0.00
  2-Force: non-local-partial gamma                  0.00                0.00
  2-Force: non-local-veff grad                      0.50                0.04

2-Init                                              4.77                0.37
-----------------------------------------------------------------------------
  2-Init: GetNewRho                                 0.40                0.03
  2-Init: KpointClass                               0.83                0.06
  2-Init: LcaoGetPsi                                0.10                0.01
  2-Init: LcaoGetRho                                0.07                0.01
  2-Init: ReinitIonicPotentials                     0.48                0.04
  2-Init: betaxpsi                                  0.04                0.00
  2-Init: exchange/correlation                      1.30                0.10
  2-Init: hartree                                   0.50                0.04
  2-Init: normalization                             0.00                0.00
  2-Init: radial potentials                         0.20                0.02
  2-Init: subdiag                                   0.07                0.01
  2-Init: weights                                   0.12                0.01

2-Scf steps                                        38.98                3.00
-----------------------------------------------------------------------------
  2-Scf steps: Davidson                             5.71                0.44
  2-Scf steps: GetNewRho                            1.32                0.10
  2-Scf steps: Hartree                              6.51                0.50
  2-Scf steps: MgridSubspace                        2.49                0.19
  2-Scf steps: MixRho                               4.12                0.32
  2-Scf steps: exchange/correlation                14.28                1.10

3-MgridSubspace                                     2.49                0.19
-----------------------------------------------------------------------------
  3-MgridSubspace: AppNls                           0.09                0.01
  3-MgridSubspace: Beta x psi                       0.20                0.02
  3-MgridSubspace: Diagonalization                  0.55                0.04
  3-MgridSubspace: Mg_eig                           1.66                0.13

3-ReinitIonicPotentials                             0.48                0.04
-----------------------------------------------------------------------------
  3-ReinitIonicPotentials: GetNlop                  0.01                0.00
  3-ReinitIonicPotentials: GetWeight                0.15                0.01
  3-ReinitIonicPotentials: get_QI                   0.00                0.00
  3-ReinitIonicPotentials: get_qqq                  0.00                0.00
  3-ReinitIonicPotentials: init_nuc                 0.31                0.02

4-Diagonalization                                   0.62                0.05
-----------------------------------------------------------------------------
  4-Diagonalization: ELPA/PDSYGVX/PZHEGVX           0.00                0.00
  4-Diagonalization: Hpsi                           0.21                0.02
  4-Diagonalization: MPI_Bcast                      0.00                0.00
  4-Diagonalization: Update orbitals                0.06                0.00
  ---------------------------------------------------------------------------
    4-Diagonalization: Update orbitals: gather           0.00                0.00
    4-Diagonalization: Update orbitals: gemm           0.04                0.00
  4-Diagonalization: matrix                         0.13                0.01
  ---------------------------------------------------------------------------
    4-Diagonalization: matrix: Allreduce            0.06                0.00
    4-Diagonalization: matrix: Gemm                 0.07                0.01

5-Functional                                       15.30                1.18
-----------------------------------------------------------------------------
  5-Functional: apply gradient                      2.33                0.18
  5-Functional: libxc                               9.13                0.70
  5-Functional: vxc                                15.21                1.17
  5-Functional: vxc grad                            9.80                0.75
  5-Functional: vxc local                           5.28                0.41
  5-Functional: vxc nonlocal                        0.00                0.00

6-Davidson                                          5.71                0.44
-----------------------------------------------------------------------------
  6-Davidson: Betaxpsi                              0.44                0.03
  6-Davidson: apply hamiltonian                     1.42                0.11
  6-Davidson: diagonalization                       0.06                0.00
  6-Davidson: generate residuals                    0.54                0.04
  6-Davidson: matrix setup/reduce                   0.98                0.08
  6-Davidson: normalization                         0.27                0.02
  6-Davidson: precondition                          1.78                0.14
  6-Davidson: refresh h_psi and s_psi               0.03                0.00
  6-Davidson: reset hr,sr,vr                        0.00                0.00
  6-Davidson: rotate orbitals                       0.18                0.01

AppNls                                              0.48                0.04
-----------------------------------------------------------------------------
  AppNls: data_rearrange                            0.00                0.00
  ---------------------------------------------------------------------------
    AppNls: data_rearrange: alloc and zeros           0.00                0.00
    AppNls: data_rearrange: dnm                     0.00                0.00
    AppNls: data_rearrange: sint                    0.00                0.00
  AppNls: nv                                        0.38                0.03
  AppNls: nv_work                                   0.00                0.00

App_gradient                                        2.15                0.17

ApplyAOperator                                      0.13                0.01

CPUFD                                               0.04                0.00

Compute Hpsi                                        0.21                0.02
-----------------------------------------------------------------------------
  Compute Hpsi: AppNls                              0.05                0.00
  Compute Hpsi: Threaded Apply H                    0.16                0.01

GlobalSums                                          0.52                0.04

Init                                                3.94                0.30

Init Voronoi                                        0.08                0.01

Mix rho                                             4.41                0.34
-----------------------------------------------------------------------------
  Mix rho: Linear                                   1.22                0.09
  Mix rho: Pulay                                    2.94                0.23

Orbital                                             0.04                0.00
-----------------------------------------------------------------------------
  Orbital: phase and set                            0.04                0.00
  Orbital: proj cal                                 0.04                0.00
  Trade images: trade_images                        0.00                0.00
  Trade images: trade_imagesx                       0.72                0.06

VhPfft                                              6.53                0.50

Weight                                              0.08                0.01

radial beta                                         0.14                0.01


------------------------- TIMING INFORMATION FOR THREADS  -------------------

                                           Min            Max            Avg
ApplyAOperator                             1.86           1.86           1.86
-----------------------------------------------------------------------------

CPUFD                                      0.78           0.78           0.78
-----------------------------------------------------------------------------

GlobalSums                                 0.36           0.36           0.36
-----------------------------------------------------------------------------

Mg_eig                                     1.64           1.64           1.64
-----------------------------------------------------------------------------
  Mg_eig: apply hamiltonian                0.97           0.97           0.97
  Mg_eig: mgrid_solv                       0.26           0.26           0.26
  Trade images: trade_images               0.78           0.78           0.78
  Trade images: trade_imagesx              1.12           1.12           1.12
