RMG initialization ... 1 image(s) total, 1 per node. 16 MPI processes/image. Thread level 2.
FFT-FD  0.000000e+00   4.680326e-06
FFT-FD  1.000000e+00   4.680326e-06
IP=0 M = 0.000000e+00  -inf  4.680326e-06
FFT-FD  0.000000e+00   2.409093e-05
FFT-FD  1.000000e+00   2.409093e-05
IP=1 M = 0.000000e+00  -inf  2.409093e-05
FFT-FD  0.000000e+00   2.409093e-05
FFT-FD  1.000000e+00   2.409093e-05
IP=2 M = 0.000000e+00  -inf  2.409093e-05
FFT-FD  0.000000e+00   2.409093e-05
FFT-FD  1.000000e+00   2.409093e-05
IP=3 M = 0.000000e+00  -inf  2.409093e-05
FFT-FD  0.000000e+00   4.137915e-05
FFT-FD  1.000000e+00   4.137915e-05
IP=4 M = 0.000000e+00  -inf  4.137915e-05
FFT-FD  0.000000e+00   4.137915e-05
FFT-FD  1.000000e+00   4.137915e-05
IP=5 M = 0.000000e+00  -inf  4.137915e-05
FFT-FD  0.000000e+00   1.258064e-04
FFT-FD  1.000000e+00   1.258064e-04
IP=6 M = 0.000000e+00  -inf  1.258064e-04
FFT-FD  0.000000e+00   4.137915e-05
FFT-FD  1.000000e+00   4.137915e-05
IP=7 M = 0.000000e+00  -inf  4.137915e-05
FFT-FD  0.000000e+00   1.258064e-04
FFT-FD  1.000000e+00   1.258064e-04
IP=8 M = 0.000000e+00  -inf  1.258064e-04
FFT-FD  0.000000e+00   3.782135e-06
FFT-FD  1.000000e+00   3.782135e-06
IP=9 M = 0.000000e+00  -inf  3.782135e-06
NEWCFAC = 0.000000  0.000000


                     * * * * * * * * * *
                     *    R   M   G    *
                     * * * * * * * * * *

     -- A Real Space Multigrid Electronic structure code --
     --      More information at www.rmgdft.org          --

Code Revision:     5.0.0_beta1_111_gca5c3507
Build Date:        Feb 22 2023  21:48:37
Start time:        Sun Feb 26 21:00:56 2023

NOTICE: RMG internal pseudopotentials have switched to
ONCVP from Ultrasoft. You can revert to Ultrasoft by
adding the input tag internal_pseudo_type="ultrasoft" to
your input files.


Files
   Control input file:        input5
   Data output file:          /dev/null

Run Setup
    Calculation type:         Quench electrons - Fixed ions SCF calculation
    Description:              Ni atom test cell
    Orbital Initialization:   LCAO (10 LCAO and 0 random orbitals)
    Exchange Correlation:     pbe
    Spin Polarization:        ON
    System charge:            Neutral

Processor Topology
   Total PEs:                 8
   X direction:               2
   Y direction:               2
   Z direction:               2
   MG Threads/PE:             1
   OMP Threads/PE:            1

Grid Points  (Linear Anisotropy: 1.000)
    X:  Total: 88   Per PE: 44   Spacing:0.179 a0  
    Y:  Total: 88   Per PE: 44   Spacing:0.179 a0  
    Z:  Total: 88   Per PE: 44   Spacing:0.179 a0  

    Equivalent energy cutoffs (psi,rho):   307.632   1230.528 Ry

    Charge density grid:         2 times finer

Coordinate planes
  Planar Anisotropy: 1.000
  A0-A1 density:    31.170
  A0-A2 density:    31.170
  A1-A2 density:    31.170


Lattice (Cell) Setup
    Type:                       Cubic_primitive
    Volume (a0^3):               3916.07
    Boundary conditions:        Periodic

    X Basis Vector:      15.762       0.000       0.000 a0
    Y Basis Vector:       0.000      15.762       0.000 a0
    Z Basis Vector:       0.000       0.000      15.762 a0
    X Reci Vector:       0.063      -0.000       0.000 a0
    Y Reci Vector:       0.000       0.063       0.000 a0
    Z Reci Vector:       0.000      -0.000       0.063 a0

K-points
    Gamma Point Only (real orbitals)

Atoms and States
    Number of ions:                          1
    Number of species:                       1
    Number of spin up states:                18
    Number of spin down states:              18

Run Parameters
    SCF Convergence criterion (potential):   1.00e-08
    SCF Convergence criterion (energy):      1.00e-08
    Max SCF steps:                           100

SCF Cycle Settings
    Charge density mixing:                   Pulay  (Order:5 Scale:0.20 Refresh:100)
    Hartree Solver:                          PFFT
    Interpolation type:                      FFT

Subspace Diagonalization Options
    Frequency:                               every 1 SCF step(s)
    Driver:                                  ScaLapack
    Initial diagonalization:                 ON
    Folded spectrum:                         OFF

Filtering Cutoff  Parameters
    Wavefunction grid (cparm):               0.800
    Charge density grid (rhocparm):          1.000
    Filter factor:                           1.000

Multigrid (MG) Parameters
    Psi MG levels:                           3
    Psi global step:                         0.660 
    Psi pre:                                 2
    Psi post:                                2

Davidson Parameters
    Davidson multiplier:                     4
    Davidson max step:                       8
    Davidson unocc tol factor:               1000.000

Blas Libraries
    CPU support with openblas-parallel.


Atomic Species Information
(PP = Pseudopotential, US = Ultrasoft, NC = Norm Conserving)
-------------------------------------------------------------------------
|Index|Symbol| Mass|Valence| PP |  Comp  |Local| Local|Nlocal|    PP    |
|     |      |     |       |Type|Gaussian|  l  |Radius|Radius|Functional|
-------------------------------------------------------------------------
|    1|    Ni| 58.0|  18.00|  NC|    0.66|   -1| 10.00|  7.00|       PBE|
-------------------------------------------------------------------------

Pseudopotential generation information:
  Ni pseudopotential file: ./@Internal
      Generation info     : Generated using ONCVPSP code by D. R. Hamann
      Author info         : anonymous


Memory usage (Mbytes):     Min        Max       Total
    wave functions         49.07      49.07     785.07
    beta-functions         24.54      24.54     196.28



Initial Ionic Positions And Displacements (Bohr)
Species      X           Y           Z           dX          dY          dZ
  Ni       0.0000      0.0000      0.0000      0.0000      0.0000      0.0000


Initial Ionic Positions And Displacements (Angstrom)
Species      X           Y           Z           dX          dY          dZ
  Ni       0.0000      0.0000      0.0000      0.0000      0.0000      0.0000

Diagonalization using scalapack for step=0  count=0



KOHN SHAM EIGENVALUES [eV] AT K-POINT [  0]:       0.000000      0.000000      0.000000


------------- SPIN UP ---------------

[kpt   0  -1   0]   -111.4085 [1.000]   -71.7529 [1.000]   -71.7529 [1.000]   -71.7529 [1.000]    -9.1232 [1.000]
[kpt   0  -1   1]    -9.1232 [1.000]    -9.1208 [1.000]    -9.1208 [1.000]    -9.1208 [1.000]    -5.2943 [1.000]
[kpt   0  -1   2]   843.7432 [0.000]   1734.6877 [0.000]   1974.1494 [0.000]   2028.9432 [0.000]   2073.1547 [0.000]
[kpt   0  -1   3]   2105.6495 [0.000]   2154.2570 [0.000]   2232.4928 [0.000]

------------ SPIN DOWN --------------

[kpt   0  -1   0]   -109.3405 [1.000]   -69.6616 [1.000]   -69.6616 [1.000]   -69.6616 [1.000]    -7.3111 [0.600]
[kpt   0  -1   1]    -7.3111 [0.600]    -7.3087 [0.600]    -7.3087 [0.600]    -7.3087 [0.600]    -4.8684 [1.000]
[kpt   0  -1   2]   843.7974 [0.000]   1734.7432 [0.000]   1974.1988 [0.000]   2028.9925 [0.000]   2073.2069 [0.000]
[kpt   0  -1   3]   2105.6949 [0.000]   2154.3126 [0.000]   2232.5399 [0.000]


Charge normalization constant: 1.000000
Charge density mixing: Linear with a constant of 0.20 

 charge density is NEGATIVE after interpolation, minimum is -2.340956e-07
 minimum charge density with core charge added is -2.363273e-07

Diagonalization using scalapack for step=0  count=1


FERMI ENERGY =     -4.89291932 eV
@@ EIGENVALUE SUM     =      -26.575547 Ha
@@ ION_ION            =      -29.161043 Ha
@@ ELECTROSTATIC      =     -113.675017 Ha
@@ VXC                =      -22.000169 Ha
@@ EXC                =      -21.564512 Ha
@@ TOTAL ENERGY       =     -168.975949 Ha
@@ estimated error    =   ****************
@@ TOTAL MAGNETIZATION    =   2.00000000 Bohr mag/cell
@@ ABSOLUTE MAGNETIZATION =   2.00000000 Bohr mag/cell
Charge normalization constant: 1.000000
Charge density mixing: Linear with a constant of 0.20 

 charge density is NEGATIVE after interpolation, minimum is -4.764388e-07
 minimum charge density with core charge added is -4.778155e-07
WriteRestart: Output file given as /dev/null, no restart data written ...


KOHN SHAM EIGENVALUES [eV] AT K-POINT [  0]:       0.000000      0.000000      0.000000


------------- SPIN UP ---------------

[kpt   0   0   0]   -111.4223 [1.000]   -71.7734 [1.000]   -71.7734 [1.000]   -71.7734 [1.000]    -9.1617 [1.000]
[kpt   0   0   1]    -9.1617 [1.000]    -9.1593 [1.000]    -9.1593 [1.000]    -9.1593 [1.000]    -5.3068 [1.000]
[kpt   0   0   2]     1.1526 [0.000]    16.9245 [0.000]    20.7014 [0.000]    25.4870 [0.000]    27.4957 [0.000]
[kpt   0   0   3]    35.9976 [0.000]    46.2352 [0.000]    52.2741 [0.000]

------------ SPIN DOWN --------------

[kpt   0   0   0]   -109.3818 [1.000]   -69.6941 [1.000]   -69.6941 [1.000]   -69.6941 [1.000]    -7.3181 [0.600]
[kpt   0   0   1]    -7.3181 [0.600]    -7.3157 [0.600]    -7.3157 [0.600]    -7.3157 [0.600]    -4.8929 [1.000]
[kpt   0   0   2]     1.2039 [0.000]    16.9796 [0.000]    20.7401 [0.000]    25.5483 [0.000]    27.5444 [0.000]
[kpt   0   0   3]    36.0611 [0.000]    46.2863 [0.000]    52.3184 [0.000]



Total charge in supercell =      18.00000000
 quench: [md:   0/10  scf:   0/100  step time:   2.02  scf time:     2.09 secs  RMS[dV]: 2.05e-03 ]


average potential <V> = 1.20e-15

Diagonalization using scalapack for step=1  count=2


FERMI ENERGY =     -4.91356315 eV
@@ EIGENVALUE SUM     =      -26.594993 Ha
@@ ION_ION            =      -29.161043 Ha
@@ ELECTROSTATIC      =     -113.656083 Ha
@@ VXC                =      -21.998977 Ha
@@ EXC                =      -21.563745 Ha
@@ TOTAL ENERGY       =     -168.976886 Ha
@@ estimated error    =        4.19e-05 Ha
@@ TOTAL MAGNETIZATION    =   2.00000000 Bohr mag/cell
@@ ABSOLUTE MAGNETIZATION =   2.00000000 Bohr mag/cell
Charge normalization constant: 1.000000
Charge density mixing: Linear with a constant of 0.20 

 charge density is NEGATIVE after interpolation, minimum is -6.547127e-07
 minimum charge density with core charge added is -6.558558e-07
 quench: [md:   0/10  scf:   1/100  step time:   1.87  scf time:     3.96 secs  RMS[dV]: 1.85e-03 ]


average potential <V> = 3.13e-15

Diagonalization using scalapack for step=2  count=3


FERMI ENERGY =     -4.93200596 eV
@@ EIGENVALUE SUM     =      -26.611028 Ha
@@ ION_ION            =      -29.161043 Ha
@@ ELECTROSTATIC      =     -113.640386 Ha
@@ VXC                =      -21.998377 Ha
@@ EXC                =      -21.563388 Ha
@@ TOTAL ENERGY       =     -168.977467 Ha
@@ estimated error    =        3.57e-05 Ha
@@ TOTAL MAGNETIZATION    =   2.00000000 Bohr mag/cell
@@ ABSOLUTE MAGNETIZATION =   2.00000000 Bohr mag/cell
Charge normalization constant: 1.000000
Charge density mixing: Linear with a constant of 0.20 

 charge density is NEGATIVE after interpolation, minimum is -7.820423e-07
 minimum charge density with core charge added is -7.851556e-07
 quench: [md:   0/10  scf:   2/100  step time:   1.83  scf time:     5.79 secs  RMS[dV]: 1.58e-03 ]


average potential <V> = -2.23e-15

Diagonalization using scalapack for step=3  count=4


FERMI ENERGY =     -4.94774690 eV
@@ EIGENVALUE SUM     =      -26.622459 Ha
@@ ION_ION            =      -29.161043 Ha
@@ ELECTROSTATIC      =     -113.629252 Ha
@@ VXC                =      -21.998379 Ha
@@ EXC                =      -21.563474 Ha
@@ TOTAL ENERGY       =     -168.977849 Ha
@@ estimated error    =        2.61e-05 Ha
@@ TOTAL MAGNETIZATION    =   2.00000000 Bohr mag/cell
@@ ABSOLUTE MAGNETIZATION =   2.00000000 Bohr mag/cell
Charge normalization constant: 1.000000
Charge density mixing: Linear with a constant of 0.20 

 charge density is NEGATIVE after interpolation, minimum is -8.625031e-07
 minimum charge density with core charge added is -8.632662e-07
 quench: [md:   0/10  scf:   3/100  step time:   1.99  scf time:     7.78 secs  RMS[dV]: 1.36e-03 ]


average potential <V> = 2.07e-15
Davidson incomplete convergence steps = 8

FERMI ENERGY =     -4.96135950 eV
@@ EIGENVALUE SUM     =      -26.630105 Ha
@@ ION_ION            =      -29.161043 Ha
@@ ELECTROSTATIC      =     -113.622039 Ha
@@ VXC                =      -21.998831 Ha
@@ EXC                =      -21.563894 Ha
@@ TOTAL ENERGY       =     -168.978251 Ha
@@ estimated error    =        1.93e-05 Ha
@@ TOTAL MAGNETIZATION    =   2.00000000 Bohr mag/cell
@@ ABSOLUTE MAGNETIZATION =   2.00000021 Bohr mag/cell
Charge normalization constant: 1.000000
Charge density mixing: Pulay

 charge density is NEGATIVE after interpolation, minimum is -9.279145e-07
 minimum charge density with core charge added is -9.324144e-07
 quench: [md:   0/10  scf:   4/100  step time:   2.71  scf time:    10.49 secs  RMS[dV]: 1.21e-03 ]


average potential <V> = -3.72e-15
Davidson converged in 7 steps

FERMI ENERGY =     -4.97384593 eV
@@ EIGENVALUE SUM     =      -26.630244 Ha
@@ ION_ION            =      -29.161043 Ha
@@ ELECTROSTATIC      =     -113.622353 Ha
@@ VXC                =      -22.000595 Ha
@@ EXC                =      -21.565342 Ha
@@ TOTAL ENERGY       =     -168.978386 Ha
@@ estimated error    =        2.46e-05 Ha
@@ TOTAL MAGNETIZATION    =   2.00000000 Bohr mag/cell
@@ ABSOLUTE MAGNETIZATION =   2.00001293 Bohr mag/cell
Charge normalization constant: 1.000000
Charge density mixing: Pulay

 charge density is NEGATIVE after interpolation, minimum is -1.228200e-06
 minimum charge density with core charge added is -1.238938e-06


KOHN SHAM EIGENVALUES [eV] AT K-POINT [  0]:       0.000000      0.000000      0.000000


------------- SPIN UP ---------------

[kpt   0   5   0]   -111.4900 [1.000]   -71.8618 [1.000]   -71.8618 [1.000]   -71.8617 [1.000]    -9.3017 [1.000]
[kpt   0   5   1]    -9.3016 [1.000]    -9.2992 [1.000]    -9.2991 [1.000]    -9.2991 [1.000]    -5.3376 [1.000]
[kpt   0   5   2]    -0.7391 [0.000]    -0.7388 [0.000]    -0.7387 [0.000]     0.0086 [0.000]     1.4077 [0.000]
[kpt   0   5   3]     1.4085 [0.000]     2.6112 [0.000]     2.6120 [0.000]

------------ SPIN DOWN --------------

[kpt   0   5   0]   -109.4725 [1.000]   -69.7627 [1.000]   -69.7627 [1.000]   -69.7627 [1.000]    -7.3339 [0.600]
[kpt   0   5   1]    -7.3338 [0.600]    -7.3317 [0.600]    -7.3317 [0.600]    -7.3316 [0.600]    -4.9738 [1.000]
[kpt   0   5   2]    -0.5744 [0.000]    -0.5742 [0.000]    -0.5736 [0.000]     0.0598 [0.000]     1.4344 [0.000]
[kpt   0   5   3]     1.4352 [0.000]     2.6696 [0.000]     2.6738 [0.000]



Total charge in supercell =      18.00000000
 quench: [md:   0/10  scf:   5/100  step time:   1.92  scf time:    12.42 secs  RMS[dV]: 1.04e-03 ]


average potential <V> = 1.79e-16
Davidson converged in 3 steps

FERMI ENERGY =     -5.02897885 eV
@@ EIGENVALUE SUM     =      -26.641092 Ha
@@ ION_ION            =      -29.161043 Ha
@@ ELECTROSTATIC      =     -113.612971 Ha
@@ VXC                =      -22.006982 Ha
@@ EXC                =      -21.570534 Ha
@@ TOTAL ENERGY       =     -168.978659 Ha
@@ estimated error    =        1.45e-05 Ha
@@ TOTAL MAGNETIZATION    =   2.00000000 Bohr mag/cell
@@ ABSOLUTE MAGNETIZATION =   2.03401564 Bohr mag/cell
Charge normalization constant: 1.000000
Charge density mixing: Pulay

 charge density is NEGATIVE after interpolation, minimum is -1.064629e-06
 minimum charge density with core charge added is -1.074305e-06
 quench: [md:   0/10  scf:   6/100  step time:   2.05  scf time:    14.47 secs  RMS[dV]: 3.05e-03 ]


average potential <V> = 8.70e-16
Davidson converged in 2 steps

FERMI ENERGY =     -5.03379117 eV
@@ EIGENVALUE SUM     =      -26.651954 Ha
@@ ION_ION            =      -29.161043 Ha
@@ ELECTROSTATIC      =     -113.601874 Ha
@@ VXC                =      -22.005653 Ha
@@ EXC                =      -21.569443 Ha
@@ TOTAL ENERGY       =     -168.978660 Ha
@@ estimated error    =        4.55e-06 Ha
@@ TOTAL MAGNETIZATION    =   2.00000000 Bohr mag/cell
@@ ABSOLUTE MAGNETIZATION =   2.03856505 Bohr mag/cell
Charge normalization constant: 1.000000
Charge density mixing: Pulay

 charge density is NEGATIVE after interpolation, minimum is -7.989092e-07
 minimum charge density with core charge added is -8.070604e-07
 quench: [md:   0/10  scf:   7/100  step time:   1.81  scf time:    16.28 secs  RMS[dV]: 1.58e-03 ]


average potential <V> = -2.60e-15
Davidson converged in 3 steps

FERMI ENERGY =     -5.03440549 eV
@@ EIGENVALUE SUM     =      -26.659652 Ha
@@ ION_ION            =      -29.161043 Ha
@@ ELECTROSTATIC      =     -113.593936 Ha
@@ VXC                =      -22.004254 Ha
@@ EXC                =      -21.568285 Ha
@@ TOTAL ENERGY       =     -168.978662 Ha
@@ estimated error    =        9.58e-07 Ha
@@ TOTAL MAGNETIZATION    =   2.00000000 Bohr mag/cell
@@ ABSOLUTE MAGNETIZATION =   2.03955359 Bohr mag/cell
Charge normalization constant: 1.000000
Charge density mixing: Pulay

 charge density is NEGATIVE after interpolation, minimum is -7.545918e-07
 minimum charge density with core charge added is -7.630747e-07
 quench: [md:   0/10  scf:   8/100  step time:   2.26  scf time:    18.53 secs  RMS[dV]: 1.81e-03 ]


average potential <V> = -4.22e-15
Davidson converged in 2 steps

FERMI ENERGY =     -5.03255660 eV
@@ EIGENVALUE SUM     =      -26.651318 Ha
@@ ION_ION            =      -29.161043 Ha
@@ ELECTROSTATIC      =     -113.602513 Ha
@@ VXC                =      -22.005564 Ha
@@ EXC                =      -21.569352 Ha
@@ TOTAL ENERGY       =     -168.978662 Ha
@@ estimated error    =        9.02e-07 Ha
@@ TOTAL MAGNETIZATION    =   2.00000000 Bohr mag/cell
@@ ABSOLUTE MAGNETIZATION =   2.03923330 Bohr mag/cell
Charge normalization constant: 1.000000
Charge density mixing: Pulay

 charge density is NEGATIVE after interpolation, minimum is -3.577218e-07
 minimum charge density with core charge added is -3.642334e-07
 quench: [md:   0/10  scf:   9/100  step time:   2.04  scf time:    20.58 secs  RMS[dV]: 3.51e-04 ]


average potential <V> = 3.55e-16
Davidson converged in 3 steps

FERMI ENERGY =     -5.03287899 eV
@@ EIGENVALUE SUM     =      -26.655187 Ha
@@ ION_ION            =      -29.161043 Ha
@@ ELECTROSTATIC      =     -113.598521 Ha
@@ VXC                =      -22.004865 Ha
@@ EXC                =      -21.568776 Ha
@@ TOTAL ENERGY       =     -168.978663 Ha
@@ estimated error    =        2.61e-07 Ha
@@ TOTAL MAGNETIZATION    =   2.00000000 Bohr mag/cell
@@ ABSOLUTE MAGNETIZATION =   2.04143885 Bohr mag/cell
Charge normalization constant: 1.000000
Charge density mixing: Pulay

 charge density is NEGATIVE after interpolation, minimum is -2.508963e-07
 minimum charge density with core charge added is -2.574005e-07


KOHN SHAM EIGENVALUES [eV] AT K-POINT [  0]:       0.000000      0.000000      0.000000


------------- SPIN UP ---------------

[kpt   0  10   0]   -111.5345 [1.000]   -71.9187 [1.000]   -71.9187 [1.000]   -71.9187 [1.000]    -9.3859 [1.000]
[kpt   0  10   1]    -9.3859 [1.000]    -9.3836 [1.000]    -9.3836 [1.000]    -9.3836 [1.000]    -5.3506 [1.000]
[kpt   0  10   2]    -0.7430 [0.000]    -0.7430 [0.000]    -0.7430 [0.000]    -0.0873 [0.000]     1.3476 [0.000]
[kpt   0  10   3]     1.3476 [0.000]     2.5042 [0.000]     2.5050 [0.000]

------------ SPIN DOWN --------------

[kpt   0  10   0]   -109.4866 [1.000]   -69.7656 [1.000]   -69.7656 [1.000]   -69.7656 [1.000]    -7.3163 [0.600]
[kpt   0  10   1]    -7.3163 [0.600]    -7.3140 [0.600]    -7.3140 [0.600]    -7.3140 [0.600]    -5.0329 [1.000]
[kpt   0  10   2]    -0.6364 [0.000]    -0.6364 [0.000]    -0.6364 [0.000]    -0.0766 [0.000]     1.3225 [0.000]
[kpt   0  10   3]     1.3225 [0.000]     2.5262 [0.000]     2.5283 [0.000]



Total charge in supercell =      18.00000000
 quench: [md:   0/10  scf:  10/100  step time:   2.07  scf time:    22.64 secs  RMS[dV]: 2.32e-03 ]


average potential <V> = 2.14e-15
Davidson converged in 2 steps

FERMI ENERGY =     -5.03293028 eV
@@ EIGENVALUE SUM     =      -26.654655 Ha
@@ ION_ION            =      -29.161043 Ha
@@ ELECTROSTATIC      =     -113.599074 Ha
@@ VXC                =      -22.004981 Ha
@@ EXC                =      -21.568871 Ha
@@ TOTAL ENERGY       =     -168.978663 Ha
@@ estimated error    =        5.02e-08 Ha
@@ TOTAL MAGNETIZATION    =   2.00000000 Bohr mag/cell
@@ ABSOLUTE MAGNETIZATION =   2.04188481 Bohr mag/cell
Charge normalization constant: 1.000000
Charge density mixing: Pulay

 charge density is NEGATIVE after interpolation, minimum is -2.066581e-07
 minimum charge density with core charge added is -2.133121e-07
 quench: [md:   0/10  scf:  11/100  step time:   2.01  scf time:    24.65 secs  RMS[dV]: 7.64e-04 ]


average potential <V> = -2.76e-15
Davidson converged in 3 steps

FERMI ENERGY =     -5.03300196 eV
@@ EIGENVALUE SUM     =      -26.654434 Ha
@@ ION_ION            =      -29.161043 Ha
@@ ELECTROSTATIC      =     -113.599306 Ha
@@ VXC                =      -22.005039 Ha
@@ EXC                =      -21.568920 Ha
@@ TOTAL ENERGY       =     -168.978664 Ha
@@ estimated error    =        1.66e-08 Ha
@@ TOTAL MAGNETIZATION    =   2.00000000 Bohr mag/cell
@@ ABSOLUTE MAGNETIZATION =   2.04193133 Bohr mag/cell
Charge normalization constant: 1.000000
Charge density mixing: Pulay

 charge density is NEGATIVE after interpolation, minimum is -1.149776e-07
 minimum charge density with core charge added is -1.219548e-07
 quench: [md:   0/10  scf:  12/100  step time:   2.87  scf time:    27.53 secs  RMS[dV]: 4.09e-04 ]



 Convergence criterion reached: Energy variation (6.03e-09) is lower than threshold (1.00e-08)

potential convergence has been achieved. stopping ...

[   0  13   13       31 ] Quench.cpp: final total energy =    -168.97866365 Ha


KOHN SHAM EIGENVALUES [eV] AT K-POINT [  0]:       0.000000      0.000000      0.000000


------------- SPIN UP ---------------

[kpt   0  13   0]   -111.5327 [1.000]   -71.9171 [1.000]   -71.9171 [1.000]   -71.9171 [1.000]    -9.3850 [1.000]
[kpt   0  13   1]    -9.3850 [1.000]    -9.3827 [1.000]    -9.3827 [1.000]    -9.3827 [1.000]    -5.3509 [1.000]
[kpt   0  13   2]    -0.7434 [0.000]    -0.7433 [0.000]    -0.7433 [0.000]    -0.0929 [0.000]     1.3460 [0.000]
[kpt   0  13   3]     1.3460 [0.000]     2.4979 [0.000]     2.4988 [0.000]

------------ SPIN DOWN --------------

[kpt   0  13   0]   -109.4848 [1.000]   -69.7639 [1.000]   -69.7639 [1.000]   -69.7639 [1.000]    -7.3151 [0.600]
[kpt   0  13   1]    -7.3151 [0.600]    -7.3129 [0.600]    -7.3129 [0.600]    -7.3129 [0.600]    -5.0330 [1.000]
[kpt   0  13   2]    -0.6370 [0.000]    -0.6370 [0.000]    -0.6370 [0.000]    -0.0841 [0.000]     1.3192 [0.000]
[kpt   0  13   3]     1.3192 [0.000]     2.5182 [0.000]     2.5196 [0.000]



Total charge in supercell =      18.00000000
 volume and energy per atom =       580.30177636      -4598.14338896 eV

 Vdd took 0.002270 seconds
WriteRestart: Output file given as /dev/null, no restart data written ...



  IONIC POSITIONS [a0] AND FORCES [Ha/a0]
  Charge analysis using: Voronoi Deformation Density

@ION  Ion  Species       X           Y           Z       Charge       FX          FY         FZ      Movable
@ION    1    Ni      0.0000000   0.0000000   0.0000000   -0.000    0.0000151   0.0000177   0.0000229  1 1 1

 mean FX      =   0.00001508 Ha/a0
 mean FY      =   0.00001768 Ha/a0
 mean FZ      =   0.00002285 Ha/a0

 max FX       =   0.00001508 Ha/a0   (ion 1)
 max FY       =   0.00001768 Ha/a0   (ion 1)
 max FZ       =   0.00002285 Ha/a0   (ion 1)
 max F[x,y,z] =   0.00002285 Ha/a0
 max |F|      =   0.00003259 Ha/a0   (ion 1)

 sum FX       =   0.00001508 Ha/a0
 sum FY       =   0.00001768 Ha/a0
 sum FZ       =   0.00002285 Ha/a0
 Average      =   0.00001854 Ha/a0
 sqrt < F^2 > =   0.00001882 Ha/a0

WriteRestart: Output file given as /dev/null, no restart data written ...


--------TIMING INFORMATION FOR Processor owned the most atoms----------------
                                        Total time               Per SCF/step

1-TOTAL                                            32.90                2.53
-----------------------------------------------------------------------------
  1-TOTAL: Init                                     3.46                0.27
  1-TOTAL: run                                     29.44                2.26
  ---------------------------------------------------------------------------
    1-TOTAL: run: Force                             1.90                0.15
    1-TOTAL: run: Scf steps                        27.46                2.11

2-Force                                             1.90                0.15
-----------------------------------------------------------------------------
  2-Force: core correction                          0.37                0.03
  2-Force: corrections                              0.39                0.03
  2-Force: ion-ion                                  0.05                0.00
  2-Force: local                                    0.42                0.03
  2-Force: non-local                                0.67                0.05
  2-Force: non-local-betaxpsi                       0.02                0.00
  2-Force: non-local-get gamma                      0.00                0.00
  2-Force: non-local-nlforce_par_Q                  0.32                0.02
  2-Force: non-local-nlforce_par_gamma              0.00                0.00
  2-Force: non-local-nlforce_par_omega              0.00                0.00
  2-Force: non-local-partial gamma                  0.00                0.00
  2-Force: non-local-veff grad                      0.31                0.02

2-Init                                              3.46                0.27
-----------------------------------------------------------------------------
  2-Init: GetNewRho                                 0.27                0.02
  2-Init: KpointClass                               0.57                0.04
  2-Init: LcaoGetPsi                                0.07                0.01
  2-Init: LcaoGetRho                                0.06                0.00
  2-Init: ReinitIonicPotentials                     0.32                0.02
  2-Init: betaxpsi                                  0.03                0.00
  2-Init: exchange/correlation                      0.96                0.07
  2-Init: hartree                                   0.33                0.03
  2-Init: normalization                             0.01                0.00
  2-Init: radial potentials                         0.21                0.02
  2-Init: subdiag                                   0.10                0.01
  2-Init: weights                                   0.09                0.01

2-Scf steps                                        27.46                2.11
-----------------------------------------------------------------------------
  2-Scf steps: Davidson                             4.47                0.34
  2-Scf steps: GetNewRho                            0.88                0.07
  2-Scf steps: Hartree                              3.93                0.30
  2-Scf steps: MgridSubspace                        1.67                0.13
  2-Scf steps: MixRho                               2.44                0.19
  2-Scf steps: exchange/correlation                11.21                0.86

3-MgridSubspace                                     1.67                0.13
-----------------------------------------------------------------------------
  3-MgridSubspace: AppNls                           0.05                0.00
  3-MgridSubspace: Beta x psi                       0.18                0.01
  3-MgridSubspace: Diagonalization                  0.28                0.02
  3-MgridSubspace: Mg_eig                           1.16                0.09

3-ReinitIonicPotentials                             0.32                0.02
-----------------------------------------------------------------------------
  3-ReinitIonicPotentials: GetNlop                  0.01                0.00
  3-ReinitIonicPotentials: GetWeight                0.11                0.01
  3-ReinitIonicPotentials: get_QI                   0.00                0.00
  3-ReinitIonicPotentials: get_qqq                  0.00                0.00
  3-ReinitIonicPotentials: init_nuc                 0.20                0.02

4-Diagonalization                                   0.39                0.03
-----------------------------------------------------------------------------
  4-Diagonalization: ELPA/PDSYGVX/PZHEGVX           0.01                0.00
  4-Diagonalization: Hpsi                           0.21                0.02
  4-Diagonalization: MPI_Bcast                      0.00                0.00
  4-Diagonalization: Update orbitals                0.04                0.00
  ---------------------------------------------------------------------------
    4-Diagonalization: Update orbitals: gather           0.00                0.00
    4-Diagonalization: Update orbitals: gemm           0.03                0.00
  4-Diagonalization: matrix                         0.11                0.01
  ---------------------------------------------------------------------------
    4-Diagonalization: matrix: Allreduce            0.06                0.00
    4-Diagonalization: matrix: Gemm                 0.05                0.00

5-Functional                                       12.01                0.92
-----------------------------------------------------------------------------
  5-Functional: apply gradient                      2.06                0.16
  5-Functional: libxc                               7.16                0.55
  5-Functional: vxc                                11.96                0.92
  5-Functional: vxc grad                            7.79                0.60
  5-Functional: vxc local                           4.06                0.31
  5-Functional: vxc nonlocal                        0.00                0.00

6-Davidson                                          4.47                0.34
-----------------------------------------------------------------------------
  6-Davidson: Betaxpsi                              0.32                0.02
  6-Davidson: apply hamiltonian                     1.05                0.08
  6-Davidson: diagonalization                       0.08                0.01
  6-Davidson: generate residuals                    0.34                0.03
  6-Davidson: matrix setup/reduce                   0.75                0.06
  6-Davidson: normalization                         0.13                0.01
  6-Davidson: precondition                          1.64                0.13
  6-Davidson: refresh h_psi and s_psi               0.02                0.00
  6-Davidson: reset hr,sr,vr                        0.00                0.00
  6-Davidson: rotate orbitals                       0.13                0.01

AppNls                                              0.30                0.02
-----------------------------------------------------------------------------
  AppNls: data_rearrange                            0.00                0.00
  ---------------------------------------------------------------------------
    AppNls: data_rearrange: alloc and zeros           0.00                0.00
    AppNls: data_rearrange: dnm                     0.00                0.00
    AppNls: data_rearrange: sint                    0.00                0.00
  AppNls: nv                                        0.24                0.02
  AppNls: nv_work                                   0.00                0.00

App_gradient                                        1.92                0.15

ApplyAOperator                                      0.11                0.01

CPUFD                                               0.04                0.00

Compute Hpsi                                        0.21                0.02
-----------------------------------------------------------------------------
  Compute Hpsi: AppNls                              0.03                0.00
  Compute Hpsi: Threaded Apply H                    0.18                0.01

GlobalSums                                          0.22                0.02

Init                                                2.89                0.22

Init Voronoi                                        0.07                0.01

Mix rho                                             2.63                0.20
-----------------------------------------------------------------------------
  Mix rho: Linear                                   0.76                0.06
  Mix rho: Pulay                                    1.76                0.14

Orbital                                             0.03                0.00
-----------------------------------------------------------------------------
  Orbital: phase and set                            0.03                0.00
  Orbital: proj cal                                 0.03                0.00
  Trade images: trade_images                        0.00                0.00
  Trade images: trade_imagesx                       0.87                0.07

VhPfft                                              3.90                0.30

Weight                                              0.06                0.00

radial beta                                         0.13                0.01


------------------------- TIMING INFORMATION FOR THREADS  -------------------

                                           Min            Max            Avg
ApplyAOperator                             1.39           1.39           1.39
-----------------------------------------------------------------------------

CPUFD                                      0.59           0.59           0.59
-----------------------------------------------------------------------------

GlobalSums                                 0.25           0.25           0.25
-----------------------------------------------------------------------------

Mg_eig                                     1.15           1.15           1.15
-----------------------------------------------------------------------------
  Mg_eig: apply hamiltonian                0.65           0.65           0.65
  Mg_eig: mgrid_solv                       0.22           0.22           0.22
  Trade images: trade_images               0.89           0.89           0.89
  Trade images: trade_imagesx              0.84           0.84           0.84
