RMG initialization ... 1 image(s) total, 1 per node. 16 MPI processes/image. Thread level 2.
FFT-FD  0.000000e+00   1.088539e-05
FFT-FD  1.000000e+00   1.088539e-05
IP=0 M = 0.000000e+00  -inf  1.088539e-05
FFT-FD  0.000000e+00   5.747384e-05
FFT-FD  1.000000e+00   5.747384e-05
IP=1 M = 0.000000e+00  -inf  5.747384e-05
FFT-FD  0.000000e+00   5.747384e-05
FFT-FD  1.000000e+00   5.747384e-05
IP=2 M = 0.000000e+00  -inf  5.747384e-05
FFT-FD  0.000000e+00   5.747384e-05
FFT-FD  1.000000e+00   5.747384e-05
IP=3 M = 0.000000e+00  -inf  5.747384e-05
FFT-FD  0.000000e+00   9.924417e-05
FFT-FD  1.000000e+00   9.924417e-05
IP=4 M = 0.000000e+00  -inf  9.924417e-05
FFT-FD  0.000000e+00   9.924417e-05
FFT-FD  1.000000e+00   9.924417e-05
IP=5 M = 0.000000e+00  -inf  9.924417e-05
FFT-FD  0.000000e+00   2.982037e-04
FFT-FD  1.000000e+00   2.982037e-04
IP=6 M = 0.000000e+00  -inf  2.982037e-04
FFT-FD  0.000000e+00   9.924417e-05
FFT-FD  1.000000e+00   9.924417e-05
IP=7 M = 0.000000e+00  -inf  9.924417e-05
FFT-FD  0.000000e+00   2.982037e-04
FFT-FD  1.000000e+00   2.982037e-04
IP=8 M = 0.000000e+00  -inf  2.982037e-04
FFT-FD  0.000000e+00   5.585244e-06
FFT-FD  1.000000e+00   5.585244e-06
IP=9 M = 0.000000e+00  -inf  5.585244e-06
NEWCFAC = 0.000000  0.000000


                     * * * * * * * * * *
                     *    R   M   G    *
                     * * * * * * * * * *

     -- A Real Space Multigrid Electronic structure code --
     --      More information at www.rmgdft.org          --

Code Revision:     5.0.0_beta1_111_gca5c3507
Build Date:        Feb 22 2023  21:48:37
Start time:        Sun Feb 26 21:00:28 2023

NOTICE: RMG internal pseudopotentials have switched to
ONCVP from Ultrasoft. You can revert to Ultrasoft by
adding the input tag internal_pseudo_type="ultrasoft" to
your input files.


Files
   Control input file:        input4
   Data output file:          /dev/null

Run Setup
    Calculation type:         Quench electrons - Fixed ions SCF calculation
    Description:              Ni atom test cell
    Orbital Initialization:   LCAO (10 LCAO and 0 random orbitals)
    Exchange Correlation:     pbe
    Spin Polarization:        ON
    System charge:            Neutral

Processor Topology
   Total PEs:                 8
   X direction:               2
   Y direction:               2
   Z direction:               2
   MG Threads/PE:             1
   OMP Threads/PE:            1

Grid Points  (Linear Anisotropy: 1.000)
    X:  Total: 80   Per PE: 40   Spacing:0.197 a0  
    Y:  Total: 80   Per PE: 40   Spacing:0.197 a0  
    Z:  Total: 80   Per PE: 40   Spacing:0.197 a0  

    Equivalent energy cutoffs (psi,rho):   254.241   1016.965 Ry

    Charge density grid:         2 times finer

Coordinate planes
  Planar Anisotropy: 1.000
  A0-A1 density:    25.760
  A0-A2 density:    25.760
  A1-A2 density:    25.760


Lattice (Cell) Setup
    Type:                       Cubic_primitive
    Volume (a0^3):               3916.07
    Boundary conditions:        Periodic

    X Basis Vector:      15.762       0.000       0.000 a0
    Y Basis Vector:       0.000      15.762       0.000 a0
    Z Basis Vector:       0.000       0.000      15.762 a0
    X Reci Vector:       0.063      -0.000       0.000 a0
    Y Reci Vector:       0.000       0.063       0.000 a0
    Z Reci Vector:       0.000      -0.000       0.063 a0

K-points
    Gamma Point Only (real orbitals)

Atoms and States
    Number of ions:                          1
    Number of species:                       1
    Number of spin up states:                18
    Number of spin down states:              18

Run Parameters
    SCF Convergence criterion (potential):   1.00e-08
    SCF Convergence criterion (energy):      1.00e-08
    Max SCF steps:                           100

SCF Cycle Settings
    Charge density mixing:                   Pulay  (Order:5 Scale:0.20 Refresh:100)
    Hartree Solver:                          PFFT
    Interpolation type:                      FFT

Subspace Diagonalization Options
    Frequency:                               every 1 SCF step(s)
    Driver:                                  ScaLapack
    Initial diagonalization:                 ON
    Folded spectrum:                         OFF

Filtering Cutoff  Parameters
    Wavefunction grid (cparm):               0.800
    Charge density grid (rhocparm):          1.000
    Filter factor:                           1.000

Multigrid (MG) Parameters
    Psi MG levels:                           3
    Psi global step:                         0.660 
    Psi pre:                                 2
    Psi post:                                2

Davidson Parameters
    Davidson multiplier:                     4
    Davidson max step:                       8
    Davidson unocc tol factor:               1000.000

Blas Libraries
    CPU support with openblas-parallel.


Atomic Species Information
(PP = Pseudopotential, US = Ultrasoft, NC = Norm Conserving)
-------------------------------------------------------------------------
|Index|Symbol| Mass|Valence| PP |  Comp  |Local| Local|Nlocal|    PP    |
|     |      |     |       |Type|Gaussian|  l  |Radius|Radius|Functional|
-------------------------------------------------------------------------
|    1|    Ni| 58.0|  18.00|  NC|    0.66|   -1| 10.00|  7.00|       PBE|
-------------------------------------------------------------------------

Pseudopotential generation information:
  Ni pseudopotential file: ./@Internal
      Generation info     : Generated using ONCVPSP code by D. R. Hamann
      Author info         : anonymous


Memory usage (Mbytes):     Min        Max       Total
    wave functions         36.87      36.87     589.84
    beta-functions         18.43      18.43     147.47



Initial Ionic Positions And Displacements (Bohr)
Species      X           Y           Z           dX          dY          dZ
  Ni       0.0000      0.0000      0.0000      0.0000      0.0000      0.0000


Initial Ionic Positions And Displacements (Angstrom)
Species      X           Y           Z           dX          dY          dZ
  Ni       0.0000      0.0000      0.0000      0.0000      0.0000      0.0000

Diagonalization using scalapack for step=0  count=0



KOHN SHAM EIGENVALUES [eV] AT K-POINT [  0]:       0.000000      0.000000      0.000000


------------- SPIN UP ---------------

[kpt   0  -1   0]   -111.4086 [1.000]   -71.7538 [1.000]   -71.7538 [1.000]   -71.7538 [1.000]    -9.1278 [1.000]
[kpt   0  -1   1]    -9.1278 [1.000]    -9.1224 [1.000]    -9.1224 [1.000]    -9.1224 [1.000]    -5.2947 [1.000]
[kpt   0  -1   2]   666.1540 [0.000]   1460.4303 [0.000]   1558.8443 [0.000]   1648.5353 [0.000]   1705.7923 [0.000]
[kpt   0  -1   3]   1747.4918 [0.000]   1832.3325 [0.000]   1886.2076 [0.000]

------------ SPIN DOWN --------------

[kpt   0  -1   0]   -109.3406 [1.000]   -69.6625 [1.000]   -69.6625 [1.000]   -69.6625 [1.000]    -7.3158 [0.600]
[kpt   0  -1   1]    -7.3158 [0.600]    -7.3103 [0.600]    -7.3103 [0.600]    -7.3103 [0.600]    -4.8688 [1.000]
[kpt   0  -1   2]   666.2000 [0.000]   1460.4826 [0.000]   1558.8903 [0.000]   1648.5813 [0.000]   1705.8412 [0.000]
[kpt   0  -1   3]   1747.5350 [0.000]   1832.3799 [0.000]   1886.2535 [0.000]


Charge normalization constant: 1.000000
Charge density mixing: Linear with a constant of 0.20 

 charge density is NEGATIVE after interpolation, minimum is -2.369283e-07
 minimum charge density with core charge added is -2.368782e-07

Diagonalization using scalapack for step=0  count=1


FERMI ENERGY =     -4.89290588 eV
@@ EIGENVALUE SUM     =      -26.576596 Ha
@@ ION_ION            =      -29.161043 Ha
@@ ELECTROSTATIC      =     -113.675010 Ha
@@ VXC                =      -22.000169 Ha
@@ EXC                =      -21.564511 Ha
@@ TOTAL ENERGY       =     -168.976991 Ha
@@ estimated error    =   ****************
@@ TOTAL MAGNETIZATION    =   2.00000000 Bohr mag/cell
@@ ABSOLUTE MAGNETIZATION =   2.00000000 Bohr mag/cell
Charge normalization constant: 1.000000
Charge density mixing: Linear with a constant of 0.20 

 charge density is NEGATIVE after interpolation, minimum is -4.779765e-07
 minimum charge density with core charge added is -4.786178e-07
WriteRestart: Output file given as /dev/null, no restart data written ...


KOHN SHAM EIGENVALUES [eV] AT K-POINT [  0]:       0.000000      0.000000      0.000000


------------- SPIN UP ---------------

[kpt   0   0   0]   -111.4225 [1.000]   -71.7743 [1.000]   -71.7743 [1.000]   -71.7743 [1.000]    -9.1664 [1.000]
[kpt   0   0   1]    -9.1664 [1.000]    -9.1608 [1.000]    -9.1608 [1.000]    -9.1608 [1.000]    -5.3069 [1.000]
[kpt   0   0   2]     1.2019 [0.000]    14.3443 [0.000]    21.6486 [0.000]    25.0484 [0.000]    26.1807 [0.000]
[kpt   0   0   3]    34.3581 [0.000]    41.5963 [0.000]    50.9590 [0.000]

------------ SPIN DOWN --------------

[kpt   0   0   0]   -109.3819 [1.000]   -69.6950 [1.000]   -69.6950 [1.000]   -69.6950 [1.000]    -7.3229 [0.600]
[kpt   0   0   1]    -7.3228 [0.600]    -7.3173 [0.600]    -7.3173 [0.600]    -7.3173 [0.600]    -4.8929 [1.000]
[kpt   0   0   2]     1.2505 [0.000]    14.3984 [0.000]    21.6887 [0.000]    25.0893 [0.000]    26.2341 [0.000]
[kpt   0   0   3]    34.4048 [0.000]    41.6489 [0.000]    51.0009 [0.000]



Total charge in supercell =      18.00000000
 quench: [md:   0/10  scf:   0/100  step time:   1.73  scf time:     1.78 secs  RMS[dV]: 2.06e-03 ]


average potential <V> = -5.73e-16

Diagonalization using scalapack for step=1  count=2


FERMI ENERGY =     -4.91326480 eV
@@ EIGENVALUE SUM     =      -26.595291 Ha
@@ ION_ION            =      -29.161043 Ha
@@ ELECTROSTATIC      =     -113.656841 Ha
@@ VXC                =      -21.999071 Ha
@@ EXC                =      -21.563825 Ha
@@ TOTAL ENERGY       =     -168.977929 Ha
@@ estimated error    =        3.98e-05 Ha
@@ TOTAL MAGNETIZATION    =   2.00000000 Bohr mag/cell
@@ ABSOLUTE MAGNETIZATION =   2.00000000 Bohr mag/cell
Charge normalization constant: 1.000000
Charge density mixing: Linear with a constant of 0.20 

 charge density is NEGATIVE after interpolation, minimum is -6.542899e-07
 minimum charge density with core charge added is -6.553183e-07
 quench: [md:   0/10  scf:   1/100  step time:   1.40  scf time:     3.17 secs  RMS[dV]: 1.85e-03 ]


average potential <V> = 1.26e-15

Diagonalization using scalapack for step=2  count=3


FERMI ENERGY =     -4.93151255 eV
@@ EIGENVALUE SUM     =      -26.610520 Ha
@@ ION_ION            =      -29.161043 Ha
@@ ELECTROSTATIC      =     -113.641967 Ha
@@ VXC                =      -21.998587 Ha
@@ EXC                =      -21.563567 Ha
@@ TOTAL ENERGY       =     -168.978510 Ha
@@ estimated error    =        3.45e-05 Ha
@@ TOTAL MAGNETIZATION    =   2.00000000 Bohr mag/cell
@@ ABSOLUTE MAGNETIZATION =   2.00000007 Bohr mag/cell
Charge normalization constant: 1.000000
Charge density mixing: Linear with a constant of 0.20 

 charge density is NEGATIVE after interpolation, minimum is -7.686742e-07
 minimum charge density with core charge added is -7.697694e-07
 quench: [md:   0/10  scf:   2/100  step time:   1.81  scf time:     4.98 secs  RMS[dV]: 1.60e-03 ]


average potential <V> = -9.88e-16

Diagonalization using scalapack for step=3  count=4


FERMI ENERGY =     -4.94710211 eV
@@ EIGENVALUE SUM     =      -26.621199 Ha
@@ ION_ION            =      -29.161043 Ha
@@ ELECTROSTATIC      =     -113.631605 Ha
@@ VXC                =      -21.998704 Ha
@@ EXC                =      -21.563749 Ha
@@ TOTAL ENERGY       =     -168.978892 Ha
@@ estimated error    =        2.56e-05 Ha
@@ TOTAL MAGNETIZATION    =   2.00000000 Bohr mag/cell
@@ ABSOLUTE MAGNETIZATION =   2.00000127 Bohr mag/cell
Charge normalization constant: 1.000000
Charge density mixing: Linear with a constant of 0.20 

 charge density is NEGATIVE after interpolation, minimum is -8.381662e-07
 minimum charge density with core charge added is -8.464449e-07
 quench: [md:   0/10  scf:   3/100  step time:   1.46  scf time:     6.43 secs  RMS[dV]: 1.41e-03 ]


average potential <V> = 3.53e-16
Davidson incomplete convergence steps = 8

FERMI ENERGY =     -4.96065396 eV
@@ EIGENVALUE SUM     =      -26.628256 Ha
@@ ION_ION            =      -29.161043 Ha
@@ ELECTROSTATIC      =     -113.624994 Ha
@@ VXC                =      -21.999250 Ha
@@ EXC                =      -21.564248 Ha
@@ TOTAL ENERGY       =     -168.979291 Ha
@@ estimated error    =        1.93e-05 Ha
@@ TOTAL MAGNETIZATION    =   2.00000000 Bohr mag/cell
@@ ABSOLUTE MAGNETIZATION =   2.00000503 Bohr mag/cell
Charge normalization constant: 1.000000
Charge density mixing: Pulay

 charge density is NEGATIVE after interpolation, minimum is -9.152323e-07
 minimum charge density with core charge added is -9.219521e-07
 quench: [md:   0/10  scf:   4/100  step time:   2.05  scf time:     8.48 secs  RMS[dV]: 1.29e-03 ]


average potential <V> = -7.66e-16
Davidson converged in 3 steps

FERMI ENERGY =     -4.97330118 eV
@@ EIGENVALUE SUM     =      -26.628555 Ha
@@ ION_ION            =      -29.161043 Ha
@@ ELECTROSTATIC      =     -113.625146 Ha
@@ VXC                =      -22.001012 Ha
@@ EXC                =      -21.565695 Ha
@@ TOTAL ENERGY       =     -168.979427 Ha
@@ estimated error    =        2.54e-05 Ha
@@ TOTAL MAGNETIZATION    =   2.00000000 Bohr mag/cell
@@ ABSOLUTE MAGNETIZATION =   2.00001744 Bohr mag/cell
Charge normalization constant: 1.000000
Charge density mixing: Pulay

 charge density is NEGATIVE after interpolation, minimum is -1.226768e-06
 minimum charge density with core charge added is -1.237035e-06


KOHN SHAM EIGENVALUES [eV] AT K-POINT [  0]:       0.000000      0.000000      0.000000


------------- SPIN UP ---------------

[kpt   0   5   0]   -111.4845 [1.000]   -71.8575 [1.000]   -71.8575 [1.000]   -71.8575 [1.000]    -9.3028 [1.000]
[kpt   0   5   1]    -9.3027 [1.000]    -9.2970 [1.000]    -9.2970 [1.000]    -9.2970 [1.000]    -5.3368 [1.000]
[kpt   0   5   2]    -0.7389 [0.000]    -0.7387 [0.000]    -0.7387 [0.000]     0.0081 [0.000]     1.4076 [0.000]
[kpt   0   5   3]     1.4078 [0.000]     2.6086 [0.000]     2.6110 [0.000]

------------ SPIN DOWN --------------

[kpt   0   5   0]   -109.4668 [1.000]   -69.7582 [1.000]   -69.7582 [1.000]   -69.7582 [1.000]    -7.3348 [0.600]
[kpt   0   5   1]    -7.3346 [0.600]    -7.3295 [0.600]    -7.3295 [0.600]    -7.3295 [0.600]    -4.9733 [1.000]
[kpt   0   5   2]    -0.5742 [0.000]    -0.5740 [0.000]    -0.5738 [0.000]     0.0597 [0.000]     1.4352 [0.000]
[kpt   0   5   3]     1.4359 [0.000]     2.6674 [0.000]     2.6693 [0.000]



Total charge in supercell =      18.00000000
 quench: [md:   0/10  scf:   5/100  step time:   1.70  scf time:    10.19 secs  RMS[dV]: 1.17e-03 ]


average potential <V> = 1.50e-15
Davidson converged in 4 steps

FERMI ENERGY =     -5.02912604 eV
@@ EIGENVALUE SUM     =      -26.640044 Ha
@@ ION_ION            =      -29.161043 Ha
@@ ELECTROSTATIC      =     -113.615114 Ha
@@ VXC                =      -22.007400 Ha
@@ EXC                =      -21.570903 Ha
@@ TOTAL ENERGY       =     -168.979704 Ha
@@ estimated error    =        1.51e-05 Ha
@@ TOTAL MAGNETIZATION    =   2.00000000 Bohr mag/cell
@@ ABSOLUTE MAGNETIZATION =   2.03388145 Bohr mag/cell
Charge normalization constant: 1.000000
Charge density mixing: Pulay

 charge density is NEGATIVE after interpolation, minimum is -1.064799e-06
 minimum charge density with core charge added is -1.074581e-06
 quench: [md:   0/10  scf:   6/100  step time:   1.58  scf time:    11.77 secs  RMS[dV]: 3.75e-03 ]


average potential <V> = -1.66e-15
Davidson converged in 2 steps

FERMI ENERGY =     -5.03410216 eV
@@ EIGENVALUE SUM     =      -26.650776 Ha
@@ ION_ION            =      -29.161043 Ha
@@ ELECTROSTATIC      =     -113.604166 Ha
@@ VXC                =      -22.006130 Ha
@@ EXC                =      -21.569852 Ha
@@ TOTAL ENERGY       =     -168.979707 Ha
@@ estimated error    =        4.47e-06 Ha
@@ TOTAL MAGNETIZATION    =   2.00000000 Bohr mag/cell
@@ ABSOLUTE MAGNETIZATION =   2.03858880 Bohr mag/cell
Charge normalization constant: 1.000000
Charge density mixing: Pulay

 charge density is NEGATIVE after interpolation, minimum is -8.160439e-07
 minimum charge density with core charge added is -8.245554e-07
 quench: [md:   0/10  scf:   7/100  step time:   1.63  scf time:    13.40 secs  RMS[dV]: 1.96e-03 ]


average potential <V> = 5.63e-16
Davidson converged in 3 steps

FERMI ENERGY =     -5.03429342 eV
@@ EIGENVALUE SUM     =      -26.657041 Ha
@@ ION_ION            =      -29.161043 Ha
@@ ELECTROSTATIC      =     -113.597707 Ha
@@ VXC                =      -22.004950 Ha
@@ EXC                =      -21.568870 Ha
@@ TOTAL ENERGY       =     -168.979712 Ha
@@ estimated error    =        8.57e-07 Ha
@@ TOTAL MAGNETIZATION    =   2.00000000 Bohr mag/cell
@@ ABSOLUTE MAGNETIZATION =   2.03908799 Bohr mag/cell
Charge normalization constant: 1.000000
Charge density mixing: Pulay

 charge density is NEGATIVE after interpolation, minimum is -2.063829e-06
 minimum charge density with core charge added is -2.064082e-06
 quench: [md:   0/10  scf:   8/100  step time:   1.64  scf time:    15.03 secs  RMS[dV]: 2.18e-03 ]


average potential <V> = -1.78e-15
Davidson converged in 4 steps

FERMI ENERGY =     -5.03243232 eV
@@ EIGENVALUE SUM     =      -26.646465 Ha
@@ ION_ION            =      -29.161043 Ha
@@ ELECTROSTATIC      =     -113.608646 Ha
@@ VXC                =      -22.006714 Ha
@@ EXC                =      -21.570276 Ha
@@ TOTAL ENERGY       =     -168.979716 Ha
@@ estimated error    =        4.33e-07 Ha
@@ TOTAL MAGNETIZATION    =   2.00000000 Bohr mag/cell
@@ ABSOLUTE MAGNETIZATION =   2.04082181 Bohr mag/cell
Charge normalization constant: 1.000000
Charge density mixing: Pulay

 charge density is NEGATIVE after interpolation, minimum is -3.797064e-06
 minimum charge density with core charge added is -3.797318e-06
 quench: [md:   0/10  scf:   9/100  step time:   1.69  scf time:    16.72 secs  RMS[dV]: 2.78e-03 ]


average potential <V> = -1.28e-15
Davidson converged in 3 steps

FERMI ENERGY =     -5.03367014 eV
@@ EIGENVALUE SUM     =      -26.654372 Ha
@@ ION_ION            =      -29.161043 Ha
@@ ELECTROSTATIC      =     -113.600500 Ha
@@ VXC                =      -22.005405 Ha
@@ EXC                =      -21.569207 Ha
@@ TOTAL ENERGY       =     -168.979717 Ha
@@ estimated error    =        1.47e-06 Ha
@@ TOTAL MAGNETIZATION    =   2.00000000 Bohr mag/cell
@@ ABSOLUTE MAGNETIZATION =   2.04142188 Bohr mag/cell
Charge normalization constant: 1.000000
Charge density mixing: Pulay

 charge density is NEGATIVE after interpolation, minimum is -9.436641e-06
 minimum charge density with core charge added is -9.436895e-06


KOHN SHAM EIGENVALUES [eV] AT K-POINT [  0]:       0.000000      0.000000      0.000000


------------- SPIN UP ---------------

[kpt   0  10   0]   -111.5301 [1.000]   -71.9156 [1.000]   -71.9156 [1.000]   -71.9156 [1.000]    -9.3884 [1.000]
[kpt   0  10   1]    -9.3884 [1.000]    -9.3828 [1.000]    -9.3828 [1.000]    -9.3828 [1.000]    -5.3513 [1.000]
[kpt   0  10   2]    -0.7454 [0.000]    -0.7454 [0.000]    -0.7454 [0.000]    -0.0875 [0.000]     1.3437 [0.000]
[kpt   0  10   3]     1.3437 [0.000]     2.5044 [0.000]     2.5054 [0.000]

------------ SPIN DOWN --------------

[kpt   0  10   0]   -109.4821 [1.000]   -69.7623 [1.000]   -69.7623 [1.000]   -69.7623 [1.000]    -7.3186 [0.600]
[kpt   0  10   1]    -7.3186 [0.600]    -7.3132 [0.600]    -7.3132 [0.600]    -7.3132 [0.600]    -5.0337 [1.000]
[kpt   0  10   2]    -0.6386 [0.000]    -0.6386 [0.000]    -0.6386 [0.000]    -0.0769 [0.000]     1.3177 [0.000]
[kpt   0  10   3]     1.3177 [0.000]     2.5266 [0.000]     2.5273 [0.000]



Total charge in supercell =      18.00000000
 quench: [md:   0/10  scf:  10/100  step time:   1.59  scf time:    18.31 secs  RMS[dV]: 1.46e-03 ]


average potential <V> = -1.05e-15
Davidson converged in 4 steps

FERMI ENERGY =     -5.03451159 eV
@@ EIGENVALUE SUM     =      -26.655592 Ha
@@ ION_ION            =      -29.161043 Ha
@@ ELECTROSTATIC      =     -113.599280 Ha
@@ VXC                =      -22.005374 Ha
@@ EXC                =      -21.569179 Ha
@@ TOTAL ENERGY       =     -168.979720 Ha
@@ estimated error    =        5.54e-08 Ha
@@ TOTAL MAGNETIZATION    =   2.00000000 Bohr mag/cell
@@ ABSOLUTE MAGNETIZATION =   2.04200763 Bohr mag/cell
Charge normalization constant: 1.000000
Charge density mixing: Pulay

 charge density is NEGATIVE after interpolation, minimum is -2.664238e-05
 minimum charge density with core charge added is -2.664587e-05
 quench: [md:   0/10  scf:  11/100  step time:   1.67  scf time:    19.99 secs  RMS[dV]: 2.56e-03 ]


average potential <V> = 5.31e-16
Davidson converged in 5 steps

FERMI ENERGY =     -5.03644351 eV
@@ EIGENVALUE SUM     =      -26.656545 Ha
@@ ION_ION            =      -29.161043 Ha
@@ ELECTROSTATIC      =     -113.598386 Ha
@@ VXC                =      -22.005720 Ha
@@ EXC                =      -21.569468 Ha
@@ TOTAL ENERGY       =     -168.979721 Ha
@@ estimated error    =        6.61e-08 Ha
@@ TOTAL MAGNETIZATION    =   2.00000000 Bohr mag/cell
@@ ABSOLUTE MAGNETIZATION =   2.04268430 Bohr mag/cell
Charge normalization constant: 1.000000
Charge density mixing: Pulay

 charge density is NEGATIVE after interpolation, minimum is -2.558083e-05
 minimum charge density with core charge added is -2.558432e-05
 quench: [md:   0/10  scf:  12/100  step time:   1.69  scf time:    21.68 secs  RMS[dV]: 4.27e-03 ]


average potential <V> = 2.65e-15
Davidson converged in 3 steps

FERMI ENERGY =     -5.03581301 eV
@@ EIGENVALUE SUM     =      -26.656217 Ha
@@ ION_ION            =      -29.161043 Ha
@@ ELECTROSTATIC      =     -113.598713 Ha
@@ VXC                =      -22.005650 Ha
@@ EXC                =      -21.569398 Ha
@@ TOTAL ENERGY       =     -168.979721 Ha
@@ estimated error    =        3.18e-08 Ha
@@ TOTAL MAGNETIZATION    =   2.00000000 Bohr mag/cell
@@ ABSOLUTE MAGNETIZATION =   2.04236604 Bohr mag/cell
Charge normalization constant: 1.000000
Charge density mixing: Pulay

 charge density is NEGATIVE after interpolation, minimum is -4.130703e-05
 minimum charge density with core charge added is -4.131052e-05
 quench: [md:   0/10  scf:  13/100  step time:   2.17  scf time:    23.85 secs  RMS[dV]: 4.43e-04 ]



 Convergence criterion reached: Energy variation (9.04e-09) is lower than threshold (1.00e-08)

potential convergence has been achieved. stopping ...

[   0  14   14       27 ] Quench.cpp: final total energy =    -168.97972074 Ha


KOHN SHAM EIGENVALUES [eV] AT K-POINT [  0]:       0.000000      0.000000      0.000000


------------- SPIN UP ---------------

[kpt   0  14   0]   -111.5323 [1.000]   -71.9179 [1.000]   -71.9179 [1.000]   -71.9179 [1.000]    -9.3914 [1.000]
[kpt   0  14   1]    -9.3914 [1.000]    -9.3860 [1.000]    -9.3860 [1.000]    -9.3860 [1.000]    -5.3549 [1.000]
[kpt   0  14   2]    -0.7497 [0.000]    -0.7497 [0.000]    -0.7497 [0.000]    -0.1003 [0.000]     1.3399 [0.000]
[kpt   0  14   3]     1.3399 [0.000]     2.4902 [0.000]     2.4909 [0.000]

------------ SPIN DOWN --------------

[kpt   0  14   0]   -109.4846 [1.000]   -69.7650 [1.000]   -69.7650 [1.000]   -69.7650 [1.000]    -7.3216 [0.600]
[kpt   0  14   1]    -7.3216 [0.600]    -7.3164 [0.600]    -7.3164 [0.600]    -7.3164 [0.600]    -5.0358 [1.000]
[kpt   0  14   2]    -0.6420 [0.000]    -0.6420 [0.000]    -0.6420 [0.000]    -0.0950 [0.000]     1.3114 [0.000]
[kpt   0  14   3]     1.3115 [0.000]     2.5066 [0.000]     2.5071 [0.000]



Total charge in supercell =      18.00000000
 volume and energy per atom =       580.30177636      -4598.17215363 eV

 Vdd took 0.001760 seconds
WriteRestart: Output file given as /dev/null, no restart data written ...



  IONIC POSITIONS [a0] AND FORCES [Ha/a0]
  Charge analysis using: Voronoi Deformation Density

@ION  Ion  Species       X           Y           Z       Charge       FX          FY         FZ      Movable
@ION    1    Ni      0.0000000   0.0000000   0.0000000    0.000   -0.0001216  -0.0000458   0.0001512  1 1 1

 mean FX      =   0.00012157 Ha/a0
 mean FY      =   0.00004575 Ha/a0
 mean FZ      =   0.00015123 Ha/a0

 max FX       =   0.00012157 Ha/a0   (ion 1)
 max FY       =   0.00004575 Ha/a0   (ion 1)
 max FZ       =   0.00015123 Ha/a0   (ion 1)
 max F[x,y,z] =   0.00015123 Ha/a0
 max |F|      =   0.00019935 Ha/a0   (ion 1)

 sum FX       =  -0.00012157 Ha/a0
 sum FY       =  -0.00004575 Ha/a0
 sum FZ       =   0.00015123 Ha/a0
 Average      =   0.00010618 Ha/a0
 sqrt < F^2 > =   0.00011510 Ha/a0

WriteRestart: Output file given as /dev/null, no restart data written ...


--------TIMING INFORMATION FOR Processor owned the most atoms----------------
                                        Total time               Per SCF/step

1-TOTAL                                            28.09                2.01
-----------------------------------------------------------------------------
  1-TOTAL: Init                                     2.73                0.20
  1-TOTAL: run                                     25.35                1.81
  ---------------------------------------------------------------------------
    1-TOTAL: run: Force                             1.49                0.11
    1-TOTAL: run: Scf steps                        23.80                1.70

2-Force                                             1.49                0.11
-----------------------------------------------------------------------------
  2-Force: core correction                          0.30                0.02
  2-Force: corrections                              0.30                0.02
  2-Force: ion-ion                                  0.03                0.00
  2-Force: local                                    0.33                0.02
  2-Force: non-local                                0.53                0.04
  2-Force: non-local-betaxpsi                       0.01                0.00
  2-Force: non-local-get gamma                      0.00                0.00
  2-Force: non-local-nlforce_par_Q                  0.25                0.02
  2-Force: non-local-nlforce_par_gamma              0.00                0.00
  2-Force: non-local-nlforce_par_omega              0.00                0.00
  2-Force: non-local-partial gamma                  0.00                0.00
  2-Force: non-local-veff grad                      0.25                0.02

2-Init                                              2.73                0.20
-----------------------------------------------------------------------------
  2-Init: GetNewRho                                 0.17                0.01
  2-Init: KpointClass                               0.60                0.04
  2-Init: LcaoGetPsi                                0.04                0.00
  2-Init: LcaoGetRho                                0.05                0.00
  2-Init: ReinitIonicPotentials                     0.22                0.02
  2-Init: betaxpsi                                  0.01                0.00
  2-Init: exchange/correlation                      0.73                0.05
  2-Init: hartree                                   0.23                0.02
  2-Init: normalization                             0.00                0.00
  2-Init: radial potentials                         0.20                0.01
  2-Init: subdiag                                   0.09                0.01
  2-Init: weights                                   0.07                0.00

2-Scf steps                                        23.80                1.70
-----------------------------------------------------------------------------
  2-Scf steps: Davidson                             4.42                0.32
  2-Scf steps: GetNewRho                            0.78                0.06
  2-Scf steps: Hartree                              3.20                0.23
  2-Scf steps: MgridSubspace                        1.74                0.12
  2-Scf steps: MixRho                               2.08                0.15
  2-Scf steps: exchange/correlation                 9.01                0.64

3-MgridSubspace                                     1.74                0.12
-----------------------------------------------------------------------------
  3-MgridSubspace: AppNls                           0.05                0.00
  3-MgridSubspace: Beta x psi                       0.18                0.01
  3-MgridSubspace: Diagonalization                  0.42                0.03
  3-MgridSubspace: Mg_eig                           1.08                0.08

3-ReinitIonicPotentials                             0.22                0.02
-----------------------------------------------------------------------------
  3-ReinitIonicPotentials: GetNlop                  0.00                0.00
  3-ReinitIonicPotentials: GetWeight                0.07                0.00
  3-ReinitIonicPotentials: get_QI                   0.00                0.00
  3-ReinitIonicPotentials: get_qqq                  0.00                0.00
  3-ReinitIonicPotentials: init_nuc                 0.15                0.01

4-Diagonalization                                   0.52                0.04
-----------------------------------------------------------------------------
  4-Diagonalization: ELPA/PDSYGVX/PZHEGVX           0.13                0.01
  4-Diagonalization: Hpsi                           0.13                0.01
  4-Diagonalization: MPI_Bcast                      0.00                0.00
  4-Diagonalization: Update orbitals                0.04                0.00
  ---------------------------------------------------------------------------
    4-Diagonalization: Update orbitals: gather           0.00                0.00
    4-Diagonalization: Update orbitals: gemm           0.03                0.00
  4-Diagonalization: matrix                         0.08                0.01
  ---------------------------------------------------------------------------
    4-Diagonalization: matrix: Allreduce            0.03                0.00
    4-Diagonalization: matrix: Gemm                 0.05                0.00

5-Functional                                        9.62                0.69
-----------------------------------------------------------------------------
  5-Functional: apply gradient                      1.54                0.11
  5-Functional: libxc                               5.69                0.41
  5-Functional: vxc                                 9.57                0.68
  5-Functional: vxc grad                            6.19                0.44
  5-Functional: vxc local                           3.31                0.24
  5-Functional: vxc nonlocal                        0.00                0.00

6-Davidson                                          4.42                0.32
-----------------------------------------------------------------------------
  6-Davidson: Betaxpsi                              0.29                0.02
  6-Davidson: apply hamiltonian                     0.99                0.07
  6-Davidson: diagonalization                       0.09                0.01
  6-Davidson: generate residuals                    0.32                0.02
  6-Davidson: matrix setup/reduce                   0.66                0.05
  6-Davidson: normalization                         0.20                0.01
  6-Davidson: precondition                          1.73                0.12
  6-Davidson: refresh h_psi and s_psi               0.02                0.00
  6-Davidson: reset hr,sr,vr                        0.00                0.00
  6-Davidson: rotate orbitals                       0.11                0.01

AppNls                                              0.25                0.02
-----------------------------------------------------------------------------
  AppNls: data_rearrange                            0.00                0.00
  ---------------------------------------------------------------------------
    AppNls: data_rearrange: alloc and zeros           0.00                0.00
    AppNls: data_rearrange: dnm                     0.00                0.00
    AppNls: data_rearrange: sint                    0.00                0.00
  AppNls: nv                                        0.19                0.01
  AppNls: nv_work                                   0.00                0.00

App_gradient                                        1.44                0.10

ApplyAOperator                                      0.11                0.01

CPUFD                                               0.03                0.00

Compute Hpsi                                        0.13                0.01
-----------------------------------------------------------------------------
  Compute Hpsi: AppNls                              0.03                0.00
  Compute Hpsi: Threaded Apply H                    0.10                0.01

GlobalSums                                          0.18                0.01

Init                                                2.13                0.15

Init Voronoi                                        0.05                0.00

Mix rho                                             2.20                0.16
-----------------------------------------------------------------------------
  Mix rho: Linear                                   0.60                0.04
  Mix rho: Pulay                                    1.54                0.11

Orbital                                             0.02                0.00
-----------------------------------------------------------------------------
  Orbital: phase and set                            0.02                0.00
  Orbital: proj cal                                 0.02                0.00
  Trade images: trade_images                        0.00                0.00
  Trade images: trade_imagesx                       0.57                0.04

VhPfft                                              3.15                0.22

Weight                                              0.04                0.00

radial beta                                         0.15                0.01


------------------------- TIMING INFORMATION FOR THREADS  -------------------

                                           Min            Max            Avg
ApplyAOperator                             1.21           1.21           1.21
-----------------------------------------------------------------------------

CPUFD                                      0.49           0.49           0.49
-----------------------------------------------------------------------------

GlobalSums                                 0.46           0.46           0.46
-----------------------------------------------------------------------------

Mg_eig                                     1.08           1.08           1.08
-----------------------------------------------------------------------------
  Mg_eig: apply hamiltonian                0.49           0.49           0.49
  Mg_eig: mgrid_solv                       0.33           0.33           0.33
  Trade images: trade_images               0.99           0.99           0.99
  Trade images: trade_imagesx              0.76           0.76           0.76
