RMG initialization ... 1 image(s) total, 1 per node. 16 MPI processes/image. Thread level 2.
FFT-FD  0.000000e+00   1.033485e-06
FFT-FD  1.000000e+00   1.033485e-06
IP=0 M = 0.000000e+00  -inf  1.033485e-06
FFT-FD  0.000000e+00   5.084107e-06
FFT-FD  1.000000e+00   5.084107e-06
IP=1 M = 0.000000e+00  -inf  5.084107e-06
FFT-FD  0.000000e+00   5.084107e-06
FFT-FD  1.000000e+00   5.084107e-06
IP=2 M = 0.000000e+00  -inf  5.084107e-06
FFT-FD  0.000000e+00   5.084106e-06
FFT-FD  1.000000e+00   5.084106e-06
IP=3 M = 0.000000e+00  -inf  5.084106e-06
FFT-FD  0.000000e+00   8.674991e-06
FFT-FD  1.000000e+00   8.674991e-06
IP=4 M = 0.000000e+00  -inf  8.674991e-06
FFT-FD  0.000000e+00   8.674989e-06
FFT-FD  1.000000e+00   8.674989e-06
IP=5 M = 0.000000e+00  -inf  8.674989e-06
FFT-FD  0.000000e+00   2.679705e-05
FFT-FD  1.000000e+00   2.679705e-05
IP=6 M = 0.000000e+00  -inf  2.679705e-05
FFT-FD  0.000000e+00   8.674989e-06
FFT-FD  1.000000e+00   8.674989e-06
IP=7 M = 0.000000e+00  -inf  8.674989e-06
FFT-FD  0.000000e+00   2.679705e-05
FFT-FD  1.000000e+00   2.679705e-05
IP=8 M = 0.000000e+00  -inf  2.679705e-05
FFT-FD  0.000000e+00   4.785486e-06
FFT-FD  1.000000e+00   4.785486e-06
IP=9 M = 0.000000e+00  -inf  4.785486e-06
NEWCFAC = 0.000000  0.000000


                     * * * * * * * * * *
                     *    R   M   G    *
                     * * * * * * * * * *

     -- A Real Space Multigrid Electronic structure code --
     --      More information at www.rmgdft.org          --

Code Revision:     5.0.0_beta1_111_gca5c3507
Build Date:        Feb 22 2023  21:48:37
Start time:        Sun Feb 26 21:02:17 2023

NOTICE: RMG internal pseudopotentials have switched to
ONCVP from Ultrasoft. You can revert to Ultrasoft by
adding the input tag internal_pseudo_type="ultrasoft" to
your input files.


Files
   Control input file:        input7
   Data output file:          /dev/null

Run Setup
    Calculation type:         Quench electrons - Fixed ions SCF calculation
    Description:              Ni atom test cell
    Orbital Initialization:   LCAO (10 LCAO and 0 random orbitals)
    Exchange Correlation:     pbe
    Spin Polarization:        ON
    System charge:            Neutral

Processor Topology
   Total PEs:                 8
   X direction:               2
   Y direction:               2
   Z direction:               2
   MG Threads/PE:             1
   OMP Threads/PE:            1

Grid Points  (Linear Anisotropy: 1.000)
    X:  Total: 104   Per PE: 52   Spacing:0.152 a0  
    Y:  Total: 104   Per PE: 52   Spacing:0.152 a0  
    Z:  Total: 104   Per PE: 52   Spacing:0.152 a0  

    Equivalent energy cutoffs (psi,rho):   429.668   1718.671 Ry

    Charge density grid:         2 times finer

Coordinate planes
  Planar Anisotropy: 1.000
  A0-A1 density:    43.534
  A0-A2 density:    43.534
  A1-A2 density:    43.534


Lattice (Cell) Setup
    Type:                       Cubic_primitive
    Volume (a0^3):               3916.07
    Boundary conditions:        Periodic

    X Basis Vector:      15.762       0.000       0.000 a0
    Y Basis Vector:       0.000      15.762       0.000 a0
    Z Basis Vector:       0.000       0.000      15.762 a0
    X Reci Vector:       0.063      -0.000       0.000 a0
    Y Reci Vector:       0.000       0.063       0.000 a0
    Z Reci Vector:       0.000      -0.000       0.063 a0

K-points
    Gamma Point Only (real orbitals)

Atoms and States
    Number of ions:                          1
    Number of species:                       1
    Number of spin up states:                18
    Number of spin down states:              18

Run Parameters
    SCF Convergence criterion (potential):   1.00e-08
    SCF Convergence criterion (energy):      1.00e-08
    Max SCF steps:                           100

SCF Cycle Settings
    Charge density mixing:                   Pulay  (Order:5 Scale:0.20 Refresh:100)
    Hartree Solver:                          PFFT
    Interpolation type:                      FFT

Subspace Diagonalization Options
    Frequency:                               every 1 SCF step(s)
    Driver:                                  ScaLapack
    Initial diagonalization:                 ON
    Folded spectrum:                         OFF

Filtering Cutoff  Parameters
    Wavefunction grid (cparm):               0.800
    Charge density grid (rhocparm):          1.000
    Filter factor:                           1.000

Multigrid (MG) Parameters
    Psi MG levels:                           3
    Psi global step:                         0.660 
    Psi pre:                                 2
    Psi post:                                2

Davidson Parameters
    Davidson multiplier:                     4
    Davidson max step:                       8
    Davidson unocc tol factor:               1000.000

Blas Libraries
    CPU support with openblas-parallel.


Atomic Species Information
(PP = Pseudopotential, US = Ultrasoft, NC = Norm Conserving)
-------------------------------------------------------------------------
|Index|Symbol| Mass|Valence| PP |  Comp  |Local| Local|Nlocal|    PP    |
|     |      |     |       |Type|Gaussian|  l  |Radius|Radius|Functional|
-------------------------------------------------------------------------
|    1|    Ni| 58.0|  18.00|  NC|    0.66|   -1| 10.00|  7.00|       PBE|
-------------------------------------------------------------------------

Pseudopotential generation information:
  Ni pseudopotential file: ./@Internal
      Generation info     : Generated using ONCVPSP code by D. R. Hamann
      Author info         : anonymous


Memory usage (Mbytes):     Min        Max       Total
    wave functions         80.99      80.99    1295.86
    beta-functions         40.50      40.50     323.98



Initial Ionic Positions And Displacements (Bohr)
Species      X           Y           Z           dX          dY          dZ
  Ni       0.0000      0.0000      0.0000      0.0000      0.0000      0.0000


Initial Ionic Positions And Displacements (Angstrom)
Species      X           Y           Z           dX          dY          dZ
  Ni       0.0000      0.0000      0.0000      0.0000      0.0000      0.0000

Diagonalization using scalapack for step=0  count=0



KOHN SHAM EIGENVALUES [eV] AT K-POINT [  0]:       0.000000      0.000000      0.000000


------------- SPIN UP ---------------

[kpt   0  -1   0]   -111.4084 [1.000]   -71.7524 [1.000]   -71.7524 [1.000]   -71.7524 [1.000]    -9.1205 [1.000]
[kpt   0  -1   1]    -9.1205 [1.000]    -9.1199 [1.000]    -9.1199 [1.000]    -9.1199 [1.000]    -5.2929 [1.000]
[kpt   0  -1   2]   1197.7570 [0.000]   2458.9432 [0.000]   2728.8215 [0.000]   2773.5354 [0.000]   2816.2189 [0.000]
[kpt   0  -1   3]   2872.9815 [0.000]   2972.0227 [0.000]   3062.9874 [0.000]

------------ SPIN DOWN --------------

[kpt   0  -1   0]   -109.3404 [1.000]   -69.6611 [1.000]   -69.6611 [1.000]   -69.6611 [1.000]    -7.3084 [0.600]
[kpt   0  -1   1]    -7.3084 [0.600]    -7.3078 [0.600]    -7.3078 [0.600]    -7.3078 [0.600]    -4.8670 [1.000]
[kpt   0  -1   2]   1197.8158 [0.000]   2458.9929 [0.000]   2728.8752 [0.000]   2773.5983 [0.000]   2816.2756 [0.000]
[kpt   0  -1   3]   2873.0381 [0.000]   2972.0832 [0.000]   3063.0448 [0.000]


Charge normalization constant: 1.000000
Charge density mixing: Linear with a constant of 0.20 

 charge density is NEGATIVE after interpolation, minimum is -2.342213e-07
 minimum charge density with core charge added is -2.359285e-07

Diagonalization using scalapack for step=0  count=1


FERMI ENERGY =     -4.89297998 eV
@@ EIGENVALUE SUM     =      -26.574924 Ha
@@ ION_ION            =      -29.161043 Ha
@@ ELECTROSTATIC      =     -113.675031 Ha
@@ VXC                =      -22.000171 Ha
@@ EXC                =      -21.564513 Ha
@@ TOTAL ENERGY       =     -168.975340 Ha
@@ estimated error    =   ****************
@@ TOTAL MAGNETIZATION    =   2.00000000 Bohr mag/cell
@@ ABSOLUTE MAGNETIZATION =   2.00000000 Bohr mag/cell
Charge normalization constant: 1.000000
Charge density mixing: Linear with a constant of 0.20 

 charge density is NEGATIVE after interpolation, minimum is -4.816292e-07
 minimum charge density with core charge added is -4.835697e-07
WriteRestart: Output file given as /dev/null, no restart data written ...


KOHN SHAM EIGENVALUES [eV] AT K-POINT [  0]:       0.000000      0.000000      0.000000


------------- SPIN UP ---------------

[kpt   0   0   0]   -111.4222 [1.000]   -71.7728 [1.000]   -71.7728 [1.000]   -71.7728 [1.000]    -9.1589 [1.000]
[kpt   0   0   1]    -9.1589 [1.000]    -9.1583 [1.000]    -9.1583 [1.000]    -9.1583 [1.000]    -5.3067 [1.000]
[kpt   0   0   2]     1.1129 [0.000]    14.5437 [0.000]    16.8899 [0.000]    20.4830 [0.000]    31.0809 [0.000]
[kpt   0   0   3]    34.8726 [0.000]    40.9194 [0.000]    53.9940 [0.000]

------------ SPIN DOWN --------------

[kpt   0   0   0]   -109.3816 [1.000]   -69.6936 [1.000]   -69.6936 [1.000]   -69.6936 [1.000]    -7.3154 [0.600]
[kpt   0   0   1]    -7.3154 [0.600]    -7.3148 [0.600]    -7.3148 [0.600]    -7.3148 [0.600]    -4.8930 [1.000]
[kpt   0   0   2]     1.1718 [0.000]    14.6016 [0.000]    16.9642 [0.000]    20.5295 [0.000]    31.1541 [0.000]
[kpt   0   0   3]    34.9185 [0.000]    40.9729 [0.000]    54.0394 [0.000]



Total charge in supercell =      18.00000000
 quench: [md:   0/10  scf:   0/100  step time:   3.61  scf time:     3.72 secs  RMS[dV]: 2.05e-03 ]


average potential <V> = 2.92e-16

Diagonalization using scalapack for step=1  count=2


FERMI ENERGY =     -4.91411428 eV
@@ EIGENVALUE SUM     =      -26.595473 Ha
@@ ION_ION            =      -29.161043 Ha
@@ ELECTROSTATIC      =     -113.654967 Ha
@@ VXC                =      -21.998858 Ha
@@ EXC                =      -21.563649 Ha
@@ TOTAL ENERGY       =     -168.976274 Ha
@@ estimated error    =        4.59e-05 Ha
@@ TOTAL MAGNETIZATION    =   2.00000000 Bohr mag/cell
@@ ABSOLUTE MAGNETIZATION =   2.00000000 Bohr mag/cell
Charge normalization constant: 1.000000
Charge density mixing: Linear with a constant of 0.20 

 charge density is NEGATIVE after interpolation, minimum is -6.576785e-07
 minimum charge density with core charge added is -6.594867e-07
 quench: [md:   0/10  scf:   1/100  step time:   3.26  scf time:     6.98 secs  RMS[dV]: 1.83e-03 ]


average potential <V> = 2.78e-15

Diagonalization using scalapack for step=2  count=3


FERMI ENERGY =     -4.93287507 eV
@@ EIGENVALUE SUM     =      -26.612490 Ha
@@ ION_ION            =      -29.161043 Ha
@@ ELECTROSTATIC      =     -113.638264 Ha
@@ VXC                =      -21.998134 Ha
@@ EXC                =      -21.563192 Ha
@@ TOTAL ENERGY       =     -168.976855 Ha
@@ estimated error    =        3.82e-05 Ha
@@ TOTAL MAGNETIZATION    =   2.00000000 Bohr mag/cell
@@ ABSOLUTE MAGNETIZATION =   2.00000000 Bohr mag/cell
Charge normalization constant: 1.000000
Charge density mixing: Linear with a constant of 0.20 

 charge density is NEGATIVE after interpolation, minimum is -7.734206e-07
 minimum charge density with core charge added is -7.751326e-07
 quench: [md:   0/10  scf:   2/100  step time:   3.25  scf time:    10.23 secs  RMS[dV]: 1.55e-03 ]


average potential <V> = -2.71e-15

Diagonalization using scalapack for step=3  count=4


FERMI ENERGY =     -4.94876326 eV
@@ EIGENVALUE SUM     =      -26.624614 Ha
@@ ION_ION            =      -29.161043 Ha
@@ ELECTROSTATIC      =     -113.626423 Ha
@@ VXC                =      -21.998039 Ha
@@ EXC                =      -21.563197 Ha
@@ TOTAL ENERGY       =     -168.977238 Ha
@@ estimated error    =        2.70e-05 Ha
@@ TOTAL MAGNETIZATION    =   2.00000000 Bohr mag/cell
@@ ABSOLUTE MAGNETIZATION =   2.00000000 Bohr mag/cell
Charge normalization constant: 1.000000
Charge density mixing: Linear with a constant of 0.20 

 charge density is NEGATIVE after interpolation, minimum is -8.543478e-07
 minimum charge density with core charge added is -8.595022e-07
 quench: [md:   0/10  scf:   3/100  step time:   3.21  scf time:    13.44 secs  RMS[dV]: 1.34e-03 ]


average potential <V> = 2.29e-15
Davidson incomplete convergence steps = 8

FERMI ENERGY =     -4.96236489 eV
@@ EIGENVALUE SUM     =      -26.632670 Ha
@@ ION_ION            =      -29.161043 Ha
@@ ELECTROSTATIC      =     -113.618803 Ha
@@ VXC                =      -21.998427 Ha
@@ EXC                =      -21.563564 Ha
@@ TOTAL ENERGY       =     -168.977654 Ha
@@ estimated error    =        1.93e-05 Ha
@@ TOTAL MAGNETIZATION    =   2.00000000 Bohr mag/cell
@@ ABSOLUTE MAGNETIZATION =   2.00000000 Bohr mag/cell
Charge normalization constant: 1.000000
Charge density mixing: Pulay

 charge density is NEGATIVE after interpolation, minimum is -9.336507e-07
 minimum charge density with core charge added is -9.402791e-07
 quench: [md:   0/10  scf:   4/100  step time:   4.09  scf time:    17.53 secs  RMS[dV]: 1.20e-03 ]


average potential <V> = 1.30e-15
Davidson converged in 7 steps

FERMI ENERGY =     -4.97454366 eV
@@ EIGENVALUE SUM     =      -26.632079 Ha
@@ ION_ION            =      -29.161043 Ha
@@ ELECTROSTATIC      =     -113.619868 Ha
@@ VXC                =      -22.000277 Ha
@@ EXC                =      -21.565077 Ha
@@ TOTAL ENERGY       =     -168.977790 Ha
@@ estimated error    =        2.43e-05 Ha
@@ TOTAL MAGNETIZATION    =   2.00000000 Bohr mag/cell
@@ ABSOLUTE MAGNETIZATION =   2.00000978 Bohr mag/cell
Charge normalization constant: 1.000000
Charge density mixing: Pulay

 charge density is NEGATIVE after interpolation, minimum is -1.221312e-06
 minimum charge density with core charge added is -1.231640e-06


KOHN SHAM EIGENVALUES [eV] AT K-POINT [  0]:       0.000000      0.000000      0.000000


------------- SPIN UP ---------------

[kpt   0   5   0]   -111.4944 [1.000]   -71.8655 [1.000]   -71.8655 [1.000]   -71.8655 [1.000]    -9.3024 [1.000]
[kpt   0   5   1]    -9.3023 [1.000]    -9.3017 [1.000]    -9.3016 [1.000]    -9.3016 [1.000]    -5.3389 [1.000]
[kpt   0   5   2]    -0.7396 [0.000]    -0.7395 [0.000]    -0.7394 [0.000]     0.0096 [0.000]     1.4084 [0.000]
[kpt   0   5   3]     1.4091 [0.000]     2.6107 [0.000]     2.6153 [0.000]

------------ SPIN DOWN --------------

[kpt   0   5   0]   -109.4775 [1.000]   -69.7670 [1.000]   -69.7669 [1.000]   -69.7668 [1.000]    -7.3349 [0.600]
[kpt   0   5   1]    -7.3347 [0.600]    -7.3344 [0.600]    -7.3344 [0.600]    -7.3343 [0.600]    -4.9745 [1.000]
[kpt   0   5   2]    -0.5751 [0.000]    -0.5744 [0.000]    -0.5742 [0.000]     0.0603 [0.000]     1.4352 [0.000]
[kpt   0   5   3]     1.4356 [0.000]     2.6689 [0.000]     2.6701 [0.000]



Total charge in supercell =      18.00000000
 quench: [md:   0/10  scf:   5/100  step time:   3.59  scf time:    21.12 secs  RMS[dV]: 1.06e-03 ]


average potential <V> = -2.88e-15
Davidson converged in 3 steps

FERMI ENERGY =     -5.02879467 eV
@@ EIGENVALUE SUM     =      -26.641195 Ha
@@ ION_ION            =      -29.161043 Ha
@@ ELECTROSTATIC      =     -113.612263 Ha
@@ VXC                =      -22.006827 Ha
@@ EXC                =      -21.570392 Ha
@@ TOTAL ENERGY       =     -168.978065 Ha
@@ estimated error    =        1.39e-05 Ha
@@ TOTAL MAGNETIZATION    =   2.00000000 Bohr mag/cell
@@ ABSOLUTE MAGNETIZATION =   2.03402451 Bohr mag/cell
Charge normalization constant: 1.000000
Charge density mixing: Pulay

 charge density is NEGATIVE after interpolation, minimum is -1.063060e-06
 minimum charge density with core charge added is -1.072449e-06
 quench: [md:   0/10  scf:   6/100  step time:   3.25  scf time:    24.37 secs  RMS[dV]: 3.10e-03 ]


average potential <V> = 1.11e-15
Davidson converged in 2 steps

FERMI ENERGY =     -5.03363653 eV
@@ EIGENVALUE SUM     =      -26.652107 Ha
@@ ION_ION            =      -29.161043 Ha
@@ ELECTROSTATIC      =     -113.601112 Ha
@@ VXC                =      -22.005497 Ha
@@ EXC                =      -21.569301 Ha
@@ TOTAL ENERGY       =     -168.978066 Ha
@@ estimated error    =        4.72e-06 Ha
@@ TOTAL MAGNETIZATION    =   2.00000000 Bohr mag/cell
@@ ABSOLUTE MAGNETIZATION =   2.03846254 Bohr mag/cell
Charge normalization constant: 1.000000
Charge density mixing: Pulay

 charge density is NEGATIVE after interpolation, minimum is -8.120864e-07
 minimum charge density with core charge added is -8.201483e-07
 quench: [md:   0/10  scf:   7/100  step time:   3.10  scf time:    27.47 secs  RMS[dV]: 1.51e-03 ]


average potential <V> = 3.53e-15
Davidson converged in 3 steps

FERMI ENERGY =     -5.03433389 eV
@@ EIGENVALUE SUM     =      -26.659512 Ha
@@ ION_ION            =      -29.161043 Ha
@@ ELECTROSTATIC      =     -113.593476 Ha
@@ VXC                =      -22.004170 Ha
@@ EXC                =      -21.568207 Ha
@@ TOTAL ENERGY       =     -168.978068 Ha
@@ estimated error    =        9.53e-07 Ha
@@ TOTAL MAGNETIZATION    =   2.00000000 Bohr mag/cell
@@ ABSOLUTE MAGNETIZATION =   2.03939848 Bohr mag/cell
Charge normalization constant: 1.000000
Charge density mixing: Pulay

 charge density is NEGATIVE after interpolation, minimum is -7.081127e-07
 minimum charge density with core charge added is -7.162535e-07
 quench: [md:   0/10  scf:   8/100  step time:   3.30  scf time:    30.76 secs  RMS[dV]: 1.68e-03 ]


average potential <V> = 1.58e-15
Davidson converged in 3 steps

FERMI ENERGY =     -5.03198792 eV
@@ EIGENVALUE SUM     =      -26.649631 Ha
@@ ION_ION            =      -29.161043 Ha
@@ ELECTROSTATIC      =     -113.603645 Ha
@@ VXC                =      -22.005695 Ha
@@ EXC                =      -21.569443 Ha
@@ TOTAL ENERGY       =     -168.978068 Ha
@@ estimated error    =        6.66e-07 Ha
@@ TOTAL MAGNETIZATION    =   2.00000000 Bohr mag/cell
@@ ABSOLUTE MAGNETIZATION =   2.03923970 Bohr mag/cell
Charge normalization constant: 1.000000
Charge density mixing: Pulay

 charge density is NEGATIVE after interpolation, minimum is -3.264497e-07
 minimum charge density with core charge added is -3.329024e-07
 quench: [md:   0/10  scf:   9/100  step time:   3.32  scf time:    34.09 secs  RMS[dV]: 6.29e-04 ]


average potential <V> = 1.88e-16
Davidson converged in 2 steps

FERMI ENERGY =     -5.03290557 eV
@@ EIGENVALUE SUM     =      -26.655554 Ha
@@ ION_ION            =      -29.161043 Ha
@@ ELECTROSTATIC      =     -113.597545 Ha
@@ VXC                =      -22.004696 Ha
@@ EXC                =      -21.568622 Ha
@@ TOTAL ENERGY       =     -168.978069 Ha
@@ estimated error    =        7.77e-07 Ha
@@ TOTAL MAGNETIZATION    =   2.00000000 Bohr mag/cell
@@ ABSOLUTE MAGNETIZATION =   2.04170361 Bohr mag/cell
Charge normalization constant: 1.000000
Charge density mixing: Pulay

 charge density is NEGATIVE after interpolation, minimum is -2.498816e-07
 minimum charge density with core charge added is -2.564077e-07


KOHN SHAM EIGENVALUES [eV] AT K-POINT [  0]:       0.000000      0.000000      0.000000


------------- SPIN UP ---------------

[kpt   0  10   0]   -111.5367 [1.000]   -71.9202 [1.000]   -71.9202 [1.000]   -71.9202 [1.000]    -9.3845 [1.000]
[kpt   0  10   1]    -9.3845 [1.000]    -9.3839 [1.000]    -9.3839 [1.000]    -9.3839 [1.000]    -5.3506 [1.000]
[kpt   0  10   2]    -0.7428 [0.000]    -0.7428 [0.000]    -0.7428 [0.000]    -0.0889 [0.000]     1.3472 [0.000]
[kpt   0  10   3]     1.3472 [0.000]     2.5022 [0.000]     2.5039 [0.000]

------------ SPIN DOWN --------------

[kpt   0  10   0]   -109.4888 [1.000]   -69.7670 [1.000]   -69.7670 [1.000]   -69.7670 [1.000]    -7.3148 [0.600]
[kpt   0  10   1]    -7.3148 [0.600]    -7.3142 [0.600]    -7.3142 [0.600]    -7.3142 [0.600]    -5.0329 [1.000]
[kpt   0  10   2]    -0.6364 [0.000]    -0.6364 [0.000]    -0.6364 [0.000]    -0.0788 [0.000]     1.3213 [0.000]
[kpt   0  10   3]     1.3214 [0.000]     2.5235 [0.000]     2.5239 [0.000]



Total charge in supercell =      18.00000000
 quench: [md:   0/10  scf:  10/100  step time:   3.21  scf time:    37.30 secs  RMS[dV]: 2.16e-03 ]


average potential <V> = 1.60e-15
Davidson converged in 4 steps

FERMI ENERGY =     -5.03292134 eV
@@ EIGENVALUE SUM     =      -26.655265 Ha
@@ ION_ION            =      -29.161043 Ha
@@ ELECTROSTATIC      =     -113.597847 Ha
@@ VXC                =      -22.004759 Ha
@@ EXC                =      -21.568673 Ha
@@ TOTAL ENERGY       =     -168.978069 Ha
@@ estimated error    =        1.97e-08 Ha
@@ TOTAL MAGNETIZATION    =   2.00000000 Bohr mag/cell
@@ ABSOLUTE MAGNETIZATION =   2.04189796 Bohr mag/cell
Charge normalization constant: 1.000000
Charge density mixing: Pulay

 charge density is NEGATIVE after interpolation, minimum is -2.119598e-07
 minimum charge density with core charge added is -2.185947e-07
 quench: [md:   0/10  scf:  11/100  step time:   3.51  scf time:    40.80 secs  RMS[dV]: 4.60e-04 ]


average potential <V> = 2.58e-15
Davidson converged in 1 steps

FERMI ENERGY =     -5.03295435 eV
@@ EIGENVALUE SUM     =      -26.655024 Ha
@@ ION_ION            =      -29.161043 Ha
@@ ELECTROSTATIC      =     -113.598096 Ha
@@ VXC                =      -22.004815 Ha
@@ EXC                =      -21.568720 Ha
@@ TOTAL ENERGY       =     -168.978069 Ha
@@ estimated error    =        1.41e-08 Ha
@@ TOTAL MAGNETIZATION    =   2.00000000 Bohr mag/cell
@@ ABSOLUTE MAGNETIZATION =   2.04192998 Bohr mag/cell
Charge normalization constant: 1.000000
Charge density mixing: Pulay

 charge density is NEGATIVE after interpolation, minimum is -1.315187e-07
 minimum charge density with core charge added is -1.383619e-07
 quench: [md:   0/10  scf:  12/100  step time:   4.42  scf time:    45.22 secs  RMS[dV]: 2.47e-04 ]



 Convergence criterion reached: Energy variation (6.17e-09) is lower than threshold (1.00e-08)

potential convergence has been achieved. stopping ...

[   0  13   13       51 ] Quench.cpp: final total energy =    -168.97806886 Ha


KOHN SHAM EIGENVALUES [eV] AT K-POINT [  0]:       0.000000      0.000000      0.000000


------------- SPIN UP ---------------

[kpt   0  13   0]   -111.5354 [1.000]   -71.9191 [1.000]   -71.9191 [1.000]   -71.9191 [1.000]    -9.3838 [1.000]
[kpt   0  13   1]    -9.3838 [1.000]    -9.3832 [1.000]    -9.3832 [1.000]    -9.3832 [1.000]    -5.3509 [1.000]
[kpt   0  13   2]    -0.7431 [0.000]    -0.7431 [0.000]    -0.7431 [0.000]    -0.0927 [0.000]     1.3464 [0.000]
[kpt   0  13   3]     1.3464 [0.000]     2.4980 [0.000]     2.4990 [0.000]

------------ SPIN DOWN --------------

[kpt   0  13   0]   -109.4876 [1.000]   -69.7659 [1.000]   -69.7659 [1.000]   -69.7659 [1.000]    -7.3140 [0.600]
[kpt   0  13   1]    -7.3140 [0.600]    -7.3134 [0.600]    -7.3134 [0.600]    -7.3134 [0.600]    -5.0330 [1.000]
[kpt   0  13   2]    -0.6367 [0.000]    -0.6366 [0.000]    -0.6366 [0.000]    -0.0838 [0.000]     1.3197 [0.000]
[kpt   0  13   3]     1.3198 [0.000]     2.5181 [0.000]     2.5183 [0.000]



Total charge in supercell =      18.00000000
 volume and energy per atom =       580.30177636      -4598.12720371 eV

 Vdd took 0.003755 seconds
WriteRestart: Output file given as /dev/null, no restart data written ...



  IONIC POSITIONS [a0] AND FORCES [Ha/a0]
  Charge analysis using: Voronoi Deformation Density

@ION  Ion  Species       X           Y           Z       Charge       FX          FY         FZ      Movable
@ION    1    Ni      0.0000000   0.0000000   0.0000000   -0.000   -0.0000174  -0.0000170  -0.0000286  1 1 1

 mean FX      =   0.00001741 Ha/a0
 mean FY      =   0.00001699 Ha/a0
 mean FZ      =   0.00002860 Ha/a0

 max FX       =   0.00001741 Ha/a0   (ion 1)
 max FY       =   0.00001699 Ha/a0   (ion 1)
 max FZ       =   0.00002860 Ha/a0   (ion 1)
 max F[x,y,z] =   0.00002860 Ha/a0
 max |F|      =   0.00003755 Ha/a0   (ion 1)

 sum FX       =  -0.00001741 Ha/a0
 sum FY       =  -0.00001699 Ha/a0
 sum FZ       =  -0.00002860 Ha/a0
 Average      =   0.00002100 Ha/a0
 sqrt < F^2 > =   0.00002168 Ha/a0

WriteRestart: Output file given as /dev/null, no restart data written ...


--------TIMING INFORMATION FOR Processor owned the most atoms----------------
                                        Total time               Per SCF/step

1-TOTAL                                            53.83                4.14
-----------------------------------------------------------------------------
  1-TOTAL: Init                                     5.28                0.41
  1-TOTAL: run                                     48.55                3.73
  ---------------------------------------------------------------------------
    1-TOTAL: run: Force                             3.31                0.25
    1-TOTAL: run: Scf steps                        45.11                3.47

2-Force                                             3.31                0.25
-----------------------------------------------------------------------------
  2-Force: core correction                          0.64                0.05
  2-Force: corrections                              0.66                0.05
  2-Force: ion-ion                                  0.08                0.01
  2-Force: local                                    0.72                0.06
  2-Force: non-local                                1.19                0.09
  2-Force: non-local-betaxpsi                       0.02                0.00
  2-Force: non-local-get gamma                      0.00                0.00
  2-Force: non-local-nlforce_par_Q                  0.56                0.04
  2-Force: non-local-nlforce_par_gamma              0.00                0.00
  2-Force: non-local-nlforce_par_omega              0.00                0.00
  2-Force: non-local-partial gamma                  0.00                0.00
  2-Force: non-local-veff grad                      0.56                0.04

2-Init                                              5.28                0.41
-----------------------------------------------------------------------------
  2-Init: GetNewRho                                 0.40                0.03
  2-Init: KpointClass                               0.68                0.05
  2-Init: LcaoGetPsi                                0.12                0.01
  2-Init: LcaoGetRho                                0.11                0.01
  2-Init: ReinitIonicPotentials                     0.54                0.04
  2-Init: betaxpsi                                  0.03                0.00
  2-Init: exchange/correlation                      1.59                0.12
  2-Init: hartree                                   0.56                0.04
  2-Init: normalization                             0.01                0.00
  2-Init: radial potentials                         0.21                0.02
  2-Init: subdiag                                   0.15                0.01
  2-Init: weights                                   0.15                0.01

2-Scf steps                                        45.11                3.47
-----------------------------------------------------------------------------
  2-Scf steps: Davidson                             6.40                0.49
  2-Scf steps: GetNewRho                            1.54                0.12
  2-Scf steps: Hartree                              6.90                0.53
  2-Scf steps: MgridSubspace                        3.25                0.25
  2-Scf steps: MixRho                               4.33                0.33
  2-Scf steps: exchange/correlation                18.07                1.39

3-MgridSubspace                                     3.25                0.25
-----------------------------------------------------------------------------
  3-MgridSubspace: AppNls                           0.11                0.01
  3-MgridSubspace: Beta x psi                       0.26                0.02
  3-MgridSubspace: Diagonalization                  0.44                0.03
  3-MgridSubspace: Mg_eig                           2.44                0.19

3-ReinitIonicPotentials                             0.54                0.04
-----------------------------------------------------------------------------
  3-ReinitIonicPotentials: GetNlop                  0.01                0.00
  3-ReinitIonicPotentials: GetWeight                0.20                0.02
  3-ReinitIonicPotentials: get_QI                   0.00                0.00
  3-ReinitIonicPotentials: get_qqq                  0.00                0.00
  3-ReinitIonicPotentials: init_nuc                 0.32                0.02

4-Diagonalization                                   0.58                0.04
-----------------------------------------------------------------------------
  4-Diagonalization: ELPA/PDSYGVX/PZHEGVX           0.00                0.00
  4-Diagonalization: Hpsi                           0.31                0.02
  4-Diagonalization: MPI_Bcast                      0.00                0.00
  4-Diagonalization: Update orbitals                0.08                0.01
  ---------------------------------------------------------------------------
    4-Diagonalization: Update orbitals: gather           0.00                0.00
    4-Diagonalization: Update orbitals: gemm           0.05                0.00
  4-Diagonalization: matrix                         0.10                0.01
  ---------------------------------------------------------------------------
    4-Diagonalization: matrix: Allreduce            0.04                0.00
    4-Diagonalization: matrix: Gemm                 0.07                0.01

5-Functional                                       19.38                1.49
-----------------------------------------------------------------------------
  5-Functional: apply gradient                      3.12                0.24
  5-Functional: libxc                              11.42                0.88
  5-Functional: vxc                                19.26                1.48
  5-Functional: vxc grad                           12.39                0.95
  5-Functional: vxc local                           6.72                0.52
  5-Functional: vxc nonlocal                        0.00                0.00

6-Davidson                                          6.40                0.49
-----------------------------------------------------------------------------
  6-Davidson: Betaxpsi                              0.45                0.03
  6-Davidson: apply hamiltonian                     1.74                0.13
  6-Davidson: diagonalization                       0.06                0.00
  6-Davidson: generate residuals                    0.59                0.05
  6-Davidson: matrix setup/reduce                   1.12                0.09
  6-Davidson: normalization                         0.18                0.01
  6-Davidson: precondition                          1.98                0.15
  6-Davidson: refresh h_psi and s_psi               0.06                0.00
  6-Davidson: reset hr,sr,vr                        0.00                0.00
  6-Davidson: rotate orbitals                       0.22                0.02

AppNls                                              0.55                0.04
-----------------------------------------------------------------------------
  AppNls: data_rearrange                            0.00                0.00
  ---------------------------------------------------------------------------
    AppNls: data_rearrange: alloc and zeros           0.00                0.00
    AppNls: data_rearrange: dnm                     0.00                0.00
    AppNls: data_rearrange: sint                    0.00                0.00
  AppNls: nv                                        0.43                0.03
  AppNls: nv_work                                   0.00                0.00

App_gradient                                        2.87                0.22

ApplyAOperator                                      0.16                0.01

CPUFD                                               0.05                0.00

Compute Hpsi                                        0.31                0.02
-----------------------------------------------------------------------------
  Compute Hpsi: AppNls                              0.05                0.00
  Compute Hpsi: Threaded Apply H                    0.26                0.02

GlobalSums                                          0.21                0.02

Init                                                4.58                0.35

Init Voronoi                                        0.11                0.01

Mix rho                                             4.62                0.36
-----------------------------------------------------------------------------
  Mix rho: Linear                                   1.35                0.10
  Mix rho: Pulay                                    3.14                0.24

Orbital                                             0.05                0.00
-----------------------------------------------------------------------------
  Orbital: phase and set                            0.05                0.00
  Orbital: proj cal                                 0.05                0.00
  Trade images: trade_images                        0.00                0.00
  Trade images: trade_imagesx                       1.07                0.08

VhPfft                                              6.79                0.52

Weight                                              0.10                0.01

radial beta                                         0.15                0.01


------------------------- TIMING INFORMATION FOR THREADS  -------------------

                                           Min            Max            Avg
ApplyAOperator                             2.44           2.44           2.44
-----------------------------------------------------------------------------

CPUFD                                      1.03           1.03           1.03
-----------------------------------------------------------------------------

GlobalSums                                 0.28           0.28           0.28
-----------------------------------------------------------------------------

Mg_eig                                     2.42           2.42           2.42
-----------------------------------------------------------------------------
  Mg_eig: apply hamiltonian                1.46           1.46           1.46
  Mg_eig: mgrid_solv                       0.29           0.29           0.29
  Trade images: trade_images               0.81           0.81           0.81
  Trade images: trade_imagesx              1.45           1.45           1.45
