RMG initialization ... 1 image(s) total, 1 per node. 16 MPI processes/image. Thread level 2.
FFT-FD  0.000000e+00   2.700178e-05
FFT-FD  1.000000e+00   2.700178e-05
IP=0 M = 0.000000e+00  -inf  2.700178e-05
FFT-FD  0.000000e+00   1.476910e-04
FFT-FD  1.000000e+00   1.476910e-04
IP=1 M = 0.000000e+00  -inf  1.476910e-04
FFT-FD  0.000000e+00   1.476910e-04
FFT-FD  1.000000e+00   1.476910e-04
IP=2 M = 0.000000e+00  -inf  1.476910e-04
FFT-FD  0.000000e+00   1.476910e-04
FFT-FD  1.000000e+00   1.476910e-04
IP=3 M = 0.000000e+00  -inf  1.476910e-04
FFT-FD  0.000000e+00   2.564408e-04
FFT-FD  1.000000e+00   2.564408e-04
IP=4 M = 0.000000e+00  -inf  2.564408e-04
FFT-FD  0.000000e+00   2.564408e-04
FFT-FD  1.000000e+00   2.564408e-04
IP=5 M = 0.000000e+00  -inf  2.564408e-04
FFT-FD  0.000000e+00   7.584634e-04
FFT-FD  1.000000e+00   7.584634e-04
IP=6 M = 0.000000e+00  -inf  7.584634e-04
FFT-FD  0.000000e+00   2.564408e-04
FFT-FD  1.000000e+00   2.564408e-04
IP=7 M = 0.000000e+00  -inf  2.564408e-04
FFT-FD  0.000000e+00   7.584634e-04
FFT-FD  1.000000e+00   7.584634e-04
IP=8 M = 0.000000e+00  -inf  7.584634e-04
FFT-FD  0.000000e+00   9.021672e-06
FFT-FD  1.000000e+00   9.021672e-06
IP=9 M = 0.000000e+00  -inf  9.021672e-06
NEWCFAC = 0.000000  0.000000


                     * * * * * * * * * *
                     *    R   M   G    *
                     * * * * * * * * * *

     -- A Real Space Multigrid Electronic structure code --
     --      More information at www.rmgdft.org          --

Code Revision:     5.0.0_beta1_111_gca5c3507
Build Date:        Feb 22 2023  21:48:37
Start time:        Sun Feb 26 21:00:06 2023

NOTICE: RMG internal pseudopotentials have switched to
ONCVP from Ultrasoft. You can revert to Ultrasoft by
adding the input tag internal_pseudo_type="ultrasoft" to
your input files.


Files
   Control input file:        input3
   Data output file:          /dev/null

Run Setup
    Calculation type:         Quench electrons - Fixed ions SCF calculation
    Description:              Ni atom test cell
    Orbital Initialization:   LCAO (10 LCAO and 0 random orbitals)
    Exchange Correlation:     pbe
    Spin Polarization:        ON
    System charge:            Neutral

Processor Topology
   Total PEs:                 8
   X direction:               2
   Y direction:               2
   Z direction:               2
   MG Threads/PE:             1
   OMP Threads/PE:            1

Grid Points  (Linear Anisotropy: 1.000)
    X:  Total: 72   Per PE: 36   Spacing:0.219 a0  
    Y:  Total: 72   Per PE: 36   Spacing:0.219 a0  
    Z:  Total: 72   Per PE: 36   Spacing:0.219 a0  

    Equivalent energy cutoffs (psi,rho):   205.935    823.742 Ry

    Charge density grid:         2 times finer

Coordinate planes
  Planar Anisotropy: 1.000
  A0-A1 density:    20.866
  A0-A2 density:    20.866
  A1-A2 density:    20.866


Lattice (Cell) Setup
    Type:                       Cubic_primitive
    Volume (a0^3):               3916.07
    Boundary conditions:        Periodic

    X Basis Vector:      15.762       0.000       0.000 a0
    Y Basis Vector:       0.000      15.762       0.000 a0
    Z Basis Vector:       0.000       0.000      15.762 a0
    X Reci Vector:       0.063      -0.000       0.000 a0
    Y Reci Vector:       0.000       0.063       0.000 a0
    Z Reci Vector:       0.000      -0.000       0.063 a0

K-points
    Gamma Point Only (real orbitals)

Atoms and States
    Number of ions:                          1
    Number of species:                       1
    Number of spin up states:                18
    Number of spin down states:              18

Run Parameters
    SCF Convergence criterion (potential):   1.00e-08
    SCF Convergence criterion (energy):      1.00e-08
    Max SCF steps:                           100

SCF Cycle Settings
    Charge density mixing:                   Pulay  (Order:5 Scale:0.20 Refresh:100)
    Hartree Solver:                          PFFT
    Interpolation type:                      FFT

Subspace Diagonalization Options
    Frequency:                               every 1 SCF step(s)
    Driver:                                  ScaLapack
    Initial diagonalization:                 ON
    Folded spectrum:                         OFF

Filtering Cutoff  Parameters
    Wavefunction grid (cparm):               0.800
    Charge density grid (rhocparm):          1.000
    Filter factor:                           1.000

Multigrid (MG) Parameters
    Psi MG levels:                           3
    Psi global step:                         0.660 
    Psi pre:                                 2
    Psi post:                                2

Davidson Parameters
    Davidson multiplier:                     4
    Davidson max step:                       8
    Davidson unocc tol factor:               1000.000

Blas Libraries
    CPU support with openblas-parallel.


Atomic Species Information
(PP = Pseudopotential, US = Ultrasoft, NC = Norm Conserving)
-------------------------------------------------------------------------
|Index|Symbol| Mass|Valence| PP |  Comp  |Local| Local|Nlocal|    PP    |
|     |      |     |       |Type|Gaussian|  l  |Radius|Radius|Functional|
-------------------------------------------------------------------------
|    1|    Ni| 58.0|  18.00|  NC|    0.66|   -1| 10.00|  7.00|       PBE|
-------------------------------------------------------------------------

Pseudopotential generation information:
  Ni pseudopotential file: ./@Internal
      Generation info     : Generated using ONCVPSP code by D. R. Hamann
      Author info         : anonymous


Memory usage (Mbytes):     Min        Max       Total
    wave functions         26.87      26.87     430.00
    beta-functions         13.44      13.44     107.51



Initial Ionic Positions And Displacements (Bohr)
Species      X           Y           Z           dX          dY          dZ
  Ni       0.0000      0.0000      0.0000      0.0000      0.0000      0.0000


Initial Ionic Positions And Displacements (Angstrom)
Species      X           Y           Z           dX          dY          dZ
  Ni       0.0000      0.0000      0.0000      0.0000      0.0000      0.0000

Diagonalization using scalapack for step=0  count=0



KOHN SHAM EIGENVALUES [eV] AT K-POINT [  0]:       0.000000      0.000000      0.000000


------------- SPIN UP ---------------

[kpt   0  -1   0]   -111.4090 [1.000]   -71.7563 [1.000]   -71.7563 [1.000]   -71.7563 [1.000]    -9.1402 [1.000]
[kpt   0  -1   1]    -9.1402 [1.000]    -9.1265 [1.000]    -9.1265 [1.000]    -9.1265 [1.000]    -5.2953 [1.000]
[kpt   0  -1   2]   553.2283 [0.000]   1139.4554 [0.000]   1256.8681 [0.000]   1278.3722 [0.000]   1358.2275 [0.000]
[kpt   0  -1   3]   1394.5934 [0.000]   1453.5411 [0.000]   1525.9455 [0.000]

------------ SPIN DOWN --------------

[kpt   0  -1   0]   -109.3410 [1.000]   -69.6650 [1.000]   -69.6650 [1.000]   -69.6650 [1.000]    -7.3281 [0.600]
[kpt   0  -1   1]    -7.3281 [0.600]    -7.3144 [0.600]    -7.3144 [0.600]    -7.3144 [0.600]    -4.8694 [1.000]
[kpt   0  -1   2]   553.2838 [0.000]   1139.5180 [0.000]   1256.9265 [0.000]   1278.4295 [0.000]   1358.2854 [0.000]
[kpt   0  -1   3]   1394.6562 [0.000]   1453.5916 [0.000]   1525.9905 [0.000]


Charge normalization constant: 1.000000
Charge density mixing: Linear with a constant of 0.20 

 charge density is NEGATIVE after interpolation, minimum is -5.429312e-06
 minimum charge density with core charge added is -5.431360e-06

Diagonalization using scalapack for step=0  count=1


FERMI ENERGY =     -4.89314080 eV
@@ EIGENVALUE SUM     =      -26.579433 Ha
@@ ION_ION            =      -29.161043 Ha
@@ ELECTROSTATIC      =     -113.674993 Ha
@@ VXC                =      -22.000187 Ha
@@ EXC                =      -21.564520 Ha
@@ TOTAL ENERGY       =     -168.979802 Ha
@@ estimated error    =   ****************
@@ TOTAL MAGNETIZATION    =   2.00000000 Bohr mag/cell
@@ ABSOLUTE MAGNETIZATION =   2.00001148 Bohr mag/cell
Charge normalization constant: 1.000000
Charge density mixing: Linear with a constant of 0.20 

 charge density is NEGATIVE after interpolation, minimum is -2.120885e-05
 minimum charge density with core charge added is -2.121325e-05
WriteRestart: Output file given as /dev/null, no restart data written ...


KOHN SHAM EIGENVALUES [eV] AT K-POINT [  0]:       0.000000      0.000000      0.000000


------------- SPIN UP ---------------

[kpt   0   0   0]   -111.4229 [1.000]   -71.7767 [1.000]   -71.7767 [1.000]   -71.7767 [1.000]    -9.1794 [1.000]
[kpt   0   0   1]    -9.1793 [1.000]    -9.1650 [1.000]    -9.1650 [1.000]    -9.1650 [1.000]    -5.3070 [1.000]
[kpt   0   0   2]     1.3431 [0.000]    16.1862 [0.000]    19.5895 [0.000]    24.5895 [0.000]    27.7706 [0.000]
[kpt   0   0   3]    31.6592 [0.000]    36.7598 [0.000]    50.9494 [0.000]

------------ SPIN DOWN --------------

[kpt   0   0   0]   -109.3824 [1.000]   -69.6975 [1.000]   -69.6975 [1.000]   -69.6975 [1.000]    -7.3357 [0.600]
[kpt   0   0   1]    -7.3357 [0.600]    -7.3214 [0.600]    -7.3214 [0.600]    -7.3214 [0.600]    -4.8931 [1.000]
[kpt   0   0   2]     1.3990 [0.000]    16.2441 [0.000]    19.6433 [0.000]    24.6310 [0.000]    27.8227 [0.000]
[kpt   0   0   3]    31.7142 [0.000]    36.8092 [0.000]    51.0002 [0.000]



Total charge in supercell =      18.00000000
 quench: [md:   0/10  scf:   0/100  step time:   1.11  scf time:     1.14 secs  RMS[dV]: 2.97e-03 ]


average potential <V> = 2.51e-15

Diagonalization using scalapack for step=1  count=2


FERMI ENERGY =     -4.91384365 eV
@@ EIGENVALUE SUM     =      -26.597637 Ha
@@ ION_ION            =      -29.161043 Ha
@@ ELECTROSTATIC      =     -113.657369 Ha
@@ VXC                =      -21.999269 Ha
@@ EXC                =      -21.563986 Ha
@@ TOTAL ENERGY       =     -168.980766 Ha
@@ estimated error    =        4.18e-05 Ha
@@ TOTAL MAGNETIZATION    =   2.00000000 Bohr mag/cell
@@ ABSOLUTE MAGNETIZATION =   2.00006143 Bohr mag/cell
Charge normalization constant: 1.000000
Charge density mixing: Linear with a constant of 0.20 

 charge density is NEGATIVE after interpolation, minimum is -3.964798e-05
 minimum charge density with core charge added is -3.965338e-05
 quench: [md:   0/10  scf:   1/100  step time:   1.06  scf time:     2.21 secs  RMS[dV]: 3.85e-03 ]


average potential <V> = -1.71e-15

Diagonalization using scalapack for step=2  count=3


FERMI ENERGY =     -4.93240229 eV
@@ EIGENVALUE SUM     =      -26.612031 Ha
@@ ION_ION            =      -29.161043 Ha
@@ ELECTROSTATIC      =     -113.643398 Ha
@@ VXC                =      -21.999050 Ha
@@ EXC                =      -21.563949 Ha
@@ TOTAL ENERGY       =     -168.981371 Ha
@@ estimated error    =        3.73e-05 Ha
@@ TOTAL MAGNETIZATION    =   2.00000000 Bohr mag/cell
@@ ABSOLUTE MAGNETIZATION =   2.00014447 Bohr mag/cell
Charge normalization constant: 1.000000
Charge density mixing: Linear with a constant of 0.20 

 charge density is NEGATIVE after interpolation, minimum is -6.023734e-05
 minimum charge density with core charge added is -6.024273e-05
 quench: [md:   0/10  scf:   2/100  step time:   1.04  scf time:     3.25 secs  RMS[dV]: 3.80e-03 ]


average potential <V> = -6.17e-16

Diagonalization using scalapack for step=3  count=4


FERMI ENERGY =     -4.94813095 eV
@@ EIGENVALUE SUM     =      -26.621626 Ha
@@ ION_ION            =      -29.161043 Ha
@@ ELECTROSTATIC      =     -113.634198 Ha
@@ VXC                =      -21.999470 Ha
@@ EXC                =      -21.564380 Ha
@@ TOTAL ENERGY       =     -168.981777 Ha
@@ estimated error    =        2.83e-05 Ha
@@ TOTAL MAGNETIZATION    =   2.00000000 Bohr mag/cell
@@ ABSOLUTE MAGNETIZATION =   2.00025849 Bohr mag/cell
Charge normalization constant: 1.000000
Charge density mixing: Linear with a constant of 0.20 

 charge density is NEGATIVE after interpolation, minimum is -7.834785e-05
 minimum charge density with core charge added is -7.835325e-05
 quench: [md:   0/10  scf:   3/100  step time:   1.01  scf time:     4.26 secs  RMS[dV]: 3.57e-03 ]


average potential <V> = -6.57e-16
Davidson incomplete convergence steps = 8

FERMI ENERGY =     -4.96166968 eV
@@ EIGENVALUE SUM     =      -26.627572 Ha
@@ ION_ION            =      -29.161043 Ha
@@ ELECTROSTATIC      =     -113.628773 Ha
@@ VXC                =      -22.000315 Ha
@@ EXC                =      -21.565120 Ha
@@ TOTAL ENERGY       =     -168.982194 Ha
@@ estimated error    =        2.19e-05 Ha
@@ TOTAL MAGNETIZATION    =   2.00000000 Bohr mag/cell
@@ ABSOLUTE MAGNETIZATION =   2.00040354 Bohr mag/cell
Charge normalization constant: 1.000000
Charge density mixing: Pulay

 charge density is NEGATIVE after interpolation, minimum is -9.488895e-05
 minimum charge density with core charge added is -9.488488e-05
 quench: [md:   0/10  scf:   4/100  step time:   1.44  scf time:     5.70 secs  RMS[dV]: 3.24e-03 ]


average potential <V> = 2.44e-18
Davidson converged in 4 steps

FERMI ENERGY =     -4.97421169 eV
@@ EIGENVALUE SUM     =      -26.627019 Ha
@@ ION_ION            =      -29.161043 Ha
@@ ELECTROSTATIC      =     -113.629849 Ha
@@ VXC                =      -22.002305 Ha
@@ EXC                =      -21.566745 Ha
@@ TOTAL ENERGY       =     -168.982352 Ha
@@ estimated error    =        2.79e-05 Ha
@@ TOTAL MAGNETIZATION    =   2.00000000 Bohr mag/cell
@@ ABSOLUTE MAGNETIZATION =   2.00061711 Bohr mag/cell
Charge normalization constant: 1.000000
Charge density mixing: Pulay

 charge density is NEGATIVE after interpolation, minimum is -1.921726e-04
 minimum charge density with core charge added is -1.921685e-04


KOHN SHAM EIGENVALUES [eV] AT K-POINT [  0]:       0.000000      0.000000      0.000000


------------- SPIN UP ---------------

[kpt   0   5   0]   -111.4745 [1.000]   -71.8505 [1.000]   -71.8504 [1.000]   -71.8503 [1.000]    -9.3122 [1.000]
[kpt   0   5   1]    -9.3120 [1.000]    -9.2954 [1.000]    -9.2954 [1.000]    -9.2954 [1.000]    -5.3384 [1.000]
[kpt   0   5   2]    -0.7439 [0.000]    -0.7437 [0.000]    -0.7436 [0.000]     0.0084 [0.000]     1.4025 [0.000]
[kpt   0   5   3]     1.4036 [0.000]     2.6102 [0.000]     2.6124 [0.000]

------------ SPIN DOWN --------------

[kpt   0   5   0]   -109.4560 [1.000]   -69.7506 [1.000]   -69.7504 [1.000]   -69.7504 [1.000]    -7.3437 [0.600]
[kpt   0   5   1]    -7.3435 [0.600]    -7.3276 [0.600]    -7.3276 [0.600]    -7.3276 [0.600]    -4.9742 [1.000]
[kpt   0   5   2]    -0.5765 [0.000]    -0.5761 [0.000]    -0.5758 [0.000]     0.0602 [0.000]     1.4337 [0.000]
[kpt   0   5   3]     1.4348 [0.000]     2.6709 [0.000]     2.6770 [0.000]



Total charge in supercell =      18.00000000
 quench: [md:   0/10  scf:   5/100  step time:   1.07  scf time:     6.77 secs  RMS[dV]: 2.77e-03 ]


average potential <V> = 5.60e-17
Davidson converged in 5 steps

FERMI ENERGY =     -5.03040775 eV
@@ EIGENVALUE SUM     =      -26.637290 Ha
@@ ION_ION            =      -29.161043 Ha
@@ ELECTROSTATIC      =     -113.621309 Ha
@@ VXC                =      -22.009497 Ha
@@ EXC                =      -21.572571 Ha
@@ TOTAL ENERGY       =     -168.982717 Ha
@@ estimated error    =        1.63e-05 Ha
@@ TOTAL MAGNETIZATION    =   2.00000000 Bohr mag/cell
@@ ABSOLUTE MAGNETIZATION =   2.03494382 Bohr mag/cell
Charge normalization constant: 1.000000
Charge density mixing: Pulay

 charge density is NEGATIVE after interpolation, minimum is -2.099612e-04
 minimum charge density with core charge added is -2.099572e-04
 quench: [md:   0/10  scf:   6/100  step time:   1.16  scf time:     7.93 secs  RMS[dV]: 8.29e-03 ]


average potential <V> = -1.73e-15
Davidson converged in 3 steps

FERMI ENERGY =     -5.03610959 eV
@@ EIGENVALUE SUM     =      -26.650661 Ha
@@ ION_ION            =      -29.161043 Ha
@@ ELECTROSTATIC      =     -113.607702 Ha
@@ VXC                =      -22.007965 Ha
@@ EXC                =      -21.571291 Ha
@@ TOTAL ENERGY       =     -168.982733 Ha
@@ estimated error    =        5.17e-06 Ha
@@ TOTAL MAGNETIZATION    =   2.00000000 Bohr mag/cell
@@ ABSOLUTE MAGNETIZATION =   2.03942490 Bohr mag/cell
Charge normalization constant: 1.000000
Charge density mixing: Pulay

 charge density is NEGATIVE after interpolation, minimum is -2.219961e-04
 minimum charge density with core charge added is -2.219915e-04
 quench: [md:   0/10  scf:   7/100  step time:   1.88  scf time:     9.81 secs  RMS[dV]: 2.79e-03 ]


average potential <V> = 2.05e-15
Davidson converged in 3 steps

FERMI ENERGY =     -5.03658276 eV
@@ EIGENVALUE SUM     =      -26.656325 Ha
@@ ION_ION            =      -29.161043 Ha
@@ ELECTROSTATIC      =     -113.601904 Ha
@@ VXC                =      -22.007033 Ha
@@ EXC                =      -21.570504 Ha
@@ TOTAL ENERGY       =     -168.982743 Ha
@@ estimated error    =        5.96e-07 Ha
@@ TOTAL MAGNETIZATION    =   2.00000000 Bohr mag/cell
@@ ABSOLUTE MAGNETIZATION =   2.03979591 Bohr mag/cell
Charge normalization constant: 1.000000
Charge density mixing: Pulay

 charge density is NEGATIVE after interpolation, minimum is -2.551967e-04
 minimum charge density with core charge added is -2.551921e-04
 quench: [md:   0/10  scf:   8/100  step time:   1.11  scf time:    10.92 secs  RMS[dV]: 2.24e-03 ]


average potential <V> = 2.80e-15
Davidson converged in 4 steps

FERMI ENERGY =     -5.03370026 eV
@@ EIGENVALUE SUM     =      -26.640451 Ha
@@ ION_ION            =      -29.161043 Ha
@@ ELECTROSTATIC      =     -113.618366 Ha
@@ VXC                =      -22.009823 Ha
@@ EXC                =      -21.572723 Ha
@@ TOTAL ENERGY       =     -168.982760 Ha
@@ estimated error    =        6.00e-07 Ha
@@ TOTAL MAGNETIZATION    =   2.00000000 Bohr mag/cell
@@ ABSOLUTE MAGNETIZATION =   2.04215231 Bohr mag/cell
Charge normalization constant: 1.000000
Charge density mixing: Pulay

 charge density is NEGATIVE after interpolation, minimum is -2.616888e-04
 minimum charge density with core charge added is -2.616842e-04
 quench: [md:   0/10  scf:   9/100  step time:   1.17  scf time:    12.09 secs  RMS[dV]: 3.70e-03 ]


average potential <V> = 3.12e-16
Davidson converged in 2 steps

FERMI ENERGY =     -5.03600818 eV
@@ EIGENVALUE SUM     =      -26.651394 Ha
@@ ION_ION            =      -29.161043 Ha
@@ ELECTROSTATIC      =     -113.607112 Ha
@@ VXC                =      -22.008134 Ha
@@ EXC                =      -21.571345 Ha
@@ TOTAL ENERGY       =     -168.982761 Ha
@@ estimated error    =        4.06e-06 Ha
@@ TOTAL MAGNETIZATION    =   2.00000000 Bohr mag/cell
@@ ABSOLUTE MAGNETIZATION =   2.04284911 Bohr mag/cell
Charge normalization constant: 1.000000
Charge density mixing: Pulay

 charge density is NEGATIVE after interpolation, minimum is -2.654545e-04
 minimum charge density with core charge added is -2.654500e-04


KOHN SHAM EIGENVALUES [eV] AT K-POINT [  0]:       0.000000      0.000000      0.000000


------------- SPIN UP ---------------

[kpt   0  10   0]   -111.5160 [1.000]   -71.9043 [1.000]   -71.9043 [1.000]   -71.9043 [1.000]    -9.3976 [1.000]
[kpt   0  10   1]    -9.3976 [1.000]    -9.3789 [1.000]    -9.3789 [1.000]    -9.3789 [1.000]    -5.3574 [1.000]
[kpt   0  10   2]    -0.7563 [0.000]    -0.7563 [0.000]    -0.7563 [0.000]    -0.0954 [0.000]     1.3355 [0.000]
[kpt   0  10   3]     1.3355 [0.000]     2.4942 [0.000]     2.4955 [0.000]

------------ SPIN DOWN --------------

[kpt   0  10   0]   -109.4670 [1.000]   -69.7502 [1.000]   -69.7502 [1.000]   -69.7502 [1.000]    -7.3276 [0.600]
[kpt   0  10   1]    -7.3276 [0.600]    -7.3091 [0.600]    -7.3091 [0.600]    -7.3091 [0.600]    -5.0360 [1.000]
[kpt   0  10   2]    -0.6433 [0.000]    -0.6433 [0.000]    -0.6433 [0.000]    -0.0869 [0.000]     1.3134 [0.000]
[kpt   0  10   3]     1.3134 [0.000]     2.5159 [0.000]     2.5173 [0.000]



Total charge in supercell =      18.00000000
 quench: [md:   0/10  scf:  10/100  step time:   1.03  scf time:    13.12 secs  RMS[dV]: 9.47e-04 ]


average potential <V> = -9.66e-16
Davidson converged in 3 steps

FERMI ENERGY =     -5.03698838 eV
@@ EIGENVALUE SUM     =      -26.654642 Ha
@@ ION_ION            =      -29.161043 Ha
@@ ELECTROSTATIC      =     -113.603786 Ha
@@ VXC                =      -22.007703 Ha
@@ EXC                =      -21.570995 Ha
@@ TOTAL ENERGY       =     -168.982763 Ha
@@ estimated error    =        1.16e-07 Ha
@@ TOTAL MAGNETIZATION    =   2.00000000 Bohr mag/cell
@@ ABSOLUTE MAGNETIZATION =   2.04292649 Bohr mag/cell
Charge normalization constant: 1.000000
Charge density mixing: Pulay

 charge density is NEGATIVE after interpolation, minimum is -2.683096e-04
 minimum charge density with core charge added is -2.683050e-04
 quench: [md:   0/10  scf:  11/100  step time:   1.23  scf time:    14.35 secs  RMS[dV]: 5.40e-04 ]


average potential <V> = -7.20e-16
Davidson converged in 2 steps

FERMI ENERGY =     -5.03704138 eV
@@ EIGENVALUE SUM     =      -26.653771 Ha
@@ ION_ION            =      -29.161043 Ha
@@ ELECTROSTATIC      =     -113.604694 Ha
@@ VXC                =      -22.007903 Ha
@@ EXC                =      -21.571158 Ha
@@ TOTAL ENERGY       =     -168.982764 Ha
@@ estimated error    =        9.21e-08 Ha
@@ TOTAL MAGNETIZATION    =   2.00000000 Bohr mag/cell
@@ ABSOLUTE MAGNETIZATION =   2.04314948 Bohr mag/cell
Charge normalization constant: 1.000000
Charge density mixing: Pulay

 charge density is NEGATIVE after interpolation, minimum is -2.684121e-04
 minimum charge density with core charge added is -2.684075e-04
 quench: [md:   0/10  scf:  12/100  step time:   1.06  scf time:    15.41 secs  RMS[dV]: 3.02e-04 ]


average potential <V> = 8.76e-16
Davidson converged in 1 steps

FERMI ENERGY =     -5.03714146 eV
@@ EIGENVALUE SUM     =      -26.653826 Ha
@@ ION_ION            =      -29.161043 Ha
@@ ELECTROSTATIC      =     -113.604637 Ha
@@ VXC                =      -22.007911 Ha
@@ EXC                =      -21.571170 Ha
@@ TOTAL ENERGY       =     -168.982764 Ha
@@ estimated error    =        2.57e-08 Ha
@@ TOTAL MAGNETIZATION    =   2.00000000 Bohr mag/cell
@@ ABSOLUTE MAGNETIZATION =   2.04310124 Bohr mag/cell
Charge normalization constant: 1.000000
Charge density mixing: Pulay

 charge density is NEGATIVE after interpolation, minimum is -2.684160e-04
 minimum charge density with core charge added is -2.684114e-04
 quench: [md:   0/10  scf:  13/100  step time:   1.02  scf time:    16.44 secs  RMS[dV]: 6.92e-05 ]


average potential <V> = 2.37e-15
Davidson converged in 2 steps

FERMI ENERGY =     -5.03729692 eV
@@ EIGENVALUE SUM     =      -26.653985 Ha
@@ ION_ION            =      -29.161043 Ha
@@ ELECTROSTATIC      =     -113.604468 Ha
@@ VXC                =      -22.007910 Ha
@@ EXC                =      -21.571178 Ha
@@ TOTAL ENERGY       =     -168.982764 Ha
@@ estimated error    =        1.75e-08 Ha
@@ TOTAL MAGNETIZATION    =   2.00000000 Bohr mag/cell
@@ ABSOLUTE MAGNETIZATION =   2.04291476 Bohr mag/cell
Charge normalization constant: 1.000000
Charge density mixing: Pulay

 charge density is NEGATIVE after interpolation, minimum is -2.728952e-04
 minimum charge density with core charge added is -2.728906e-04
 quench: [md:   0/10  scf:  14/100  step time:   1.54  scf time:    17.98 secs  RMS[dV]: 1.36e-04 ]



 Convergence criterion reached: Energy variation (9.78e-09) is lower than threshold (1.00e-08)

potential convergence has been achieved. stopping ...

[   0  15   15       21 ] Quench.cpp: final total energy =    -168.98276398 Ha


KOHN SHAM EIGENVALUES [eV] AT K-POINT [  0]:       0.000000      0.000000      0.000000


------------- SPIN UP ---------------

[kpt   0  15   0]   -111.5204 [1.000]   -71.9086 [1.000]   -71.9086 [1.000]   -71.9086 [1.000]    -9.4017 [1.000]
[kpt   0  15   1]    -9.4017 [1.000]    -9.3829 [1.000]    -9.3829 [1.000]    -9.3829 [1.000]    -5.3590 [1.000]
[kpt   0  15   2]    -0.7573 [0.000]    -0.7573 [0.000]    -0.7573 [0.000]    -0.0983 [0.000]     1.3349 [0.000]
[kpt   0  15   3]     1.3349 [0.000]     2.4912 [0.000]     2.4919 [0.000]

------------ SPIN DOWN --------------

[kpt   0  15   0]   -109.4717 [1.000]   -69.7547 [1.000]   -69.7547 [1.000]   -69.7547 [1.000]    -7.3316 [0.600]
[kpt   0  15   1]    -7.3316 [0.600]    -7.3130 [0.600]    -7.3130 [0.600]    -7.3130 [0.600]    -5.0373 [1.000]
[kpt   0  15   2]    -0.6443 [0.000]    -0.6443 [0.000]    -0.6443 [0.000]    -0.0906 [0.000]     1.3125 [0.000]
[kpt   0  15   3]     1.3125 [0.000]     2.5112 [0.000]     2.5122 [0.000]



Total charge in supercell =      18.00000000
 volume and energy per atom =       580.30177636      -4598.25496452 eV

 Vdd took 0.001266 seconds
WriteRestart: Output file given as /dev/null, no restart data written ...



  IONIC POSITIONS [a0] AND FORCES [Ha/a0]
  Charge analysis using: Voronoi Deformation Density

@ION  Ion  Species       X           Y           Z       Charge       FX          FY         FZ      Movable
@ION    1    Ni      0.0000000   0.0000000   0.0000000   -0.000   -0.0002188   0.0001259  -0.0000138  1 1 1

 mean FX      =   0.00021878 Ha/a0
 mean FY      =   0.00012586 Ha/a0
 mean FZ      =   0.00001383 Ha/a0

 max FX       =   0.00021878 Ha/a0   (ion 1)
 max FY       =   0.00012586 Ha/a0   (ion 1)
 max FZ       =   0.00001383 Ha/a0   (ion 1)
 max F[x,y,z] =   0.00021878 Ha/a0
 max |F|      =   0.00025278 Ha/a0   (ion 1)

 sum FX       =  -0.00021878 Ha/a0
 sum FY       =   0.00012586 Ha/a0
 sum FZ       =  -0.00001383 Ha/a0
 Average      =   0.00011949 Ha/a0
 sqrt < F^2 > =   0.00014594 Ha/a0

WriteRestart: Output file given as /dev/null, no restart data written ...


--------TIMING INFORMATION FOR Processor owned the most atoms----------------
                                        Total time               Per SCF/step

1-TOTAL                                            21.36                1.42
-----------------------------------------------------------------------------
  1-TOTAL: Init                                     2.53                0.17
  1-TOTAL: run                                     18.83                1.26
  ---------------------------------------------------------------------------
    1-TOTAL: run: Force                             0.84                0.06
    1-TOTAL: run: Scf steps                        17.94                1.20

2-Force                                             0.84                0.06
-----------------------------------------------------------------------------
  2-Force: core correction                          0.17                0.01
  2-Force: corrections                              0.17                0.01
  2-Force: ion-ion                                  0.03                0.00
  2-Force: local                                    0.18                0.01
  2-Force: non-local                                0.29                0.02
  2-Force: non-local-betaxpsi                       0.01                0.00
  2-Force: non-local-get gamma                      0.00                0.00
  2-Force: non-local-nlforce_par_Q                  0.13                0.01
  2-Force: non-local-nlforce_par_gamma              0.00                0.00
  2-Force: non-local-nlforce_par_omega              0.00                0.00
  2-Force: non-local-partial gamma                  0.00                0.00
  2-Force: non-local-veff grad                      0.13                0.01

2-Init                                              2.53                0.17
-----------------------------------------------------------------------------
  2-Init: GetNewRho                                 0.11                0.01
  2-Init: KpointClass                               0.61                0.04
  2-Init: LcaoGetPsi                                0.02                0.00
  2-Init: LcaoGetRho                                0.03                0.00
  2-Init: ReinitIonicPotentials                     0.12                0.01
  2-Init: betaxpsi                                  0.02                0.00
  2-Init: exchange/correlation                      0.54                0.04
  2-Init: hartree                                   0.18                0.01
  2-Init: normalization                             0.00                0.00
  2-Init: radial potentials                         0.23                0.02
  2-Init: subdiag                                   0.25                0.02
  2-Init: weights                                   0.05                0.00

2-Scf steps                                        17.94                1.20
-----------------------------------------------------------------------------
  2-Scf steps: Davidson                             3.38                0.23
  2-Scf steps: GetNewRho                            0.53                0.04
  2-Scf steps: Hartree                              2.09                0.14
  2-Scf steps: MgridSubspace                        1.14                0.08
  2-Scf steps: MixRho                               1.38                0.09
  2-Scf steps: exchange/correlation                 6.92                0.46

3-MgridSubspace                                     1.14                0.08
-----------------------------------------------------------------------------
  3-MgridSubspace: AppNls                           0.02                0.00
  3-MgridSubspace: Beta x psi                       0.11                0.01
  3-MgridSubspace: Diagonalization                  0.22                0.01
  3-MgridSubspace: Mg_eig                           0.79                0.05

3-ReinitIonicPotentials                             0.12                0.01
-----------------------------------------------------------------------------
  3-ReinitIonicPotentials: GetNlop                  0.00                0.00
  3-ReinitIonicPotentials: GetWeight                0.03                0.00
  3-ReinitIonicPotentials: get_QI                   0.00                0.00
  3-ReinitIonicPotentials: get_qqq                  0.00                0.00
  3-ReinitIonicPotentials: init_nuc                 0.08                0.01

4-Diagonalization                                   0.46                0.03
-----------------------------------------------------------------------------
  4-Diagonalization: ELPA/PDSYGVX/PZHEGVX           0.01                0.00
  4-Diagonalization: Hpsi                           0.11                0.01
  4-Diagonalization: MPI_Bcast                      0.00                0.00
  4-Diagonalization: Update orbitals                0.02                0.00
  ---------------------------------------------------------------------------
    4-Diagonalization: Update orbitals: gather           0.00                0.00
    4-Diagonalization: Update orbitals: gemm           0.01                0.00
  4-Diagonalization: matrix                         0.08                0.01
  ---------------------------------------------------------------------------
    4-Diagonalization: matrix: Allreduce            0.06                0.00
    4-Diagonalization: matrix: Gemm                 0.03                0.00

5-Functional                                        7.37                0.49
-----------------------------------------------------------------------------
  5-Functional: apply gradient                      1.08                0.07
  5-Functional: libxc                               4.37                0.29
  5-Functional: vxc                                 7.33                0.49
  5-Functional: vxc grad                            4.68                0.31
  5-Functional: vxc local                           2.60                0.17
  5-Functional: vxc nonlocal                        0.00                0.00

6-Davidson                                          3.38                0.23
-----------------------------------------------------------------------------
  6-Davidson: Betaxpsi                              0.28                0.02
  6-Davidson: apply hamiltonian                     0.72                0.05
  6-Davidson: diagonalization                       0.07                0.00
  6-Davidson: generate residuals                    0.22                0.01
  6-Davidson: matrix setup/reduce                   0.53                0.04
  6-Davidson: normalization                         0.13                0.01
  6-Davidson: precondition                          1.31                0.09
  6-Davidson: refresh h_psi and s_psi               0.02                0.00
  6-Davidson: reset hr,sr,vr                        0.00                0.00
  6-Davidson: rotate orbitals                       0.07                0.00

AppNls                                              0.16                0.01
-----------------------------------------------------------------------------
  AppNls: data_rearrange                            0.00                0.00
  ---------------------------------------------------------------------------
    AppNls: data_rearrange: alloc and zeros           0.00                0.00
    AppNls: data_rearrange: dnm                     0.00                0.00
    AppNls: data_rearrange: sint                    0.00                0.00
  AppNls: nv                                        0.12                0.01
  AppNls: nv_work                                   0.00                0.00

App_gradient                                        0.99                0.07

ApplyAOperator                                      0.06                0.00

CPUFD                                               0.02                0.00

Compute Hpsi                                        0.11                0.01
-----------------------------------------------------------------------------
  Compute Hpsi: AppNls                              0.01                0.00
  Compute Hpsi: Threaded Apply H                    0.10                0.01

GlobalSums                                          0.15                0.01

Init                                                1.92                0.13

Init Voronoi                                        0.03                0.00

Mix rho                                             1.45                0.10
-----------------------------------------------------------------------------
  Mix rho: Linear                                   0.35                0.02
  Mix rho: Pulay                                    1.05                0.07

Orbital                                             0.02                0.00
-----------------------------------------------------------------------------
  Orbital: phase and set                            0.02                0.00
  Orbital: proj cal                                 0.02                0.00
  Trade images: trade_images                        0.00                0.00
  Trade images: trade_imagesx                       0.33                0.02

VhPfft                                              2.07                0.14

Weight                                              0.03                0.00

radial beta                                         0.16                0.01


------------------------- TIMING INFORMATION FOR THREADS  -------------------

                                           Min            Max            Avg
ApplyAOperator                             0.98           0.98           0.98
-----------------------------------------------------------------------------

CPUFD                                      0.34           0.34           0.34
-----------------------------------------------------------------------------

GlobalSums                                 0.33           0.33           0.33
-----------------------------------------------------------------------------

Mg_eig                                     0.77           0.77           0.77
-----------------------------------------------------------------------------
  Mg_eig: apply hamiltonian                0.42           0.42           0.42
  Mg_eig: mgrid_solv                       0.17           0.17           0.17
  Trade images: trade_images               0.67           0.67           0.67
  Trade images: trade_imagesx              0.68           0.68           0.68
