RMG initialization ... 1 image(s) total, 1 per node. 16 MPI processes/image. Thread level 2.
FFT-FD  0.000000e+00   1.033485e-06
FFT-FD  1.000000e+00   -3.360050e-06
IP=0 M = -4.393535e-06  2.352285e-01  1.033485e-06
FFT-FD  0.000000e+00   5.084107e-06
FFT-FD  1.000000e+00   -2.520213e-05
IP=1 M = -3.028624e-05  1.678685e-01  5.084107e-06
FFT-FD  0.000000e+00   5.084107e-06
FFT-FD  1.000000e+00   -2.520213e-05
IP=2 M = -3.028624e-05  1.678685e-01  5.084107e-06
FFT-FD  0.000000e+00   5.084106e-06
FFT-FD  1.000000e+00   -2.520214e-05
IP=3 M = -3.028624e-05  1.678685e-01  5.084106e-06
FFT-FD  0.000000e+00   8.674991e-06
FFT-FD  1.000000e+00   -4.441382e-05
IP=4 M = -5.308881e-05  1.634052e-01  8.674991e-06
FFT-FD  0.000000e+00   8.674989e-06
FFT-FD  1.000000e+00   -4.441382e-05
IP=5 M = -5.308881e-05  1.634052e-01  8.674989e-06
FFT-FD  0.000000e+00   2.679705e-05
FFT-FD  1.000000e+00   -1.102192e-04
IP=6 M = -1.370162e-04  1.955758e-01  2.679705e-05
FFT-FD  0.000000e+00   8.674989e-06
FFT-FD  1.000000e+00   -4.441382e-05
IP=7 M = -5.308881e-05  1.634052e-01  8.674989e-06
FFT-FD  0.000000e+00   2.679705e-05
FFT-FD  1.000000e+00   -1.102192e-04
IP=8 M = -1.370162e-04  1.955758e-01  2.679705e-05
FFT-FD  0.000000e+00   4.785486e-06
FFT-FD  1.000000e+00   2.130366e-06
IP=9 M = -2.655120e-06  1.802361e+00  4.785486e-06
NEWCFAC = 0.190664  0.190664


                     * * * * * * * * * *
                     *    R   M   G    *
                     * * * * * * * * * *

     -- A Real Space Multigrid Electronic structure code --
     --      More information at www.rmgdft.org          --

Code Revision:     5.0.0_beta1_111_gca5c3507
Build Date:        Feb 22 2023  21:48:37
Start time:        Sun Feb 26 20:55:20 2023

NOTICE: RMG internal pseudopotentials have switched to
ONCVP from Ultrasoft. You can revert to Ultrasoft by
adding the input tag internal_pseudo_type="ultrasoft" to
your input files.


Files
   Control input file:        input7
   Data output file:          /dev/null

Run Setup
    Calculation type:         Quench electrons - Fixed ions SCF calculation
    Description:              Ni atom test cell
    Orbital Initialization:   LCAO (10 LCAO and 0 random orbitals)
    Exchange Correlation:     pbe
    Spin Polarization:        ON
    System charge:            Neutral

Processor Topology
   Total PEs:                 8
   X direction:               2
   Y direction:               2
   Z direction:               2
   MG Threads/PE:             1
   OMP Threads/PE:            1

Grid Points  (Linear Anisotropy: 1.000)
    X:  Total: 104   Per PE: 52   Spacing:0.152 a0  
    Y:  Total: 104   Per PE: 52   Spacing:0.152 a0  
    Z:  Total: 104   Per PE: 52   Spacing:0.152 a0  

    Equivalent energy cutoffs (psi,rho):   429.668   1718.671 Ry

    Charge density grid:         2 times finer

Coordinate planes
  Planar Anisotropy: 1.000
  A0-A1 density:    43.534
  A0-A2 density:    43.534
  A1-A2 density:    43.534


Lattice (Cell) Setup
    Type:                       Cubic_primitive
    Volume (a0^3):               3916.07
    Boundary conditions:        Periodic

    X Basis Vector:      15.762       0.000       0.000 a0
    Y Basis Vector:       0.000      15.762       0.000 a0
    Z Basis Vector:       0.000       0.000      15.762 a0
    X Reci Vector:       0.063      -0.000       0.000 a0
    Y Reci Vector:       0.000       0.063       0.000 a0
    Z Reci Vector:       0.000      -0.000       0.063 a0

K-points
    Gamma Point Only (real orbitals)

Atoms and States
    Number of ions:                          1
    Number of species:                       1
    Number of spin up states:                18
    Number of spin down states:              18

Run Parameters
    SCF Convergence criterion (potential):   1.00e-08
    SCF Convergence criterion (energy):      1.00e-08
    Max SCF steps:                           100

SCF Cycle Settings
    Charge density mixing:                   Pulay  (Order:5 Scale:0.20 Refresh:100)
    Hartree Solver:                          PFFT
    Interpolation type:                      FFT

Subspace Diagonalization Options
    Frequency:                               every 1 SCF step(s)
    Driver:                                  ScaLapack
    Initial diagonalization:                 ON
    Folded spectrum:                         OFF

Filtering Cutoff  Parameters
    Wavefunction grid (cparm):               0.800
    Charge density grid (rhocparm):          1.000
    Filter factor:                           1.000

Multigrid (MG) Parameters
    Psi MG levels:                           3
    Psi global step:                         0.660 
    Psi pre:                                 2
    Psi post:                                2

Davidson Parameters
    Davidson multiplier:                     4
    Davidson max step:                       8
    Davidson unocc tol factor:               1000.000

Blas Libraries
    CPU support with openblas-parallel.


Atomic Species Information
(PP = Pseudopotential, US = Ultrasoft, NC = Norm Conserving)
-------------------------------------------------------------------------
|Index|Symbol| Mass|Valence| PP |  Comp  |Local| Local|Nlocal|    PP    |
|     |      |     |       |Type|Gaussian|  l  |Radius|Radius|Functional|
-------------------------------------------------------------------------
|    1|    Ni| 58.0|  18.00|  NC|    0.66|   -1| 10.00|  7.00|       PBE|
-------------------------------------------------------------------------

Pseudopotential generation information:
  Ni pseudopotential file: ./@Internal
      Generation info     : Generated using ONCVPSP code by D. R. Hamann
      Author info         : anonymous


Memory usage (Mbytes):     Min        Max       Total
    wave functions         80.99      80.99    1295.86
    beta-functions         40.50      40.50     323.98



Initial Ionic Positions And Displacements (Bohr)
Species      X           Y           Z           dX          dY          dZ
  Ni       0.0000      0.0000      0.0000      0.0000      0.0000      0.0000


Initial Ionic Positions And Displacements (Angstrom)
Species      X           Y           Z           dX          dY          dZ
  Ni       0.0000      0.0000      0.0000      0.0000      0.0000      0.0000

Diagonalization using scalapack for step=0  count=0



KOHN SHAM EIGENVALUES [eV] AT K-POINT [  0]:       0.000000      0.000000      0.000000


------------- SPIN UP ---------------

[kpt   0  -1   0]   -111.4084 [1.000]   -71.7522 [1.000]   -71.7522 [1.000]   -71.7522 [1.000]    -9.1198 [1.000]
[kpt   0  -1   1]    -9.1198 [1.000]    -9.1196 [1.000]    -9.1196 [1.000]    -9.1196 [1.000]    -5.2929 [1.000]
[kpt   0  -1   2]   1203.9904 [0.000]   2469.9496 [0.000]   2743.1058 [0.000]   2788.3813 [0.000]   2830.9161 [0.000]
[kpt   0  -1   3]   2888.5918 [0.000]   2988.4630 [0.000]   3080.0401 [0.000]

------------ SPIN DOWN --------------

[kpt   0  -1   0]   -109.3404 [1.000]   -69.6610 [1.000]   -69.6610 [1.000]   -69.6610 [1.000]    -7.3077 [0.600]
[kpt   0  -1   1]    -7.3077 [0.600]    -7.3075 [0.600]    -7.3075 [0.600]    -7.3075 [0.600]    -4.8670 [1.000]
[kpt   0  -1   2]   1204.0493 [0.000]   2469.9993 [0.000]   2743.1596 [0.000]   2788.4442 [0.000]   2830.9729 [0.000]
[kpt   0  -1   3]   2888.6484 [0.000]   2988.5234 [0.000]   3080.0975 [0.000]


Charge normalization constant: 1.000000
Charge density mixing: Linear with a constant of 0.20 

 charge density is NEGATIVE after interpolation, minimum is -2.342190e-07
 minimum charge density with core charge added is -2.359260e-07

Diagonalization using scalapack for step=0  count=1


FERMI ENERGY =     -4.89297325 eV
@@ EIGENVALUE SUM     =      -26.574755 Ha
@@ ION_ION            =      -29.161043 Ha
@@ ELECTROSTATIC      =     -113.675032 Ha
@@ VXC                =      -22.000171 Ha
@@ EXC                =      -21.564513 Ha
@@ TOTAL ENERGY       =     -168.975171 Ha
@@ estimated error    =   ****************
@@ TOTAL MAGNETIZATION    =   2.00000000 Bohr mag/cell
@@ ABSOLUTE MAGNETIZATION =   2.00000000 Bohr mag/cell
Charge normalization constant: 1.000000
Charge density mixing: Linear with a constant of 0.20 

 charge density is NEGATIVE after interpolation, minimum is -4.816208e-07
 minimum charge density with core charge added is -4.835640e-07
WriteRestart: Output file given as /dev/null, no restart data written ...


KOHN SHAM EIGENVALUES [eV] AT K-POINT [  0]:       0.000000      0.000000      0.000000


------------- SPIN UP ---------------

[kpt   0   0   0]   -111.4221 [1.000]   -71.7727 [1.000]   -71.7727 [1.000]   -71.7727 [1.000]    -9.1582 [1.000]
[kpt   0   0   1]    -9.1582 [1.000]    -9.1580 [1.000]    -9.1580 [1.000]    -9.1580 [1.000]    -5.3067 [1.000]
[kpt   0   0   2]     1.1136 [0.000]    14.5510 [0.000]    16.8959 [0.000]    20.4860 [0.000]    31.0892 [0.000]
[kpt   0   0   3]    34.8820 [0.000]    40.9326 [0.000]    54.0079 [0.000]

------------ SPIN DOWN --------------

[kpt   0   0   0]   -109.3816 [1.000]   -69.6934 [1.000]   -69.6934 [1.000]   -69.6934 [1.000]    -7.3147 [0.600]
[kpt   0   0   1]    -7.3147 [0.600]    -7.3145 [0.600]    -7.3145 [0.600]    -7.3145 [0.600]    -4.8930 [1.000]
[kpt   0   0   2]     1.1726 [0.000]    14.6089 [0.000]    16.9702 [0.000]    20.5324 [0.000]    31.1623 [0.000]
[kpt   0   0   3]    34.9279 [0.000]    40.9861 [0.000]    54.0533 [0.000]



Total charge in supercell =      18.00000000
 quench: [md:   0/10  scf:   0/100  step time:   3.48  scf time:     3.58 secs  RMS[dV]: 2.05e-03 ]


average potential <V> = -4.93e-16

Diagonalization using scalapack for step=1  count=2


FERMI ENERGY =     -4.91411458 eV
@@ EIGENVALUE SUM     =      -26.595355 Ha
@@ ION_ION            =      -29.161043 Ha
@@ ELECTROSTATIC      =     -113.654915 Ha
@@ VXC                =      -21.998850 Ha
@@ EXC                =      -21.563642 Ha
@@ TOTAL ENERGY       =     -168.976105 Ha
@@ estimated error    =        4.59e-05 Ha
@@ TOTAL MAGNETIZATION    =   2.00000000 Bohr mag/cell
@@ ABSOLUTE MAGNETIZATION =   2.00000000 Bohr mag/cell
Charge normalization constant: 1.000000
Charge density mixing: Linear with a constant of 0.20 

 charge density is NEGATIVE after interpolation, minimum is -6.576811e-07
 minimum charge density with core charge added is -6.594897e-07
 quench: [md:   0/10  scf:   1/100  step time:   3.24  scf time:     6.83 secs  RMS[dV]: 1.83e-03 ]


average potential <V> = 5.29e-15

Diagonalization using scalapack for step=2  count=3


FERMI ENERGY =     -4.93288587 eV
@@ EIGENVALUE SUM     =      -26.612450 Ha
@@ ION_ION            =      -29.161043 Ha
@@ ELECTROSTATIC      =     -113.638132 Ha
@@ VXC                =      -21.998113 Ha
@@ EXC                =      -21.563173 Ha
@@ TOTAL ENERGY       =     -168.976685 Ha
@@ estimated error    =        3.82e-05 Ha
@@ TOTAL MAGNETIZATION    =   2.00000000 Bohr mag/cell
@@ ABSOLUTE MAGNETIZATION =   2.00000000 Bohr mag/cell
Charge normalization constant: 1.000000
Charge density mixing: Linear with a constant of 0.20 

 charge density is NEGATIVE after interpolation, minimum is -7.734335e-07
 minimum charge density with core charge added is -7.751405e-07
 quench: [md:   0/10  scf:   2/100  step time:   3.22  scf time:    10.04 secs  RMS[dV]: 1.55e-03 ]


average potential <V> = -5.06e-15

Diagonalization using scalapack for step=3  count=4


FERMI ENERGY =     -4.94878545 eV
@@ EIGENVALUE SUM     =      -26.624658 Ha
@@ ION_ION            =      -29.161043 Ha
@@ ELECTROSTATIC      =     -113.626205 Ha
@@ VXC                =      -21.998003 Ha
@@ EXC                =      -21.563166 Ha
@@ TOTAL ENERGY       =     -168.977069 Ha
@@ estimated error    =        2.70e-05 Ha
@@ TOTAL MAGNETIZATION    =   2.00000000 Bohr mag/cell
@@ ABSOLUTE MAGNETIZATION =   2.00000000 Bohr mag/cell
Charge normalization constant: 1.000000
Charge density mixing: Linear with a constant of 0.20 

 charge density is NEGATIVE after interpolation, minimum is -8.543456e-07
 minimum charge density with core charge added is -8.595033e-07
 quench: [md:   0/10  scf:   3/100  step time:   3.26  scf time:    13.31 secs  RMS[dV]: 1.34e-03 ]


average potential <V> = 4.26e-16
Davidson incomplete convergence steps = 8

FERMI ENERGY =     -4.96239682 eV
@@ EIGENVALUE SUM     =      -26.632788 Ha
@@ ION_ION            =      -29.161043 Ha
@@ ELECTROSTATIC      =     -113.618510 Ha
@@ VXC                =      -21.998379 Ha
@@ EXC                =      -21.563523 Ha
@@ TOTAL ENERGY       =     -168.977485 Ha
@@ estimated error    =        1.93e-05 Ha
@@ TOTAL MAGNETIZATION    =   2.00000000 Bohr mag/cell
@@ ABSOLUTE MAGNETIZATION =   2.00000000 Bohr mag/cell
Charge normalization constant: 1.000000
Charge density mixing: Pulay

 charge density is NEGATIVE after interpolation, minimum is -9.336464e-07
 minimum charge density with core charge added is -9.402742e-07
 quench: [md:   0/10  scf:   4/100  step time:   4.06  scf time:    17.37 secs  RMS[dV]: 1.20e-03 ]


average potential <V> = -2.66e-16
Davidson converged in 7 steps

FERMI ENERGY =     -4.97457875 eV
@@ EIGENVALUE SUM     =      -26.632234 Ha
@@ ION_ION            =      -29.161043 Ha
@@ ELECTROSTATIC      =     -113.619536 Ha
@@ VXC                =      -22.000223 Ha
@@ EXC                =      -21.565030 Ha
@@ TOTAL ENERGY       =     -168.977621 Ha
@@ estimated error    =        2.42e-05 Ha
@@ TOTAL MAGNETIZATION    =   2.00000000 Bohr mag/cell
@@ ABSOLUTE MAGNETIZATION =   2.00000977 Bohr mag/cell
Charge normalization constant: 1.000000
Charge density mixing: Pulay

 charge density is NEGATIVE after interpolation, minimum is -1.221235e-06
 minimum charge density with core charge added is -1.231563e-06


KOHN SHAM EIGENVALUES [eV] AT K-POINT [  0]:       0.000000      0.000000      0.000000


------------- SPIN UP ---------------

[kpt   0   5   0]   -111.4951 [1.000]   -71.8660 [1.000]   -71.8660 [1.000]   -71.8660 [1.000]    -9.3021 [1.000]
[kpt   0   5   1]    -9.3020 [1.000]    -9.3018 [1.000]    -9.3018 [1.000]    -9.3017 [1.000]    -5.3389 [1.000]
[kpt   0   5   2]    -0.7396 [0.000]    -0.7395 [0.000]    -0.7394 [0.000]     0.0096 [0.000]     1.4085 [0.000]
[kpt   0   5   3]     1.4092 [0.000]     2.6107 [0.000]     2.6156 [0.000]

------------ SPIN DOWN --------------

[kpt   0   5   0]   -109.4782 [1.000]   -69.7675 [1.000]   -69.7674 [1.000]   -69.7673 [1.000]    -7.3347 [0.600]
[kpt   0   5   1]    -7.3346 [0.600]    -7.3346 [0.600]    -7.3345 [0.600]    -7.3344 [0.600]    -4.9746 [1.000]
[kpt   0   5   2]    -0.5751 [0.000]    -0.5744 [0.000]    -0.5742 [0.000]     0.0603 [0.000]     1.4352 [0.000]
[kpt   0   5   3]     1.4356 [0.000]     2.6689 [0.000]     2.6702 [0.000]



Total charge in supercell =      18.00000000
 quench: [md:   0/10  scf:   5/100  step time:   3.33  scf time:    20.70 secs  RMS[dV]: 1.06e-03 ]


average potential <V> = -1.88e-15
Davidson converged in 3 steps

FERMI ENERGY =     -5.02882849 eV
@@ EIGENVALUE SUM     =      -26.641467 Ha
@@ ION_ION            =      -29.161043 Ha
@@ ELECTROSTATIC      =     -113.611810 Ha
@@ VXC                =      -22.006751 Ha
@@ EXC                =      -21.570326 Ha
@@ TOTAL ENERGY       =     -168.977896 Ha
@@ estimated error    =        1.39e-05 Ha
@@ TOTAL MAGNETIZATION    =   2.00000000 Bohr mag/cell
@@ ABSOLUTE MAGNETIZATION =   2.03401382 Bohr mag/cell
Charge normalization constant: 1.000000
Charge density mixing: Pulay

 charge density is NEGATIVE after interpolation, minimum is -1.063544e-06
 minimum charge density with core charge added is -1.072937e-06
 quench: [md:   0/10  scf:   6/100  step time:   3.24  scf time:    23.94 secs  RMS[dV]: 3.10e-03 ]


average potential <V> = -2.03e-15
Davidson converged in 2 steps

FERMI ENERGY =     -5.03365463 eV
@@ EIGENVALUE SUM     =      -26.652253 Ha
@@ ION_ION            =      -29.161043 Ha
@@ ELECTROSTATIC      =     -113.600791 Ha
@@ VXC                =      -22.005443 Ha
@@ EXC                =      -21.569253 Ha
@@ TOTAL ENERGY       =     -168.977897 Ha
@@ estimated error    =        4.64e-06 Ha
@@ TOTAL MAGNETIZATION    =   2.00000000 Bohr mag/cell
@@ ABSOLUTE MAGNETIZATION =   2.03846205 Bohr mag/cell
Charge normalization constant: 1.000000
Charge density mixing: Pulay

 charge density is NEGATIVE after interpolation, minimum is -8.103148e-07
 minimum charge density with core charge added is -8.183657e-07
 quench: [md:   0/10  scf:   7/100  step time:   3.09  scf time:    27.03 secs  RMS[dV]: 1.51e-03 ]


average potential <V> = -3.06e-16
Davidson converged in 3 steps

FERMI ENERGY =     -5.03435440 eV
@@ EIGENVALUE SUM     =      -26.659700 Ha
@@ ION_ION            =      -29.161043 Ha
@@ ELECTROSTATIC      =     -113.593111 Ha
@@ VXC                =      -22.004107 Ha
@@ EXC                =      -21.568152 Ha
@@ TOTAL ENERGY       =     -168.977899 Ha
@@ estimated error    =        9.57e-07 Ha
@@ TOTAL MAGNETIZATION    =   2.00000000 Bohr mag/cell
@@ ABSOLUTE MAGNETIZATION =   2.03940668 Bohr mag/cell
Charge normalization constant: 1.000000
Charge density mixing: Pulay

 charge density is NEGATIVE after interpolation, minimum is -7.085249e-07
 minimum charge density with core charge added is -7.166743e-07
 quench: [md:   0/10  scf:   8/100  step time:   3.37  scf time:    30.40 secs  RMS[dV]: 1.70e-03 ]


average potential <V> = 1.28e-15
Davidson converged in 3 steps

FERMI ENERGY =     -5.03199513 eV
@@ EIGENVALUE SUM     =      -26.649715 Ha
@@ ION_ION            =      -29.161043 Ha
@@ ELECTROSTATIC      =     -113.603388 Ha
@@ VXC                =      -22.005650 Ha
@@ EXC                =      -21.569404 Ha
@@ TOTAL ENERGY       =     -168.977899 Ha
@@ estimated error    =        6.72e-07 Ha
@@ TOTAL MAGNETIZATION    =   2.00000000 Bohr mag/cell
@@ ABSOLUTE MAGNETIZATION =   2.03923359 Bohr mag/cell
Charge normalization constant: 1.000000
Charge density mixing: Pulay

 charge density is NEGATIVE after interpolation, minimum is -3.269265e-07
 minimum charge density with core charge added is -3.333802e-07
 quench: [md:   0/10  scf:   9/100  step time:   3.35  scf time:    33.76 secs  RMS[dV]: 6.12e-04 ]


average potential <V> = 4.09e-16
Davidson converged in 2 steps

FERMI ENERGY =     -5.03293070 eV
@@ EIGENVALUE SUM     =      -26.655734 Ha
@@ ION_ION            =      -29.161043 Ha
@@ ELECTROSTATIC      =     -113.597189 Ha
@@ VXC                =      -22.004636 Ha
@@ EXC                =      -21.568570 Ha
@@ TOTAL ENERGY       =     -168.977900 Ha
@@ estimated error    =        8.01e-07 Ha
@@ TOTAL MAGNETIZATION    =   2.00000000 Bohr mag/cell
@@ ABSOLUTE MAGNETIZATION =   2.04170145 Bohr mag/cell
Charge normalization constant: 1.000000
Charge density mixing: Pulay

 charge density is NEGATIVE after interpolation, minimum is -2.503395e-07
 minimum charge density with core charge added is -2.568658e-07


KOHN SHAM EIGENVALUES [eV] AT K-POINT [  0]:       0.000000      0.000000      0.000000


------------- SPIN UP ---------------

[kpt   0  10   0]   -111.5374 [1.000]   -71.9207 [1.000]   -71.9207 [1.000]   -71.9207 [1.000]    -9.3842 [1.000]
[kpt   0  10   1]    -9.3842 [1.000]    -9.3841 [1.000]    -9.3841 [1.000]    -9.3841 [1.000]    -5.3507 [1.000]
[kpt   0  10   2]    -0.7428 [0.000]    -0.7428 [0.000]    -0.7428 [0.000]    -0.0889 [0.000]     1.3472 [0.000]
[kpt   0  10   3]     1.3472 [0.000]     2.5023 [0.000]     2.5041 [0.000]

------------ SPIN DOWN --------------

[kpt   0  10   0]   -109.4896 [1.000]   -69.7676 [1.000]   -69.7676 [1.000]   -69.7676 [1.000]    -7.3145 [0.600]
[kpt   0  10   1]    -7.3145 [0.600]    -7.3143 [0.600]    -7.3143 [0.600]    -7.3143 [0.600]    -5.0329 [1.000]
[kpt   0  10   2]    -0.6364 [0.000]    -0.6364 [0.000]    -0.6364 [0.000]    -0.0788 [0.000]     1.3214 [0.000]
[kpt   0  10   3]     1.3214 [0.000]     2.5236 [0.000]     2.5240 [0.000]



Total charge in supercell =      18.00000000
 quench: [md:   0/10  scf:  10/100  step time:   3.18  scf time:    36.94 secs  RMS[dV]: 2.16e-03 ]


average potential <V> = 1.64e-16
Davidson converged in 4 steps

FERMI ENERGY =     -5.03294374 eV
@@ EIGENVALUE SUM     =      -26.655434 Ha
@@ ION_ION            =      -29.161043 Ha
@@ ELECTROSTATIC      =     -113.597501 Ha
@@ VXC                =      -22.004701 Ha
@@ EXC                =      -21.568622 Ha
@@ TOTAL ENERGY       =     -168.977900 Ha
@@ estimated error    =        1.98e-08 Ha
@@ TOTAL MAGNETIZATION    =   2.00000000 Bohr mag/cell
@@ ABSOLUTE MAGNETIZATION =   2.04189734 Bohr mag/cell
Charge normalization constant: 1.000000
Charge density mixing: Pulay

 charge density is NEGATIVE after interpolation, minimum is -2.129388e-07
 minimum charge density with core charge added is -2.195719e-07
 quench: [md:   0/10  scf:  11/100  step time:   3.40  scf time:    40.33 secs  RMS[dV]: 4.60e-04 ]


average potential <V> = -2.03e-16
Davidson converged in 1 steps

FERMI ENERGY =     -5.03297553 eV
@@ EIGENVALUE SUM     =      -26.655195 Ha
@@ ION_ION            =      -29.161043 Ha
@@ ELECTROSTATIC      =     -113.597749 Ha
@@ VXC                =      -22.004755 Ha
@@ EXC                =      -21.568669 Ha
@@ TOTAL ENERGY       =     -168.977900 Ha
@@ estimated error    =        1.42e-08 Ha
@@ TOTAL MAGNETIZATION    =   2.00000000 Bohr mag/cell
@@ ABSOLUTE MAGNETIZATION =   2.04192912 Bohr mag/cell
Charge normalization constant: 1.000000
Charge density mixing: Pulay

 charge density is NEGATIVE after interpolation, minimum is -1.307136e-07
 minimum charge density with core charge added is -1.375587e-07
 quench: [md:   0/10  scf:  12/100  step time:   4.39  scf time:    44.72 secs  RMS[dV]: 2.45e-04 ]



 Convergence criterion reached: Energy variation (6.30e-09) is lower than threshold (1.00e-08)

potential convergence has been achieved. stopping ...

[   0  13   13       50 ] Quench.cpp: final total energy =    -168.97789982 Ha


KOHN SHAM EIGENVALUES [eV] AT K-POINT [  0]:       0.000000      0.000000      0.000000


------------- SPIN UP ---------------

[kpt   0  13   0]   -111.5361 [1.000]   -71.9196 [1.000]   -71.9196 [1.000]   -71.9196 [1.000]    -9.3836 [1.000]
[kpt   0  13   1]    -9.3836 [1.000]    -9.3834 [1.000]    -9.3834 [1.000]    -9.3834 [1.000]    -5.3509 [1.000]
[kpt   0  13   2]    -0.7431 [0.000]    -0.7431 [0.000]    -0.7431 [0.000]    -0.0927 [0.000]     1.3464 [0.000]
[kpt   0  13   3]     1.3464 [0.000]     2.4981 [0.000]     2.4991 [0.000]

------------ SPIN DOWN --------------

[kpt   0  13   0]   -109.4884 [1.000]   -69.7664 [1.000]   -69.7664 [1.000]   -69.7664 [1.000]    -7.3138 [0.600]
[kpt   0  13   1]    -7.3138 [0.600]    -7.3136 [0.600]    -7.3136 [0.600]    -7.3136 [0.600]    -5.0330 [1.000]
[kpt   0  13   2]    -0.6366 [0.000]    -0.6366 [0.000]    -0.6366 [0.000]    -0.0838 [0.000]     1.3198 [0.000]
[kpt   0  13   3]     1.3198 [0.000]     2.5182 [0.000]     2.5184 [0.000]



Total charge in supercell =      18.00000000
 volume and energy per atom =       580.30177636      -4598.12260389 eV

 Vdd took 0.003763 seconds
WriteRestart: Output file given as /dev/null, no restart data written ...



  IONIC POSITIONS [a0] AND FORCES [Ha/a0]
  Charge analysis using: Voronoi Deformation Density

@ION  Ion  Species       X           Y           Z       Charge       FX          FY         FZ      Movable
@ION    1    Ni      0.0000000   0.0000000   0.0000000   -0.000   -0.0000174  -0.0000171  -0.0000288  1 1 1

 mean FX      =   0.00001735 Ha/a0
 mean FY      =   0.00001707 Ha/a0
 mean FZ      =   0.00002878 Ha/a0

 max FX       =   0.00001735 Ha/a0   (ion 1)
 max FY       =   0.00001707 Ha/a0   (ion 1)
 max FZ       =   0.00002878 Ha/a0   (ion 1)
 max F[x,y,z] =   0.00002878 Ha/a0
 max |F|      =   0.00003769 Ha/a0   (ion 1)

 sum FX       =  -0.00001735 Ha/a0
 sum FY       =  -0.00001707 Ha/a0
 sum FZ       =  -0.00002878 Ha/a0
 Average      =   0.00002107 Ha/a0
 sqrt < F^2 > =   0.00002176 Ha/a0

WriteRestart: Output file given as /dev/null, no restart data written ...


--------TIMING INFORMATION FOR Processor owned the most atoms----------------
                                        Total time               Per SCF/step

1-TOTAL                                            53.03                4.08
-----------------------------------------------------------------------------
  1-TOTAL: Init                                     5.04                0.39
  1-TOTAL: run                                     47.99                3.69
  ---------------------------------------------------------------------------
    1-TOTAL: run: Force                             3.24                0.25
    1-TOTAL: run: Scf steps                        44.61                3.43

2-Force                                             3.24                0.25
-----------------------------------------------------------------------------
  2-Force: core correction                          0.63                0.05
  2-Force: corrections                              0.66                0.05
  2-Force: ion-ion                                  0.08                0.01
  2-Force: local                                    0.71                0.05
  2-Force: non-local                                1.14                0.09
  2-Force: non-local-betaxpsi                       0.02                0.00
  2-Force: non-local-get gamma                      0.00                0.00
  2-Force: non-local-nlforce_par_Q                  0.54                0.04
  2-Force: non-local-nlforce_par_gamma              0.00                0.00
  2-Force: non-local-nlforce_par_omega              0.00                0.00
  2-Force: non-local-partial gamma                  0.00                0.00
  2-Force: non-local-veff grad                      0.53                0.04

2-Init                                              5.04                0.39
-----------------------------------------------------------------------------
  2-Init: GetNewRho                                 0.39                0.03
  2-Init: KpointClass                               0.63                0.05
  2-Init: LcaoGetPsi                                0.11                0.01
  2-Init: LcaoGetRho                                0.11                0.01
  2-Init: ReinitIonicPotentials                     0.49                0.04
  2-Init: betaxpsi                                  0.03                0.00
  2-Init: exchange/correlation                      1.56                0.12
  2-Init: hartree                                   0.53                0.04
  2-Init: normalization                             0.01                0.00
  2-Init: radial potentials                         0.22                0.02
  2-Init: subdiag                                   0.12                0.01
  2-Init: weights                                   0.15                0.01

2-Scf steps                                        44.61                3.43
-----------------------------------------------------------------------------
  2-Scf steps: Davidson                             6.22                0.48
  2-Scf steps: GetNewRho                            1.56                0.12
  2-Scf steps: Hartree                              6.83                0.53
  2-Scf steps: MgridSubspace                        3.23                0.25
  2-Scf steps: MixRho                               4.24                0.33
  2-Scf steps: exchange/correlation                18.13                1.39

3-MgridSubspace                                     3.23                0.25
-----------------------------------------------------------------------------
  3-MgridSubspace: AppNls                           0.16                0.01
  3-MgridSubspace: Beta x psi                       0.29                0.02
  3-MgridSubspace: Diagonalization                  0.44                0.03
  3-MgridSubspace: Mg_eig                           2.33                0.18

3-ReinitIonicPotentials                             0.49                0.04
-----------------------------------------------------------------------------
  3-ReinitIonicPotentials: GetNlop                  0.01                0.00
  3-ReinitIonicPotentials: GetWeight                0.18                0.01
  3-ReinitIonicPotentials: get_QI                   0.00                0.00
  3-ReinitIonicPotentials: get_qqq                  0.00                0.00
  3-ReinitIonicPotentials: init_nuc                 0.30                0.02

4-Diagonalization                                   0.56                0.04
-----------------------------------------------------------------------------
  4-Diagonalization: ELPA/PDSYGVX/PZHEGVX           0.00                0.00
  4-Diagonalization: Hpsi                           0.36                0.03
  4-Diagonalization: MPI_Bcast                      0.00                0.00
  4-Diagonalization: Update orbitals                0.07                0.01
  ---------------------------------------------------------------------------
    4-Diagonalization: Update orbitals: gather           0.00                0.00
    4-Diagonalization: Update orbitals: gemm           0.06                0.00
  4-Diagonalization: matrix                         0.12                0.01
  ---------------------------------------------------------------------------
    4-Diagonalization: matrix: Allreduce            0.04                0.00
    4-Diagonalization: matrix: Gemm                 0.08                0.01

5-Functional                                       19.43                1.49
-----------------------------------------------------------------------------
  5-Functional: apply gradient                      2.94                0.23
  5-Functional: libxc                              11.55                0.89
  5-Functional: vxc                                19.31                1.49
  5-Functional: vxc grad                           12.46                0.96
  5-Functional: vxc local                           6.69                0.51
  5-Functional: vxc nonlocal                        0.00                0.00

6-Davidson                                          6.22                0.48
-----------------------------------------------------------------------------
  6-Davidson: Betaxpsi                              0.44                0.03
  6-Davidson: apply hamiltonian                     1.74                0.13
  6-Davidson: diagonalization                       0.06                0.00
  6-Davidson: generate residuals                    0.61                0.05
  6-Davidson: matrix setup/reduce                   1.09                0.08
  6-Davidson: normalization                         0.16                0.01
  6-Davidson: precondition                          1.82                0.14
  6-Davidson: refresh h_psi and s_psi               0.06                0.00
  6-Davidson: reset hr,sr,vr                        0.00                0.00
  6-Davidson: rotate orbitals                       0.24                0.02

AppNls                                              0.64                0.05
-----------------------------------------------------------------------------
  AppNls: data_rearrange                            0.00                0.00
  ---------------------------------------------------------------------------
    AppNls: data_rearrange: alloc and zeros           0.00                0.00
    AppNls: data_rearrange: dnm                     0.00                0.00
    AppNls: data_rearrange: sint                    0.00                0.00
  AppNls: nv                                        0.50                0.04
  AppNls: nv_work                                   0.00                0.00

App_gradient                                        2.71                0.21

ApplyAOperator                                      0.14                0.01

CPUFD                                               0.05                0.00

Compute Hpsi                                        0.36                0.03
-----------------------------------------------------------------------------
  Compute Hpsi: AppNls                              0.06                0.00
  Compute Hpsi: Threaded Apply H                    0.30                0.02

GlobalSums                                          0.23                0.02

Init                                                4.42                0.34

Init Voronoi                                        0.11                0.01

Mix rho                                             4.51                0.35
-----------------------------------------------------------------------------
  Mix rho: Linear                                   1.31                0.10
  Mix rho: Pulay                                    3.10                0.24

Orbital                                             0.05                0.00
-----------------------------------------------------------------------------
  Orbital: phase and set                            0.05                0.00
  Orbital: proj cal                                 0.05                0.00
  Trade images: trade_images                        0.00                0.00
  Trade images: trade_imagesx                       0.87                0.07

VhPfft                                              6.70                0.52

Weight                                              0.10                0.01

radial beta                                         0.15                0.01


------------------------- TIMING INFORMATION FOR THREADS  -------------------

                                           Min            Max            Avg
ApplyAOperator                             2.38           2.38           2.38
-----------------------------------------------------------------------------

CPUFD                                      1.00           1.00           1.00
-----------------------------------------------------------------------------

GlobalSums                                 0.18           0.18           0.18
-----------------------------------------------------------------------------

Mg_eig                                     2.30           2.30           2.30
-----------------------------------------------------------------------------
  Mg_eig: apply hamiltonian                1.35           1.35           1.35
  Mg_eig: mgrid_solv                       0.28           0.28           0.28
  Trade images: trade_images               0.74           0.74           0.74
  Trade images: trade_imagesx              1.43           1.43           1.43
