RMG initialization ... 1 image(s) total, 1 per node. 16 MPI processes/image. Thread level 2.
FFT-FD  0.000000e+00   2.700178e-05
FFT-FD  1.000000e+00   -2.462850e-05
IP=0 M = -5.163028e-05  5.229834e-01  2.700178e-05
FFT-FD  0.000000e+00   1.476910e-04
FFT-FD  1.000000e+00   -2.547843e-04
IP=1 M = -4.024753e-04  3.669568e-01  1.476910e-04
FFT-FD  0.000000e+00   1.476910e-04
FFT-FD  1.000000e+00   -2.547843e-04
IP=2 M = -4.024753e-04  3.669568e-01  1.476910e-04
FFT-FD  0.000000e+00   1.476910e-04
FFT-FD  1.000000e+00   -2.547843e-04
IP=3 M = -4.024753e-04  3.669568e-01  1.476910e-04
FFT-FD  0.000000e+00   2.564408e-04
FFT-FD  1.000000e+00   -4.525114e-04
IP=4 M = -7.089522e-04  3.617180e-01  2.564408e-04
FFT-FD  0.000000e+00   2.564408e-04
FFT-FD  1.000000e+00   -4.525114e-04
IP=5 M = -7.089522e-04  3.617180e-01  2.564408e-04
FFT-FD  0.000000e+00   7.584634e-04
FFT-FD  1.000000e+00   -9.583577e-04
IP=6 M = -1.716821e-03  4.417836e-01  7.584634e-04
FFT-FD  0.000000e+00   2.564408e-04
FFT-FD  1.000000e+00   -4.525114e-04
IP=7 M = -7.089522e-04  3.617180e-01  2.564408e-04
FFT-FD  0.000000e+00   7.584634e-04
FFT-FD  1.000000e+00   -9.583577e-04
IP=8 M = -1.716821e-03  4.417836e-01  7.584634e-04
FFT-FD  0.000000e+00   9.021672e-06
FFT-FD  1.000000e+00   -2.635736e-06
IP=9 M = -1.165741e-05  7.739003e-01  9.021672e-06
NEWCFAC = 0.403104  0.403104


                     * * * * * * * * * *
                     *    R   M   G    *
                     * * * * * * * * * *

     -- A Real Space Multigrid Electronic structure code --
     --      More information at www.rmgdft.org          --

Code Revision:     5.0.0_beta1_111_gca5c3507
Build Date:        Feb 22 2023  21:48:37
Start time:        Sun Feb 26 20:53:13 2023

NOTICE: RMG internal pseudopotentials have switched to
ONCVP from Ultrasoft. You can revert to Ultrasoft by
adding the input tag internal_pseudo_type="ultrasoft" to
your input files.


Files
   Control input file:        input3
   Data output file:          /dev/null

Run Setup
    Calculation type:         Quench electrons - Fixed ions SCF calculation
    Description:              Ni atom test cell
    Orbital Initialization:   LCAO (10 LCAO and 0 random orbitals)
    Exchange Correlation:     pbe
    Spin Polarization:        ON
    System charge:            Neutral

Processor Topology
   Total PEs:                 8
   X direction:               2
   Y direction:               2
   Z direction:               2
   MG Threads/PE:             1
   OMP Threads/PE:            1

Grid Points  (Linear Anisotropy: 1.000)
    X:  Total: 72   Per PE: 36   Spacing:0.219 a0  
    Y:  Total: 72   Per PE: 36   Spacing:0.219 a0  
    Z:  Total: 72   Per PE: 36   Spacing:0.219 a0  

    Equivalent energy cutoffs (psi,rho):   205.935    823.742 Ry

    Charge density grid:         2 times finer

Coordinate planes
  Planar Anisotropy: 1.000
  A0-A1 density:    20.866
  A0-A2 density:    20.866
  A1-A2 density:    20.866


Lattice (Cell) Setup
    Type:                       Cubic_primitive
    Volume (a0^3):               3916.07
    Boundary conditions:        Periodic

    X Basis Vector:      15.762       0.000       0.000 a0
    Y Basis Vector:       0.000      15.762       0.000 a0
    Z Basis Vector:       0.000       0.000      15.762 a0
    X Reci Vector:       0.063      -0.000       0.000 a0
    Y Reci Vector:       0.000       0.063       0.000 a0
    Z Reci Vector:       0.000      -0.000       0.063 a0

K-points
    Gamma Point Only (real orbitals)

Atoms and States
    Number of ions:                          1
    Number of species:                       1
    Number of spin up states:                18
    Number of spin down states:              18

Run Parameters
    SCF Convergence criterion (potential):   1.00e-08
    SCF Convergence criterion (energy):      1.00e-08
    Max SCF steps:                           100

SCF Cycle Settings
    Charge density mixing:                   Pulay  (Order:5 Scale:0.20 Refresh:100)
    Hartree Solver:                          PFFT
    Interpolation type:                      FFT

Subspace Diagonalization Options
    Frequency:                               every 1 SCF step(s)
    Driver:                                  ScaLapack
    Initial diagonalization:                 ON
    Folded spectrum:                         OFF

Filtering Cutoff  Parameters
    Wavefunction grid (cparm):               0.800
    Charge density grid (rhocparm):          1.000
    Filter factor:                           1.000

Multigrid (MG) Parameters
    Psi MG levels:                           3
    Psi global step:                         0.660 
    Psi pre:                                 2
    Psi post:                                2

Davidson Parameters
    Davidson multiplier:                     4
    Davidson max step:                       8
    Davidson unocc tol factor:               1000.000

Blas Libraries
    CPU support with openblas-parallel.


Atomic Species Information
(PP = Pseudopotential, US = Ultrasoft, NC = Norm Conserving)
-------------------------------------------------------------------------
|Index|Symbol| Mass|Valence| PP |  Comp  |Local| Local|Nlocal|    PP    |
|     |      |     |       |Type|Gaussian|  l  |Radius|Radius|Functional|
-------------------------------------------------------------------------
|    1|    Ni| 58.0|  18.00|  NC|    0.66|   -1| 10.00|  7.00|       PBE|
-------------------------------------------------------------------------

Pseudopotential generation information:
  Ni pseudopotential file: ./@Internal
      Generation info     : Generated using ONCVPSP code by D. R. Hamann
      Author info         : anonymous


Memory usage (Mbytes):     Min        Max       Total
    wave functions         26.87      26.87     430.00
    beta-functions         13.44      13.44     107.51



Initial Ionic Positions And Displacements (Bohr)
Species      X           Y           Z           dX          dY          dZ
  Ni       0.0000      0.0000      0.0000      0.0000      0.0000      0.0000


Initial Ionic Positions And Displacements (Angstrom)
Species      X           Y           Z           dX          dY          dZ
  Ni       0.0000      0.0000      0.0000      0.0000      0.0000      0.0000

Diagonalization using scalapack for step=0  count=0



KOHN SHAM EIGENVALUES [eV] AT K-POINT [  0]:       0.000000      0.000000      0.000000


------------- SPIN UP ---------------

[kpt   0  -1   0]   -111.4085 [1.000]   -71.7519 [1.000]   -71.7519 [1.000]   -71.7519 [1.000]    -9.1214 [1.000]
[kpt   0  -1   1]    -9.1214 [1.000]    -9.1187 [1.000]    -9.1187 [1.000]    -9.1187 [1.000]    -5.2952 [1.000]
[kpt   0  -1   2]   559.1865 [0.000]   1150.4993 [0.000]   1270.9440 [0.000]   1292.5272 [0.000]   1374.1012 [0.000]
[kpt   0  -1   3]   1410.4278 [0.000]   1470.6636 [0.000]   1543.4484 [0.000]

------------ SPIN DOWN --------------

[kpt   0  -1   0]   -109.3405 [1.000]   -69.6606 [1.000]   -69.6606 [1.000]   -69.6606 [1.000]    -7.3093 [0.600]
[kpt   0  -1   1]    -7.3093 [0.600]    -7.3067 [0.600]    -7.3067 [0.600]    -7.3067 [0.600]    -4.8693 [1.000]
[kpt   0  -1   2]   559.2419 [0.000]   1150.5620 [0.000]   1271.0024 [0.000]   1292.5844 [0.000]   1374.1591 [0.000]
[kpt   0  -1   3]   1410.4908 [0.000]   1470.7139 [0.000]   1543.4934 [0.000]


Charge normalization constant: 1.000000
Charge density mixing: Linear with a constant of 0.20 

 charge density is NEGATIVE after interpolation, minimum is -5.429320e-06
 minimum charge density with core charge added is -5.431367e-06

Diagonalization using scalapack for step=0  count=1


FERMI ENERGY =     -4.89302652 eV
@@ EIGENVALUE SUM     =      -26.574808 Ha
@@ ION_ION            =      -29.161043 Ha
@@ ELECTROSTATIC      =     -113.674994 Ha
@@ VXC                =      -22.000187 Ha
@@ EXC                =      -21.564520 Ha
@@ TOTAL ENERGY       =     -168.975178 Ha
@@ estimated error    =   ****************
@@ TOTAL MAGNETIZATION    =   2.00000000 Bohr mag/cell
@@ ABSOLUTE MAGNETIZATION =   2.00001148 Bohr mag/cell
Charge normalization constant: 1.000000
Charge density mixing: Linear with a constant of 0.20 

 charge density is NEGATIVE after interpolation, minimum is -2.104607e-05
 minimum charge density with core charge added is -2.105047e-05
WriteRestart: Output file given as /dev/null, no restart data written ...


KOHN SHAM EIGENVALUES [eV] AT K-POINT [  0]:       0.000000      0.000000      0.000000


------------- SPIN UP ---------------

[kpt   0   0   0]   -111.4223 [1.000]   -71.7723 [1.000]   -71.7723 [1.000]   -71.7723 [1.000]    -9.1604 [1.000]
[kpt   0   0   1]    -9.1603 [1.000]    -9.1571 [1.000]    -9.1571 [1.000]    -9.1571 [1.000]    -5.3069 [1.000]
[kpt   0   0   2]     1.3450 [0.000]    16.1833 [0.000]    19.5935 [0.000]    24.5948 [0.000]    27.7675 [0.000]
[kpt   0   0   3]    31.6669 [0.000]    36.7225 [0.000]    50.9508 [0.000]

------------ SPIN DOWN --------------

[kpt   0   0   0]   -109.3818 [1.000]   -69.6931 [1.000]   -69.6931 [1.000]   -69.6931 [1.000]    -7.3170 [0.600]
[kpt   0   0   1]    -7.3169 [0.600]    -7.3137 [0.600]    -7.3137 [0.600]    -7.3137 [0.600]    -4.8930 [1.000]
[kpt   0   0   2]     1.4009 [0.000]    16.2412 [0.000]    19.6474 [0.000]    24.6363 [0.000]    27.8196 [0.000]
[kpt   0   0   3]    31.7219 [0.000]    36.7720 [0.000]    51.0016 [0.000]



Total charge in supercell =      18.00000000
 quench: [md:   0/10  scf:   0/100  step time:   1.09  scf time:     1.12 secs  RMS[dV]: 2.97e-03 ]


average potential <V> = -4.52e-16

Diagonalization using scalapack for step=1  count=2


FERMI ENERGY =     -4.91394152 eV
@@ EIGENVALUE SUM     =      -26.594515 Ha
@@ ION_ION            =      -29.161043 Ha
@@ ELECTROSTATIC      =     -113.655833 Ha
@@ VXC                =      -21.999023 Ha
@@ EXC                =      -21.563770 Ha
@@ TOTAL ENERGY       =     -168.976138 Ha
@@ estimated error    =        4.31e-05 Ha
@@ TOTAL MAGNETIZATION    =   2.00000000 Bohr mag/cell
@@ ABSOLUTE MAGNETIZATION =   2.00006097 Bohr mag/cell
Charge normalization constant: 1.000000
Charge density mixing: Linear with a constant of 0.20 

 charge density is NEGATIVE after interpolation, minimum is -3.916362e-05
 minimum charge density with core charge added is -3.916901e-05
 quench: [md:   0/10  scf:   1/100  step time:   1.01  scf time:     2.13 secs  RMS[dV]: 3.84e-03 ]


average potential <V> = 4.92e-15

Diagonalization using scalapack for step=2  count=3


FERMI ENERGY =     -4.93281855 eV
@@ EIGENVALUE SUM     =      -26.611119 Ha
@@ ION_ION            =      -29.161043 Ha
@@ ELECTROSTATIC      =     -113.639596 Ha
@@ VXC                =      -21.998436 Ha
@@ EXC                =      -21.563419 Ha
@@ TOTAL ENERGY       =     -168.976740 Ha
@@ estimated error    =        3.81e-05 Ha
@@ TOTAL MAGNETIZATION    =   2.00000000 Bohr mag/cell
@@ ABSOLUTE MAGNETIZATION =   2.00014294 Bohr mag/cell
Charge normalization constant: 1.000000
Charge density mixing: Linear with a constant of 0.20 

 charge density is NEGATIVE after interpolation, minimum is -5.947891e-05
 minimum charge density with core charge added is -5.948430e-05
 quench: [md:   0/10  scf:   2/100  step time:   1.02  scf time:     3.15 secs  RMS[dV]: 3.77e-03 ]


average potential <V> = -7.40e-16

Diagonalization using scalapack for step=3  count=4


FERMI ENERGY =     -4.94887537 eV
@@ EIGENVALUE SUM     =      -26.622995 Ha
@@ ION_ION            =      -29.161043 Ha
@@ ELECTROSTATIC      =     -113.628055 Ha
@@ VXC                =      -21.998475 Ha
@@ EXC                =      -21.563527 Ha
@@ TOTAL ENERGY       =     -168.977145 Ha
@@ estimated error    =        2.78e-05 Ha
@@ TOTAL MAGNETIZATION    =   2.00000000 Bohr mag/cell
@@ ABSOLUTE MAGNETIZATION =   2.00025502 Bohr mag/cell
Charge normalization constant: 1.000000
Charge density mixing: Linear with a constant of 0.20 

 charge density is NEGATIVE after interpolation, minimum is -7.730396e-05
 minimum charge density with core charge added is -7.730935e-05
 quench: [md:   0/10  scf:   3/100  step time:   1.03  scf time:     4.19 secs  RMS[dV]: 3.55e-03 ]


average potential <V> = -9.58e-16
Davidson incomplete convergence steps = 8

FERMI ENERGY =     -4.96267404 eV
@@ EIGENVALUE SUM     =      -26.630893 Ha
@@ ION_ION            =      -29.161043 Ha
@@ ELECTROSTATIC      =     -113.620626 Ha
@@ VXC                =      -21.998990 Ha
@@ EXC                =      -21.563990 Ha
@@ TOTAL ENERGY       =     -168.977562 Ha
@@ estimated error    =        2.04e-05 Ha
@@ TOTAL MAGNETIZATION    =   2.00000000 Bohr mag/cell
@@ ABSOLUTE MAGNETIZATION =   2.00039762 Bohr mag/cell
Charge normalization constant: 1.000000
Charge density mixing: Pulay

 charge density is NEGATIVE after interpolation, minimum is -9.333945e-05
 minimum charge density with core charge added is -9.334485e-05
 quench: [md:   0/10  scf:   4/100  step time:   1.50  scf time:     5.69 secs  RMS[dV]: 3.19e-03 ]


average potential <V> = 1.98e-15
Davidson converged in 4 steps

FERMI ENERGY =     -4.97525059 eV
@@ EIGENVALUE SUM     =      -26.631166 Ha
@@ ION_ION            =      -29.161043 Ha
@@ ELECTROSTATIC      =     -113.620852 Ha
@@ VXC                =      -22.000825 Ha
@@ EXC                =      -21.565484 Ha
@@ TOTAL ENERGY       =     -168.977719 Ha
@@ estimated error    =        2.54e-05 Ha
@@ TOTAL MAGNETIZATION    =   2.00000000 Bohr mag/cell
@@ ABSOLUTE MAGNETIZATION =   2.00060738 Bohr mag/cell
Charge normalization constant: 1.000000
Charge density mixing: Pulay

 charge density is NEGATIVE after interpolation, minimum is -1.885149e-04
 minimum charge density with core charge added is -1.885108e-04


KOHN SHAM EIGENVALUES [eV] AT K-POINT [  0]:       0.000000      0.000000      0.000000


------------- SPIN UP ---------------

[kpt   0   5   0]   -111.4929 [1.000]   -71.8633 [1.000]   -71.8632 [1.000]   -71.8632 [1.000]    -9.3048 [1.000]
[kpt   0   5   1]    -9.3046 [1.000]    -9.2993 [1.000]    -9.2992 [1.000]    -9.2992 [1.000]    -5.3396 [1.000]
[kpt   0   5   2]    -0.7441 [0.000]    -0.7438 [0.000]    -0.7438 [0.000]     0.0085 [0.000]     1.4028 [0.000]
[kpt   0   5   3]     1.4039 [0.000]     2.6106 [0.000]     2.6127 [0.000]

------------ SPIN DOWN --------------

[kpt   0   5   0]   -109.4748 [1.000]   -69.7636 [1.000]   -69.7635 [1.000]   -69.7635 [1.000]    -7.3368 [0.600]
[kpt   0   5   1]    -7.3366 [0.600]    -7.3316 [0.600]    -7.3316 [0.600]    -7.3315 [0.600]    -4.9753 [1.000]
[kpt   0   5   2]    -0.5767 [0.000]    -0.5763 [0.000]    -0.5759 [0.000]     0.0603 [0.000]     1.4340 [0.000]
[kpt   0   5   3]     1.4352 [0.000]     2.6714 [0.000]     2.6791 [0.000]



Total charge in supercell =      18.00000000
 quench: [md:   0/10  scf:   5/100  step time:   1.12  scf time:     6.80 secs  RMS[dV]: 2.74e-03 ]


average potential <V> = -1.72e-16
Davidson converged in 5 steps

FERMI ENERGY =     -5.03131319 eV
@@ EIGENVALUE SUM     =      -26.643765 Ha
@@ ION_ION            =      -29.161043 Ha
@@ ELECTROSTATIC      =     -113.609914 Ha
@@ VXC                =      -22.007536 Ha
@@ EXC                =      -21.570894 Ha
@@ TOTAL ENERGY       =     -168.978080 Ha
@@ estimated error    =        1.52e-05 Ha
@@ TOTAL MAGNETIZATION    =   2.00000000 Bohr mag/cell
@@ ABSOLUTE MAGNETIZATION =   2.03496218 Bohr mag/cell
Charge normalization constant: 1.000000
Charge density mixing: Pulay

 charge density is NEGATIVE after interpolation, minimum is -2.057829e-04
 minimum charge density with core charge added is -2.057788e-04
 quench: [md:   0/10  scf:   6/100  step time:   1.21  scf time:     8.01 secs  RMS[dV]: 8.27e-03 ]


average potential <V> = -1.17e-15
Davidson converged in 3 steps

FERMI ENERGY =     -5.03658943 eV
@@ EIGENVALUE SUM     =      -26.654651 Ha
@@ ION_ION            =      -29.161043 Ha
@@ ELECTROSTATIC      =     -113.598864 Ha
@@ VXC                =      -22.006405 Ha
@@ EXC                =      -21.569943 Ha
@@ TOTAL ENERGY       =     -168.978096 Ha
@@ estimated error    =        3.50e-06 Ha
@@ TOTAL MAGNETIZATION    =   2.00000000 Bohr mag/cell
@@ ABSOLUTE MAGNETIZATION =   2.03956627 Bohr mag/cell
Charge normalization constant: 1.000000
Charge density mixing: Pulay

 charge density is NEGATIVE after interpolation, minimum is -2.196895e-04
 minimum charge density with core charge added is -2.196854e-04
 quench: [md:   0/10  scf:   7/100  step time:   1.12  scf time:     9.14 secs  RMS[dV]: 2.77e-03 ]


average potential <V> = 6.54e-16
Davidson converged in 4 steps

FERMI ENERGY =     -5.03702104 eV
@@ EIGENVALUE SUM     =      -26.661016 Ha
@@ ION_ION            =      -29.161043 Ha
@@ ELECTROSTATIC      =     -113.592342 Ha
@@ VXC                =      -22.005343 Ha
@@ EXC                =      -21.569049 Ha
@@ TOTAL ENERGY       =     -168.978108 Ha
@@ estimated error    =        5.76e-07 Ha
@@ TOTAL MAGNETIZATION    =   2.00000000 Bohr mag/cell
@@ ABSOLUTE MAGNETIZATION =   2.03989035 Bohr mag/cell
Charge normalization constant: 1.000000
Charge density mixing: Pulay

 charge density is NEGATIVE after interpolation, minimum is -2.418717e-04
 minimum charge density with core charge added is -2.418671e-04
 quench: [md:   0/10  scf:   8/100  step time:   1.16  scf time:    10.30 secs  RMS[dV]: 2.63e-03 ]


average potential <V> = 1.02e-15
Davidson converged in 4 steps

FERMI ENERGY =     -5.03464080 eV
@@ EIGENVALUE SUM     =      -26.646859 Ha
@@ ION_ION            =      -29.161043 Ha
@@ ELECTROSTATIC      =     -113.607002 Ha
@@ VXC                =      -22.007824 Ha
@@ EXC                =      -21.571037 Ha
@@ TOTAL ENERGY       =     -168.978118 Ha
@@ estimated error    =        6.93e-07 Ha
@@ TOTAL MAGNETIZATION    =   2.00000000 Bohr mag/cell
@@ ABSOLUTE MAGNETIZATION =   2.04144629 Bohr mag/cell
Charge normalization constant: 1.000000
Charge density mixing: Pulay

 charge density is NEGATIVE after interpolation, minimum is -2.572276e-04
 minimum charge density with core charge added is -2.572230e-04
 quench: [md:   0/10  scf:   9/100  step time:   1.15  scf time:    11.45 secs  RMS[dV]: 2.66e-03 ]


average potential <V> = -1.86e-16
Davidson converged in 2 steps

FERMI ENERGY =     -5.03619408 eV
@@ EIGENVALUE SUM     =      -26.653428 Ha
@@ ION_ION            =      -29.161043 Ha
@@ ELECTROSTATIC      =     -113.600283 Ha
@@ VXC                =      -22.006907 Ha
@@ EXC                =      -21.570275 Ha
@@ TOTAL ENERGY       =     -168.978123 Ha
@@ estimated error    =        2.82e-06 Ha
@@ TOTAL MAGNETIZATION    =   2.00000000 Bohr mag/cell
@@ ABSOLUTE MAGNETIZATION =   2.04308275 Bohr mag/cell
Charge normalization constant: 1.000000
Charge density mixing: Pulay

 charge density is NEGATIVE after interpolation, minimum is -2.598443e-04
 minimum charge density with core charge added is -2.598397e-04


KOHN SHAM EIGENVALUES [eV] AT K-POINT [  0]:       0.000000      0.000000      0.000000


------------- SPIN UP ---------------

[kpt   0  10   0]   -111.5305 [1.000]   -71.9133 [1.000]   -71.9133 [1.000]   -71.9133 [1.000]    -9.3871 [1.000]
[kpt   0  10   1]    -9.3871 [1.000]    -9.3796 [1.000]    -9.3796 [1.000]    -9.3796 [1.000]    -5.3577 [1.000]
[kpt   0  10   2]    -0.7560 [0.000]    -0.7560 [0.000]    -0.7560 [0.000]    -0.0971 [0.000]     1.3355 [0.000]
[kpt   0  10   3]     1.3355 [0.000]     2.4929 [0.000]     2.4939 [0.000]

------------ SPIN DOWN --------------

[kpt   0  10   0]   -109.4821 [1.000]   -69.7596 [1.000]   -69.7596 [1.000]   -69.7596 [1.000]    -7.3175 [0.600]
[kpt   0  10   1]    -7.3175 [0.600]    -7.3097 [0.600]    -7.3097 [0.600]    -7.3097 [0.600]    -5.0362 [1.000]
[kpt   0  10   2]    -0.6431 [0.000]    -0.6431 [0.000]    -0.6431 [0.000]    -0.0894 [0.000]     1.3128 [0.000]
[kpt   0  10   3]     1.3128 [0.000]     2.5138 [0.000]     2.5156 [0.000]



Total charge in supercell =      18.00000000
 quench: [md:   0/10  scf:  10/100  step time:   1.10  scf time:    12.55 secs  RMS[dV]: 1.94e-03 ]


average potential <V> = -6.44e-16
Davidson converged in 3 steps

FERMI ENERGY =     -5.03768641 eV
@@ EIGENVALUE SUM     =      -26.659281 Ha
@@ ION_ION            =      -29.161043 Ha
@@ ELECTROSTATIC      =     -113.594265 Ha
@@ VXC                =      -22.006051 Ha
@@ EXC                =      -21.569586 Ha
@@ TOTAL ENERGY       =     -168.978124 Ha
@@ estimated error    =        5.18e-07 Ha
@@ TOTAL MAGNETIZATION    =   2.00000000 Bohr mag/cell
@@ ABSOLUTE MAGNETIZATION =   2.04292155 Bohr mag/cell
Charge normalization constant: 1.000000
Charge density mixing: Pulay

 charge density is NEGATIVE after interpolation, minimum is -2.658312e-04
 minimum charge density with core charge added is -2.658266e-04
 quench: [md:   0/10  scf:  11/100  step time:   1.08  scf time:    13.63 secs  RMS[dV]: 3.75e-04 ]


average potential <V> = 3.37e-16
Davidson converged in 3 steps

FERMI ENERGY =     -5.03785650 eV
@@ EIGENVALUE SUM     =      -26.657315 Ha
@@ ION_ION            =      -29.161043 Ha
@@ ELECTROSTATIC      =     -113.596314 Ha
@@ VXC                =      -22.006520 Ha
@@ EXC                =      -21.569974 Ha
@@ TOTAL ENERGY       =     -168.978127 Ha
@@ estimated error    =        8.23e-08 Ha
@@ TOTAL MAGNETIZATION    =   2.00000000 Bohr mag/cell
@@ ABSOLUTE MAGNETIZATION =   2.04271814 Bohr mag/cell
Charge normalization constant: 1.000000
Charge density mixing: Pulay

 charge density is NEGATIVE after interpolation, minimum is -2.667104e-04
 minimum charge density with core charge added is -2.667058e-04
 quench: [md:   0/10  scf:  12/100  step time:   1.17  scf time:    14.80 secs  RMS[dV]: 6.50e-04 ]


average potential <V> = -1.78e-15
Davidson converged in 2 steps

FERMI ENERGY =     -5.03817819 eV
@@ EIGENVALUE SUM     =      -26.658737 Ha
@@ ION_ION            =      -29.161043 Ha
@@ ELECTROSTATIC      =     -113.594852 Ha
@@ VXC                =      -22.006308 Ha
@@ EXC                =      -21.569803 Ha
@@ TOTAL ENERGY       =     -168.978127 Ha
@@ estimated error    =        4.07e-08 Ha
@@ TOTAL MAGNETIZATION    =   2.00000000 Bohr mag/cell
@@ ABSOLUTE MAGNETIZATION =   2.04269740 Bohr mag/cell
Charge normalization constant: 1.000000
Charge density mixing: Pulay

 charge density is NEGATIVE after interpolation, minimum is -2.664771e-04
 minimum charge density with core charge added is -2.664725e-04
 quench: [md:   0/10  scf:  13/100  step time:   1.53  scf time:    16.33 secs  RMS[dV]: 1.87e-04 ]



 Convergence criterion reached: Energy variation (1.65e-09) is lower than threshold (1.00e-08)

potential convergence has been achieved. stopping ...

[   0  14   14       18 ] Quench.cpp: final total energy =    -168.97812703 Ha


KOHN SHAM EIGENVALUES [eV] AT K-POINT [  0]:       0.000000      0.000000      0.000000


------------- SPIN UP ---------------

[kpt   0  14   0]   -111.5401 [1.000]   -71.9225 [1.000]   -71.9225 [1.000]   -71.9225 [1.000]    -9.3948 [1.000]
[kpt   0  14   1]    -9.3948 [1.000]    -9.3873 [1.000]    -9.3873 [1.000]    -9.3872 [1.000]    -5.3605 [1.000]
[kpt   0  14   2]    -0.7577 [0.000]    -0.7577 [0.000]    -0.7577 [0.000]    -0.1000 [0.000]     1.3350 [0.000]
[kpt   0  14   3]     1.3350 [0.000]     2.4896 [0.000]     2.4902 [0.000]

------------ SPIN DOWN --------------

[kpt   0  14   0]   -109.4923 [1.000]   -69.7694 [1.000]   -69.7694 [1.000]   -69.7694 [1.000]    -7.3258 [0.600]
[kpt   0  14   1]    -7.3257 [0.600]    -7.3178 [0.600]    -7.3178 [0.600]    -7.3178 [0.600]    -5.0382 [1.000]
[kpt   0  14   2]    -0.6444 [0.000]    -0.6444 [0.000]    -0.6444 [0.000]    -0.0931 [0.000]     1.3124 [0.000]
[kpt   0  14   3]     1.3124 [0.000]     2.5088 [0.000]     2.5098 [0.000]



Total charge in supercell =      18.00000000
 volume and energy per atom =       580.30177636      -4598.12878675 eV

 Vdd took 0.001255 seconds
WriteRestart: Output file given as /dev/null, no restart data written ...



  IONIC POSITIONS [a0] AND FORCES [Ha/a0]
  Charge analysis using: Voronoi Deformation Density

@ION  Ion  Species       X           Y           Z       Charge       FX          FY         FZ      Movable
@ION    1    Ni      0.0000000   0.0000000   0.0000000   -0.000    0.0000994  -0.0000516   0.0000030  1 1 1

 mean FX      =   0.00009936 Ha/a0
 mean FY      =   0.00005165 Ha/a0
 mean FZ      =   0.00000298 Ha/a0

 max FX       =   0.00009936 Ha/a0   (ion 1)
 max FY       =   0.00005165 Ha/a0   (ion 1)
 max FZ       =   0.00000298 Ha/a0   (ion 1)
 max F[x,y,z] =   0.00009936 Ha/a0
 max |F|      =   0.00011202 Ha/a0   (ion 1)

 sum FX       =   0.00009936 Ha/a0
 sum FY       =  -0.00005165 Ha/a0
 sum FZ       =   0.00000298 Ha/a0
 Average      =   0.00005133 Ha/a0
 sqrt < F^2 > =   0.00006468 Ha/a0

WriteRestart: Output file given as /dev/null, no restart data written ...


--------TIMING INFORMATION FOR Processor owned the most atoms----------------
                                        Total time               Per SCF/step

1-TOTAL                                            19.34                1.38
-----------------------------------------------------------------------------
  1-TOTAL: Init                                     2.11                0.15
  1-TOTAL: run                                     17.23                1.23
  ---------------------------------------------------------------------------
    1-TOTAL: run: Force                             0.89                0.06
    1-TOTAL: run: Scf steps                        16.29                1.16

2-Force                                             0.89                0.06
-----------------------------------------------------------------------------
  2-Force: core correction                          0.18                0.01
  2-Force: corrections                              0.18                0.01
  2-Force: ion-ion                                  0.02                0.00
  2-Force: local                                    0.18                0.01
  2-Force: non-local                                0.31                0.02
  2-Force: non-local-betaxpsi                       0.01                0.00
  2-Force: non-local-get gamma                      0.00                0.00
  2-Force: non-local-nlforce_par_Q                  0.14                0.01
  2-Force: non-local-nlforce_par_gamma              0.00                0.00
  2-Force: non-local-nlforce_par_omega              0.00                0.00
  2-Force: non-local-partial gamma                  0.00                0.00
  2-Force: non-local-veff grad                      0.14                0.01

2-Init                                              2.11                0.15
-----------------------------------------------------------------------------
  2-Init: GetNewRho                                 0.11                0.01
  2-Init: KpointClass                               0.67                0.05
  2-Init: LcaoGetPsi                                0.03                0.00
  2-Init: LcaoGetRho                                0.03                0.00
  2-Init: ReinitIonicPotentials                     0.14                0.01
  2-Init: betaxpsi                                  0.01                0.00
  2-Init: exchange/correlation                      0.50                0.04
  2-Init: hartree                                   0.14                0.01
  2-Init: normalization                             0.00                0.00
  2-Init: radial potentials                         0.21                0.02
  2-Init: subdiag                                   0.03                0.00
  2-Init: weights                                   0.05                0.00

2-Scf steps                                        16.29                1.16
-----------------------------------------------------------------------------
  2-Scf steps: Davidson                             3.45                0.25
  2-Scf steps: GetNewRho                            0.51                0.04
  2-Scf steps: Hartree                              1.85                0.13
  2-Scf steps: MgridSubspace                        1.08                0.08
  2-Scf steps: MixRho                               1.26                0.09
  2-Scf steps: exchange/correlation                 6.59                0.47

3-MgridSubspace                                     1.08                0.08
-----------------------------------------------------------------------------
  3-MgridSubspace: AppNls                           0.02                0.00
  3-MgridSubspace: Beta x psi                       0.14                0.01
  3-MgridSubspace: Diagonalization                  0.17                0.01
  3-MgridSubspace: Mg_eig                           0.75                0.05

3-ReinitIonicPotentials                             0.14                0.01
-----------------------------------------------------------------------------
  3-ReinitIonicPotentials: GetNlop                  0.01                0.00
  3-ReinitIonicPotentials: GetWeight                0.04                0.00
  3-ReinitIonicPotentials: get_QI                   0.00                0.00
  3-ReinitIonicPotentials: get_qqq                  0.00                0.00
  3-ReinitIonicPotentials: init_nuc                 0.09                0.01

4-Diagonalization                                   0.20                0.01
-----------------------------------------------------------------------------
  4-Diagonalization: ELPA/PDSYGVX/PZHEGVX           0.00                0.00
  4-Diagonalization: Hpsi                           0.08                0.01
  4-Diagonalization: MPI_Bcast                      0.00                0.00
  4-Diagonalization: Update orbitals                0.02                0.00
  ---------------------------------------------------------------------------
    4-Diagonalization: Update orbitals: gather           0.00                0.00
    4-Diagonalization: Update orbitals: gemm           0.02                0.00
  4-Diagonalization: matrix                         0.05                0.00
  ---------------------------------------------------------------------------
    4-Diagonalization: matrix: Allreduce            0.02                0.00
    4-Diagonalization: matrix: Gemm                 0.03                0.00

5-Functional                                        7.03                0.50
-----------------------------------------------------------------------------
  5-Functional: apply gradient                      1.15                0.08
  5-Functional: libxc                               4.18                0.30
  5-Functional: vxc                                 6.99                0.50
  5-Functional: vxc grad                            4.51                0.32
  5-Functional: vxc local                           2.42                0.17
  5-Functional: vxc nonlocal                        0.00                0.00

6-Davidson                                          3.45                0.25
-----------------------------------------------------------------------------
  6-Davidson: Betaxpsi                              0.24                0.02
  6-Davidson: apply hamiltonian                     0.66                0.05
  6-Davidson: diagonalization                       0.08                0.01
  6-Davidson: generate residuals                    0.19                0.01
  6-Davidson: matrix setup/reduce                   0.62                0.04
  6-Davidson: normalization                         0.15                0.01
  6-Davidson: precondition                          1.40                0.10
  6-Davidson: refresh h_psi and s_psi               0.01                0.00
  6-Davidson: reset hr,sr,vr                        0.00                0.00
  6-Davidson: rotate orbitals                       0.07                0.00

AppNls                                              0.14                0.01
-----------------------------------------------------------------------------
  AppNls: data_rearrange                            0.00                0.00
  ---------------------------------------------------------------------------
    AppNls: data_rearrange: alloc and zeros           0.00                0.00
    AppNls: data_rearrange: dnm                     0.00                0.00
    AppNls: data_rearrange: sint                    0.00                0.00
  AppNls: nv                                        0.10                0.01
  AppNls: nv_work                                   0.00                0.00

App_gradient                                        1.07                0.08

ApplyAOperator                                      0.07                0.00

CPUFD                                               0.02                0.00

Compute Hpsi                                        0.08                0.01
-----------------------------------------------------------------------------
  Compute Hpsi: AppNls                              0.02                0.00
  Compute Hpsi: Threaded Apply H                    0.07                0.00

GlobalSums                                          0.21                0.01

Init                                                1.44                0.10

Init Voronoi                                        0.03                0.00

Mix rho                                             1.33                0.10
-----------------------------------------------------------------------------
  Mix rho: Linear                                   0.35                0.02
  Mix rho: Pulay                                    0.91                0.07

Orbital                                             0.02                0.00
-----------------------------------------------------------------------------
  Orbital: phase and set                            0.02                0.00
  Orbital: proj cal                                 0.02                0.00
  Trade images: trade_images                        0.00                0.00
  Trade images: trade_imagesx                       0.48                0.03

VhPfft                                              1.83                0.13

Weight                                              0.03                0.00

radial beta                                         0.13                0.01


------------------------- TIMING INFORMATION FOR THREADS  -------------------

                                           Min            Max            Avg
ApplyAOperator                             0.87           0.87           0.87
-----------------------------------------------------------------------------

CPUFD                                      0.35           0.35           0.35
-----------------------------------------------------------------------------

GlobalSums                                 0.37           0.37           0.37
-----------------------------------------------------------------------------

Mg_eig                                     0.71           0.71           0.71
-----------------------------------------------------------------------------
  Mg_eig: apply hamiltonian                0.37           0.37           0.37
  Mg_eig: mgrid_solv                       0.17           0.17           0.17
  Trade images: trade_images               0.71           0.71           0.71
  Trade images: trade_imagesx              0.56           0.56           0.56
