RMG initialization ... 1 image(s) total, 1 per node. 16 MPI processes/image. Thread level 2.
FFT-FD  0.000000e+00   2.144512e-06
FFT-FD  1.000000e+00   -5.563139e-06
IP=0 M = -7.707651e-06  2.782316e-01  2.144512e-06
FFT-FD  0.000000e+00   1.076084e-05
FFT-FD  1.000000e+00   -4.346314e-05
IP=1 M = -5.422399e-05  1.984517e-01  1.076084e-05
FFT-FD  0.000000e+00   1.076084e-05
FFT-FD  1.000000e+00   -4.346314e-05
IP=2 M = -5.422399e-05  1.984517e-01  1.076084e-05
FFT-FD  0.000000e+00   1.076084e-05
FFT-FD  1.000000e+00   -4.346314e-05
IP=3 M = -5.422399e-05  1.984517e-01  1.076084e-05
FFT-FD  0.000000e+00   1.841385e-05
FFT-FD  1.000000e+00   -7.673943e-05
IP=4 M = -9.515329e-05  1.935178e-01  1.841385e-05
FFT-FD  0.000000e+00   1.841385e-05
FFT-FD  1.000000e+00   -7.673943e-05
IP=5 M = -9.515329e-05  1.935178e-01  1.841385e-05
FFT-FD  0.000000e+00   5.648776e-05
FFT-FD  1.000000e+00   -1.865921e-04
IP=6 M = -2.430799e-04  2.323835e-01  5.648776e-05
FFT-FD  0.000000e+00   1.841385e-05
FFT-FD  1.000000e+00   -7.673943e-05
IP=7 M = -9.515329e-05  1.935178e-01  1.841385e-05
FFT-FD  0.000000e+00   5.648776e-05
FFT-FD  1.000000e+00   -1.865921e-04
IP=8 M = -2.430799e-04  2.323835e-01  5.648776e-05
FFT-FD  0.000000e+00   4.310155e-06
FFT-FD  1.000000e+00   1.223946e-06
IP=9 M = -3.086208e-06  1.396586e+00  4.310155e-06
NEWCFAC = 0.219134  0.219134


                     * * * * * * * * * *
                     *    R   M   G    *
                     * * * * * * * * * *

     -- A Real Space Multigrid Electronic structure code --
     --      More information at www.rmgdft.org          --

Code Revision:     5.0.0_beta1_111_gca5c3507
Build Date:        Feb 22 2023  21:48:37
Start time:        Sun Feb 26 20:54:33 2023

NOTICE: RMG internal pseudopotentials have switched to
ONCVP from Ultrasoft. You can revert to Ultrasoft by
adding the input tag internal_pseudo_type="ultrasoft" to
your input files.


Files
   Control input file:        input6
   Data output file:          /dev/null

Run Setup
    Calculation type:         Quench electrons - Fixed ions SCF calculation
    Description:              Ni atom test cell
    Orbital Initialization:   LCAO (10 LCAO and 0 random orbitals)
    Exchange Correlation:     pbe
    Spin Polarization:        ON
    System charge:            Neutral

Processor Topology
   Total PEs:                 8
   X direction:               2
   Y direction:               2
   Z direction:               2
   MG Threads/PE:             1
   OMP Threads/PE:            1

Grid Points  (Linear Anisotropy: 1.000)
    X:  Total: 96   Per PE: 48   Spacing:0.164 a0  
    Y:  Total: 96   Per PE: 48   Spacing:0.164 a0  
    Z:  Total: 96   Per PE: 48   Spacing:0.164 a0  

    Equivalent energy cutoffs (psi,rho):   366.107   1464.430 Ry

    Charge density grid:         2 times finer

Coordinate planes
  Planar Anisotropy: 1.000
  A0-A1 density:    37.094
  A0-A2 density:    37.094
  A1-A2 density:    37.094


Lattice (Cell) Setup
    Type:                       Cubic_primitive
    Volume (a0^3):               3916.07
    Boundary conditions:        Periodic

    X Basis Vector:      15.762       0.000       0.000 a0
    Y Basis Vector:       0.000      15.762       0.000 a0
    Z Basis Vector:       0.000       0.000      15.762 a0
    X Reci Vector:       0.063      -0.000       0.000 a0
    Y Reci Vector:       0.000       0.063       0.000 a0
    Z Reci Vector:       0.000      -0.000       0.063 a0

K-points
    Gamma Point Only (real orbitals)

Atoms and States
    Number of ions:                          1
    Number of species:                       1
    Number of spin up states:                18
    Number of spin down states:              18

Run Parameters
    SCF Convergence criterion (potential):   1.00e-08
    SCF Convergence criterion (energy):      1.00e-08
    Max SCF steps:                           100

SCF Cycle Settings
    Charge density mixing:                   Pulay  (Order:5 Scale:0.20 Refresh:100)
    Hartree Solver:                          PFFT
    Interpolation type:                      FFT

Subspace Diagonalization Options
    Frequency:                               every 1 SCF step(s)
    Driver:                                  ScaLapack
    Initial diagonalization:                 ON
    Folded spectrum:                         OFF

Filtering Cutoff  Parameters
    Wavefunction grid (cparm):               0.800
    Charge density grid (rhocparm):          1.000
    Filter factor:                           1.000

Multigrid (MG) Parameters
    Psi MG levels:                           3
    Psi global step:                         0.660 
    Psi pre:                                 2
    Psi post:                                2

Davidson Parameters
    Davidson multiplier:                     4
    Davidson max step:                       8
    Davidson unocc tol factor:               1000.000

Blas Libraries
    CPU support with openblas-parallel.


Atomic Species Information
(PP = Pseudopotential, US = Ultrasoft, NC = Norm Conserving)
-------------------------------------------------------------------------
|Index|Symbol| Mass|Valence| PP |  Comp  |Local| Local|Nlocal|    PP    |
|     |      |     |       |Type|Gaussian|  l  |Radius|Radius|Functional|
-------------------------------------------------------------------------
|    1|    Ni| 58.0|  18.00|  NC|    0.66|   -1| 10.00|  7.00|       PBE|
-------------------------------------------------------------------------

Pseudopotential generation information:
  Ni pseudopotential file: ./@Internal
      Generation info     : Generated using ONCVPSP code by D. R. Hamann
      Author info         : anonymous


Memory usage (Mbytes):     Min        Max       Total
    wave functions         63.70      63.70    1019.23
    beta-functions         31.85      31.85     254.82



Initial Ionic Positions And Displacements (Bohr)
Species      X           Y           Z           dX          dY          dZ
  Ni       0.0000      0.0000      0.0000      0.0000      0.0000      0.0000


Initial Ionic Positions And Displacements (Angstrom)
Species      X           Y           Z           dX          dY          dZ
  Ni       0.0000      0.0000      0.0000      0.0000      0.0000      0.0000

Diagonalization using scalapack for step=0  count=0



KOHN SHAM EIGENVALUES [eV] AT K-POINT [  0]:       0.000000      0.000000      0.000000


------------- SPIN UP ---------------

[kpt   0  -1   0]   -111.4084 [1.000]   -71.7522 [1.000]   -71.7522 [1.000]   -71.7522 [1.000]    -9.1198 [1.000]
[kpt   0  -1   1]    -9.1198 [1.000]    -9.1196 [1.000]    -9.1196 [1.000]    -9.1196 [1.000]    -5.2936 [1.000]
[kpt   0  -1   2]   1078.5137 [0.000]   2184.6261 [0.000]   2258.0122 [0.000]   2318.4444 [0.000]   2441.5300 [0.000]
[kpt   0  -1   3]   2519.4475 [0.000]   2576.5803 [0.000]   2589.1063 [0.000]

------------ SPIN DOWN --------------

[kpt   0  -1   0]   -109.3404 [1.000]   -69.6609 [1.000]   -69.6609 [1.000]   -69.6609 [1.000]    -7.3077 [0.600]
[kpt   0  -1   1]    -7.3077 [0.600]    -7.3075 [0.600]    -7.3075 [0.600]    -7.3075 [0.600]    -4.8677 [1.000]
[kpt   0  -1   2]   1078.5708 [0.000]   2184.6859 [0.000]   2258.0687 [0.000]   2318.4996 [0.000]   2441.5877 [0.000]
[kpt   0  -1   3]   2519.5025 [0.000]   2576.6389 [0.000]   2589.1640 [0.000]


Charge normalization constant: 1.000000
Charge density mixing: Linear with a constant of 0.20 

 charge density is NEGATIVE after interpolation, minimum is -2.340015e-07
 minimum charge density with core charge added is -2.356070e-07

Diagonalization using scalapack for step=0  count=1


FERMI ENERGY =     -4.89309617 eV
@@ EIGENVALUE SUM     =      -26.574771 Ha
@@ ION_ION            =      -29.161043 Ha
@@ ELECTROSTATIC      =     -113.675028 Ha
@@ VXC                =      -22.000171 Ha
@@ EXC                =      -21.564513 Ha
@@ TOTAL ENERGY       =     -168.975185 Ha
@@ estimated error    =   ****************
@@ TOTAL MAGNETIZATION    =   2.00000000 Bohr mag/cell
@@ ABSOLUTE MAGNETIZATION =   2.00000000 Bohr mag/cell
Charge normalization constant: 1.000000
Charge density mixing: Linear with a constant of 0.20 

 charge density is NEGATIVE after interpolation, minimum is -4.864993e-07
 minimum charge density with core charge added is -4.895802e-07
WriteRestart: Output file given as /dev/null, no restart data written ...


KOHN SHAM EIGENVALUES [eV] AT K-POINT [  0]:       0.000000      0.000000      0.000000


------------- SPIN UP ---------------

[kpt   0   0   0]   -111.4221 [1.000]   -71.7727 [1.000]   -71.7727 [1.000]   -71.7727 [1.000]    -9.1583 [1.000]
[kpt   0   0   1]    -9.1583 [1.000]    -9.1580 [1.000]    -9.1580 [1.000]    -9.1580 [1.000]    -5.3068 [1.000]
[kpt   0   0   2]     1.0366 [0.000]    13.0119 [0.000]    18.0657 [0.000]    20.9085 [0.000]    25.9718 [0.000]
[kpt   0   0   3]    33.8330 [0.000]    42.5969 [0.000]    47.4873 [0.000]

------------ SPIN DOWN --------------

[kpt   0   0   0]   -109.3816 [1.000]   -69.6934 [1.000]   -69.6934 [1.000]   -69.6934 [1.000]    -7.3148 [0.600]
[kpt   0   0   1]    -7.3148 [0.600]    -7.3145 [0.600]    -7.3145 [0.600]    -7.3145 [0.600]    -4.8931 [1.000]
[kpt   0   0   2]     1.0950 [0.000]    13.0685 [0.000]    18.1140 [0.000]    20.9672 [0.000]    26.0134 [0.000]
[kpt   0   0   3]    33.8815 [0.000]    42.6549 [0.000]    47.5476 [0.000]



Total charge in supercell =      18.00000000
 quench: [md:   0/10  scf:   0/100  step time:   2.88  scf time:     2.97 secs  RMS[dV]: 2.04e-03 ]


average potential <V> = -9.21e-16

Diagonalization using scalapack for step=1  count=2


FERMI ENERGY =     -4.91444369 eV
@@ EIGENVALUE SUM     =      -26.595532 Ha
@@ ION_ION            =      -29.161043 Ha
@@ ELECTROSTATIC      =     -113.654749 Ha
@@ VXC                =      -21.998843 Ha
@@ EXC                =      -21.563637 Ha
@@ TOTAL ENERGY       =     -168.976119 Ha
@@ estimated error    =        4.71e-05 Ha
@@ TOTAL MAGNETIZATION    =   2.00000000 Bohr mag/cell
@@ ABSOLUTE MAGNETIZATION =   2.00000000 Bohr mag/cell
Charge normalization constant: 1.000000
Charge density mixing: Linear with a constant of 0.20 

 charge density is NEGATIVE after interpolation, minimum is -6.763140e-07
 minimum charge density with core charge added is -6.780050e-07
 quench: [md:   0/10  scf:   1/100  step time:   2.79  scf time:     5.75 secs  RMS[dV]: 1.83e-03 ]


average potential <V> = -1.21e-15

Diagonalization using scalapack for step=2  count=3


FERMI ENERGY =     -4.93341553 eV
@@ EIGENVALUE SUM     =      -26.612866 Ha
@@ ION_ION            =      -29.161043 Ha
@@ ELECTROSTATIC      =     -113.637722 Ha
@@ VXC                =      -21.998091 Ha
@@ EXC                =      -21.563158 Ha
@@ TOTAL ENERGY       =     -168.976698 Ha
@@ estimated error    =        3.96e-05 Ha
@@ TOTAL MAGNETIZATION    =   2.00000000 Bohr mag/cell
@@ ABSOLUTE MAGNETIZATION =   2.00000000 Bohr mag/cell
Charge normalization constant: 1.000000
Charge density mixing: Linear with a constant of 0.20 

 charge density is NEGATIVE after interpolation, minimum is -8.000506e-07
 minimum charge density with core charge added is -8.111529e-07
 quench: [md:   0/10  scf:   2/100  step time:   2.80  scf time:     8.55 secs  RMS[dV]: 1.57e-03 ]


average potential <V> = -2.73e-15

Diagonalization using scalapack for step=3  count=4


FERMI ENERGY =     -4.94943412 eV
@@ EIGENVALUE SUM     =      -26.625200 Ha
@@ ION_ION            =      -29.161043 Ha
@@ ELECTROSTATIC      =     -113.625665 Ha
@@ VXC                =      -21.997976 Ha
@@ EXC                =      -21.563148 Ha
@@ TOTAL ENERGY       =     -168.977080 Ha
@@ estimated error    =        2.77e-05 Ha
@@ TOTAL MAGNETIZATION    =   2.00000000 Bohr mag/cell
@@ ABSOLUTE MAGNETIZATION =   2.00000000 Bohr mag/cell
Charge normalization constant: 1.000000
Charge density mixing: Linear with a constant of 0.20 

 charge density is NEGATIVE after interpolation, minimum is -8.809561e-07
 minimum charge density with core charge added is -8.902165e-07
 quench: [md:   0/10  scf:   3/100  step time:   2.83  scf time:    11.38 secs  RMS[dV]: 1.37e-03 ]


average potential <V> = -2.14e-15
Davidson incomplete convergence steps = 8

FERMI ENERGY =     -4.96307744 eV
@@ EIGENVALUE SUM     =      -26.633341 Ha
@@ ION_ION            =      -29.161043 Ha
@@ ELECTROSTATIC      =     -113.617950 Ha
@@ VXC                =      -21.998356 Ha
@@ EXC                =      -21.563508 Ha
@@ TOTAL ENERGY       =     -168.977487 Ha
@@ estimated error    =        1.96e-05 Ha
@@ TOTAL MAGNETIZATION    =   2.00000000 Bohr mag/cell
@@ ABSOLUTE MAGNETIZATION =   2.00000000 Bohr mag/cell
Charge normalization constant: 1.000000
Charge density mixing: Pulay

 charge density is NEGATIVE after interpolation, minimum is -9.493164e-07
 minimum charge density with core charge added is -9.531536e-07
 quench: [md:   0/10  scf:   4/100  step time:   3.56  scf time:    14.94 secs  RMS[dV]: 1.22e-03 ]


average potential <V> = 1.81e-15
Davidson converged in 7 steps

FERMI ENERGY =     -4.97512505 eV
@@ EIGENVALUE SUM     =      -26.632643 Ha
@@ ION_ION            =      -29.161043 Ha
@@ ELECTROSTATIC      =     -113.619123 Ha
@@ VXC                =      -22.000210 Ha
@@ EXC                =      -21.565023 Ha
@@ TOTAL ENERGY       =     -168.977622 Ha
@@ estimated error    =        2.37e-05 Ha
@@ TOTAL MAGNETIZATION    =   2.00000000 Bohr mag/cell
@@ ABSOLUTE MAGNETIZATION =   2.00001353 Bohr mag/cell
Charge normalization constant: 1.000000
Charge density mixing: Pulay

 charge density is NEGATIVE after interpolation, minimum is -1.217283e-06
 minimum charge density with core charge added is -1.227617e-06


KOHN SHAM EIGENVALUES [eV] AT K-POINT [  0]:       0.000000      0.000000      0.000000


------------- SPIN UP ---------------

[kpt   0   5   0]   -111.4958 [1.000]   -71.8667 [1.000]   -71.8667 [1.000]   -71.8666 [1.000]    -9.3029 [1.000]
[kpt   0   5   1]    -9.3028 [1.000]    -9.3025 [1.000]    -9.3025 [1.000]    -9.3025 [1.000]    -5.3394 [1.000]
[kpt   0   5   2]    -0.7399 [0.000]    -0.7399 [0.000]    -0.7398 [0.000]     0.0089 [0.000]     1.4076 [0.000]
[kpt   0   5   3]     1.4088 [0.000]     2.6115 [0.000]     2.6179 [0.000]

------------ SPIN DOWN --------------

[kpt   0   5   0]   -109.4786 [1.000]   -69.7679 [1.000]   -69.7679 [1.000]   -69.7679 [1.000]    -7.3352 [0.600]
[kpt   0   5   1]    -7.3351 [0.600]    -7.3351 [0.600]    -7.3351 [0.600]    -7.3350 [0.600]    -4.9751 [1.000]
[kpt   0   5   2]    -0.5753 [0.000]    -0.5752 [0.000]    -0.5750 [0.000]     0.0592 [0.000]     1.4337 [0.000]
[kpt   0   5   3]     1.4347 [0.000]     2.6692 [0.000]     2.6845 [0.000]



Total charge in supercell =      18.00000000
 quench: [md:   0/10  scf:   5/100  step time:   2.77  scf time:    17.71 secs  RMS[dV]: 1.05e-03 ]


average potential <V> = -2.16e-15
Davidson converged in 4 steps

FERMI ENERGY =     -5.02879800 eV
@@ EIGENVALUE SUM     =      -26.641366 Ha
@@ ION_ION            =      -29.161043 Ha
@@ ELECTROSTATIC      =     -113.611912 Ha
@@ VXC                =      -22.006761 Ha
@@ EXC                =      -21.570336 Ha
@@ TOTAL ENERGY       =     -168.977896 Ha
@@ estimated error    =        1.35e-05 Ha
@@ TOTAL MAGNETIZATION    =   2.00000000 Bohr mag/cell
@@ ABSOLUTE MAGNETIZATION =   2.03399522 Bohr mag/cell
Charge normalization constant: 1.000000
Charge density mixing: Pulay

 charge density is NEGATIVE after interpolation, minimum is -1.058072e-06
 minimum charge density with core charge added is -1.067348e-06
 quench: [md:   0/10  scf:   6/100  step time:   2.90  scf time:    20.61 secs  RMS[dV]: 3.11e-03 ]


average potential <V> = -2.09e-15
Davidson converged in 2 steps

FERMI ENERGY =     -5.03366936 eV
@@ EIGENVALUE SUM     =      -26.652270 Ha
@@ ION_ION            =      -29.161043 Ha
@@ ELECTROSTATIC      =     -113.600772 Ha
@@ VXC                =      -22.005438 Ha
@@ EXC                =      -21.569250 Ha
@@ TOTAL ENERGY       =     -168.977897 Ha
@@ estimated error    =        4.64e-06 Ha
@@ TOTAL MAGNETIZATION    =   2.00000000 Bohr mag/cell
@@ ABSOLUTE MAGNETIZATION =   2.03850099 Bohr mag/cell
Charge normalization constant: 1.000000
Charge density mixing: Pulay

 charge density is NEGATIVE after interpolation, minimum is -8.078443e-07
 minimum charge density with core charge added is -8.154944e-07
 quench: [md:   0/10  scf:   7/100  step time:   2.71  scf time:    23.33 secs  RMS[dV]: 1.52e-03 ]


average potential <V> = 1.61e-15
Davidson converged in 3 steps

FERMI ENERGY =     -5.03429082 eV
@@ EIGENVALUE SUM     =      -26.659597 Ha
@@ ION_ION            =      -29.161043 Ha
@@ ELECTROSTATIC      =     -113.593215 Ha
@@ VXC                =      -22.004115 Ha
@@ EXC                =      -21.568158 Ha
@@ TOTAL ENERGY       =     -168.977899 Ha
@@ estimated error    =        9.34e-07 Ha
@@ TOTAL MAGNETIZATION    =   2.00000000 Bohr mag/cell
@@ ABSOLUTE MAGNETIZATION =   2.03935189 Bohr mag/cell
Charge normalization constant: 1.000000
Charge density mixing: Pulay

 charge density is NEGATIVE after interpolation, minimum is -7.053982e-07
 minimum charge density with core charge added is -7.131139e-07
 quench: [md:   0/10  scf:   8/100  step time:   2.88  scf time:    26.21 secs  RMS[dV]: 1.67e-03 ]


average potential <V> = 5.50e-15
Davidson converged in 3 steps

FERMI ENERGY =     -5.03209461 eV
@@ EIGENVALUE SUM     =      -26.650088 Ha
@@ ION_ION            =      -29.161043 Ha
@@ ELECTROSTATIC      =     -113.603004 Ha
@@ VXC                =      -22.005592 Ha
@@ EXC                =      -21.569357 Ha
@@ TOTAL ENERGY       =     -168.977899 Ha
@@ estimated error    =        6.57e-07 Ha
@@ TOTAL MAGNETIZATION    =   2.00000000 Bohr mag/cell
@@ ABSOLUTE MAGNETIZATION =   2.03930749 Bohr mag/cell
Charge normalization constant: 1.000000
Charge density mixing: Pulay

 charge density is NEGATIVE after interpolation, minimum is -3.284954e-07
 minimum charge density with core charge added is -3.344098e-07
 quench: [md:   0/10  scf:   9/100  step time:   2.83  scf time:    29.04 secs  RMS[dV]: 6.47e-04 ]


average potential <V> = -2.71e-15
Davidson converged in 3 steps

FERMI ENERGY =     -5.03298329 eV
@@ EIGENVALUE SUM     =      -26.656092 Ha
@@ ION_ION            =      -29.161043 Ha
@@ ELECTROSTATIC      =     -113.596819 Ha
@@ VXC                =      -22.004575 Ha
@@ EXC                =      -21.568521 Ha
@@ TOTAL ENERGY       =     -168.977900 Ha
@@ estimated error    =        6.78e-07 Ha
@@ TOTAL MAGNETIZATION    =   2.00000000 Bohr mag/cell
@@ ABSOLUTE MAGNETIZATION =   2.04167741 Bohr mag/cell
Charge normalization constant: 1.000000
Charge density mixing: Pulay

 charge density is NEGATIVE after interpolation, minimum is -2.366395e-07
 minimum charge density with core charge added is -2.426410e-07


KOHN SHAM EIGENVALUES [eV] AT K-POINT [  0]:       0.000000      0.000000      0.000000


------------- SPIN UP ---------------

[kpt   0  10   0]   -111.5382 [1.000]   -71.9214 [1.000]   -71.9214 [1.000]   -71.9214 [1.000]    -9.3848 [1.000]
[kpt   0  10   1]    -9.3848 [1.000]    -9.3845 [1.000]    -9.3845 [1.000]    -9.3845 [1.000]    -5.3507 [1.000]
[kpt   0  10   2]    -0.7429 [0.000]    -0.7429 [0.000]    -0.7429 [0.000]    -0.0888 [0.000]     1.3475 [0.000]
[kpt   0  10   3]     1.3475 [0.000]     2.5031 [0.000]     2.5041 [0.000]

------------ SPIN DOWN --------------

[kpt   0  10   0]   -109.4904 [1.000]   -69.7683 [1.000]   -69.7683 [1.000]   -69.7683 [1.000]    -7.3151 [0.600]
[kpt   0  10   1]    -7.3151 [0.600]    -7.3148 [0.600]    -7.3148 [0.600]    -7.3148 [0.600]    -5.0330 [1.000]
[kpt   0  10   2]    -0.6364 [0.000]    -0.6364 [0.000]    -0.6364 [0.000]    -0.0786 [0.000]     1.3219 [0.000]
[kpt   0  10   3]     1.3219 [0.000]     2.5244 [0.000]     2.5313 [0.000]



Total charge in supercell =      18.00000000
 quench: [md:   0/10  scf:  10/100  step time:   2.89  scf time:    31.93 secs  RMS[dV]: 2.15e-03 ]


average potential <V> = 1.97e-15
Davidson converged in 3 steps

FERMI ENERGY =     -5.03295844 eV
@@ EIGENVALUE SUM     =      -26.655427 Ha
@@ ION_ION            =      -29.161043 Ha
@@ ELECTROSTATIC      =     -113.597507 Ha
@@ VXC                =      -22.004706 Ha
@@ EXC                =      -21.568629 Ha
@@ TOTAL ENERGY       =     -168.977900 Ha
@@ estimated error    =        5.51e-08 Ha
@@ TOTAL MAGNETIZATION    =   2.00000000 Bohr mag/cell
@@ ABSOLUTE MAGNETIZATION =   2.04190360 Bohr mag/cell
Charge normalization constant: 1.000000
Charge density mixing: Pulay

 charge density is NEGATIVE after interpolation, minimum is -1.606281e-07
 minimum charge density with core charge added is -1.668530e-07
 quench: [md:   0/10  scf:  11/100  step time:   2.88  scf time:    34.81 secs  RMS[dV]: 5.58e-04 ]


average potential <V> = -5.10e-15
Davidson converged in 3 steps

FERMI ENERGY =     -5.03306023 eV
@@ EIGENVALUE SUM     =      -26.655095 Ha
@@ ION_ION            =      -29.161043 Ha
@@ ELECTROSTATIC      =     -113.597852 Ha
@@ VXC                =      -22.004794 Ha
@@ EXC                =      -21.568705 Ha
@@ TOTAL ENERGY       =     -168.977900 Ha
@@ estimated error    =        1.41e-08 Ha
@@ TOTAL MAGNETIZATION    =   2.00000000 Bohr mag/cell
@@ ABSOLUTE MAGNETIZATION =   2.04194956 Bohr mag/cell
Charge normalization constant: 1.000000
Charge density mixing: Pulay

 charge density is NEGATIVE after interpolation, minimum is -9.165511e-08
 minimum charge density with core charge added is -9.807466e-08
 quench: [md:   0/10  scf:  12/100  step time:   4.19  scf time:    39.00 secs  RMS[dV]: 4.54e-04 ]



 Convergence criterion reached: Energy variation (2.30e-09) is lower than threshold (1.00e-08)

potential convergence has been achieved. stopping ...

[   0  13   13       44 ] Quench.cpp: final total energy =    -168.97789984 Ha


KOHN SHAM EIGENVALUES [eV] AT K-POINT [  0]:       0.000000      0.000000      0.000000


------------- SPIN UP ---------------

[kpt   0  13   0]   -111.5358 [1.000]   -71.9193 [1.000]   -71.9193 [1.000]   -71.9193 [1.000]    -9.3835 [1.000]
[kpt   0  13   1]    -9.3835 [1.000]    -9.3833 [1.000]    -9.3833 [1.000]    -9.3833 [1.000]    -5.3511 [1.000]
[kpt   0  13   2]    -0.7433 [0.000]    -0.7433 [0.000]    -0.7433 [0.000]    -0.0940 [0.000]     1.3464 [0.000]
[kpt   0  13   3]     1.3464 [0.000]     2.4974 [0.000]     2.4976 [0.000]

------------ SPIN DOWN --------------

[kpt   0  13   0]   -109.4880 [1.000]   -69.7662 [1.000]   -69.7662 [1.000]   -69.7662 [1.000]    -7.3138 [0.600]
[kpt   0  13   1]    -7.3138 [0.600]    -7.3135 [0.600]    -7.3135 [0.600]    -7.3135 [0.600]    -5.0331 [1.000]
[kpt   0  13   2]    -0.6368 [0.000]    -0.6368 [0.000]    -0.6368 [0.000]    -0.0855 [0.000]     1.3197 [0.000]
[kpt   0  13   3]     1.3197 [0.000]     2.5169 [0.000]     2.5209 [0.000]



Total charge in supercell =      18.00000000
 volume and energy per atom =       580.30177636      -4598.12260452 eV

 Vdd took 0.002951 seconds
WriteRestart: Output file given as /dev/null, no restart data written ...



  IONIC POSITIONS [a0] AND FORCES [Ha/a0]
  Charge analysis using: Voronoi Deformation Density

@ION  Ion  Species       X           Y           Z       Charge       FX          FY         FZ      Movable
@ION    1    Ni      0.0000000   0.0000000   0.0000000   -0.000   -0.0000031  -0.0000044   0.0000013  1 1 1

 mean FX      =   0.00000312 Ha/a0
 mean FY      =   0.00000442 Ha/a0
 mean FZ      =   0.00000131 Ha/a0

 max FX       =   0.00000312 Ha/a0   (ion 1)
 max FY       =   0.00000442 Ha/a0   (ion 1)
 max FZ       =   0.00000131 Ha/a0   (ion 1)
 max F[x,y,z] =   0.00000442 Ha/a0
 max |F|      =   0.00000557 Ha/a0   (ion 1)

 sum FX       =  -0.00000312 Ha/a0
 sum FY       =  -0.00000442 Ha/a0
 sum FZ       =   0.00000131 Ha/a0
 Average      =   0.00000295 Ha/a0
 sqrt < F^2 > =   0.00000321 Ha/a0

WriteRestart: Output file given as /dev/null, no restart data written ...


--------TIMING INFORMATION FOR Processor owned the most atoms----------------
                                        Total time               Per SCF/step

1-TOTAL                                            46.67                3.59
-----------------------------------------------------------------------------
  1-TOTAL: Init                                     4.54                0.35
  1-TOTAL: run                                     42.13                3.24
  ---------------------------------------------------------------------------
    1-TOTAL: run: Force                             3.11                0.24
    1-TOTAL: run: Scf steps                        38.91                2.99

2-Force                                             3.11                0.24
-----------------------------------------------------------------------------
  2-Force: core correction                          0.63                0.05
  2-Force: corrections                              0.60                0.05
  2-Force: ion-ion                                  0.06                0.00
  2-Force: local                                    0.68                0.05
  2-Force: non-local                                1.10                0.08
  2-Force: non-local-betaxpsi                       0.02                0.00
  2-Force: non-local-get gamma                      0.00                0.00
  2-Force: non-local-nlforce_par_Q                  0.56                0.04
  2-Force: non-local-nlforce_par_gamma              0.00                0.00
  2-Force: non-local-nlforce_par_omega              0.00                0.00
  2-Force: non-local-partial gamma                  0.00                0.00
  2-Force: non-local-veff grad                      0.55                0.04

2-Init                                              4.54                0.35
-----------------------------------------------------------------------------
  2-Init: GetNewRho                                 0.38                0.03
  2-Init: KpointClass                               0.61                0.05
  2-Init: LcaoGetPsi                                0.10                0.01
  2-Init: LcaoGetRho                                0.07                0.01
  2-Init: ReinitIonicPotentials                     0.48                0.04
  2-Init: betaxpsi                                  0.01                0.00
  2-Init: exchange/correlation                      1.30                0.10
  2-Init: hartree                                   0.54                0.04
  2-Init: normalization                             0.00                0.00
  2-Init: radial potentials                         0.21                0.02
  2-Init: subdiag                                   0.10                0.01
  2-Init: weights                                   0.12                0.01

2-Scf steps                                        38.91                2.99
-----------------------------------------------------------------------------
  2-Scf steps: Davidson                             5.26                0.40
  2-Scf steps: GetNewRho                            1.34                0.10
  2-Scf steps: Hartree                              6.65                0.51
  2-Scf steps: MgridSubspace                        2.43                0.19
  2-Scf steps: MixRho                               4.37                0.34
  2-Scf steps: exchange/correlation                14.33                1.10

3-MgridSubspace                                     2.43                0.19
-----------------------------------------------------------------------------
  3-MgridSubspace: AppNls                           0.09                0.01
  3-MgridSubspace: Beta x psi                       0.20                0.02
  3-MgridSubspace: Diagonalization                  0.38                0.03
  3-MgridSubspace: Mg_eig                           1.76                0.14

3-ReinitIonicPotentials                             0.48                0.04
-----------------------------------------------------------------------------
  3-ReinitIonicPotentials: GetNlop                  0.02                0.00
  3-ReinitIonicPotentials: GetWeight                0.16                0.01
  3-ReinitIonicPotentials: get_QI                   0.00                0.00
  3-ReinitIonicPotentials: get_qqq                  0.00                0.00
  3-ReinitIonicPotentials: init_nuc                 0.30                0.02

4-Diagonalization                                   0.48                0.04
-----------------------------------------------------------------------------
  4-Diagonalization: ELPA/PDSYGVX/PZHEGVX           0.01                0.00
  4-Diagonalization: Hpsi                           0.26                0.02
  4-Diagonalization: MPI_Bcast                      0.00                0.00
  4-Diagonalization: Update orbitals                0.06                0.00
  ---------------------------------------------------------------------------
    4-Diagonalization: Update orbitals: gather           0.00                0.00
    4-Diagonalization: Update orbitals: gemm           0.04                0.00
  4-Diagonalization: matrix                         0.14                0.01
  ---------------------------------------------------------------------------
    4-Diagonalization: matrix: Allreduce            0.09                0.01
    4-Diagonalization: matrix: Gemm                 0.06                0.00

5-Functional                                       15.34                1.18
-----------------------------------------------------------------------------
  5-Functional: apply gradient                      2.49                0.19
  5-Functional: libxc                               9.15                0.70
  5-Functional: vxc                                15.25                1.17
  5-Functional: vxc grad                            9.85                0.76
  5-Functional: vxc local                           5.27                0.41
  5-Functional: vxc nonlocal                        0.00                0.00

6-Davidson                                          5.26                0.40
-----------------------------------------------------------------------------
  6-Davidson: Betaxpsi                              0.34                0.03
  6-Davidson: apply hamiltonian                     1.35                0.10
  6-Davidson: diagonalization                       0.07                0.01
  6-Davidson: generate residuals                    0.52                0.04
  6-Davidson: matrix setup/reduce                   0.97                0.07
  6-Davidson: normalization                         0.15                0.01
  6-Davidson: precondition                          1.65                0.13
  6-Davidson: refresh h_psi and s_psi               0.03                0.00
  6-Davidson: reset hr,sr,vr                        0.00                0.00
  6-Davidson: rotate orbitals                       0.17                0.01

AppNls                                              0.45                0.03
-----------------------------------------------------------------------------
  AppNls: data_rearrange                            0.00                0.00
  ---------------------------------------------------------------------------
    AppNls: data_rearrange: alloc and zeros           0.00                0.00
    AppNls: data_rearrange: dnm                     0.00                0.00
    AppNls: data_rearrange: sint                    0.00                0.00
  AppNls: nv                                        0.36                0.03
  AppNls: nv_work                                   0.00                0.00

App_gradient                                        2.31                0.18

ApplyAOperator                                      0.13                0.01

CPUFD                                               0.04                0.00

Compute Hpsi                                        0.26                0.02
-----------------------------------------------------------------------------
  Compute Hpsi: AppNls                              0.05                0.00
  Compute Hpsi: Threaded Apply H                    0.21                0.02

GlobalSums                                          0.65                0.05

Init                                                3.93                0.30

Init Voronoi                                        0.09                0.01

Mix rho                                             4.65                0.36
-----------------------------------------------------------------------------
  Mix rho: Linear                                   1.28                0.10
  Mix rho: Pulay                                    3.05                0.23

Orbital                                             0.04                0.00
-----------------------------------------------------------------------------
  Orbital: phase and set                            0.04                0.00
  Orbital: proj cal                                 0.04                0.00
  Trade images: trade_images                        0.00                0.00
  Trade images: trade_imagesx                       0.89                0.07

VhPfft                                              6.62                0.51

Weight                                              0.08                0.01

radial beta                                         0.15                0.01


------------------------- TIMING INFORMATION FOR THREADS  -------------------

                                           Min            Max            Avg
ApplyAOperator                             1.94           1.94           1.94
-----------------------------------------------------------------------------

CPUFD                                      0.79           0.79           0.79
-----------------------------------------------------------------------------

GlobalSums                                 0.27           0.27           0.27
-----------------------------------------------------------------------------

Mg_eig                                     1.76           1.76           1.76
-----------------------------------------------------------------------------
  Mg_eig: apply hamiltonian                1.03           1.03           1.03
  Mg_eig: mgrid_solv                       0.29           0.29           0.29
  Trade images: trade_images               0.75           0.75           0.75
  Trade images: trade_imagesx              1.19           1.19           1.19
