RMG initialization ... 1 image(s) total, 1 per node. 16 MPI processes/image. Thread level 2.
FFT-FD  0.000000e+00   1.088539e-05
FFT-FD  1.000000e+00   -1.549084e-05
IP=0 M = -2.637623e-05  4.126968e-01  1.088539e-05
FFT-FD  0.000000e+00   5.747384e-05
FFT-FD  1.000000e+00   -1.393238e-04
IP=1 M = -1.967977e-04  2.920453e-01  5.747384e-05
FFT-FD  0.000000e+00   5.747384e-05
FFT-FD  1.000000e+00   -1.393238e-04
IP=2 M = -1.967977e-04  2.920453e-01  5.747384e-05
FFT-FD  0.000000e+00   5.747384e-05
FFT-FD  1.000000e+00   -1.393238e-04
IP=3 M = -1.967977e-04  2.920453e-01  5.747384e-05
FFT-FD  0.000000e+00   9.924417e-05
FFT-FD  1.000000e+00   -2.469830e-04
IP=4 M = -3.462271e-04  2.866447e-01  9.924417e-05
FFT-FD  0.000000e+00   9.924417e-05
FFT-FD  1.000000e+00   -2.469830e-04
IP=5 M = -3.462271e-04  2.866447e-01  9.924417e-05
FFT-FD  0.000000e+00   2.982037e-04
FFT-FD  1.000000e+00   -5.598525e-04
IP=6 M = -8.580562e-04  3.475340e-01  2.982037e-04
FFT-FD  0.000000e+00   9.924417e-05
FFT-FD  1.000000e+00   -2.469830e-04
IP=7 M = -3.462271e-04  2.866447e-01  9.924417e-05
FFT-FD  0.000000e+00   2.982037e-04
FFT-FD  1.000000e+00   -5.598525e-04
IP=8 M = -8.580562e-04  3.475340e-01  2.982037e-04
FFT-FD  0.000000e+00   5.585244e-06
FFT-FD  1.000000e+00   -1.104265e-06
IP=9 M = -6.689509e-06  8.349258e-01  5.585244e-06
NEWCFAC = 0.319626  0.319626


                     * * * * * * * * * *
                     *    R   M   G    *
                     * * * * * * * * * *

     -- A Real Space Multigrid Electronic structure code --
     --      More information at www.rmgdft.org          --

Code Revision:     5.0.0_beta1_111_gca5c3507
Build Date:        Feb 22 2023  21:48:37
Start time:        Sun Feb 26 20:53:33 2023

NOTICE: RMG internal pseudopotentials have switched to
ONCVP from Ultrasoft. You can revert to Ultrasoft by
adding the input tag internal_pseudo_type="ultrasoft" to
your input files.


Files
   Control input file:        input4
   Data output file:          /dev/null

Run Setup
    Calculation type:         Quench electrons - Fixed ions SCF calculation
    Description:              Ni atom test cell
    Orbital Initialization:   LCAO (10 LCAO and 0 random orbitals)
    Exchange Correlation:     pbe
    Spin Polarization:        ON
    System charge:            Neutral

Processor Topology
   Total PEs:                 8
   X direction:               2
   Y direction:               2
   Z direction:               2
   MG Threads/PE:             1
   OMP Threads/PE:            1

Grid Points  (Linear Anisotropy: 1.000)
    X:  Total: 80   Per PE: 40   Spacing:0.197 a0  
    Y:  Total: 80   Per PE: 40   Spacing:0.197 a0  
    Z:  Total: 80   Per PE: 40   Spacing:0.197 a0  

    Equivalent energy cutoffs (psi,rho):   254.241   1016.965 Ry

    Charge density grid:         2 times finer

Coordinate planes
  Planar Anisotropy: 1.000
  A0-A1 density:    25.760
  A0-A2 density:    25.760
  A1-A2 density:    25.760


Lattice (Cell) Setup
    Type:                       Cubic_primitive
    Volume (a0^3):               3916.07
    Boundary conditions:        Periodic

    X Basis Vector:      15.762       0.000       0.000 a0
    Y Basis Vector:       0.000      15.762       0.000 a0
    Z Basis Vector:       0.000       0.000      15.762 a0
    X Reci Vector:       0.063      -0.000       0.000 a0
    Y Reci Vector:       0.000       0.063       0.000 a0
    Z Reci Vector:       0.000      -0.000       0.063 a0

K-points
    Gamma Point Only (real orbitals)

Atoms and States
    Number of ions:                          1
    Number of species:                       1
    Number of spin up states:                18
    Number of spin down states:              18

Run Parameters
    SCF Convergence criterion (potential):   1.00e-08
    SCF Convergence criterion (energy):      1.00e-08
    Max SCF steps:                           100

SCF Cycle Settings
    Charge density mixing:                   Pulay  (Order:5 Scale:0.20 Refresh:100)
    Hartree Solver:                          PFFT
    Interpolation type:                      FFT

Subspace Diagonalization Options
    Frequency:                               every 1 SCF step(s)
    Driver:                                  ScaLapack
    Initial diagonalization:                 ON
    Folded spectrum:                         OFF

Filtering Cutoff  Parameters
    Wavefunction grid (cparm):               0.800
    Charge density grid (rhocparm):          1.000
    Filter factor:                           1.000

Multigrid (MG) Parameters
    Psi MG levels:                           3
    Psi global step:                         0.660 
    Psi pre:                                 2
    Psi post:                                2

Davidson Parameters
    Davidson multiplier:                     4
    Davidson max step:                       8
    Davidson unocc tol factor:               1000.000

Blas Libraries
    CPU support with openblas-parallel.


Atomic Species Information
(PP = Pseudopotential, US = Ultrasoft, NC = Norm Conserving)
-------------------------------------------------------------------------
|Index|Symbol| Mass|Valence| PP |  Comp  |Local| Local|Nlocal|    PP    |
|     |      |     |       |Type|Gaussian|  l  |Radius|Radius|Functional|
-------------------------------------------------------------------------
|    1|    Ni| 58.0|  18.00|  NC|    0.66|   -1| 10.00|  7.00|       PBE|
-------------------------------------------------------------------------

Pseudopotential generation information:
  Ni pseudopotential file: ./@Internal
      Generation info     : Generated using ONCVPSP code by D. R. Hamann
      Author info         : anonymous


Memory usage (Mbytes):     Min        Max       Total
    wave functions         36.87      36.87     589.84
    beta-functions         18.43      18.43     147.47



Initial Ionic Positions And Displacements (Bohr)
Species      X           Y           Z           dX          dY          dZ
  Ni       0.0000      0.0000      0.0000      0.0000      0.0000      0.0000


Initial Ionic Positions And Displacements (Angstrom)
Species      X           Y           Z           dX          dY          dZ
  Ni       0.0000      0.0000      0.0000      0.0000      0.0000      0.0000

Diagonalization using scalapack for step=0  count=0



KOHN SHAM EIGENVALUES [eV] AT K-POINT [  0]:       0.000000      0.000000      0.000000


------------- SPIN UP ---------------

[kpt   0  -1   0]   -111.4084 [1.000]   -71.7521 [1.000]   -71.7521 [1.000]   -71.7521 [1.000]    -9.1204 [1.000]
[kpt   0  -1   1]    -9.1204 [1.000]    -9.1194 [1.000]    -9.1194 [1.000]    -9.1194 [1.000]    -5.2946 [1.000]
[kpt   0  -1   2]   671.8878 [0.000]   1472.0546 [0.000]   1571.6351 [0.000]   1663.0289 [0.000]   1721.1713 [0.000]
[kpt   0  -1   3]   1763.2711 [0.000]   1850.0738 [0.000]   1904.6753 [0.000]

------------ SPIN DOWN --------------

[kpt   0  -1   0]   -109.3404 [1.000]   -69.6608 [1.000]   -69.6608 [1.000]   -69.6608 [1.000]    -7.3083 [0.600]
[kpt   0  -1   1]    -7.3083 [0.600]    -7.3073 [0.600]    -7.3073 [0.600]    -7.3073 [0.600]    -4.8687 [1.000]
[kpt   0  -1   2]   671.9337 [0.000]   1472.1069 [0.000]   1571.6811 [0.000]   1663.0749 [0.000]   1721.2201 [0.000]
[kpt   0  -1   3]   1763.3143 [0.000]   1850.1212 [0.000]   1904.7212 [0.000]


Charge normalization constant: 1.000000
Charge density mixing: Linear with a constant of 0.20 

 charge density is NEGATIVE after interpolation, minimum is -2.369194e-07
 minimum charge density with core charge added is -2.368702e-07

Diagonalization using scalapack for step=0  count=1


FERMI ENERGY =     -4.89285725 eV
@@ EIGENVALUE SUM     =      -26.574786 Ha
@@ ION_ION            =      -29.161043 Ha
@@ ELECTROSTATIC      =     -113.675010 Ha
@@ VXC                =      -22.000169 Ha
@@ EXC                =      -21.564511 Ha
@@ TOTAL ENERGY       =     -168.975181 Ha
@@ estimated error    =   ****************
@@ TOTAL MAGNETIZATION    =   2.00000000 Bohr mag/cell
@@ ABSOLUTE MAGNETIZATION =   2.00000000 Bohr mag/cell
Charge normalization constant: 1.000000
Charge density mixing: Linear with a constant of 0.20 

 charge density is NEGATIVE after interpolation, minimum is -4.779889e-07
 minimum charge density with core charge added is -4.786431e-07
WriteRestart: Output file given as /dev/null, no restart data written ...


KOHN SHAM EIGENVALUES [eV] AT K-POINT [  0]:       0.000000      0.000000      0.000000


------------- SPIN UP ---------------

[kpt   0   0   0]   -111.4222 [1.000]   -71.7726 [1.000]   -71.7726 [1.000]   -71.7726 [1.000]    -9.1589 [1.000]
[kpt   0   0   1]    -9.1589 [1.000]    -9.1578 [1.000]    -9.1578 [1.000]    -9.1578 [1.000]    -5.3069 [1.000]
[kpt   0   0   2]     1.2032 [0.000]    14.3451 [0.000]    21.6524 [0.000]    25.0487 [0.000]    26.1872 [0.000]
[kpt   0   0   3]    34.3661 [0.000]    41.6009 [0.000]    50.9619 [0.000]

------------ SPIN DOWN --------------

[kpt   0   0   0]   -109.3817 [1.000]   -69.6933 [1.000]   -69.6933 [1.000]   -69.6933 [1.000]    -7.3155 [0.600]
[kpt   0   0   1]    -7.3154 [0.600]    -7.3143 [0.600]    -7.3143 [0.600]    -7.3143 [0.600]    -4.8929 [1.000]
[kpt   0   0   2]     1.2518 [0.000]    14.3992 [0.000]    21.6924 [0.000]    25.0897 [0.000]    26.2405 [0.000]
[kpt   0   0   3]    34.4129 [0.000]    41.6535 [0.000]    51.0039 [0.000]



Total charge in supercell =      18.00000000
 quench: [md:   0/10  scf:   0/100  step time:   1.53  scf time:     1.57 secs  RMS[dV]: 2.06e-03 ]


average potential <V> = -1.24e-15

Diagonalization using scalapack for step=1  count=2


FERMI ENERGY =     -4.91329767 eV
@@ EIGENVALUE SUM     =      -26.594056 Ha
@@ ION_ION            =      -29.161043 Ha
@@ ELECTROSTATIC      =     -113.656254 Ha
@@ VXC                =      -21.998978 Ha
@@ EXC                =      -21.563742 Ha
@@ TOTAL ENERGY       =     -168.976118 Ha
@@ estimated error    =        4.04e-05 Ha
@@ TOTAL MAGNETIZATION    =   2.00000000 Bohr mag/cell
@@ ABSOLUTE MAGNETIZATION =   2.00000000 Bohr mag/cell
Charge normalization constant: 1.000000
Charge density mixing: Linear with a constant of 0.20 

 charge density is NEGATIVE after interpolation, minimum is -6.543979e-07
 minimum charge density with core charge added is -6.554263e-07
 quench: [md:   0/10  scf:   1/100  step time:   1.47  scf time:     3.05 secs  RMS[dV]: 1.85e-03 ]


average potential <V> = -2.03e-15

Diagonalization using scalapack for step=2  count=3


FERMI ENERGY =     -4.93166581 eV
@@ EIGENVALUE SUM     =      -26.610139 Ha
@@ ION_ION            =      -29.161043 Ha
@@ ELECTROSTATIC      =     -113.640506 Ha
@@ VXC                =      -21.998353 Ha
@@ EXC                =      -21.563363 Ha
@@ TOTAL ENERGY       =     -168.976698 Ha
@@ estimated error    =        3.50e-05 Ha
@@ TOTAL MAGNETIZATION    =   2.00000000 Bohr mag/cell
@@ ABSOLUTE MAGNETIZATION =   2.00000007 Bohr mag/cell
Charge normalization constant: 1.000000
Charge density mixing: Linear with a constant of 0.20 

 charge density is NEGATIVE after interpolation, minimum is -7.688695e-07
 minimum charge density with core charge added is -7.699547e-07
 quench: [md:   0/10  scf:   2/100  step time:   1.39  scf time:     4.43 secs  RMS[dV]: 1.60e-03 ]


average potential <V> = 1.90e-15

Diagonalization using scalapack for step=3  count=4


FERMI ENERGY =     -4.94738443 eV
@@ EIGENVALUE SUM     =      -26.621707 Ha
@@ ION_ION            =      -29.161043 Ha
@@ ELECTROSTATIC      =     -113.629232 Ha
@@ VXC                =      -21.998322 Ha
@@ EXC                =      -21.563420 Ha
@@ TOTAL ENERGY       =     -168.977080 Ha
@@ estimated error    =        2.56e-05 Ha
@@ TOTAL MAGNETIZATION    =   2.00000000 Bohr mag/cell
@@ ABSOLUTE MAGNETIZATION =   2.00000125 Bohr mag/cell
Charge normalization constant: 1.000000
Charge density mixing: Linear with a constant of 0.20 

 charge density is NEGATIVE after interpolation, minimum is -8.384533e-07
 minimum charge density with core charge added is -8.467481e-07
 quench: [md:   0/10  scf:   3/100  step time:   1.41  scf time:     5.84 secs  RMS[dV]: 1.41e-03 ]


average potential <V> = 1.49e-15
Davidson incomplete convergence steps = 8

FERMI ENERGY =     -4.96104003 eV
@@ EIGENVALUE SUM     =      -26.629535 Ha
@@ ION_ION            =      -29.161043 Ha
@@ ELECTROSTATIC      =     -113.621831 Ha
@@ VXC                =      -21.998739 Ha
@@ EXC                =      -21.563810 Ha
@@ TOTAL ENERGY       =     -168.977480 Ha
@@ estimated error    =        1.89e-05 Ha
@@ TOTAL MAGNETIZATION    =   2.00000000 Bohr mag/cell
@@ ABSOLUTE MAGNETIZATION =   2.00000497 Bohr mag/cell
Charge normalization constant: 1.000000
Charge density mixing: Pulay

 charge density is NEGATIVE after interpolation, minimum is -9.153609e-07
 minimum charge density with core charge added is -9.221195e-07
 quench: [md:   0/10  scf:   4/100  step time:   1.87  scf time:     7.71 secs  RMS[dV]: 1.29e-03 ]


average potential <V> = 7.12e-16
Davidson converged in 3 steps

FERMI ENERGY =     -4.97370627 eV
@@ EIGENVALUE SUM     =      -26.630185 Ha
@@ ION_ION            =      -29.161043 Ha
@@ ELECTROSTATIC      =     -113.621620 Ha
@@ VXC                =      -22.000435 Ha
@@ EXC                =      -21.565203 Ha
@@ TOTAL ENERGY       =     -168.977616 Ha
@@ estimated error    =        2.44e-05 Ha
@@ TOTAL MAGNETIZATION    =   2.00000000 Bohr mag/cell
@@ ABSOLUTE MAGNETIZATION =   2.00001758 Bohr mag/cell
Charge normalization constant: 1.000000
Charge density mixing: Pulay

 charge density is NEGATIVE after interpolation, minimum is -1.226976e-06
 minimum charge density with core charge added is -1.237248e-06


KOHN SHAM EIGENVALUES [eV] AT K-POINT [  0]:       0.000000      0.000000      0.000000


------------- SPIN UP ---------------

[kpt   0   5   0]   -111.4917 [1.000]   -71.8626 [1.000]   -71.8626 [1.000]   -71.8625 [1.000]    -9.2998 [1.000]
[kpt   0   5   1]    -9.2998 [1.000]    -9.2986 [1.000]    -9.2986 [1.000]    -9.2985 [1.000]    -5.3373 [1.000]
[kpt   0   5   2]    -0.7390 [0.000]    -0.7388 [0.000]    -0.7388 [0.000]     0.0082 [0.000]     1.4077 [0.000]
[kpt   0   5   3]     1.4079 [0.000]     2.6085 [0.000]     2.6106 [0.000]

------------ SPIN DOWN --------------

[kpt   0   5   0]   -109.4741 [1.000]   -69.7634 [1.000]   -69.7634 [1.000]   -69.7633 [1.000]    -7.3320 [0.600]
[kpt   0   5   1]    -7.3319 [0.600]    -7.3311 [0.600]    -7.3311 [0.600]    -7.3311 [0.600]    -4.9737 [1.000]
[kpt   0   5   2]    -0.5742 [0.000]    -0.5741 [0.000]    -0.5739 [0.000]     0.0598 [0.000]     1.4354 [0.000]
[kpt   0   5   3]     1.4361 [0.000]     2.6676 [0.000]     2.6693 [0.000]



Total charge in supercell =      18.00000000
 quench: [md:   0/10  scf:   5/100  step time:   1.46  scf time:     9.17 secs  RMS[dV]: 1.18e-03 ]


average potential <V> = -9.72e-16
Davidson converged in 4 steps

FERMI ENERGY =     -5.02962451 eV
@@ EIGENVALUE SUM     =      -26.642891 Ha
@@ ION_ION            =      -29.161043 Ha
@@ ELECTROSTATIC      =     -113.610345 Ha
@@ VXC                =      -22.006609 Ha
@@ EXC                =      -21.570223 Ha
@@ TOTAL ENERGY       =     -168.977893 Ha
@@ estimated error    =        1.46e-05 Ha
@@ TOTAL MAGNETIZATION    =   2.00000000 Bohr mag/cell
@@ ABSOLUTE MAGNETIZATION =   2.03403143 Bohr mag/cell
Charge normalization constant: 1.000000
Charge density mixing: Pulay

 charge density is NEGATIVE after interpolation, minimum is -1.046964e-06
 minimum charge density with core charge added is -1.056624e-06
 quench: [md:   0/10  scf:   6/100  step time:   1.52  scf time:    10.69 secs  RMS[dV]: 3.74e-03 ]


average potential <V> = 1.11e-15
Davidson converged in 2 steps

FERMI ENERGY =     -5.03471689 eV
@@ EIGENVALUE SUM     =      -26.653610 Ha
@@ ION_ION            =      -29.161043 Ha
@@ ELECTROSTATIC      =     -113.599415 Ha
@@ VXC                =      -22.005359 Ha
@@ EXC                =      -21.569187 Ha
@@ TOTAL ENERGY       =     -168.977897 Ha
@@ estimated error    =        3.69e-06 Ha
@@ TOTAL MAGNETIZATION    =   2.00000000 Bohr mag/cell
@@ ABSOLUTE MAGNETIZATION =   2.03903870 Bohr mag/cell
Charge normalization constant: 1.000000
Charge density mixing: Pulay

 charge density is NEGATIVE after interpolation, minimum is -8.053644e-07
 minimum charge density with core charge added is -8.138283e-07
 quench: [md:   0/10  scf:   7/100  step time:   1.44  scf time:    12.13 secs  RMS[dV]: 2.09e-03 ]


average potential <V> = -1.51e-15
Davidson converged in 3 steps

FERMI ENERGY =     -5.03429863 eV
@@ EIGENVALUE SUM     =      -26.658370 Ha
@@ ION_ION            =      -29.161043 Ha
@@ ELECTROSTATIC      =     -113.594492 Ha
@@ VXC                =      -22.004369 Ha
@@ EXC                =      -21.568364 Ha
@@ TOTAL ENERGY       =     -168.977901 Ha
@@ estimated error    =        5.85e-07 Ha
@@ TOTAL MAGNETIZATION    =   2.00000000 Bohr mag/cell
@@ ABSOLUTE MAGNETIZATION =   2.03902438 Bohr mag/cell
Charge normalization constant: 1.000000
Charge density mixing: Pulay

 charge density is NEGATIVE after interpolation, minimum is -2.015498e-06
 minimum charge density with core charge added is -2.015751e-06
 quench: [md:   0/10  scf:   8/100  step time:   1.47  scf time:    13.60 secs  RMS[dV]: 2.06e-03 ]


average potential <V> = -2.46e-15
Davidson converged in 4 steps

FERMI ENERGY =     -5.03262461 eV
@@ EIGENVALUE SUM     =      -26.648308 Ha
@@ ION_ION            =      -29.161043 Ha
@@ ELECTROSTATIC      =     -113.604903 Ha
@@ VXC                =      -22.006065 Ha
@@ EXC                =      -21.569717 Ha
@@ TOTAL ENERGY       =     -168.977905 Ha
@@ estimated error    =        3.71e-07 Ha
@@ TOTAL MAGNETIZATION    =   2.00000000 Bohr mag/cell
@@ ABSOLUTE MAGNETIZATION =   2.04097591 Bohr mag/cell
Charge normalization constant: 1.000000
Charge density mixing: Pulay

 charge density is NEGATIVE after interpolation, minimum is -3.341515e-06
 minimum charge density with core charge added is -3.341769e-06
 quench: [md:   0/10  scf:   9/100  step time:   1.89  scf time:    15.50 secs  RMS[dV]: 2.93e-03 ]


average potential <V> = 1.70e-15
Davidson converged in 3 steps

FERMI ENERGY =     -5.03386540 eV
@@ EIGENVALUE SUM     =      -26.655894 Ha
@@ ION_ION            =      -29.161043 Ha
@@ ELECTROSTATIC      =     -113.597086 Ha
@@ VXC                =      -22.004815 Ha
@@ EXC                =      -21.568698 Ha
@@ TOTAL ENERGY       =     -168.977906 Ha
@@ estimated error    =        1.42e-06 Ha
@@ TOTAL MAGNETIZATION    =   2.00000000 Bohr mag/cell
@@ ABSOLUTE MAGNETIZATION =   2.04150302 Bohr mag/cell
Charge normalization constant: 1.000000
Charge density mixing: Pulay

 charge density is NEGATIVE after interpolation, minimum is -8.341562e-06
 minimum charge density with core charge added is -8.341816e-06


KOHN SHAM EIGENVALUES [eV] AT K-POINT [  0]:       0.000000      0.000000      0.000000


------------- SPIN UP ---------------

[kpt   0  10   0]   -111.5373 [1.000]   -71.9205 [1.000]   -71.9205 [1.000]   -71.9205 [1.000]    -9.3852 [1.000]
[kpt   0  10   1]    -9.3852 [1.000]    -9.3841 [1.000]    -9.3841 [1.000]    -9.3841 [1.000]    -5.3516 [1.000]
[kpt   0  10   2]    -0.7453 [0.000]    -0.7453 [0.000]    -0.7453 [0.000]    -0.0881 [0.000]     1.3437 [0.000]
[kpt   0  10   3]     1.3437 [0.000]     2.5037 [0.000]     2.5047 [0.000]

------------ SPIN DOWN --------------

[kpt   0  10   0]   -109.4895 [1.000]   -69.7674 [1.000]   -69.7674 [1.000]   -69.7674 [1.000]    -7.3156 [0.600]
[kpt   0  10   1]    -7.3156 [0.600]    -7.3145 [0.600]    -7.3145 [0.600]    -7.3145 [0.600]    -5.0339 [1.000]
[kpt   0  10   2]    -0.6385 [0.000]    -0.6385 [0.000]    -0.6385 [0.000]    -0.0776 [0.000]     1.3176 [0.000]
[kpt   0  10   3]     1.3176 [0.000]     2.5258 [0.000]     2.5264 [0.000]



Total charge in supercell =      18.00000000
 quench: [md:   0/10  scf:  10/100  step time:   1.60  scf time:    17.09 secs  RMS[dV]: 1.20e-03 ]


average potential <V> = -2.25e-16
Davidson converged in 4 steps

FERMI ENERGY =     -5.03459252 eV
@@ EIGENVALUE SUM     =      -26.656808 Ha
@@ ION_ION            =      -29.161043 Ha
@@ ELECTROSTATIC      =     -113.596178 Ha
@@ VXC                =      -22.004816 Ha
@@ EXC                =      -21.568696 Ha
@@ TOTAL ENERGY       =     -168.977908 Ha
@@ estimated error    =        4.28e-08 Ha
@@ TOTAL MAGNETIZATION    =   2.00000000 Bohr mag/cell
@@ ABSOLUTE MAGNETIZATION =   2.04201774 Bohr mag/cell
Charge normalization constant: 1.000000
Charge density mixing: Pulay

 charge density is NEGATIVE after interpolation, minimum is -2.220135e-05
 minimum charge density with core charge added is -2.220484e-05
 quench: [md:   0/10  scf:  11/100  step time:   1.65  scf time:    18.74 secs  RMS[dV]: 2.35e-03 ]


average potential <V> = 1.19e-15
Davidson converged in 5 steps

FERMI ENERGY =     -5.03622918 eV
@@ EIGENVALUE SUM     =      -26.657859 Ha
@@ ION_ION            =      -29.161043 Ha
@@ ELECTROSTATIC      =     -113.595170 Ha
@@ VXC                =      -22.005061 Ha
@@ EXC                =      -21.568897 Ha
@@ TOTAL ENERGY       =     -168.977908 Ha
@@ estimated error    =        4.01e-08 Ha
@@ TOTAL MAGNETIZATION    =   2.00000000 Bohr mag/cell
@@ ABSOLUTE MAGNETIZATION =   2.04254368 Bohr mag/cell
Charge normalization constant: 1.000000
Charge density mixing: Pulay

 charge density is NEGATIVE after interpolation, minimum is -2.476350e-05
 minimum charge density with core charge added is -2.476699e-05
 quench: [md:   0/10  scf:  12/100  step time:   1.77  scf time:    20.51 secs  RMS[dV]: 3.89e-03 ]


average potential <V> = 1.86e-15
Davidson converged in 3 steps

FERMI ENERGY =     -5.03606448 eV
@@ EIGENVALUE SUM     =      -26.658036 Ha
@@ ION_ION            =      -29.161043 Ha
@@ ELECTROSTATIC      =     -113.594993 Ha
@@ VXC                =      -22.005011 Ha
@@ EXC                =      -21.568848 Ha
@@ TOTAL ENERGY       =     -168.977908 Ha
@@ estimated error    =        2.12e-08 Ha
@@ TOTAL MAGNETIZATION    =   2.00000000 Bohr mag/cell
@@ ABSOLUTE MAGNETIZATION =   2.04239622 Bohr mag/cell
Charge normalization constant: 1.000000
Charge density mixing: Pulay

 charge density is NEGATIVE after interpolation, minimum is -3.857277e-05
 minimum charge density with core charge added is -3.857626e-05
 quench: [md:   0/10  scf:  13/100  step time:   2.20  scf time:    22.71 secs  RMS[dV]: 5.32e-04 ]



 Convergence criterion reached: Energy variation (8.64e-09) is lower than threshold (1.00e-08)

potential convergence has been achieved. stopping ...

[   0  14   14       25 ] Quench.cpp: final total energy =    -168.97790785 Ha


KOHN SHAM EIGENVALUES [eV] AT K-POINT [  0]:       0.000000      0.000000      0.000000


------------- SPIN UP ---------------

[kpt   0  14   0]   -111.5401 [1.000]   -71.9234 [1.000]   -71.9234 [1.000]   -71.9234 [1.000]    -9.3886 [1.000]
[kpt   0  14   1]    -9.3886 [1.000]    -9.3877 [1.000]    -9.3877 [1.000]    -9.3877 [1.000]    -5.3553 [1.000]
[kpt   0  14   2]    -0.7497 [0.000]    -0.7497 [0.000]    -0.7497 [0.000]    -0.1006 [0.000]     1.3400 [0.000]
[kpt   0  14   3]     1.3400 [0.000]     2.4899 [0.000]     2.4905 [0.000]

------------ SPIN DOWN --------------

[kpt   0  14   0]   -109.4926 [1.000]   -69.7707 [1.000]   -69.7707 [1.000]   -69.7707 [1.000]    -7.3191 [0.600]
[kpt   0  14   1]    -7.3191 [0.600]    -7.3182 [0.600]    -7.3182 [0.600]    -7.3182 [0.600]    -5.0361 [1.000]
[kpt   0  14   2]    -0.6420 [0.000]    -0.6420 [0.000]    -0.6419 [0.000]    -0.0955 [0.000]     1.3115 [0.000]
[kpt   0  14   3]     1.3115 [0.000]     2.5061 [0.000]     2.5064 [0.000]



Total charge in supercell =      18.00000000
 volume and energy per atom =       580.30177636      -4598.12282259 eV

 Vdd took 0.001720 seconds
WriteRestart: Output file given as /dev/null, no restart data written ...



  IONIC POSITIONS [a0] AND FORCES [Ha/a0]
  Charge analysis using: Voronoi Deformation Density

@ION  Ion  Species       X           Y           Z       Charge       FX          FY         FZ      Movable
@ION    1    Ni      0.0000000   0.0000000   0.0000000    0.000   -0.0001217  -0.0000485   0.0001492  1 1 1

 mean FX      =   0.00012167 Ha/a0
 mean FY      =   0.00004852 Ha/a0
 mean FZ      =   0.00014920 Ha/a0

 max FX       =   0.00012167 Ha/a0   (ion 1)
 max FY       =   0.00004852 Ha/a0   (ion 1)
 max FZ       =   0.00014920 Ha/a0   (ion 1)
 max F[x,y,z] =   0.00014920 Ha/a0
 max |F|      =   0.00019854 Ha/a0   (ion 1)

 sum FX       =  -0.00012167 Ha/a0
 sum FY       =  -0.00004852 Ha/a0
 sum FZ       =   0.00014920 Ha/a0
 Average      =   0.00010646 Ha/a0
 sqrt < F^2 > =   0.00011462 Ha/a0

WriteRestart: Output file given as /dev/null, no restart data written ...


--------TIMING INFORMATION FOR Processor owned the most atoms----------------
                                        Total time               Per SCF/step

1-TOTAL                                            26.77                1.91
-----------------------------------------------------------------------------
  1-TOTAL: Init                                     2.72                0.19
  1-TOTAL: run                                     24.05                1.72
  ---------------------------------------------------------------------------
    1-TOTAL: run: Force                             1.33                0.10
    1-TOTAL: run: Scf steps                        22.66                1.62

2-Force                                             1.33                0.10
-----------------------------------------------------------------------------
  2-Force: core correction                          0.27                0.02
  2-Force: corrections                              0.28                0.02
  2-Force: ion-ion                                  0.04                0.00
  2-Force: local                                    0.28                0.02
  2-Force: non-local                                0.47                0.03
  2-Force: non-local-betaxpsi                       0.01                0.00
  2-Force: non-local-get gamma                      0.00                0.00
  2-Force: non-local-nlforce_par_Q                  0.21                0.02
  2-Force: non-local-nlforce_par_gamma              0.00                0.00
  2-Force: non-local-nlforce_par_omega              0.00                0.00
  2-Force: non-local-partial gamma                  0.00                0.00
  2-Force: non-local-veff grad                      0.21                0.02

2-Init                                              2.72                0.19
-----------------------------------------------------------------------------
  2-Init: GetNewRho                                 0.17                0.01
  2-Init: KpointClass                               0.58                0.04
  2-Init: LcaoGetPsi                                0.04                0.00
  2-Init: LcaoGetRho                                0.19                0.01
  2-Init: ReinitIonicPotentials                     0.18                0.01
  2-Init: betaxpsi                                  0.01                0.00
  2-Init: exchange/correlation                      0.73                0.05
  2-Init: hartree                                   0.21                0.02
  2-Init: normalization                             0.00                0.00
  2-Init: radial potentials                         0.20                0.01
  2-Init: subdiag                                   0.05                0.00
  2-Init: weights                                   0.07                0.00

2-Scf steps                                        22.66                1.62
-----------------------------------------------------------------------------
  2-Scf steps: Davidson                             4.20                0.30
  2-Scf steps: GetNewRho                            0.72                0.05
  2-Scf steps: Hartree                              2.91                0.21
  2-Scf steps: MgridSubspace                        1.35                0.10
  2-Scf steps: MixRho                               1.89                0.13
  2-Scf steps: exchange/correlation                 8.95                0.64

3-MgridSubspace                                     1.35                0.10
-----------------------------------------------------------------------------
  3-MgridSubspace: AppNls                           0.05                0.00
  3-MgridSubspace: Beta x psi                       0.10                0.01
  3-MgridSubspace: Diagonalization                  0.30                0.02
  3-MgridSubspace: Mg_eig                           0.90                0.06

3-ReinitIonicPotentials                             0.18                0.01
-----------------------------------------------------------------------------
  3-ReinitIonicPotentials: GetNlop                  0.01                0.00
  3-ReinitIonicPotentials: GetWeight                0.06                0.00
  3-ReinitIonicPotentials: get_QI                   0.00                0.00
  3-ReinitIonicPotentials: get_qqq                  0.00                0.00
  3-ReinitIonicPotentials: init_nuc                 0.11                0.01

4-Diagonalization                                   0.35                0.02
-----------------------------------------------------------------------------
  4-Diagonalization: ELPA/PDSYGVX/PZHEGVX           0.03                0.00
  4-Diagonalization: Hpsi                           0.12                0.01
  4-Diagonalization: MPI_Bcast                      0.00                0.00
  4-Diagonalization: Update orbitals                0.03                0.00
  ---------------------------------------------------------------------------
    4-Diagonalization: Update orbitals: gather           0.00                0.00
    4-Diagonalization: Update orbitals: gemm           0.02                0.00
  4-Diagonalization: matrix                         0.08                0.01
  ---------------------------------------------------------------------------
    4-Diagonalization: matrix: Allreduce            0.04                0.00
    4-Diagonalization: matrix: Gemm                 0.05                0.00

5-Functional                                        9.58                0.68
-----------------------------------------------------------------------------
  5-Functional: apply gradient                      1.51                0.11
  5-Functional: libxc                               5.64                0.40
  5-Functional: vxc                                 9.53                0.68
  5-Functional: vxc grad                            6.15                0.44
  5-Functional: vxc local                           3.31                0.24
  5-Functional: vxc nonlocal                        0.00                0.00

6-Davidson                                          4.20                0.30
-----------------------------------------------------------------------------
  6-Davidson: Betaxpsi                              0.26                0.02
  6-Davidson: apply hamiltonian                     0.94                0.07
  6-Davidson: diagonalization                       0.09                0.01
  6-Davidson: generate residuals                    0.32                0.02
  6-Davidson: matrix setup/reduce                   0.74                0.05
  6-Davidson: normalization                         0.11                0.01
  6-Davidson: precondition                          1.60                0.11
  6-Davidson: refresh h_psi and s_psi               0.02                0.00
  6-Davidson: reset hr,sr,vr                        0.00                0.00
  6-Davidson: rotate orbitals                       0.12                0.01

AppNls                                              0.24                0.02
-----------------------------------------------------------------------------
  AppNls: data_rearrange                            0.00                0.00
  ---------------------------------------------------------------------------
    AppNls: data_rearrange: alloc and zeros           0.00                0.00
    AppNls: data_rearrange: dnm                     0.00                0.00
    AppNls: data_rearrange: sint                    0.00                0.00
  AppNls: nv                                        0.19                0.01
  AppNls: nv_work                                   0.00                0.00

App_gradient                                        1.39                0.10

ApplyAOperator                                      0.07                0.01

CPUFD                                               0.03                0.00

Compute Hpsi                                        0.12                0.01
-----------------------------------------------------------------------------
  Compute Hpsi: AppNls                              0.03                0.00
  Compute Hpsi: Threaded Apply H                    0.09                0.01

GlobalSums                                          0.24                0.02

Init                                                2.14                0.15

Init Voronoi                                        0.05                0.00

Mix rho                                             2.00                0.14
-----------------------------------------------------------------------------
  Mix rho: Linear                                   0.53                0.04
  Mix rho: Pulay                                    1.37                0.10

Orbital                                             0.02                0.00
-----------------------------------------------------------------------------
  Orbital: phase and set                            0.02                0.00
  Orbital: proj cal                                 0.02                0.00
  Trade images: trade_images                        0.00                0.00
  Trade images: trade_imagesx                       0.51                0.04

VhPfft                                              2.89                0.21

Weight                                              0.04                0.00

radial beta                                         0.13                0.01


------------------------- TIMING INFORMATION FOR THREADS  -------------------

                                           Min            Max            Avg
ApplyAOperator                             1.18           1.18           1.18
-----------------------------------------------------------------------------

CPUFD                                      0.51           0.51           0.51
-----------------------------------------------------------------------------

GlobalSums                                 0.32           0.32           0.32
-----------------------------------------------------------------------------

Mg_eig                                     0.88           0.88           0.88
-----------------------------------------------------------------------------
  Mg_eig: apply hamiltonian                0.48           0.48           0.48
  Mg_eig: mgrid_solv                       0.20           0.20           0.20
  Trade images: trade_images               0.79           0.79           0.79
  Trade images: trade_imagesx              0.72           0.72           0.72
