RMG initialization ... 1 image(s) total, 1 per node. 16 MPI processes/image. Thread level 2.
FFT-FD  0.000000e+00   3.348985e-05
FFT-FD  1.000000e+00   3.348985e-05
IP=0 M = 0.000000e+00  -inf  3.348985e-05
FFT-FD  0.000000e+00   1.552971e-04
FFT-FD  1.000000e+00   1.552971e-04
IP=1 M = 0.000000e+00  -inf  1.552971e-04
FFT-FD  0.000000e+00   1.552971e-04
FFT-FD  1.000000e+00   1.552971e-04
IP=2 M = 0.000000e+00  -inf  1.552971e-04
FFT-FD  0.000000e+00   1.552971e-04
FFT-FD  1.000000e+00   1.552971e-04
IP=3 M = 0.000000e+00  -inf  1.552971e-04
FFT-FD  0.000000e+00   2.647864e-04
FFT-FD  1.000000e+00   2.647864e-04
IP=4 M = 0.000000e+00  -inf  2.647864e-04
FFT-FD  0.000000e+00   2.647864e-04
FFT-FD  1.000000e+00   2.647864e-04
IP=5 M = 0.000000e+00  -inf  2.647864e-04
FFT-FD  0.000000e+00   8.618114e-04
FFT-FD  1.000000e+00   8.618114e-04
IP=6 M = 0.000000e+00  -inf  8.618114e-04
FFT-FD  0.000000e+00   2.647864e-04
FFT-FD  1.000000e+00   2.647864e-04
IP=7 M = 0.000000e+00  -inf  2.647864e-04
FFT-FD  0.000000e+00   8.618114e-04
FFT-FD  1.000000e+00   8.618114e-04
IP=8 M = 0.000000e+00  -inf  8.618114e-04
FFT-FD  0.000000e+00   9.873024e-06
FFT-FD  1.000000e+00   9.873024e-06
IP=9 M = 0.000000e+00  -inf  9.873024e-06
NEWCFAC = 0.000000  0.000000


                     * * * * * * * * * *
                     *    R   M   G    *
                     * * * * * * * * * *

     -- A Real Space Multigrid Electronic structure code --
     --      More information at www.rmgdft.org          --

Code Revision:     5.0.0_beta1_111_gca5c3507
Build Date:        Feb 22 2023  21:48:37
Start time:        Sun Feb 26 21:03:21 2023

NOTICE: RMG internal pseudopotentials have switched to
ONCVP from Ultrasoft. You can revert to Ultrasoft by
adding the input tag internal_pseudo_type="ultrasoft" to
your input files.


Files
   Control input file:        input2
   Data output file:          /dev/null

Run Setup
    Calculation type:         Quench electrons - Fixed ions SCF calculation
    Description:              Ni atom test cell
    Orbital Initialization:   LCAO (10 LCAO and 0 random orbitals)
    Exchange Correlation:     pbe
    Spin Polarization:        ON
    System charge:            Neutral

Processor Topology
   Total PEs:                 8
   X direction:               2
   Y direction:               2
   Z direction:               2
   MG Threads/PE:             1
   OMP Threads/PE:            1

Grid Points  (Linear Anisotropy: 1.000)
    X:  Total: 64   Per PE: 32   Spacing:0.246 a0  
    Y:  Total: 64   Per PE: 32   Spacing:0.246 a0  
    Z:  Total: 64   Per PE: 32   Spacing:0.246 a0  

    Equivalent energy cutoffs (psi,rho):   162.714    650.858 Ry

    Charge density grid:         2 times finer

Coordinate planes
  Planar Anisotropy: 1.000
  A0-A1 density:    16.486
  A0-A2 density:    16.486
  A1-A2 density:    16.486


Lattice (Cell) Setup
    Type:                       Cubic_primitive
    Volume (a0^3):               3916.07
    Boundary conditions:        Periodic

    X Basis Vector:      15.762       0.000       0.000 a0
    Y Basis Vector:       0.000      15.762       0.000 a0
    Z Basis Vector:       0.000       0.000      15.762 a0
    X Reci Vector:       0.063      -0.000       0.000 a0
    Y Reci Vector:       0.000       0.063       0.000 a0
    Z Reci Vector:       0.000      -0.000       0.063 a0

K-points
    Gamma Point Only (real orbitals)

Atoms and States
    Number of ions:                          1
    Number of species:                       1
    Number of spin up states:                18
    Number of spin down states:              18

Run Parameters
    SCF Convergence criterion (potential):   1.00e-08
    SCF Convergence criterion (energy):      1.00e-08
    Max SCF steps:                           100

SCF Cycle Settings
    Charge density mixing:                   Pulay  (Order:5 Scale:0.20 Refresh:100)
    Hartree Solver:                          PFFT
    Interpolation type:                      FFT

Subspace Diagonalization Options
    Frequency:                               every 1 SCF step(s)
    Driver:                                  ScaLapack
    Initial diagonalization:                 ON
    Folded spectrum:                         OFF

Filtering Cutoff  Parameters
    Wavefunction grid (cparm):               0.800
    Charge density grid (rhocparm):          1.000
    Filter factor:                           1.000

Multigrid (MG) Parameters
    Psi MG levels:                           3
    Psi global step:                         0.660 
    Psi pre:                                 2
    Psi post:                                2

Davidson Parameters
    Davidson multiplier:                     4
    Davidson max step:                       8
    Davidson unocc tol factor:               1000.000

Blas Libraries
    CPU support with openblas-parallel.


Atomic Species Information
(PP = Pseudopotential, US = Ultrasoft, NC = Norm Conserving)
-------------------------------------------------------------------------
|Index|Symbol| Mass|Valence| PP |  Comp  |Local| Local|Nlocal|    PP    |
|     |      |     |       |Type|Gaussian|  l  |Radius|Radius|Functional|
-------------------------------------------------------------------------
|    1|    Ni| 58.0|  18.00|  NC|    0.66|   -1| 10.00|  7.00|       PBE|
-------------------------------------------------------------------------

Pseudopotential generation information:
  Ni pseudopotential file: ./@Internal
      Generation info     : Generated using ONCVPSP code by D. R. Hamann
      Author info         : anonymous


Memory usage (Mbytes):     Min        Max       Total
    wave functions         18.88      18.88     302.01
    beta-functions          9.44       9.44      75.51



Initial Ionic Positions And Displacements (Bohr)
Species      X           Y           Z           dX          dY          dZ
  Ni       0.0000      0.0000      0.0000      0.0000      0.0000      0.0000


Initial Ionic Positions And Displacements (Angstrom)
Species      X           Y           Z           dX          dY          dZ
  Ni       0.0000      0.0000      0.0000      0.0000      0.0000      0.0000

Diagonalization using scalapack for step=0  count=0



KOHN SHAM EIGENVALUES [eV] AT K-POINT [  0]:       0.000000      0.000000      0.000000


------------- SPIN UP ---------------

[kpt   0  -1   0]   -111.4092 [1.000]   -71.7562 [1.000]   -71.7562 [1.000]   -71.7562 [1.000]    -9.1432 [1.000]
[kpt   0  -1   1]    -9.1432 [1.000]    -9.1272 [1.000]    -9.1272 [1.000]    -9.1272 [1.000]    -5.2959 [1.000]
[kpt   0  -1   2]   438.4040 [0.000]   870.7933 [0.000]   1083.8151 [0.000]   1099.7944 [0.000]   1107.6335 [0.000]
[kpt   0  -1   3]   1150.4196 [0.000]   1160.8434 [0.000]   1208.0553 [0.000]

------------ SPIN DOWN --------------

[kpt   0  -1   0]   -109.3413 [1.000]   -69.6648 [1.000]   -69.6648 [1.000]   -69.6648 [1.000]    -7.3314 [0.600]
[kpt   0  -1   1]    -7.3314 [0.600]    -7.3154 [0.600]    -7.3154 [0.600]    -7.3154 [0.600]    -4.8700 [1.000]
[kpt   0  -1   2]   438.4564 [0.000]   870.8347 [0.000]   1083.8717 [0.000]   1099.8468 [0.000]   1107.6883 [0.000]
[kpt   0  -1   3]   1150.4702 [0.000]   1160.9002 [0.000]   1208.1093 [0.000]


Charge normalization constant: 1.000000
Charge density mixing: Linear with a constant of 0.20 

 charge density is NEGATIVE after interpolation, minimum is -1.083652e-04
 minimum charge density with core charge added is -1.083643e-04

Diagonalization using scalapack for step=0  count=1


FERMI ENERGY =     -4.89295050 eV
@@ EIGENVALUE SUM     =      -26.580081 Ha
@@ ION_ION            =      -29.161043 Ha
@@ ELECTROSTATIC      =     -113.674973 Ha
@@ VXC                =      -22.000363 Ha
@@ EXC                =      -21.564643 Ha
@@ TOTAL ENERGY       =     -168.980377 Ha
@@ estimated error    =   ****************
@@ TOTAL MAGNETIZATION    =   2.00000000 Bohr mag/cell
@@ ABSOLUTE MAGNETIZATION =   2.00021342 Bohr mag/cell
Charge normalization constant: 1.000000
Charge density mixing: Linear with a constant of 0.20 

 charge density is NEGATIVE after interpolation, minimum is -2.749613e-04
 minimum charge density with core charge added is -2.749560e-04
WriteRestart: Output file given as /dev/null, no restart data written ...


KOHN SHAM EIGENVALUES [eV] AT K-POINT [  0]:       0.000000      0.000000      0.000000


------------- SPIN UP ---------------

[kpt   0   0   0]   -111.4233 [1.000]   -71.7764 [1.000]   -71.7764 [1.000]   -71.7764 [1.000]    -9.1868 [1.000]
[kpt   0   0   1]    -9.1868 [1.000]    -9.1640 [1.000]    -9.1640 [1.000]    -9.1640 [1.000]    -5.3074 [1.000]
[kpt   0   0   2]     1.8101 [0.000]    17.1979 [0.000]    19.2312 [0.000]    20.9001 [0.000]    22.6653 [0.000]
[kpt   0   0   3]    32.4121 [0.000]    35.9598 [0.000]    52.3449 [0.000]

------------ SPIN DOWN --------------

[kpt   0   0   0]   -109.3827 [1.000]   -69.6971 [1.000]   -69.6971 [1.000]   -69.6971 [1.000]    -7.3420 [0.600]
[kpt   0   0   1]    -7.3419 [0.600]    -7.3213 [0.600]    -7.3213 [0.600]    -7.3213 [0.600]    -4.8930 [1.000]
[kpt   0   0   2]     1.8639 [0.000]    17.2504 [0.000]    19.2842 [0.000]    20.9572 [0.000]    22.7321 [0.000]
[kpt   0   0   3]    32.4659 [0.000]    36.0037 [0.000]    52.3872 [0.000]



Total charge in supercell =      18.00000000
 quench: [md:   0/10  scf:   0/100  step time:   1.18  scf time:     1.21 secs  RMS[dV]: 5.12e-03 ]


average potential <V> = 7.50e-16

Diagonalization using scalapack for step=1  count=2


FERMI ENERGY =     -4.91276825 eV
@@ EIGENVALUE SUM     =      -26.597021 Ha
@@ ION_ION            =      -29.161043 Ha
@@ ELECTROSTATIC      =     -113.658782 Ha
@@ VXC                =      -21.999881 Ha
@@ EXC                =      -21.564452 Ha
@@ TOTAL ENERGY       =     -168.981416 Ha
@@ estimated error    =        3.99e-05 Ha
@@ TOTAL MAGNETIZATION    =   2.00000000 Bohr mag/cell
@@ ABSOLUTE MAGNETIZATION =   2.00069108 Bohr mag/cell
Charge normalization constant: 1.000000
Charge density mixing: Linear with a constant of 0.20 

 charge density is NEGATIVE after interpolation, minimum is -4.296622e-04
 minimum charge density with core charge added is -4.296638e-04
 quench: [md:   0/10  scf:   1/100  step time:   1.07  scf time:     2.28 secs  RMS[dV]: 5.87e-03 ]


average potential <V> = -3.73e-16

Diagonalization using scalapack for step=2  count=3


FERMI ENERGY =     -4.93067603 eV
@@ EIGENVALUE SUM     =      -26.610309 Ha
@@ ION_ION            =      -29.161043 Ha
@@ ELECTROSTATIC      =     -113.646074 Ha
@@ VXC                =      -22.000123 Ha
@@ EXC                =      -21.564787 Ha
@@ TOTAL ENERGY       =     -168.982090 Ha
@@ estimated error    =        3.83e-05 Ha
@@ TOTAL MAGNETIZATION    =   2.00000000 Bohr mag/cell
@@ ABSOLUTE MAGNETIZATION =   2.00128105 Bohr mag/cell
Charge normalization constant: 1.000000
Charge density mixing: Linear with a constant of 0.20 

 charge density is NEGATIVE after interpolation, minimum is -5.905822e-04
 minimum charge density with core charge added is -5.905838e-04
 quench: [md:   0/10  scf:   2/100  step time:   1.28  scf time:     3.55 secs  RMS[dV]: 4.92e-03 ]


average potential <V> = 1.26e-15

Diagonalization using scalapack for step=3  count=4


FERMI ENERGY =     -4.94612600 eV
@@ EIGENVALUE SUM     =      -26.619173 Ha
@@ ION_ION            =      -29.161043 Ha
@@ ELECTROSTATIC      =     -113.637747 Ha
@@ VXC                =      -22.000964 Ha
@@ EXC                =      -21.565558 Ha
@@ TOTAL ENERGY       =     -168.982557 Ha
@@ estimated error    =        3.15e-05 Ha
@@ TOTAL MAGNETIZATION    =   2.00000000 Bohr mag/cell
@@ ABSOLUTE MAGNETIZATION =   2.00192016 Bohr mag/cell
Charge normalization constant: 1.000000
Charge density mixing: Linear with a constant of 0.20 

 charge density is NEGATIVE after interpolation, minimum is -7.252809e-04
 minimum charge density with core charge added is -7.252825e-04
 quench: [md:   0/10  scf:   3/100  step time:   1.06  scf time:     4.61 secs  RMS[dV]: 4.17e-03 ]


average potential <V> = 1.25e-15
Davidson incomplete convergence steps = 8

FERMI ENERGY =     -4.95946710 eV
@@ EIGENVALUE SUM     =      -26.624759 Ha
@@ ION_ION            =      -29.161043 Ha
@@ ELECTROSTATIC      =     -113.632795 Ha
@@ VXC                =      -22.002165 Ha
@@ EXC                =      -21.566586 Ha
@@ TOTAL ENERGY       =     -168.983017 Ha
@@ estimated error    =        2.57e-05 Ha
@@ TOTAL MAGNETIZATION    =   2.00000000 Bohr mag/cell
@@ ABSOLUTE MAGNETIZATION =   2.00256278 Bohr mag/cell
Charge normalization constant: 1.000000
Charge density mixing: Pulay

 charge density is NEGATIVE after interpolation, minimum is -8.409607e-04
 minimum charge density with core charge added is -8.409623e-04
 quench: [md:   0/10  scf:   4/100  step time:   1.40  scf time:     6.01 secs  RMS[dV]: 3.65e-03 ]


average potential <V> = 5.39e-16
Davidson converged in 4 steps

FERMI ENERGY =     -4.97227464 eV
@@ EIGENVALUE SUM     =      -26.624563 Ha
@@ ION_ION            =      -29.161043 Ha
@@ ELECTROSTATIC      =     -113.633598 Ha
@@ VXC                =      -22.004398 Ha
@@ EXC                =      -21.568407 Ha
@@ TOTAL ENERGY       =     -168.983212 Ha
@@ estimated error    =        3.27e-05 Ha
@@ TOTAL MAGNETIZATION    =   2.00000000 Bohr mag/cell
@@ ABSOLUTE MAGNETIZATION =   2.00323092 Bohr mag/cell
Charge normalization constant: 1.000000
Charge density mixing: Pulay

 charge density is NEGATIVE after interpolation, minimum is -1.438257e-03
 minimum charge density with core charge added is -1.438264e-03


KOHN SHAM EIGENVALUES [eV] AT K-POINT [  0]:       0.000000      0.000000      0.000000


------------- SPIN UP ---------------

[kpt   0   5   0]   -111.4677 [1.000]   -71.8416 [1.000]   -71.8415 [1.000]   -71.8414 [1.000]    -9.3257 [1.000]
[kpt   0   5   1]    -9.3255 [1.000]    -9.2859 [1.000]    -9.2859 [1.000]    -9.2858 [1.000]    -5.3432 [1.000]
[kpt   0   5   2]    -0.7517 [0.000]    -0.7515 [0.000]    -0.7512 [0.000]     0.0091 [0.000]     1.3976 [0.000]
[kpt   0   5   3]     1.3981 [0.000]     2.6146 [0.000]     2.6189 [0.000]

------------ SPIN DOWN --------------

[kpt   0   5   0]   -109.4489 [1.000]   -69.7417 [1.000]   -69.7416 [1.000]   -69.7416 [1.000]    -7.3541 [0.600]
[kpt   0   5   1]    -7.3540 [0.600]    -7.3200 [0.600]    -7.3200 [0.600]    -7.3199 [0.600]    -4.9723 [1.000]
[kpt   0   5   2]    -0.5747 [0.000]    -0.5743 [0.000]    -0.5742 [0.000]     0.0626 [0.000]     1.4369 [0.000]
[kpt   0   5   3]     1.4375 [0.000]     2.6762 [0.000]     2.6809 [0.000]



Total charge in supercell =      18.00000000
 quench: [md:   0/10  scf:   5/100  step time:   1.07  scf time:     7.08 secs  RMS[dV]: 3.05e-03 ]


average potential <V> = 2.00e-16
Davidson converged in 5 steps

FERMI ENERGY =     -5.02935217 eV
@@ EIGENVALUE SUM     =      -26.636500 Ha
@@ ION_ION            =      -29.161043 Ha
@@ ELECTROSTATIC      =     -113.623804 Ha
@@ VXC                =      -22.012762 Ha
@@ EXC                =      -21.575167 Ha
@@ TOTAL ENERGY       =     -168.983752 Ha
@@ estimated error    =        1.96e-05 Ha
@@ TOTAL MAGNETIZATION    =   2.00000000 Bohr mag/cell
@@ ABSOLUTE MAGNETIZATION =   2.03924846 Bohr mag/cell
Charge normalization constant: 1.000000
Charge density mixing: Pulay

 charge density is NEGATIVE after interpolation, minimum is -1.480460e-03
 minimum charge density with core charge added is -1.480467e-03
 quench: [md:   0/10  scf:   6/100  step time:   1.19  scf time:     8.27 secs  RMS[dV]: 8.87e-03 ]


average potential <V> = 1.27e-15
Davidson converged in 3 steps

FERMI ENERGY =     -5.03449999 eV
@@ EIGENVALUE SUM     =      -26.650066 Ha
@@ ION_ION            =      -29.161043 Ha
@@ ELECTROSTATIC      =     -113.610053 Ha
@@ VXC                =      -22.011236 Ha
@@ EXC                =      -21.573877 Ha
@@ TOTAL ENERGY       =     -168.983803 Ha
@@ estimated error    =        5.99e-06 Ha
@@ TOTAL MAGNETIZATION    =   2.00000000 Bohr mag/cell
@@ ABSOLUTE MAGNETIZATION =   2.04327152 Bohr mag/cell
Charge normalization constant: 1.000000
Charge density mixing: Pulay

 charge density is NEGATIVE after interpolation, minimum is -1.492273e-03
 minimum charge density with core charge added is -1.492280e-03
 quench: [md:   0/10  scf:   7/100  step time:   1.12  scf time:     9.39 secs  RMS[dV]: 2.60e-03 ]


average potential <V> = 3.48e-16
Davidson converged in 4 steps

FERMI ENERGY =     -5.03492675 eV
@@ EIGENVALUE SUM     =      -26.653653 Ha
@@ ION_ION            =      -29.161043 Ha
@@ ELECTROSTATIC      =     -113.606448 Ha
@@ VXC                =      -22.010733 Ha
@@ EXC                =      -21.573429 Ha
@@ TOTAL ENERGY       =     -168.983840 Ha
@@ estimated error    =        5.30e-07 Ha
@@ TOTAL MAGNETIZATION    =   2.00000000 Bohr mag/cell
@@ ABSOLUTE MAGNETIZATION =   2.04401254 Bohr mag/cell
Charge normalization constant: 1.000000
Charge density mixing: Pulay

 charge density is NEGATIVE after interpolation, minimum is -1.538281e-03
 minimum charge density with core charge added is -1.538288e-03
 quench: [md:   0/10  scf:   8/100  step time:   1.11  scf time:    10.49 secs  RMS[dV]: 1.95e-03 ]


average potential <V> = 1.93e-15
Davidson converged in 4 steps

FERMI ENERGY =     -5.03402364 eV
@@ EIGENVALUE SUM     =      -26.647926 Ha
@@ ION_ION            =      -29.161043 Ha
@@ ELECTROSTATIC      =     -113.612583 Ha
@@ VXC                =      -22.012028 Ha
@@ EXC                =      -21.574399 Ha
@@ TOTAL ENERGY       =     -168.983923 Ha
@@ estimated error    =        4.49e-07 Ha
@@ TOTAL MAGNETIZATION    =   2.00000000 Bohr mag/cell
@@ ABSOLUTE MAGNETIZATION =   2.04730592 Bohr mag/cell
Charge normalization constant: 1.000000
Charge density mixing: Pulay

 charge density is NEGATIVE after interpolation, minimum is -1.541621e-03
 minimum charge density with core charge added is -1.541628e-03
 quench: [md:   0/10  scf:   9/100  step time:   1.17  scf time:    11.66 secs  RMS[dV]: 4.16e-03 ]


average potential <V> = 5.20e-16
Davidson converged in 3 steps

FERMI ENERGY =     -5.03485927 eV
@@ EIGENVALUE SUM     =      -26.650974 Ha
@@ ION_ION            =      -29.161043 Ha
@@ ELECTROSTATIC      =     -113.609460 Ha
@@ VXC                =      -22.011610 Ha
@@ EXC                =      -21.574062 Ha
@@ TOTAL ENERGY       =     -168.983929 Ha
@@ estimated error    =        2.35e-07 Ha
@@ TOTAL MAGNETIZATION    =   2.00000000 Bohr mag/cell
@@ ABSOLUTE MAGNETIZATION =   2.04741966 Bohr mag/cell
Charge normalization constant: 1.000000
Charge density mixing: Pulay

 charge density is NEGATIVE after interpolation, minimum is -1.548928e-03
 minimum charge density with core charge added is -1.548935e-03


KOHN SHAM EIGENVALUES [eV] AT K-POINT [  0]:       0.000000      0.000000      0.000000


------------- SPIN UP ---------------

[kpt   0  10   0]   -111.5116 [1.000]   -71.8957 [1.000]   -71.8957 [1.000]   -71.8957 [1.000]    -9.4229 [1.000]
[kpt   0  10   1]    -9.4229 [1.000]    -9.3696 [1.000]    -9.3696 [1.000]    -9.3696 [1.000]    -5.3697 [1.000]
[kpt   0  10   2]    -0.7687 [0.000]    -0.7687 [0.000]    -0.7687 [0.000]    -0.0962 [0.000]     1.3278 [0.000]
[kpt   0  10   3]     1.3279 [0.000]     2.4925 [0.000]     2.4977 [0.000]

------------ SPIN DOWN --------------

[kpt   0  10   0]   -109.4625 [1.000]   -69.7421 [1.000]   -69.7421 [1.000]   -69.7421 [1.000]    -7.3495 [0.600]
[kpt   0  10   1]    -7.3495 [0.600]    -7.3022 [0.600]    -7.3022 [0.600]    -7.3022 [0.600]    -5.0349 [1.000]
[kpt   0  10   2]    -0.6422 [0.000]    -0.6422 [0.000]    -0.6421 [0.000]    -0.0861 [0.000]     1.3140 [0.000]
[kpt   0  10   3]     1.3140 [0.000]     2.5182 [0.000]     2.5191 [0.000]



Total charge in supercell =      18.00000000
 quench: [md:   0/10  scf:  10/100  step time:   1.09  scf time:    12.76 secs  RMS[dV]: 4.94e-04 ]


average potential <V> = 4.57e-16
Davidson converged in 3 steps

FERMI ENERGY =     -5.03560623 eV
@@ EIGENVALUE SUM     =      -26.652150 Ha
@@ ION_ION            =      -29.161043 Ha
@@ ELECTROSTATIC      =     -113.608272 Ha
@@ VXC                =      -22.011559 Ha
@@ EXC                =      -21.574029 Ha
@@ TOTAL ENERGY       =     -168.983935 Ha
@@ estimated error    =        2.83e-08 Ha
@@ TOTAL MAGNETIZATION    =   2.00000000 Bohr mag/cell
@@ ABSOLUTE MAGNETIZATION =   2.04739057 Bohr mag/cell
Charge normalization constant: 1.000000
Charge density mixing: Pulay

 charge density is NEGATIVE after interpolation, minimum is -1.553337e-03
 minimum charge density with core charge added is -1.553343e-03
 quench: [md:   0/10  scf:  11/100  step time:   1.17  scf time:    13.92 secs  RMS[dV]: 6.67e-04 ]


average potential <V> = 4.54e-16
Davidson converged in 3 steps

FERMI ENERGY =     -5.03594530 eV
@@ EIGENVALUE SUM     =      -26.652074 Ha
@@ ION_ION            =      -29.161043 Ha
@@ ELECTROSTATIC      =     -113.608359 Ha
@@ VXC                =      -22.011656 Ha
@@ EXC                =      -21.574117 Ha
@@ TOTAL ENERGY       =     -168.983937 Ha
@@ estimated error    =        1.06e-08 Ha
@@ TOTAL MAGNETIZATION    =   2.00000000 Bohr mag/cell
@@ ABSOLUTE MAGNETIZATION =   2.04718857 Bohr mag/cell
Charge normalization constant: 1.000000
Charge density mixing: Pulay

 charge density is NEGATIVE after interpolation, minimum is -1.553267e-03
 minimum charge density with core charge added is -1.553273e-03
 quench: [md:   0/10  scf:  12/100  step time:   1.51  scf time:    15.43 secs  RMS[dV]: 2.94e-04 ]



 Convergence criterion reached: Energy variation (2.96e-09) is lower than threshold (1.00e-08)

potential convergence has been achieved. stopping ...

[   0  13   13       17 ] Quench.cpp: final total energy =    -168.98393716 Ha


KOHN SHAM EIGENVALUES [eV] AT K-POINT [  0]:       0.000000      0.000000      0.000000


------------- SPIN UP ---------------

[kpt   0  13   0]   -111.5126 [1.000]   -71.8970 [1.000]   -71.8970 [1.000]   -71.8970 [1.000]    -9.4248 [1.000]
[kpt   0  13   1]    -9.4248 [1.000]    -9.3713 [1.000]    -9.3713 [1.000]    -9.3713 [1.000]    -5.3715 [1.000]
[kpt   0  13   2]    -0.7699 [0.000]    -0.7699 [0.000]    -0.7699 [0.000]    -0.1002 [0.000]     1.3271 [0.000]
[kpt   0  13   3]     1.3271 [0.000]     2.4884 [0.000]     2.4923 [0.000]

------------ SPIN DOWN --------------

[kpt   0  13   0]   -109.4640 [1.000]   -69.7437 [1.000]   -69.7437 [1.000]   -69.7437 [1.000]    -7.3522 [0.600]
[kpt   0  13   1]    -7.3522 [0.600]    -7.3042 [0.600]    -7.3042 [0.600]    -7.3042 [0.600]    -5.0359 [1.000]
[kpt   0  13   2]    -0.6430 [0.000]    -0.6430 [0.000]    -0.6430 [0.000]    -0.0913 [0.000]     1.3130 [0.000]
[kpt   0  13   3]     1.3130 [0.000]     2.5119 [0.000]     2.5126 [0.000]



Total charge in supercell =      18.00000000
 volume and energy per atom =       580.30177636      -4598.28688836 eV

 Vdd took 0.000888 seconds
WriteRestart: Output file given as /dev/null, no restart data written ...



  IONIC POSITIONS [a0] AND FORCES [Ha/a0]
  Charge analysis using: Voronoi Deformation Density

@ION  Ion  Species       X           Y           Z       Charge       FX          FY         FZ      Movable
@ION    1    Ni      0.0000000   0.0000000   0.0000000    0.000   -0.0001391   0.0002806   0.0002422  1 1 1

 mean FX      =   0.00013908 Ha/a0
 mean FY      =   0.00028058 Ha/a0
 mean FZ      =   0.00024217 Ha/a0

 max FX       =   0.00013908 Ha/a0   (ion 1)
 max FY       =   0.00028058 Ha/a0   (ion 1)
 max FZ       =   0.00024217 Ha/a0   (ion 1)
 max F[x,y,z] =   0.00028058 Ha/a0
 max |F|      =   0.00039587 Ha/a0   (ion 1)

 sum FX       =  -0.00013908 Ha/a0
 sum FY       =   0.00028058 Ha/a0
 sum FZ       =   0.00024217 Ha/a0
 Average      =   0.00022061 Ha/a0
 sqrt < F^2 > =   0.00022855 Ha/a0

WriteRestart: Output file given as /dev/null, no restart data written ...


--------TIMING INFORMATION FOR Processor owned the most atoms----------------
                                        Total time               Per SCF/step

1-TOTAL                                            18.84                1.45
-----------------------------------------------------------------------------
  1-TOTAL: Init                                     1.94                0.15
  1-TOTAL: run                                     16.91                1.30
  ---------------------------------------------------------------------------
    1-TOTAL: run: Force                             1.46                0.11
    1-TOTAL: run: Scf steps                        15.41                1.19

2-Force                                             1.46                0.11
-----------------------------------------------------------------------------
  2-Force: core correction                          0.33                0.03
  2-Force: corrections                              0.34                0.03
  2-Force: ion-ion                                  0.02                0.00
  2-Force: local                                    0.31                0.02
  2-Force: non-local                                0.44                0.03
  2-Force: non-local-betaxpsi                       0.01                0.00
  2-Force: non-local-get gamma                      0.00                0.00
  2-Force: non-local-nlforce_par_Q                  0.31                0.02
  2-Force: non-local-nlforce_par_gamma              0.00                0.00
  2-Force: non-local-nlforce_par_omega              0.00                0.00
  2-Force: non-local-partial gamma                  0.00                0.00
  2-Force: non-local-veff grad                      0.29                0.02

2-Init                                              1.94                0.15
-----------------------------------------------------------------------------
  2-Init: GetNewRho                                 0.08                0.01
  2-Init: KpointClass                               0.60                0.05
  2-Init: LcaoGetPsi                                0.02                0.00
  2-Init: LcaoGetRho                                0.03                0.00
  2-Init: ReinitIonicPotentials                     0.13                0.01
  2-Init: betaxpsi                                  0.01                0.00
  2-Init: exchange/correlation                      0.40                0.03
  2-Init: hartree                                   0.13                0.01
  2-Init: normalization                             0.00                0.00
  2-Init: radial potentials                         0.18                0.01
  2-Init: subdiag                                   0.17                0.01
  2-Init: weights                                   0.04                0.00

2-Scf steps                                        15.41                1.19
-----------------------------------------------------------------------------
  2-Scf steps: Davidson                             2.49                0.19
  2-Scf steps: GetNewRho                            0.39                0.03
  2-Scf steps: Hartree                              2.95                0.23
  2-Scf steps: MgridSubspace                        1.13                0.09
  2-Scf steps: MixRho                               1.36                0.10
  2-Scf steps: exchange/correlation                 4.50                0.35

3-MgridSubspace                                     1.13                0.09
-----------------------------------------------------------------------------
  3-MgridSubspace: AppNls                           0.02                0.00
  3-MgridSubspace: Beta x psi                       0.07                0.01
  3-MgridSubspace: Diagonalization                  0.36                0.03
  3-MgridSubspace: Mg_eig                           0.68                0.05

3-ReinitIonicPotentials                             0.13                0.01
-----------------------------------------------------------------------------
  3-ReinitIonicPotentials: GetNlop                  0.01                0.00
  3-ReinitIonicPotentials: GetWeight                0.03                0.00
  3-ReinitIonicPotentials: get_QI                   0.00                0.00
  3-ReinitIonicPotentials: get_qqq                  0.00                0.00
  3-ReinitIonicPotentials: init_nuc                 0.09                0.01

4-Diagonalization                                   0.53                0.04
-----------------------------------------------------------------------------
  4-Diagonalization: ELPA/PDSYGVX/PZHEGVX           0.14                0.01
  4-Diagonalization: Hpsi                           0.07                0.01
  4-Diagonalization: MPI_Bcast                      0.00                0.00
  4-Diagonalization: Update orbitals                0.01                0.00
  ---------------------------------------------------------------------------
    4-Diagonalization: Update orbitals: gather           0.00                0.00
    4-Diagonalization: Update orbitals: gemm           0.01                0.00
  4-Diagonalization: matrix                         0.11                0.01
  ---------------------------------------------------------------------------
    4-Diagonalization: matrix: Allreduce            0.09                0.01
    4-Diagonalization: matrix: Gemm                 0.02                0.00

5-Functional                                        4.83                0.37
-----------------------------------------------------------------------------
  5-Functional: apply gradient                      0.97                0.07
  5-Functional: libxc                               2.95                0.23
  5-Functional: vxc                                 4.81                0.37
  5-Functional: vxc grad                            3.19                0.25
  5-Functional: vxc local                           1.58                0.12
  5-Functional: vxc nonlocal                        0.00                0.00

6-Davidson                                          2.49                0.19
-----------------------------------------------------------------------------
  6-Davidson: Betaxpsi                              0.16                0.01
  6-Davidson: apply hamiltonian                     0.55                0.04
  6-Davidson: diagonalization                       0.08                0.01
  6-Davidson: generate residuals                    0.15                0.01
  6-Davidson: matrix setup/reduce                   0.36                0.03
  6-Davidson: normalization                         0.10                0.01
  6-Davidson: precondition                          1.03                0.08
  6-Davidson: refresh h_psi and s_psi               0.01                0.00
  6-Davidson: reset hr,sr,vr                        0.00                0.00
  6-Davidson: rotate orbitals                       0.05                0.00

AppNls                                              0.10                0.01
-----------------------------------------------------------------------------
  AppNls: data_rearrange                            0.00                0.00
  ---------------------------------------------------------------------------
    AppNls: data_rearrange: alloc and zeros           0.00                0.00
    AppNls: data_rearrange: dnm                     0.00                0.00
    AppNls: data_rearrange: sint                    0.00                0.00
  AppNls: nv                                        0.07                0.01
  AppNls: nv_work                                   0.00                0.00

App_gradient                                        0.92                0.07

ApplyAOperator                                      0.05                0.00

CPUFD                                               0.02                0.00

Compute Hpsi                                        0.07                0.01
-----------------------------------------------------------------------------
  Compute Hpsi: AppNls                              0.01                0.00
  Compute Hpsi: Threaded Apply H                    0.06                0.00

GlobalSums                                          0.39                0.03

Init                                                1.34                0.10

Init Voronoi                                        0.02                0.00

Mix rho                                             1.42                0.11
-----------------------------------------------------------------------------
  Mix rho: Linear                                   0.39                0.03
  Mix rho: Pulay                                    0.81                0.06

Orbital                                             0.01                0.00
-----------------------------------------------------------------------------
  Orbital: phase and set                            0.01                0.00
  Orbital: proj cal                                 0.01                0.00
  Trade images: trade_images                        0.00                0.00
  Trade images: trade_imagesx                       0.44                0.03

VhPfft                                              2.95                0.23

Weight                                              0.02                0.00

radial beta                                         0.14                0.01


------------------------- TIMING INFORMATION FOR THREADS  -------------------

                                           Min            Max            Avg
ApplyAOperator                             0.79           0.79           0.79
-----------------------------------------------------------------------------

CPUFD                                      0.29           0.29           0.29
-----------------------------------------------------------------------------

GlobalSums                                 0.27           0.27           0.27
-----------------------------------------------------------------------------

Mg_eig                                     0.66           0.66           0.66
-----------------------------------------------------------------------------
  Mg_eig: apply hamiltonian                0.34           0.34           0.34
  Mg_eig: mgrid_solv                       0.21           0.21           0.21
  Trade images: trade_images               0.65           0.65           0.65
  Trade images: trade_imagesx              0.53           0.53           0.53
