RMG initialization ... 1 image(s) total, 1 per node. 12 MPI processes/image. Thread level 2.
FFT-FD  0.000000e+00   1.153549e-04
FFT-FD  1.000000e+00   1.153549e-04
IP=0 M = 0.000000e+00  -inf  1.153549e-04
FFT-FD  0.000000e+00   5.750471e-04
FFT-FD  1.000000e+00   5.750471e-04
IP=1 M = 0.000000e+00  -inf  5.750471e-04
FFT-FD  0.000000e+00   5.750471e-04
FFT-FD  1.000000e+00   5.750471e-04
IP=2 M = 0.000000e+00  -inf  5.750471e-04
FFT-FD  0.000000e+00   5.750471e-04
FFT-FD  1.000000e+00   5.750471e-04
IP=3 M = 0.000000e+00  -inf  5.750471e-04
FFT-FD  0.000000e+00   9.930365e-04
FFT-FD  1.000000e+00   9.930365e-04
IP=4 M = 0.000000e+00  -inf  9.930365e-04
FFT-FD  0.000000e+00   9.930365e-04
FFT-FD  1.000000e+00   9.930365e-04
IP=5 M = 0.000000e+00  -inf  9.930365e-04
FFT-FD  0.000000e+00   3.112157e-03
FFT-FD  1.000000e+00   3.112157e-03
IP=6 M = 0.000000e+00  -inf  3.112157e-03
FFT-FD  0.000000e+00   9.930365e-04
FFT-FD  1.000000e+00   9.930365e-04
IP=7 M = 0.000000e+00  -inf  9.930365e-04
FFT-FD  0.000000e+00   3.112157e-03
FFT-FD  1.000000e+00   3.112157e-03
IP=8 M = 0.000000e+00  -inf  3.112157e-03
FFT-FD  0.000000e+00   2.725183e-05
FFT-FD  1.000000e+00   2.725183e-05
IP=9 M = 0.000000e+00  -inf  2.725183e-05
NEWCFAC = 0.000000  0.000000


                     * * * * * * * * * *
                     *    R   M   G    *
                     * * * * * * * * * *

     -- A Real Space Multigrid Electronic structure code --
     --      More information at www.rmgdft.org          --

Code Revision:     5.0.0_beta1_111_gca5c3507
Build Date:        Feb 22 2023  21:48:37
Start time:        Sun Feb 26 21:03:10 2023

NOTICE: RMG internal pseudopotentials have switched to
ONCVP from Ultrasoft. You can revert to Ultrasoft by
adding the input tag internal_pseudo_type="ultrasoft" to
your input files.


Files
   Control input file:        input1
   Data output file:          /dev/null

Run Setup
    Calculation type:         Quench electrons - Fixed ions SCF calculation
    Description:              Ni atom test cell
    Orbital Initialization:   LCAO (10 LCAO and 0 random orbitals)
    Exchange Correlation:     pbe
    Spin Polarization:        ON
    System charge:            Neutral

Processor Topology
   Total PEs:                 6
   X direction:               3
   Y direction:               2
   Z direction:               1
   MG Threads/PE:             1
   OMP Threads/PE:            1

Grid Points  (Linear Anisotropy: 1.000)
    X:  Total: 56   Per PE: 19   Spacing:0.281 a0  
    Y:  Total: 56   Per PE: 28   Spacing:0.281 a0  
    Z:  Total: 56   Per PE: 56   Spacing:0.281 a0  

    Equivalent energy cutoffs (psi,rho):   124.578    498.313 Ry

    Charge density grid:         2 times finer

Coordinate planes
  Planar Anisotropy: 1.000
  A0-A1 density:    12.622
  A0-A2 density:    12.622
  A1-A2 density:    12.622


Lattice (Cell) Setup
    Type:                       Cubic_primitive
    Volume (a0^3):               3916.07
    Boundary conditions:        Periodic

    X Basis Vector:      15.762       0.000       0.000 a0
    Y Basis Vector:       0.000      15.762       0.000 a0
    Z Basis Vector:       0.000       0.000      15.762 a0
    X Reci Vector:       0.063      -0.000       0.000 a0
    Y Reci Vector:       0.000       0.063       0.000 a0
    Z Reci Vector:       0.000      -0.000       0.063 a0

K-points
    Gamma Point Only (real orbitals)

Atoms and States
    Number of ions:                          1
    Number of species:                       1
    Number of spin up states:                18
    Number of spin down states:              18

Run Parameters
    SCF Convergence criterion (potential):   1.00e-08
    SCF Convergence criterion (energy):      1.00e-08
    Max SCF steps:                           100

SCF Cycle Settings
    Charge density mixing:                   Pulay  (Order:5 Scale:0.20 Refresh:100)
    Hartree Solver:                          PFFT
    Interpolation type:                      FFT

Subspace Diagonalization Options
    Frequency:                               every 1 SCF step(s)
    Driver:                                  ScaLapack
    Initial diagonalization:                 ON
    Folded spectrum:                         OFF

Filtering Cutoff  Parameters
    Wavefunction grid (cparm):               0.800
    Charge density grid (rhocparm):          1.000
    Filter factor:                           1.000

Multigrid (MG) Parameters
    Psi MG levels:                           3
    Psi global step:                         0.660 
    Psi pre:                                 2
    Psi post:                                2

Davidson Parameters
    Davidson multiplier:                     4
    Davidson max step:                       8
    Davidson unocc tol factor:               1000.000

Blas Libraries
    CPU support with openblas-parallel.


Atomic Species Information
(PP = Pseudopotential, US = Ultrasoft, NC = Norm Conserving)
-------------------------------------------------------------------------
|Index|Symbol| Mass|Valence| PP |  Comp  |Local| Local|Nlocal|    PP    |
|     |      |     |       |Type|Gaussian|  l  |Radius|Radius|Functional|
-------------------------------------------------------------------------
|    1|    Ni| 58.0|  18.00|  NC|    0.66|   -1| 10.00|  7.00|       PBE|
-------------------------------------------------------------------------

Pseudopotential generation information:
  Ni pseudopotential file: ./@Internal
      Generation info     : Generated using ONCVPSP code by D. R. Hamann
      Author info         : anonymous


Memory usage (Mbytes):     Min        Max       Total
    wave functions         16.26      17.16     202.32
    beta-functions          8.13       8.58      50.59



Initial Ionic Positions And Displacements (Bohr)
Species      X           Y           Z           dX          dY          dZ
  Ni       0.0000      0.0000      0.0000      0.0000      0.0000      0.0000


Initial Ionic Positions And Displacements (Angstrom)
Species      X           Y           Z           dX          dY          dZ
  Ni       0.0000      0.0000      0.0000      0.0000      0.0000      0.0000

Diagonalization using scalapack for step=0  count=0



KOHN SHAM EIGENVALUES [eV] AT K-POINT [  0]:       0.000000      0.000000      0.000000


------------- SPIN UP ---------------

[kpt   0  -1   0]   -111.4114 [1.000]   -71.7659 [1.000]   -71.7659 [1.000]   -71.7659 [1.000]    -9.2086 [1.000]
[kpt   0  -1   1]    -9.2086 [1.000]    -9.1474 [1.000]    -9.1474 [1.000]    -9.1474 [1.000]    -5.2970 [1.000]
[kpt   0  -1   2]   353.8916 [0.000]   732.9074 [0.000]   749.0589 [0.000]   829.3503 [0.000]   888.6598 [0.000]
[kpt   0  -1   3]   896.8897 [0.000]   946.7204 [0.000]   990.0948 [0.000]

------------ SPIN DOWN --------------

[kpt   0  -1   0]   -109.3435 [1.000]   -69.6741 [1.000]   -69.6741 [1.000]   -69.6741 [1.000]    -7.3976 [0.600]
[kpt   0  -1   1]    -7.3976 [0.600]    -7.3360 [0.600]    -7.3360 [0.600]    -7.3360 [0.600]    -4.8711 [1.000]
[kpt   0  -1   2]   353.9484 [0.000]   732.9701 [0.000]   749.1023 [0.000]   829.4177 [0.000]   888.7188 [0.000]
[kpt   0  -1   3]   896.9452 [0.000]   946.7752 [0.000]   990.1480 [0.000]


Charge normalization constant: 1.000000
Charge density mixing: Linear with a constant of 0.20 

 charge density is NEGATIVE after interpolation, minimum is -3.560421e-04
 minimum charge density with core charge added is -3.560435e-04

Diagonalization using scalapack for step=0  count=1


FERMI ENERGY =     -4.89339921 eV
@@ EIGENVALUE SUM     =      -26.593870 Ha
@@ ION_ION            =      -29.161043 Ha
@@ ELECTROSTATIC      =     -113.674865 Ha
@@ VXC                =      -22.000676 Ha
@@ EXC                =      -21.564937 Ha
@@ TOTAL ENERGY       =     -168.994039 Ha
@@ estimated error    =   ****************
@@ TOTAL MAGNETIZATION    =   2.00000000 Bohr mag/cell
@@ ABSOLUTE MAGNETIZATION =   2.00101348 Bohr mag/cell
Charge normalization constant: 1.000000
Charge density mixing: Linear with a constant of 0.20 

 charge density is NEGATIVE after interpolation, minimum is -8.249016e-04
 minimum charge density with core charge added is -8.249031e-04
WriteRestart: Output file given as /dev/null, no restart data written ...


KOHN SHAM EIGENVALUES [eV] AT K-POINT [  0]:       0.000000      0.000000      0.000000


------------- SPIN UP ---------------

[kpt   0   0   0]   -111.4256 [1.000]   -71.7882 [1.000]   -71.7882 [1.000]   -71.7882 [1.000]    -9.2483 [1.000]
[kpt   0   0   1]    -9.2482 [1.000]    -9.1847 [1.000]    -9.1847 [1.000]    -9.1847 [1.000]    -5.3087 [1.000]
[kpt   0   0   2]     1.1908 [0.000]    15.1818 [0.000]    17.1298 [0.000]    18.5253 [0.000]    25.7225 [0.000]
[kpt   0   0   3]    31.9865 [0.000]    37.5624 [0.000]    44.9648 [0.000]

------------ SPIN DOWN --------------

[kpt   0   0   0]   -109.3852 [1.000]   -69.7098 [1.000]   -69.7098 [1.000]   -69.7098 [1.000]    -7.3964 [0.600]
[kpt   0   0   1]    -7.3963 [0.600]    -7.3460 [0.600]    -7.3459 [0.600]    -7.3459 [0.600]    -4.8934 [1.000]
[kpt   0   0   2]     1.2473 [0.000]    15.2339 [0.000]    17.1697 [0.000]    18.5866 [0.000]    25.7777 [0.000]
[kpt   0   0   3]    32.0488 [0.000]    37.6363 [0.000]    45.0449 [0.000]



Total charge in supercell =      18.00000000
 quench: [md:   0/10  scf:   0/100  step time:   0.66  scf time:     0.68 secs  RMS[dV]: 6.65e-03 ]


average potential <V> = 4.35e-16

Diagonalization using scalapack for step=1  count=2


FERMI ENERGY =     -4.91260622 eV
@@ EIGENVALUE SUM     =      -26.606439 Ha
@@ ION_ION            =      -29.161043 Ha
@@ ELECTROSTATIC      =     -113.662865 Ha
@@ VXC                =      -22.001313 Ha
@@ EXC                =      -21.565791 Ha
@@ TOTAL ENERGY       =     -168.994824 Ha
@@ estimated error    =        6.02e-05 Ha
@@ TOTAL MAGNETIZATION    =   2.00000000 Bohr mag/cell
@@ ABSOLUTE MAGNETIZATION =   2.00277450 Bohr mag/cell
Charge normalization constant: 1.000000
Charge density mixing: Linear with a constant of 0.20 

 charge density is NEGATIVE after interpolation, minimum is -1.310749e-03
 minimum charge density with core charge added is -1.310755e-03
 quench: [md:   0/10  scf:   1/100  step time:   0.61  scf time:     1.29 secs  RMS[dV]: 6.46e-03 ]


average potential <V> = 4.14e-15

Diagonalization using scalapack for step=2  count=3


FERMI ENERGY =     -4.92898604 eV
@@ EIGENVALUE SUM     =      -26.612435 Ha
@@ ION_ION            =      -29.161043 Ha
@@ ELECTROSTATIC      =     -113.657323 Ha
@@ VXC                =      -22.003091 Ha
@@ EXC                =      -21.567510 Ha
@@ TOTAL ENERGY       =     -168.995220 Ha
@@ estimated error    =        5.99e-05 Ha
@@ TOTAL MAGNETIZATION    =   2.00000000 Bohr mag/cell
@@ ABSOLUTE MAGNETIZATION =   2.00465606 Bohr mag/cell
Charge normalization constant: 1.000000
Charge density mixing: Linear with a constant of 0.20 

 charge density is NEGATIVE after interpolation, minimum is -1.708705e-03
 minimum charge density with core charge added is -1.708710e-03
 quench: [md:   0/10  scf:   2/100  step time:   0.61  scf time:     1.90 secs  RMS[dV]: 4.32e-03 ]


average potential <V> = -3.31e-15

Diagonalization using scalapack for step=3  count=4


FERMI ENERGY =     -4.94334634 eV
@@ EIGENVALUE SUM     =      -26.613772 Ha
@@ ION_ION            =      -29.161043 Ha
@@ ELECTROSTATIC      =     -113.656468 Ha
@@ VXC                =      -22.005449 Ha
@@ EXC                =      -21.569629 Ha
@@ TOTAL ENERGY       =     -168.995463 Ha
@@ estimated error    =        5.27e-05 Ha
@@ TOTAL MAGNETIZATION    =   2.00000000 Bohr mag/cell
@@ ABSOLUTE MAGNETIZATION =   2.00653248 Bohr mag/cell
Charge normalization constant: 1.000000
Charge density mixing: Linear with a constant of 0.20 

 charge density is NEGATIVE after interpolation, minimum is -2.044854e-03
 minimum charge density with core charge added is -2.044851e-03
 quench: [md:   0/10  scf:   3/100  step time:   0.60  scf time:     2.51 secs  RMS[dV]: 3.20e-03 ]


average potential <V> = 2.59e-16
Davidson converged in 7 steps

FERMI ENERGY =     -4.95589461 eV
@@ EIGENVALUE SUM     =      -26.613157 Ha
@@ ION_ION            =      -29.161043 Ha
@@ ELECTROSTATIC      =     -113.657626 Ha
@@ VXC                =      -22.007876 Ha
@@ EXC                =      -21.571749 Ha
@@ TOTAL ENERGY       =     -168.995698 Ha
@@ estimated error    =        4.23e-05 Ha
@@ TOTAL MAGNETIZATION    =   2.00000000 Bohr mag/cell
@@ ABSOLUTE MAGNETIZATION =   2.00828646 Bohr mag/cell
Charge normalization constant: 1.000000
Charge density mixing: Pulay

 charge density is NEGATIVE after interpolation, minimum is -2.388550e-03
 minimum charge density with core charge added is -2.388547e-03
 quench: [md:   0/10  scf:   4/100  step time:   0.93  scf time:     3.44 secs  RMS[dV]: 2.79e-03 ]


average potential <V> = 3.17e-15
Davidson converged in 1 steps

FERMI ENERGY =     -4.96858417 eV
@@ EIGENVALUE SUM     =      -26.612218 Ha
@@ ION_ION            =      -29.161043 Ha
@@ ELECTROSTATIC      =     -113.658978 Ha
@@ VXC                =      -22.010405 Ha
@@ EXC                =      -21.573898 Ha
@@ TOTAL ENERGY       =     -168.995732 Ha
@@ estimated error    =        3.97e-05 Ha
@@ TOTAL MAGNETIZATION    =   2.00000000 Bohr mag/cell
@@ ABSOLUTE MAGNETIZATION =   2.01001428 Bohr mag/cell
Charge normalization constant: 1.000000
Charge density mixing: Pulay

 charge density is NEGATIVE after interpolation, minimum is -3.821510e-03
 minimum charge density with core charge added is -3.821506e-03


KOHN SHAM EIGENVALUES [eV] AT K-POINT [  0]:       0.000000      0.000000      0.000000


------------- SPIN UP ---------------

[kpt   0   5   0]   -111.4112 [1.000]   -71.8065 [1.000]   -71.8065 [1.000]   -71.8064 [1.000]    -9.3348 [1.000]
[kpt   0   5   1]    -9.3346 [1.000]    -9.2777 [1.000]    -9.2777 [1.000]    -9.2776 [1.000]    -5.3486 [1.000]
[kpt   0   5   2]    -0.7594 [0.000]    -0.7592 [0.000]    -0.7590 [0.000]     0.0040 [0.000]     1.3893 [0.000]
[kpt   0   5   3]     1.3902 [0.000]     2.6054 [0.000]     2.6108 [0.000]

------------ SPIN DOWN --------------

[kpt   0   5   0]   -109.3914 [1.000]   -69.7109 [1.000]   -69.7108 [1.000]   -69.7108 [1.000]    -7.3294 [0.600]
[kpt   0   5   1]    -7.3293 [0.600]    -7.3293 [0.600]    -7.3237 [0.600]    -7.3234 [0.600]    -4.9686 [1.000]
[kpt   0   5   2]    -0.5782 [0.000]    -0.5779 [0.000]    -0.5775 [0.000]     0.0597 [0.000]     1.4283 [0.000]
[kpt   0   5   3]     1.4293 [0.000]     2.6711 [0.000]     2.6835 [0.000]



Total charge in supercell =      18.00000000
 quench: [md:   0/10  scf:   5/100  step time:   0.60  scf time:     4.03 secs  RMS[dV]: 2.15e-03 ]


average potential <V> = 2.74e-15
Davidson converged in 4 steps

FERMI ENERGY =     -5.02461988 eV
@@ EIGENVALUE SUM     =      -26.620831 Ha
@@ ION_ION            =      -29.161043 Ha
@@ ELECTROSTATIC      =     -113.651509 Ha
@@ VXC                =      -22.019804 Ha
@@ EXC                =      -21.581940 Ha
@@ TOTAL ENERGY       =     -168.995519 Ha
@@ estimated error    =        2.32e-05 Ha
@@ TOTAL MAGNETIZATION    =   2.00000000 Bohr mag/cell
@@ ABSOLUTE MAGNETIZATION =   2.05136683 Bohr mag/cell
Charge normalization constant: 1.000000
Charge density mixing: Pulay

 charge density is NEGATIVE after interpolation, minimum is -3.837763e-03
 minimum charge density with core charge added is -3.837760e-03
 quench: [md:   0/10  scf:   6/100  step time:   0.67  scf time:     4.70 secs  RMS[dV]: 6.41e-03 ]


average potential <V> = 1.24e-15
Davidson converged in 1 steps

FERMI ENERGY =     -5.02731706 eV
@@ EIGENVALUE SUM     =      -26.628264 Ha
@@ ION_ION            =      -29.161043 Ha
@@ ELECTROSTATIC      =     -113.643893 Ha
@@ VXC                =      -22.018832 Ha
@@ EXC                =      -21.581146 Ha
@@ TOTAL ENERGY       =     -168.995513 Ha
@@ estimated error    =        1.40e-05 Ha
@@ TOTAL MAGNETIZATION    =   2.00000000 Bohr mag/cell
@@ ABSOLUTE MAGNETIZATION =   2.05348559 Bohr mag/cell
Charge normalization constant: 1.000000
Charge density mixing: Pulay

 charge density is NEGATIVE after interpolation, minimum is -3.811697e-03
 minimum charge density with core charge added is -3.811693e-03
 quench: [md:   0/10  scf:   7/100  step time:   0.53  scf time:     5.23 secs  RMS[dV]: 8.72e-04 ]


average potential <V> = -9.01e-16
Davidson converged in 3 steps

FERMI ENERGY =     -5.03455873 eV
@@ EIGENVALUE SUM     =      -26.657653 Ha
@@ ION_ION            =      -29.161043 Ha
@@ ELECTROSTATIC      =     -113.613714 Ha
@@ VXC                =      -22.014272 Ha
@@ EXC                =      -21.577384 Ha
@@ TOTAL ENERGY       =     -168.995521 Ha
@@ estimated error    =        8.99e-06 Ha
@@ TOTAL MAGNETIZATION    =   2.00000000 Bohr mag/cell
@@ ABSOLUTE MAGNETIZATION =   2.05940822 Bohr mag/cell
Charge normalization constant: 1.000000
Charge density mixing: Pulay

 charge density is NEGATIVE after interpolation, minimum is -3.792018e-03
 minimum charge density with core charge added is -3.792014e-03
 quench: [md:   0/10  scf:   8/100  step time:   0.71  scf time:     5.93 secs  RMS[dV]: 3.31e-03 ]


average potential <V> = 4.45e-16
Davidson converged in 2 steps

FERMI ENERGY =     -5.03611507 eV
@@ EIGENVALUE SUM     =      -26.667404 Ha
@@ ION_ION            =      -29.161043 Ha
@@ ELECTROSTATIC      =     -113.603667 Ha
@@ VXC                =      -22.012618 Ha
@@ EXC                =      -21.576034 Ha
@@ TOTAL ENERGY       =     -168.995529 Ha
@@ estimated error    =        5.80e-06 Ha
@@ TOTAL MAGNETIZATION    =   2.00000000 Bohr mag/cell
@@ ABSOLUTE MAGNETIZATION =   2.05907363 Bohr mag/cell
Charge normalization constant: 1.000000
Charge density mixing: Pulay

 charge density is NEGATIVE after interpolation, minimum is -3.780253e-03
 minimum charge density with core charge added is -3.780250e-03
 quench: [md:   0/10  scf:   9/100  step time:   0.57  scf time:     6.51 secs  RMS[dV]: 2.31e-04 ]


average potential <V> = 3.09e-15
Davidson converged in 2 steps

FERMI ENERGY =     -5.03372085 eV
@@ EIGENVALUE SUM     =      -26.652985 Ha
@@ ION_ION            =      -29.161043 Ha
@@ ELECTROSTATIC      =     -113.618548 Ha
@@ VXC                =      -22.014945 Ha
@@ EXC                =      -21.577902 Ha
@@ TOTAL ENERGY       =     -168.995534 Ha
@@ estimated error    =        1.63e-05 Ha
@@ TOTAL MAGNETIZATION    =   2.00000000 Bohr mag/cell
@@ ABSOLUTE MAGNETIZATION =   2.06237906 Bohr mag/cell
Charge normalization constant: 1.000000
Charge density mixing: Pulay

 charge density is NEGATIVE after interpolation, minimum is -3.781678e-03
 minimum charge density with core charge added is -3.781675e-03


KOHN SHAM EIGENVALUES [eV] AT K-POINT [  0]:       0.000000      0.000000      0.000000


------------- SPIN UP ---------------

[kpt   0  10   0]   -111.4805 [1.000]   -71.8900 [1.000]   -71.8900 [1.000]   -71.8899 [1.000]    -9.4440 [1.000]
[kpt   0  10   1]    -9.4439 [1.000]    -9.3846 [1.000]    -9.3846 [1.000]    -9.3846 [1.000]    -5.3792 [1.000]
[kpt   0  10   2]    -0.7743 [0.000]    -0.7743 [0.000]    -0.7741 [0.000]    -0.0888 [0.000]     1.3293 [0.000]
[kpt   0  10   3]     1.3293 [0.000]     2.4999 [0.000]     2.5014 [0.000]

------------ SPIN DOWN --------------

[kpt   0  10   0]   -109.4325 [1.000]   -69.7475 [1.000]   -69.7475 [1.000]   -69.7475 [1.000]    -7.3502 [0.600]
[kpt   0  10   1]    -7.3502 [0.600]    -7.3501 [0.600]    -7.2954 [0.600]    -7.2953 [0.600]    -5.0337 [1.000]
[kpt   0  10   2]    -0.6490 [0.000]    -0.6490 [0.000]    -0.6487 [0.000]    -0.0792 [0.000]     1.3039 [0.000]
[kpt   0  10   3]     1.3040 [0.000]     2.5263 [0.000]     2.5309 [0.000]



Total charge in supercell =      18.00000000
 quench: [md:   0/10  scf:  10/100  step time:   0.62  scf time:     7.12 secs  RMS[dV]: 2.52e-03 ]


average potential <V> = 9.32e-17
Davidson converged in 2 steps

FERMI ENERGY =     -5.03331101 eV
@@ EIGENVALUE SUM     =      -26.648232 Ha
@@ ION_ION            =      -29.161043 Ha
@@ ELECTROSTATIC      =     -113.623442 Ha
@@ VXC                =      -22.015790 Ha
@@ EXC                =      -21.578609 Ha
@@ TOTAL ENERGY       =     -168.995536 Ha
@@ estimated error    =        3.35e-06 Ha
@@ TOTAL MAGNETIZATION    =   2.00000000 Bohr mag/cell
@@ ABSOLUTE MAGNETIZATION =   2.06310000 Bohr mag/cell
Charge normalization constant: 1.000000
Charge density mixing: Pulay

 charge density is NEGATIVE after interpolation, minimum is -3.785477e-03
 minimum charge density with core charge added is -3.785474e-03
 quench: [md:   0/10  scf:  11/100  step time:   0.61  scf time:     7.73 secs  RMS[dV]: 9.25e-04 ]


average potential <V> = -2.07e-15
Davidson converged in 3 steps

FERMI ENERGY =     -5.03317143 eV
@@ EIGENVALUE SUM     =      -26.644132 Ha
@@ ION_ION            =      -29.161043 Ha
@@ ELECTROSTATIC      =     -113.627666 Ha
@@ VXC                =      -22.016555 Ha
@@ EXC                =      -21.579251 Ha
@@ TOTAL ENERGY       =     -168.995536 Ha
@@ estimated error    =        7.06e-07 Ha
@@ TOTAL MAGNETIZATION    =   2.00000000 Bohr mag/cell
@@ ABSOLUTE MAGNETIZATION =   2.06452691 Bohr mag/cell
Charge normalization constant: 1.000000
Charge density mixing: Pulay

 charge density is NEGATIVE after interpolation, minimum is -3.785631e-03
 minimum charge density with core charge added is -3.785628e-03
 quench: [md:   0/10  scf:  12/100  step time:   0.94  scf time:     8.67 secs  RMS[dV]: 1.16e-03 ]



 Convergence criterion reached: Energy variation (6.31e-09) is lower than threshold (1.00e-08)

potential convergence has been achieved. stopping ...

[   0  13   13       10 ] Quench.cpp: final total energy =    -168.99553643 Ha


KOHN SHAM EIGENVALUES [eV] AT K-POINT [  0]:       0.000000      0.000000      0.000000


------------- SPIN UP ---------------

[kpt   0  13   0]   -111.4614 [1.000]   -71.8727 [1.000]   -71.8727 [1.000]   -71.8726 [1.000]    -9.4324 [1.000]
[kpt   0  13   1]    -9.4324 [1.000]    -9.3725 [1.000]    -9.3725 [1.000]    -9.3725 [1.000]    -5.3787 [1.000]
[kpt   0  13   2]    -0.7741 [0.000]    -0.7741 [0.000]    -0.7738 [0.000]    -0.0997 [0.000]     1.3284 [0.000]
[kpt   0  13   3]     1.3285 [0.000]     2.4875 [0.000]     2.4883 [0.000]

------------ SPIN DOWN --------------

[kpt   0  13   0]   -109.4131 [1.000]   -69.7304 [1.000]   -69.7304 [1.000]   -69.7303 [1.000]    -7.3393 [0.600]
[kpt   0  13   1]    -7.3393 [0.600]    -7.3392 [0.600]    -7.2793 [0.600]    -7.2793 [0.600]    -5.0332 [1.000]
[kpt   0  13   2]    -0.6505 [0.000]    -0.6505 [0.000]    -0.6502 [0.000]    -0.0961 [0.000]     1.2966 [0.000]
[kpt   0  13   3]     1.2966 [0.000]     2.5084 [0.000]     2.5109 [0.000]



Total charge in supercell =      18.00000000
 volume and energy per atom =       580.30177636      -4598.60252058 eV

 Vdd took 0.000805 seconds
WriteRestart: Output file given as /dev/null, no restart data written ...



  IONIC POSITIONS [a0] AND FORCES [Ha/a0]
  Charge analysis using: Voronoi Deformation Density

@ION  Ion  Species       X           Y           Z       Charge       FX          FY         FZ      Movable
@ION    1    Ni      0.0000000   0.0000000   0.0000000   -0.000   -0.0000104   0.0000212  -0.0000137  1 1 1

 mean FX      =   0.00001042 Ha/a0
 mean FY      =   0.00002123 Ha/a0
 mean FZ      =   0.00001372 Ha/a0

 max FX       =   0.00001042 Ha/a0   (ion 1)
 max FY       =   0.00002123 Ha/a0   (ion 1)
 max FZ       =   0.00001372 Ha/a0   (ion 1)
 max F[x,y,z] =   0.00002123 Ha/a0
 max |F|      =   0.00002734 Ha/a0   (ion 1)

 sum FX       =  -0.00001042 Ha/a0
 sum FY       =   0.00002123 Ha/a0
 sum FZ       =  -0.00001372 Ha/a0
 Average      =   0.00001512 Ha/a0
 sqrt < F^2 > =   0.00001579 Ha/a0

WriteRestart: Output file given as /dev/null, no restart data written ...


--------TIMING INFORMATION FOR Processor owned the most atoms----------------
                                        Total time               Per SCF/step

1-TOTAL                                            10.54                0.81
-----------------------------------------------------------------------------
  1-TOTAL: Init                                     1.51                0.12
  1-TOTAL: run                                      9.03                0.69
  ---------------------------------------------------------------------------
    1-TOTAL: run: Force                             0.35                0.03
    1-TOTAL: run: Scf steps                         8.65                0.67

2-Force                                             0.35                0.03
-----------------------------------------------------------------------------
  2-Force: core correction                          0.07                0.01
  2-Force: corrections                              0.07                0.01
  2-Force: ion-ion                                  0.02                0.00
  2-Force: local                                    0.07                0.01
  2-Force: non-local                                0.13                0.01
  2-Force: non-local-betaxpsi                       0.00                0.00
  2-Force: non-local-get gamma                      0.00                0.00
  2-Force: non-local-nlforce_par_Q                  0.05                0.00
  2-Force: non-local-nlforce_par_gamma              0.00                0.00
  2-Force: non-local-nlforce_par_omega              0.00                0.00
  2-Force: non-local-partial gamma                  0.00                0.00
  2-Force: non-local-veff grad                      0.05                0.00

2-Init                                              1.51                0.12
-----------------------------------------------------------------------------
  2-Init: GetNewRho                                 0.04                0.00
  2-Init: KpointClass                               0.62                0.05
  2-Init: LcaoGetPsi                                0.01                0.00
  2-Init: LcaoGetRho                                0.02                0.00
  2-Init: ReinitIonicPotentials                     0.06                0.00
  2-Init: betaxpsi                                  0.00                0.00
  2-Init: exchange/correlation                      0.32                0.02
  2-Init: hartree                                   0.04                0.00
  2-Init: normalization                             0.00                0.00
  2-Init: radial potentials                         0.20                0.02
  2-Init: subdiag                                   0.05                0.00
  2-Init: weights                                   0.04                0.00

2-Scf steps                                         8.65                0.67
-----------------------------------------------------------------------------
  2-Scf steps: Davidson                             1.48                0.11
  2-Scf steps: GetNewRho                            0.32                0.02
  2-Scf steps: Hartree                              0.61                0.05
  2-Scf steps: MgridSubspace                        0.70                0.05
  2-Scf steps: MixRho                               0.44                0.03
  2-Scf steps: exchange/correlation                 4.24                0.33

3-MgridSubspace                                     0.70                0.05
-----------------------------------------------------------------------------
  3-MgridSubspace: AppNls                           0.02                0.00
  3-MgridSubspace: Beta x psi                       0.06                0.00
  3-MgridSubspace: Diagonalization                  0.09                0.01
  3-MgridSubspace: Mg_eig                           0.53                0.04

3-ReinitIonicPotentials                             0.06                0.00
-----------------------------------------------------------------------------
  3-ReinitIonicPotentials: GetNlop                  0.00                0.00
  3-ReinitIonicPotentials: GetWeight                0.02                0.00
  3-ReinitIonicPotentials: get_QI                   0.00                0.00
  3-ReinitIonicPotentials: get_qqq                  0.00                0.00
  3-ReinitIonicPotentials: init_nuc                 0.04                0.00

4-Diagonalization                                   0.14                0.01
-----------------------------------------------------------------------------
  4-Diagonalization: ELPA/PDSYGVX/PZHEGVX           0.00                0.00
  4-Diagonalization: Hpsi                           0.09                0.01
  4-Diagonalization: MPI_Bcast                      0.00                0.00
  4-Diagonalization: Update orbitals                0.01                0.00
  ---------------------------------------------------------------------------
    4-Diagonalization: Update orbitals: gather           0.00                0.00
    4-Diagonalization: Update orbitals: gemm           0.01                0.00
  4-Diagonalization: matrix                         0.03                0.00
  ---------------------------------------------------------------------------
    4-Diagonalization: matrix: Allreduce            0.00                0.00
    4-Diagonalization: matrix: Gemm                 0.03                0.00

5-Functional                                        4.54                0.35
-----------------------------------------------------------------------------
  5-Functional: apply gradient                      0.63                0.05
  5-Functional: libxc                               2.78                0.21
  5-Functional: vxc                                 4.52                0.35
  5-Functional: vxc grad                            2.96                0.23
  5-Functional: vxc local                           1.55                0.12
  5-Functional: vxc nonlocal                        0.00                0.00

6-Davidson                                          1.48                0.11
-----------------------------------------------------------------------------
  6-Davidson: Betaxpsi                              0.09                0.01
  6-Davidson: apply hamiltonian                     0.35                0.03
  6-Davidson: diagonalization                       0.07                0.01
  6-Davidson: generate residuals                    0.08                0.01
  6-Davidson: matrix setup/reduce                   0.21                0.02
  6-Davidson: normalization                         0.02                0.00
  6-Davidson: precondition                          0.59                0.05
  6-Davidson: refresh h_psi and s_psi               0.01                0.00
  6-Davidson: reset hr,sr,vr                        0.00                0.00
  6-Davidson: rotate orbitals                       0.05                0.00

AppNls                                              0.08                0.01
-----------------------------------------------------------------------------
  AppNls: data_rearrange                            0.00                0.00
  ---------------------------------------------------------------------------
    AppNls: data_rearrange: alloc and zeros           0.00                0.00
    AppNls: data_rearrange: dnm                     0.00                0.00
    AppNls: data_rearrange: sint                    0.00                0.00
  AppNls: nv                                        0.06                0.00
  AppNls: nv_work                                   0.00                0.00

App_gradient                                        0.59                0.05

ApplyAOperator                                      0.03                0.00

CPUFD                                               0.01                0.00

Compute Hpsi                                        0.09                0.01
-----------------------------------------------------------------------------
  Compute Hpsi: AppNls                              0.01                0.00
  Compute Hpsi: Threaded Apply H                    0.07                0.01

GlobalSums                                          0.10                0.01

Init                                                0.89                0.07

Init Voronoi                                        0.02                0.00

Mix rho                                             0.46                0.04
-----------------------------------------------------------------------------
  Mix rho: Linear                                   0.12                0.01
  Mix rho: Pulay                                    0.32                0.02

Orbital                                             0.01                0.00
-----------------------------------------------------------------------------
  Orbital: phase and set                            0.01                0.00
  Orbital: proj cal                                 0.01                0.00
  Trade images: trade_images                        0.00                0.00
  Trade images: trade_imagesx                       0.15                0.01

VhPfft                                              0.59                0.05

Weight                                              0.02                0.00

radial beta                                         0.16                0.01


------------------------- TIMING INFORMATION FOR THREADS  -------------------

                                           Min            Max            Avg
ApplyAOperator                             0.61           0.61           0.61
-----------------------------------------------------------------------------

CPUFD                                      0.27           0.27           0.27
-----------------------------------------------------------------------------

GlobalSums                                 0.06           0.06           0.06
-----------------------------------------------------------------------------

Mg_eig                                     0.53           0.53           0.53
-----------------------------------------------------------------------------
  Mg_eig: apply hamiltonian                0.29           0.29           0.29
  Mg_eig: mgrid_solv                       0.14           0.14           0.14
  Trade images: trade_images               0.40           0.40           0.40
  Trade images: trade_imagesx              0.39           0.39           0.39
