RMG initialization ... 1 image(s) total, 1 per node. 16 MPI processes/image. Thread level 2.
FFT-FD  0.000000e+00   2.362139e-07
FFT-FD  1.000000e+00   2.362139e-07
IP=0 M = 0.000000e+00  -inf  2.362139e-07
FFT-FD  0.000000e+00   8.886079e-07
FFT-FD  1.000000e+00   8.886079e-07
IP=1 M = 0.000000e+00  -inf  8.886079e-07
FFT-FD  0.000000e+00   8.886079e-07
FFT-FD  1.000000e+00   8.886079e-07
IP=2 M = 0.000000e+00  -inf  8.886079e-07
FFT-FD  0.000000e+00   8.886071e-07
FFT-FD  1.000000e+00   8.886071e-07
IP=3 M = 0.000000e+00  -inf  8.886071e-07
FFT-FD  0.000000e+00   1.434842e-06
FFT-FD  1.000000e+00   1.434842e-06
IP=4 M = 0.000000e+00  -inf  1.434842e-06
FFT-FD  0.000000e+00   1.434841e-06
FFT-FD  1.000000e+00   1.434841e-06
IP=5 M = 0.000000e+00  -inf  1.434841e-06
FFT-FD  0.000000e+00   5.046246e-06
FFT-FD  1.000000e+00   5.046246e-06
IP=6 M = 0.000000e+00  -inf  5.046246e-06
FFT-FD  0.000000e+00   1.434841e-06
FFT-FD  1.000000e+00   1.434841e-06
IP=7 M = 0.000000e+00  -inf  1.434841e-06
FFT-FD  0.000000e+00   5.046251e-06
FFT-FD  1.000000e+00   5.046251e-06
IP=8 M = 0.000000e+00  -inf  5.046251e-06
FFT-FD  0.000000e+00   3.545057e-06
FFT-FD  1.000000e+00   3.545057e-06
IP=9 M = 0.000000e+00  -inf  3.545057e-06
NEWCFAC = 0.000000  0.000000


                     * * * * * * * * * *
                     *    R   M   G    *
                     * * * * * * * * * *

     -- A Real Space Multigrid Electronic structure code --
     --      More information at www.rmgdft.org          --

Code Revision:     5.0.0_beta1_111_gca5c3507
Build Date:        Feb 22 2023  21:48:37
Start time:        Sun Feb 26 21:05:49 2023

NOTICE: RMG internal pseudopotentials have switched to
ONCVP from Ultrasoft. You can revert to Ultrasoft by
adding the input tag internal_pseudo_type="ultrasoft" to
your input files.


Files
   Control input file:        input7
   Data output file:          /dev/null

Run Setup
    Calculation type:         Quench electrons - Fixed ions SCF calculation
    Description:              Ni atom test cell
    Orbital Initialization:   LCAO (10 LCAO and 0 random orbitals)
    Exchange Correlation:     pbe
    Spin Polarization:        ON
    System charge:            Neutral

Processor Topology
   Total PEs:                 8
   X direction:               2
   Y direction:               2
   Z direction:               2
   MG Threads/PE:             1
   OMP Threads/PE:            1

Grid Points  (Linear Anisotropy: 1.000)
    X:  Total: 104   Per PE: 52   Spacing:0.152 a0  
    Y:  Total: 104   Per PE: 52   Spacing:0.152 a0  
    Z:  Total: 104   Per PE: 52   Spacing:0.152 a0  

    Equivalent energy cutoffs (psi,rho):   429.668   1718.671 Ry

    Charge density grid:         2 times finer

Coordinate planes
  Planar Anisotropy: 1.000
  A0-A1 density:    43.534
  A0-A2 density:    43.534
  A1-A2 density:    43.534


Lattice (Cell) Setup
    Type:                       Cubic_primitive
    Volume (a0^3):               3916.07
    Boundary conditions:        Periodic

    X Basis Vector:      15.762       0.000       0.000 a0
    Y Basis Vector:       0.000      15.762       0.000 a0
    Z Basis Vector:       0.000       0.000      15.762 a0
    X Reci Vector:       0.063      -0.000       0.000 a0
    Y Reci Vector:       0.000       0.063       0.000 a0
    Z Reci Vector:       0.000      -0.000       0.063 a0

K-points
    Gamma Point Only (real orbitals)

Atoms and States
    Number of ions:                          1
    Number of species:                       1
    Number of spin up states:                18
    Number of spin down states:              18

Run Parameters
    SCF Convergence criterion (potential):   1.00e-08
    SCF Convergence criterion (energy):      1.00e-08
    Max SCF steps:                           100

SCF Cycle Settings
    Charge density mixing:                   Pulay  (Order:5 Scale:0.20 Refresh:100)
    Hartree Solver:                          PFFT
    Interpolation type:                      FFT

Subspace Diagonalization Options
    Frequency:                               every 1 SCF step(s)
    Driver:                                  ScaLapack
    Initial diagonalization:                 ON
    Folded spectrum:                         OFF

Filtering Cutoff  Parameters
    Wavefunction grid (cparm):               0.800
    Charge density grid (rhocparm):          1.000
    Filter factor:                           1.000

Multigrid (MG) Parameters
    Psi MG levels:                           3
    Psi global step:                         0.660 
    Psi pre:                                 2
    Psi post:                                2

Davidson Parameters
    Davidson multiplier:                     4
    Davidson max step:                       8
    Davidson unocc tol factor:               1000.000

Blas Libraries
    CPU support with openblas-parallel.


Atomic Species Information
(PP = Pseudopotential, US = Ultrasoft, NC = Norm Conserving)
-------------------------------------------------------------------------
|Index|Symbol| Mass|Valence| PP |  Comp  |Local| Local|Nlocal|    PP    |
|     |      |     |       |Type|Gaussian|  l  |Radius|Radius|Functional|
-------------------------------------------------------------------------
|    1|    Ni| 58.0|  18.00|  NC|    0.66|   -1| 10.00|  7.00|       PBE|
-------------------------------------------------------------------------

Pseudopotential generation information:
  Ni pseudopotential file: ./@Internal
      Generation info     : Generated using ONCVPSP code by D. R. Hamann
      Author info         : anonymous


Memory usage (Mbytes):     Min        Max       Total
    wave functions         80.99      80.99    1295.86
    beta-functions         40.50      40.50     323.98



Initial Ionic Positions And Displacements (Bohr)
Species      X           Y           Z           dX          dY          dZ
  Ni       0.0000      0.0000      0.0000      0.0000      0.0000      0.0000


Initial Ionic Positions And Displacements (Angstrom)
Species      X           Y           Z           dX          dY          dZ
  Ni       0.0000      0.0000      0.0000      0.0000      0.0000      0.0000

Diagonalization using scalapack for step=0  count=0



KOHN SHAM EIGENVALUES [eV] AT K-POINT [  0]:       0.000000      0.000000      0.000000


------------- SPIN UP ---------------

[kpt   0  -1   0]   -111.4084 [1.000]   -71.7523 [1.000]   -71.7523 [1.000]   -71.7523 [1.000]    -9.1199 [1.000]
[kpt   0  -1   1]    -9.1199 [1.000]    -9.1197 [1.000]    -9.1197 [1.000]    -9.1197 [1.000]    -5.2929 [1.000]
[kpt   0  -1   2]   1220.5134 [0.000]   2498.3482 [0.000]   2780.9040 [0.000]   2827.8984 [0.000]   2869.8957 [0.000]
[kpt   0  -1   3]   2930.4665 [0.000]   3032.6382 [0.000]   3125.9979 [0.000]

------------ SPIN DOWN --------------

[kpt   0  -1   0]   -109.3404 [1.000]   -69.6610 [1.000]   -69.6610 [1.000]   -69.6610 [1.000]    -7.3078 [0.600]
[kpt   0  -1   1]    -7.3078 [0.600]    -7.3076 [0.600]    -7.3076 [0.600]    -7.3076 [0.600]    -4.8670 [1.000]
[kpt   0  -1   2]   1220.5722 [0.000]   2498.3978 [0.000]   2780.9576 [0.000]   2827.9613 [0.000]   2869.9526 [0.000]
[kpt   0  -1   3]   2930.5230 [0.000]   3032.6986 [0.000]   3126.0553 [0.000]


Charge normalization constant: 1.000000
Charge density mixing: Linear with a constant of 0.20 

 charge density is NEGATIVE after interpolation, minimum is -2.342129e-07
 minimum charge density with core charge added is -2.359195e-07

Diagonalization using scalapack for step=0  count=1


FERMI ENERGY =     -4.89296713 eV
@@ EIGENVALUE SUM     =      -26.574791 Ha
@@ ION_ION            =      -29.161043 Ha
@@ ELECTROSTATIC      =     -113.675032 Ha
@@ VXC                =      -22.000171 Ha
@@ EXC                =      -21.564513 Ha
@@ TOTAL ENERGY       =     -168.975207 Ha
@@ estimated error    =   ****************
@@ TOTAL MAGNETIZATION    =   2.00000000 Bohr mag/cell
@@ ABSOLUTE MAGNETIZATION =   2.00000000 Bohr mag/cell
Charge normalization constant: 1.000000
Charge density mixing: Linear with a constant of 0.20 

 charge density is NEGATIVE after interpolation, minimum is -4.815660e-07
 minimum charge density with core charge added is -4.835148e-07
WriteRestart: Output file given as /dev/null, no restart data written ...


KOHN SHAM EIGENVALUES [eV] AT K-POINT [  0]:       0.000000      0.000000      0.000000


------------- SPIN UP ---------------

[kpt   0   0   0]   -111.4221 [1.000]   -71.7727 [1.000]   -71.7727 [1.000]   -71.7727 [1.000]    -9.1583 [1.000]
[kpt   0   0   1]    -9.1583 [1.000]    -9.1581 [1.000]    -9.1581 [1.000]    -9.1581 [1.000]    -5.3067 [1.000]
[kpt   0   0   2]     1.1163 [0.000]    14.5740 [0.000]    16.9160 [0.000]    20.4943 [0.000]    31.1176 [0.000]
[kpt   0   0   3]    34.9145 [0.000]    40.9765 [0.000]    54.0551 [0.000]

------------ SPIN DOWN --------------

[kpt   0   0   0]   -109.3816 [1.000]   -69.6935 [1.000]   -69.6935 [1.000]   -69.6935 [1.000]    -7.3149 [0.600]
[kpt   0   0   1]    -7.3148 [0.600]    -7.3146 [0.600]    -7.3146 [0.600]    -7.3146 [0.600]    -4.8930 [1.000]
[kpt   0   0   2]     1.1752 [0.000]    14.6319 [0.000]    16.9903 [0.000]    20.5408 [0.000]    31.1908 [0.000]
[kpt   0   0   3]    34.9604 [0.000]    41.0300 [0.000]    54.1004 [0.000]



Total charge in supercell =      18.00000000
 quench: [md:   0/10  scf:   0/100  step time:   3.48  scf time:     3.58 secs  RMS[dV]: 2.05e-03 ]


average potential <V> = 2.34e-15

Diagonalization using scalapack for step=1  count=2


FERMI ENERGY =     -4.91410596 eV
@@ EIGENVALUE SUM     =      -26.595379 Ha
@@ ION_ION            =      -29.161043 Ha
@@ ELECTROSTATIC      =     -113.654928 Ha
@@ VXC                =      -21.998851 Ha
@@ EXC                =      -21.563643 Ha
@@ TOTAL ENERGY       =     -168.976142 Ha
@@ estimated error    =        4.59e-05 Ha
@@ TOTAL MAGNETIZATION    =   2.00000000 Bohr mag/cell
@@ ABSOLUTE MAGNETIZATION =   2.00000000 Bohr mag/cell
Charge normalization constant: 1.000000
Charge density mixing: Linear with a constant of 0.20 

 charge density is NEGATIVE after interpolation, minimum is -6.576306e-07
 minimum charge density with core charge added is -6.594413e-07
 quench: [md:   0/10  scf:   1/100  step time:   3.51  scf time:     7.09 secs  RMS[dV]: 1.83e-03 ]


average potential <V> = -4.69e-15

Diagonalization using scalapack for step=2  count=3


FERMI ENERGY =     -4.93287369 eV
@@ EIGENVALUE SUM     =      -26.612464 Ha
@@ ION_ION            =      -29.161043 Ha
@@ ELECTROSTATIC      =     -113.638156 Ha
@@ VXC                =      -21.998116 Ha
@@ EXC                =      -21.563176 Ha
@@ TOTAL ENERGY       =     -168.976722 Ha
@@ estimated error    =        3.82e-05 Ha
@@ TOTAL MAGNETIZATION    =   2.00000000 Bohr mag/cell
@@ ABSOLUTE MAGNETIZATION =   2.00000000 Bohr mag/cell
Charge normalization constant: 1.000000
Charge density mixing: Linear with a constant of 0.20 

 charge density is NEGATIVE after interpolation, minimum is -7.733824e-07
 minimum charge density with core charge added is -7.750805e-07
 quench: [md:   0/10  scf:   2/100  step time:   3.33  scf time:    10.42 secs  RMS[dV]: 1.55e-03 ]


average potential <V> = -6.79e-17

Diagonalization using scalapack for step=3  count=4


FERMI ENERGY =     -4.94877061 eV
@@ EIGENVALUE SUM     =      -26.624664 Ha
@@ ION_ION            =      -29.161043 Ha
@@ ELECTROSTATIC      =     -113.626237 Ha
@@ VXC                =      -21.998008 Ha
@@ EXC                =      -21.563170 Ha
@@ TOTAL ENERGY       =     -168.977106 Ha
@@ estimated error    =        2.70e-05 Ha
@@ TOTAL MAGNETIZATION    =   2.00000000 Bohr mag/cell
@@ ABSOLUTE MAGNETIZATION =   2.00000000 Bohr mag/cell
Charge normalization constant: 1.000000
Charge density mixing: Linear with a constant of 0.20 

 charge density is NEGATIVE after interpolation, minimum is -8.542535e-07
 minimum charge density with core charge added is -8.594164e-07
 quench: [md:   0/10  scf:   3/100  step time:   3.27  scf time:    13.69 secs  RMS[dV]: 1.34e-03 ]


average potential <V> = 1.95e-15
Davidson incomplete convergence steps = 8

FERMI ENERGY =     -4.96238069 eV
@@ EIGENVALUE SUM     =      -26.632787 Ha
@@ ION_ION            =      -29.161043 Ha
@@ ELECTROSTATIC      =     -113.618549 Ha
@@ VXC                =      -21.998384 Ha
@@ EXC                =      -21.563528 Ha
@@ TOTAL ENERGY       =     -168.977522 Ha
@@ estimated error    =        1.93e-05 Ha
@@ TOTAL MAGNETIZATION    =   2.00000000 Bohr mag/cell
@@ ABSOLUTE MAGNETIZATION =   2.00000000 Bohr mag/cell
Charge normalization constant: 1.000000
Charge density mixing: Pulay

 charge density is NEGATIVE after interpolation, minimum is -9.335872e-07
 minimum charge density with core charge added is -9.402106e-07
 quench: [md:   0/10  scf:   4/100  step time:   4.05  scf time:    17.74 secs  RMS[dV]: 1.20e-03 ]


average potential <V> = 3.95e-16
Davidson converged in 7 steps

FERMI ENERGY =     -4.97456314 eV
@@ EIGENVALUE SUM     =      -26.632225 Ha
@@ ION_ION            =      -29.161043 Ha
@@ ELECTROSTATIC      =     -113.619584 Ha
@@ VXC                =      -22.000230 Ha
@@ EXC                =      -21.565036 Ha
@@ TOTAL ENERGY       =     -168.977658 Ha
@@ estimated error    =        2.42e-05 Ha
@@ TOTAL MAGNETIZATION    =   2.00000000 Bohr mag/cell
@@ ABSOLUTE MAGNETIZATION =   2.00000972 Bohr mag/cell
Charge normalization constant: 1.000000
Charge density mixing: Pulay

 charge density is NEGATIVE after interpolation, minimum is -1.221080e-06
 minimum charge density with core charge added is -1.231410e-06


KOHN SHAM EIGENVALUES [eV] AT K-POINT [  0]:       0.000000      0.000000      0.000000


------------- SPIN UP ---------------

[kpt   0   5   0]   -111.4950 [1.000]   -71.8660 [1.000]   -71.8659 [1.000]   -71.8659 [1.000]    -9.3021 [1.000]
[kpt   0   5   1]    -9.3021 [1.000]    -9.3018 [1.000]    -9.3018 [1.000]    -9.3017 [1.000]    -5.3389 [1.000]
[kpt   0   5   2]    -0.7396 [0.000]    -0.7395 [0.000]    -0.7394 [0.000]     0.0096 [0.000]     1.4085 [0.000]
[kpt   0   5   3]     1.4092 [0.000]     2.6108 [0.000]     2.6165 [0.000]

------------ SPIN DOWN --------------

[kpt   0   5   0]   -109.4781 [1.000]   -69.7675 [1.000]   -69.7673 [1.000]   -69.7673 [1.000]    -7.3347 [0.600]
[kpt   0   5   1]    -7.3346 [0.600]    -7.3346 [0.600]    -7.3345 [0.600]    -7.3345 [0.600]    -4.9746 [1.000]
[kpt   0   5   2]    -0.5751 [0.000]    -0.5744 [0.000]    -0.5742 [0.000]     0.0603 [0.000]     1.4352 [0.000]
[kpt   0   5   3]     1.4356 [0.000]     2.6689 [0.000]     2.6710 [0.000]



Total charge in supercell =      18.00000000
 quench: [md:   0/10  scf:   5/100  step time:   3.33  scf time:    21.07 secs  RMS[dV]: 1.06e-03 ]


average potential <V> = -3.38e-15
Davidson converged in 3 steps

FERMI ENERGY =     -5.02880576 eV
@@ EIGENVALUE SUM     =      -26.641493 Ha
@@ ION_ION            =      -29.161043 Ha
@@ ELECTROSTATIC      =     -113.611822 Ha
@@ VXC                =      -22.006751 Ha
@@ EXC                =      -21.570326 Ha
@@ TOTAL ENERGY       =     -168.977933 Ha
@@ estimated error    =        1.39e-05 Ha
@@ TOTAL MAGNETIZATION    =   2.00000000 Bohr mag/cell
@@ ABSOLUTE MAGNETIZATION =   2.03396934 Bohr mag/cell
Charge normalization constant: 1.000000
Charge density mixing: Pulay

 charge density is NEGATIVE after interpolation, minimum is -1.064548e-06
 minimum charge density with core charge added is -1.073942e-06
 quench: [md:   0/10  scf:   6/100  step time:   3.39  scf time:    24.46 secs  RMS[dV]: 3.09e-03 ]


average potential <V> = -9.87e-16
Davidson converged in 2 steps

FERMI ENERGY =     -5.03365376 eV
@@ EIGENVALUE SUM     =      -26.652162 Ha
@@ ION_ION            =      -29.161043 Ha
@@ ELECTROSTATIC      =     -113.600924 Ha
@@ VXC                =      -22.005468 Ha
@@ EXC                =      -21.569274 Ha
@@ TOTAL ENERGY       =     -168.977934 Ha
@@ estimated error    =        4.57e-06 Ha
@@ TOTAL MAGNETIZATION    =   2.00000000 Bohr mag/cell
@@ ABSOLUTE MAGNETIZATION =   2.03846734 Bohr mag/cell
Charge normalization constant: 1.000000
Charge density mixing: Pulay

 charge density is NEGATIVE after interpolation, minimum is -8.057405e-07
 minimum charge density with core charge added is -8.137571e-07
 quench: [md:   0/10  scf:   7/100  step time:   3.19  scf time:    27.64 secs  RMS[dV]: 1.51e-03 ]


average potential <V> = -3.50e-15
Davidson converged in 3 steps

FERMI ENERGY =     -5.03438509 eV
@@ EIGENVALUE SUM     =      -26.659894 Ha
@@ ION_ION            =      -29.161043 Ha
@@ ELECTROSTATIC      =     -113.592951 Ha
@@ VXC                =      -22.004083 Ha
@@ EXC                =      -21.568131 Ha
@@ TOTAL ENERGY       =     -168.977936 Ha
@@ estimated error    =        1.00e-06 Ha
@@ TOTAL MAGNETIZATION    =   2.00000000 Bohr mag/cell
@@ ABSOLUTE MAGNETIZATION =   2.03943222 Bohr mag/cell
Charge normalization constant: 1.000000
Charge density mixing: Pulay

 charge density is NEGATIVE after interpolation, minimum is -7.244736e-07
 minimum charge density with core charge added is -7.326680e-07
 quench: [md:   0/10  scf:   8/100  step time:   3.46  scf time:    31.10 secs  RMS[dV]: 1.72e-03 ]


average potential <V> = 2.38e-15
Davidson converged in 3 steps

FERMI ENERGY =     -5.03209101 eV
@@ EIGENVALUE SUM     =      -26.650030 Ha
@@ ION_ION            =      -29.161043 Ha
@@ ELECTROSTATIC      =     -113.603104 Ha
@@ VXC                =      -22.005614 Ha
@@ EXC                =      -21.569374 Ha
@@ TOTAL ENERGY       =     -168.977936 Ha
@@ estimated error    =        7.30e-07 Ha
@@ TOTAL MAGNETIZATION    =   2.00000000 Bohr mag/cell
@@ ABSOLUTE MAGNETIZATION =   2.03917682 Bohr mag/cell
Charge normalization constant: 1.000000
Charge density mixing: Pulay

 charge density is NEGATIVE after interpolation, minimum is -3.300882e-07
 minimum charge density with core charge added is -3.365412e-07
 quench: [md:   0/10  scf:   9/100  step time:   3.32  scf time:    34.41 secs  RMS[dV]: 4.83e-04 ]


average potential <V> = -1.64e-15
Davidson converged in 2 steps

FERMI ENERGY =     -5.03292971 eV
@@ EIGENVALUE SUM     =      -26.655752 Ha
@@ ION_ION            =      -29.161043 Ha
@@ ELECTROSTATIC      =     -113.597209 Ha
@@ VXC                =      -22.004640 Ha
@@ EXC                =      -21.568573 Ha
@@ TOTAL ENERGY       =     -168.977937 Ha
@@ estimated error    =        7.15e-07 Ha
@@ TOTAL MAGNETIZATION    =   2.00000000 Bohr mag/cell
@@ ABSOLUTE MAGNETIZATION =   2.04168332 Bohr mag/cell
Charge normalization constant: 1.000000
Charge density mixing: Pulay

 charge density is NEGATIVE after interpolation, minimum is -2.501245e-07
 minimum charge density with core charge added is -2.566469e-07


KOHN SHAM EIGENVALUES [eV] AT K-POINT [  0]:       0.000000      0.000000      0.000000


------------- SPIN UP ---------------

[kpt   0  10   0]   -111.5374 [1.000]   -71.9207 [1.000]   -71.9207 [1.000]   -71.9207 [1.000]    -9.3843 [1.000]
[kpt   0  10   1]    -9.3843 [1.000]    -9.3841 [1.000]    -9.3841 [1.000]    -9.3841 [1.000]    -5.3507 [1.000]
[kpt   0  10   2]    -0.7428 [0.000]    -0.7428 [0.000]    -0.7428 [0.000]    -0.0887 [0.000]     1.3472 [0.000]
[kpt   0  10   3]     1.3472 [0.000]     2.5024 [0.000]     2.5045 [0.000]

------------ SPIN DOWN --------------

[kpt   0  10   0]   -109.4896 [1.000]   -69.7676 [1.000]   -69.7676 [1.000]   -69.7676 [1.000]    -7.3146 [0.600]
[kpt   0  10   1]    -7.3146 [0.600]    -7.3144 [0.600]    -7.3144 [0.600]    -7.3144 [0.600]    -5.0329 [1.000]
[kpt   0  10   2]    -0.6364 [0.000]    -0.6364 [0.000]    -0.6364 [0.000]    -0.0786 [0.000]     1.3214 [0.000]
[kpt   0  10   3]     1.3215 [0.000]     2.5238 [0.000]     2.5243 [0.000]



Total charge in supercell =      18.00000000
 quench: [md:   0/10  scf:  10/100  step time:   3.22  scf time:    37.64 secs  RMS[dV]: 2.22e-03 ]


average potential <V> = -8.00e-16
Davidson converged in 3 steps

FERMI ENERGY =     -5.03294620 eV
@@ EIGENVALUE SUM     =      -26.655426 Ha
@@ ION_ION            =      -29.161043 Ha
@@ ELECTROSTATIC      =     -113.597548 Ha
@@ VXC                =      -22.004710 Ha
@@ EXC                =      -21.568630 Ha
@@ TOTAL ENERGY       =     -168.977937 Ha
@@ estimated error    =        2.39e-08 Ha
@@ TOTAL MAGNETIZATION    =   2.00000000 Bohr mag/cell
@@ ABSOLUTE MAGNETIZATION =   2.04190193 Bohr mag/cell
Charge normalization constant: 1.000000
Charge density mixing: Pulay

 charge density is NEGATIVE after interpolation, minimum is -2.099111e-07
 minimum charge density with core charge added is -2.165521e-07
 quench: [md:   0/10  scf:  11/100  step time:   3.55  scf time:    41.18 secs  RMS[dV]: 4.79e-04 ]


average potential <V> = -5.37e-15
Davidson converged in 1 steps

FERMI ENERGY =     -5.03297247 eV
@@ EIGENVALUE SUM     =      -26.655150 Ha
@@ ION_ION            =      -29.161043 Ha
@@ ELECTROSTATIC      =     -113.597833 Ha
@@ VXC                =      -22.004772 Ha
@@ EXC                =      -21.568682 Ha
@@ TOTAL ENERGY       =     -168.977937 Ha
@@ estimated error    =        1.39e-08 Ha
@@ TOTAL MAGNETIZATION    =   2.00000000 Bohr mag/cell
@@ ABSOLUTE MAGNETIZATION =   2.04192796 Bohr mag/cell
Charge normalization constant: 1.000000
Charge density mixing: Pulay

 charge density is NEGATIVE after interpolation, minimum is -1.119766e-07
 minimum charge density with core charge added is -1.188778e-07
 quench: [md:   0/10  scf:  12/100  step time:   4.61  scf time:    45.79 secs  RMS[dV]: 2.59e-04 ]



 Convergence criterion reached: Energy variation (5.62e-09) is lower than threshold (1.00e-08)

potential convergence has been achieved. stopping ...

[   0  13   13       51 ] Quench.cpp: final total energy =    -168.97793724 Ha


KOHN SHAM EIGENVALUES [eV] AT K-POINT [  0]:       0.000000      0.000000      0.000000


------------- SPIN UP ---------------

[kpt   0  13   0]   -111.5360 [1.000]   -71.9195 [1.000]   -71.9195 [1.000]   -71.9195 [1.000]    -9.3836 [1.000]
[kpt   0  13   1]    -9.3836 [1.000]    -9.3834 [1.000]    -9.3834 [1.000]    -9.3834 [1.000]    -5.3509 [1.000]
[kpt   0  13   2]    -0.7431 [0.000]    -0.7431 [0.000]    -0.7431 [0.000]    -0.0927 [0.000]     1.3464 [0.000]
[kpt   0  13   3]     1.3464 [0.000]     2.4980 [0.000]     2.4992 [0.000]

------------ SPIN DOWN --------------

[kpt   0  13   0]   -109.4882 [1.000]   -69.7663 [1.000]   -69.7663 [1.000]   -69.7663 [1.000]    -7.3138 [0.600]
[kpt   0  13   1]    -7.3138 [0.600]    -7.3135 [0.600]    -7.3135 [0.600]    -7.3135 [0.600]    -5.0330 [1.000]
[kpt   0  13   2]    -0.6367 [0.000]    -0.6366 [0.000]    -0.6366 [0.000]    -0.0839 [0.000]     1.3197 [0.000]
[kpt   0  13   3]     1.3198 [0.000]     2.5180 [0.000]     2.5184 [0.000]



Total charge in supercell =      18.00000000
 volume and energy per atom =       580.30177636      -4598.12362213 eV

 Vdd took 0.003748 seconds
WriteRestart: Output file given as /dev/null, no restart data written ...



  IONIC POSITIONS [a0] AND FORCES [Ha/a0]
  Charge analysis using: Voronoi Deformation Density

@ION  Ion  Species       X           Y           Z       Charge       FX          FY         FZ      Movable
@ION    1    Ni      0.0000000   0.0000000   0.0000000   -0.000   -0.0000119  -0.0000107  -0.0000169  1 1 1

 mean FX      =   0.00001188 Ha/a0
 mean FY      =   0.00001067 Ha/a0
 mean FZ      =   0.00001692 Ha/a0

 max FX       =   0.00001188 Ha/a0   (ion 1)
 max FY       =   0.00001067 Ha/a0   (ion 1)
 max FZ       =   0.00001692 Ha/a0   (ion 1)
 max F[x,y,z] =   0.00001692 Ha/a0
 max |F|      =   0.00002326 Ha/a0   (ion 1)

 sum FX       =  -0.00001188 Ha/a0
 sum FY       =  -0.00001067 Ha/a0
 sum FZ       =  -0.00001692 Ha/a0
 Average      =   0.00001316 Ha/a0
 sqrt < F^2 > =   0.00001343 Ha/a0

WriteRestart: Output file given as /dev/null, no restart data written ...


--------TIMING INFORMATION FOR Processor owned the most atoms----------------
                                        Total time               Per SCF/step

1-TOTAL                                            54.31                4.18
-----------------------------------------------------------------------------
  1-TOTAL: Init                                     5.20                0.40
  1-TOTAL: run                                     49.11                3.78
  ---------------------------------------------------------------------------
    1-TOTAL: run: Force                             3.29                0.25
    1-TOTAL: run: Scf steps                        45.68                3.51

2-Force                                             3.29                0.25
-----------------------------------------------------------------------------
  2-Force: core correction                          0.64                0.05
  2-Force: corrections                              0.66                0.05
  2-Force: ion-ion                                  0.08                0.01
  2-Force: local                                    0.70                0.05
  2-Force: non-local                                1.19                0.09
  2-Force: non-local-betaxpsi                       0.02                0.00
  2-Force: non-local-get gamma                      0.00                0.00
  2-Force: non-local-nlforce_par_Q                  0.53                0.04
  2-Force: non-local-nlforce_par_gamma              0.00                0.00
  2-Force: non-local-nlforce_par_omega              0.00                0.00
  2-Force: non-local-partial gamma                  0.00                0.00
  2-Force: non-local-veff grad                      0.52                0.04

2-Init                                              5.20                0.40
-----------------------------------------------------------------------------
  2-Init: GetNewRho                                 0.39                0.03
  2-Init: KpointClass                               0.76                0.06
  2-Init: LcaoGetPsi                                0.11                0.01
  2-Init: LcaoGetRho                                0.09                0.01
  2-Init: ReinitIonicPotentials                     0.51                0.04
  2-Init: betaxpsi                                  0.03                0.00
  2-Init: exchange/correlation                      1.61                0.12
  2-Init: hartree                                   0.53                0.04
  2-Init: normalization                             0.01                0.00
  2-Init: radial potentials                         0.21                0.02
  2-Init: subdiag                                   0.12                0.01
  2-Init: weights                                   0.15                0.01

2-Scf steps                                        45.68                3.51
-----------------------------------------------------------------------------
  2-Scf steps: Davidson                             6.55                0.50
  2-Scf steps: GetNewRho                            1.53                0.12
  2-Scf steps: Hartree                              6.91                0.53
  2-Scf steps: MgridSubspace                        3.51                0.27
  2-Scf steps: MixRho                               4.26                0.33
  2-Scf steps: exchange/correlation                18.58                1.43

3-MgridSubspace                                     3.51                0.27
-----------------------------------------------------------------------------
  3-MgridSubspace: AppNls                           0.11                0.01
  3-MgridSubspace: Beta x psi                       0.28                0.02
  3-MgridSubspace: Diagonalization                  0.42                0.03
  3-MgridSubspace: Mg_eig                           2.69                0.21

3-ReinitIonicPotentials                             0.51                0.04
-----------------------------------------------------------------------------
  3-ReinitIonicPotentials: GetNlop                  0.02                0.00
  3-ReinitIonicPotentials: GetWeight                0.18                0.01
  3-ReinitIonicPotentials: get_QI                   0.00                0.00
  3-ReinitIonicPotentials: get_qqq                  0.00                0.00
  3-ReinitIonicPotentials: init_nuc                 0.31                0.02

4-Diagonalization                                   0.54                0.04
-----------------------------------------------------------------------------
  4-Diagonalization: ELPA/PDSYGVX/PZHEGVX           0.01                0.00
  4-Diagonalization: Hpsi                           0.32                0.02
  4-Diagonalization: MPI_Bcast                      0.00                0.00
  4-Diagonalization: Update orbitals                0.08                0.01
  ---------------------------------------------------------------------------
    4-Diagonalization: Update orbitals: gather           0.00                0.00
    4-Diagonalization: Update orbitals: gemm           0.07                0.01
  4-Diagonalization: matrix                         0.12                0.01
  ---------------------------------------------------------------------------
    4-Diagonalization: matrix: Allreduce            0.05                0.00
    4-Diagonalization: matrix: Gemm                 0.07                0.01

5-Functional                                       19.92                1.53
-----------------------------------------------------------------------------
  5-Functional: apply gradient                      3.73                0.29
  5-Functional: libxc                              11.90                0.92
  5-Functional: vxc                                19.82                1.52
  5-Functional: vxc grad                           12.95                1.00
  5-Functional: vxc local                           6.71                0.52
  5-Functional: vxc nonlocal                        0.00                0.00

6-Davidson                                          6.55                0.50
-----------------------------------------------------------------------------
  6-Davidson: Betaxpsi                              0.49                0.04
  6-Davidson: apply hamiltonian                     1.98                0.15
  6-Davidson: diagonalization                       0.06                0.00
  6-Davidson: generate residuals                    0.52                0.04
  6-Davidson: matrix setup/reduce                   1.16                0.09
  6-Davidson: normalization                         0.23                0.02
  6-Davidson: precondition                          1.87                0.14
  6-Davidson: refresh h_psi and s_psi               0.04                0.00
  6-Davidson: reset hr,sr,vr                        0.00                0.00
  6-Davidson: rotate orbitals                       0.18                0.01

AppNls                                              0.50                0.04
-----------------------------------------------------------------------------
  AppNls: data_rearrange                            0.00                0.00
  ---------------------------------------------------------------------------
    AppNls: data_rearrange: alloc and zeros           0.00                0.00
    AppNls: data_rearrange: dnm                     0.00                0.00
    AppNls: data_rearrange: sint                    0.00                0.00
  AppNls: nv                                        0.40                0.03
  AppNls: nv_work                                   0.00                0.00

App_gradient                                        3.52                0.27

ApplyAOperator                                      0.24                0.02

CPUFD                                               0.08                0.01

Compute Hpsi                                        0.32                0.02
-----------------------------------------------------------------------------
  Compute Hpsi: AppNls                              0.06                0.00
  Compute Hpsi: Threaded Apply H                    0.26                0.02

GlobalSums                                          0.33                0.03

Init                                                4.44                0.34

Init Voronoi                                        0.11                0.01

Mix rho                                             4.53                0.35
-----------------------------------------------------------------------------
  Mix rho: Linear                                   1.29                0.10
  Mix rho: Pulay                                    3.11                0.24

Orbital                                             0.05                0.00
-----------------------------------------------------------------------------
  Orbital: phase and set                            0.05                0.00
  Orbital: proj cal                                 0.05                0.00
  Trade images: trade_images                        0.00                0.00
  Trade images: trade_imagesx                       1.36                0.10

VhPfft                                              6.78                0.52

Weight                                              0.10                0.01

radial beta                                         0.14                0.01


------------------------- TIMING INFORMATION FOR THREADS  -------------------

                                           Min            Max            Avg
ApplyAOperator                             2.98           2.98           2.98
-----------------------------------------------------------------------------

CPUFD                                      1.63           1.63           1.63
-----------------------------------------------------------------------------

GlobalSums                                 0.34           0.34           0.34
-----------------------------------------------------------------------------

Mg_eig                                     2.66           2.66           2.66
-----------------------------------------------------------------------------
  Mg_eig: apply hamiltonian                1.75           1.75           1.75
  Mg_eig: mgrid_solv                       0.28           0.28           0.28
  Trade images: trade_images               0.66           0.66           0.66
  Trade images: trade_imagesx              1.39           1.39           1.39
