RMG initialization ... 1 image(s) total, 1 per node. 16 MPI processes/image. Thread level 2.
FFT-FD  0.000000e+00   3.654964e-06
FFT-FD  1.000000e+00   3.654964e-06
IP=0 M = 0.000000e+00  -inf  3.654964e-06
FFT-FD  0.000000e+00   1.538704e-05
FFT-FD  1.000000e+00   1.538704e-05
IP=1 M = 0.000000e+00  -inf  1.538704e-05
FFT-FD  0.000000e+00   1.538704e-05
FFT-FD  1.000000e+00   1.538704e-05
IP=2 M = 0.000000e+00  -inf  1.538704e-05
FFT-FD  0.000000e+00   1.538704e-05
FFT-FD  1.000000e+00   1.538704e-05
IP=3 M = 0.000000e+00  -inf  1.538704e-05
FFT-FD  0.000000e+00   2.564194e-05
FFT-FD  1.000000e+00   2.564194e-05
IP=4 M = 0.000000e+00  -inf  2.564194e-05
FFT-FD  0.000000e+00   2.564194e-05
FFT-FD  1.000000e+00   2.564194e-05
IP=5 M = 0.000000e+00  -inf  2.564194e-05
FFT-FD  0.000000e+00   8.733529e-05
FFT-FD  1.000000e+00   8.733529e-05
IP=6 M = 0.000000e+00  -inf  8.733529e-05
FFT-FD  0.000000e+00   2.564194e-05
FFT-FD  1.000000e+00   2.564194e-05
IP=7 M = 0.000000e+00  -inf  2.564194e-05
FFT-FD  0.000000e+00   8.733529e-05
FFT-FD  1.000000e+00   8.733529e-05
IP=8 M = 0.000000e+00  -inf  8.733529e-05
FFT-FD  0.000000e+00   3.243535e-06
FFT-FD  1.000000e+00   3.243535e-06
IP=9 M = 0.000000e+00  -inf  3.243535e-06
NEWCFAC = 0.000000  0.000000


                     * * * * * * * * * *
                     *    R   M   G    *
                     * * * * * * * * * *

     -- A Real Space Multigrid Electronic structure code --
     --      More information at www.rmgdft.org          --

Code Revision:     5.0.0_beta1_111_gca5c3507
Build Date:        Feb 22 2023  21:48:37
Start time:        Sun Feb 26 21:04:00 2023

NOTICE: RMG internal pseudopotentials have switched to
ONCVP from Ultrasoft. You can revert to Ultrasoft by
adding the input tag internal_pseudo_type="ultrasoft" to
your input files.


Files
   Control input file:        input4
   Data output file:          /dev/null

Run Setup
    Calculation type:         Quench electrons - Fixed ions SCF calculation
    Description:              Ni atom test cell
    Orbital Initialization:   LCAO (10 LCAO and 0 random orbitals)
    Exchange Correlation:     pbe
    Spin Polarization:        ON
    System charge:            Neutral

Processor Topology
   Total PEs:                 8
   X direction:               2
   Y direction:               2
   Z direction:               2
   MG Threads/PE:             1
   OMP Threads/PE:            1

Grid Points  (Linear Anisotropy: 1.000)
    X:  Total: 80   Per PE: 40   Spacing:0.197 a0  
    Y:  Total: 80   Per PE: 40   Spacing:0.197 a0  
    Z:  Total: 80   Per PE: 40   Spacing:0.197 a0  

    Equivalent energy cutoffs (psi,rho):   254.241   1016.965 Ry

    Charge density grid:         2 times finer

Coordinate planes
  Planar Anisotropy: 1.000
  A0-A1 density:    25.760
  A0-A2 density:    25.760
  A1-A2 density:    25.760


Lattice (Cell) Setup
    Type:                       Cubic_primitive
    Volume (a0^3):               3916.07
    Boundary conditions:        Periodic

    X Basis Vector:      15.762       0.000       0.000 a0
    Y Basis Vector:       0.000      15.762       0.000 a0
    Z Basis Vector:       0.000       0.000      15.762 a0
    X Reci Vector:       0.063      -0.000       0.000 a0
    Y Reci Vector:       0.000       0.063       0.000 a0
    Z Reci Vector:       0.000      -0.000       0.063 a0

K-points
    Gamma Point Only (real orbitals)

Atoms and States
    Number of ions:                          1
    Number of species:                       1
    Number of spin up states:                18
    Number of spin down states:              18

Run Parameters
    SCF Convergence criterion (potential):   1.00e-08
    SCF Convergence criterion (energy):      1.00e-08
    Max SCF steps:                           100

SCF Cycle Settings
    Charge density mixing:                   Pulay  (Order:5 Scale:0.20 Refresh:100)
    Hartree Solver:                          PFFT
    Interpolation type:                      FFT

Subspace Diagonalization Options
    Frequency:                               every 1 SCF step(s)
    Driver:                                  ScaLapack
    Initial diagonalization:                 ON
    Folded spectrum:                         OFF

Filtering Cutoff  Parameters
    Wavefunction grid (cparm):               0.800
    Charge density grid (rhocparm):          1.000
    Filter factor:                           1.000

Multigrid (MG) Parameters
    Psi MG levels:                           3
    Psi global step:                         0.660 
    Psi pre:                                 2
    Psi post:                                2

Davidson Parameters
    Davidson multiplier:                     4
    Davidson max step:                       8
    Davidson unocc tol factor:               1000.000

Blas Libraries
    CPU support with openblas-parallel.


Atomic Species Information
(PP = Pseudopotential, US = Ultrasoft, NC = Norm Conserving)
-------------------------------------------------------------------------
|Index|Symbol| Mass|Valence| PP |  Comp  |Local| Local|Nlocal|    PP    |
|     |      |     |       |Type|Gaussian|  l  |Radius|Radius|Functional|
-------------------------------------------------------------------------
|    1|    Ni| 58.0|  18.00|  NC|    0.66|   -1| 10.00|  7.00|       PBE|
-------------------------------------------------------------------------

Pseudopotential generation information:
  Ni pseudopotential file: ./@Internal
      Generation info     : Generated using ONCVPSP code by D. R. Hamann
      Author info         : anonymous


Memory usage (Mbytes):     Min        Max       Total
    wave functions         36.87      36.87     589.84
    beta-functions         18.43      18.43     147.47



Initial Ionic Positions And Displacements (Bohr)
Species      X           Y           Z           dX          dY          dZ
  Ni       0.0000      0.0000      0.0000      0.0000      0.0000      0.0000


Initial Ionic Positions And Displacements (Angstrom)
Species      X           Y           Z           dX          dY          dZ
  Ni       0.0000      0.0000      0.0000      0.0000      0.0000      0.0000

Diagonalization using scalapack for step=0  count=0



KOHN SHAM EIGENVALUES [eV] AT K-POINT [  0]:       0.000000      0.000000      0.000000


------------- SPIN UP ---------------

[kpt   0  -1   0]   -111.4084 [1.000]   -71.7526 [1.000]   -71.7526 [1.000]   -71.7526 [1.000]    -9.1221 [1.000]
[kpt   0  -1   1]    -9.1221 [1.000]    -9.1204 [1.000]    -9.1204 [1.000]    -9.1204 [1.000]    -5.2946 [1.000]
[kpt   0  -1   2]   678.6748 [0.000]   1485.4535 [0.000]   1586.5317 [0.000]   1680.2505 [0.000]   1739.4844 [0.000]
[kpt   0  -1   3]   1782.1580 [0.000]   1871.5876 [0.000]   1927.0867 [0.000]

------------ SPIN DOWN --------------

[kpt   0  -1   0]   -109.3404 [1.000]   -69.6614 [1.000]   -69.6614 [1.000]   -69.6614 [1.000]    -7.3100 [0.600]
[kpt   0  -1   1]    -7.3100 [0.600]    -7.3083 [0.600]    -7.3083 [0.600]    -7.3083 [0.600]    -4.8687 [1.000]
[kpt   0  -1   2]   678.7208 [0.000]   1485.5059 [0.000]   1586.5777 [0.000]   1680.2966 [0.000]   1739.5332 [0.000]
[kpt   0  -1   3]   1782.2012 [0.000]   1871.6350 [0.000]   1927.1326 [0.000]


Charge normalization constant: 1.000000
Charge density mixing: Linear with a constant of 0.20 

 charge density is NEGATIVE after interpolation, minimum is -2.369085e-07
 minimum charge density with core charge added is -2.368612e-07

Diagonalization using scalapack for step=0  count=1


FERMI ENERGY =     -4.89285695 eV
@@ EIGENVALUE SUM     =      -26.575293 Ha
@@ ION_ION            =      -29.161043 Ha
@@ ELECTROSTATIC      =     -113.675011 Ha
@@ VXC                =      -22.000169 Ha
@@ EXC                =      -21.564511 Ha
@@ TOTAL ENERGY       =     -168.975689 Ha
@@ estimated error    =   ****************
@@ TOTAL MAGNETIZATION    =   2.00000000 Bohr mag/cell
@@ ABSOLUTE MAGNETIZATION =   2.00000000 Bohr mag/cell
Charge normalization constant: 1.000000
Charge density mixing: Linear with a constant of 0.20 

 charge density is NEGATIVE after interpolation, minimum is -4.778852e-07
 minimum charge density with core charge added is -4.785505e-07
WriteRestart: Output file given as /dev/null, no restart data written ...


KOHN SHAM EIGENVALUES [eV] AT K-POINT [  0]:       0.000000      0.000000      0.000000


------------- SPIN UP ---------------

[kpt   0   0   0]   -111.4223 [1.000]   -71.7731 [1.000]   -71.7731 [1.000]   -71.7731 [1.000]    -9.1606 [1.000]
[kpt   0   0   1]    -9.1606 [1.000]    -9.1588 [1.000]    -9.1588 [1.000]    -9.1588 [1.000]    -5.3069 [1.000]
[kpt   0   0   2]     1.2054 [0.000]    14.3503 [0.000]    21.6631 [0.000]    25.0545 [0.000]    26.2014 [0.000]
[kpt   0   0   3]    34.3868 [0.000]    41.6160 [0.000]    50.9768 [0.000]

------------ SPIN DOWN --------------

[kpt   0   0   0]   -109.3817 [1.000]   -69.6939 [1.000]   -69.6939 [1.000]   -69.6939 [1.000]    -7.3172 [0.600]
[kpt   0   0   1]    -7.3171 [0.600]    -7.3153 [0.600]    -7.3153 [0.600]    -7.3153 [0.600]    -4.8929 [1.000]
[kpt   0   0   2]     1.2539 [0.000]    14.4044 [0.000]    21.7031 [0.000]    25.0955 [0.000]    26.2547 [0.000]
[kpt   0   0   3]    34.4335 [0.000]    41.6686 [0.000]    51.0188 [0.000]



Total charge in supercell =      18.00000000
 quench: [md:   0/10  scf:   0/100  step time:   1.50  scf time:     1.55 secs  RMS[dV]: 2.06e-03 ]


average potential <V> = 6.75e-16

Diagonalization using scalapack for step=1  count=2


FERMI ENERGY =     -4.91327561 eV
@@ EIGENVALUE SUM     =      -26.594422 Ha
@@ ION_ION            =      -29.161043 Ha
@@ ELECTROSTATIC      =     -113.656401 Ha
@@ VXC                =      -21.999002 Ha
@@ EXC                =      -21.563762 Ha
@@ TOTAL ENERGY       =     -168.976626 Ha
@@ estimated error    =        4.03e-05 Ha
@@ TOTAL MAGNETIZATION    =   2.00000000 Bohr mag/cell
@@ ABSOLUTE MAGNETIZATION =   2.00000000 Bohr mag/cell
Charge normalization constant: 1.000000
Charge density mixing: Linear with a constant of 0.20 

 charge density is NEGATIVE after interpolation, minimum is -6.542260e-07
 minimum charge density with core charge added is -6.552544e-07
 quench: [md:   0/10  scf:   1/100  step time:   1.43  scf time:     2.98 secs  RMS[dV]: 1.85e-03 ]


average potential <V> = -3.46e-17

Diagonalization using scalapack for step=2  count=3


FERMI ENERGY =     -4.93161288 eV
@@ EIGENVALUE SUM     =      -26.610302 Ha
@@ ION_ION            =      -29.161043 Ha
@@ ELECTROSTATIC      =     -113.640861 Ha
@@ VXC                =      -21.998411 Ha
@@ EXC                =      -21.563411 Ha
@@ TOTAL ENERGY       =     -168.977207 Ha
@@ estimated error    =        3.49e-05 Ha
@@ TOTAL MAGNETIZATION    =   2.00000000 Bohr mag/cell
@@ ABSOLUTE MAGNETIZATION =   2.00000007 Bohr mag/cell
Charge normalization constant: 1.000000
Charge density mixing: Linear with a constant of 0.20 

 charge density is NEGATIVE after interpolation, minimum is -7.686611e-07
 minimum charge density with core charge added is -7.697437e-07
 quench: [md:   0/10  scf:   2/100  step time:   1.43  scf time:     4.41 secs  RMS[dV]: 1.60e-03 ]


average potential <V> = 8.08e-17

Diagonalization using scalapack for step=3  count=4


FERMI ENERGY =     -4.94729776 eV
@@ EIGENVALUE SUM     =      -26.621664 Ha
@@ ION_ION            =      -29.161043 Ha
@@ ELECTROSTATIC      =     -113.629800 Ha
@@ VXC                =      -21.998416 Ha
@@ EXC                =      -21.563497 Ha
@@ TOTAL ENERGY       =     -168.977589 Ha
@@ estimated error    =        2.56e-05 Ha
@@ TOTAL MAGNETIZATION    =   2.00000000 Bohr mag/cell
@@ ABSOLUTE MAGNETIZATION =   2.00000126 Bohr mag/cell
Charge normalization constant: 1.000000
Charge density mixing: Linear with a constant of 0.20 

 charge density is NEGATIVE after interpolation, minimum is -8.382787e-07
 minimum charge density with core charge added is -8.465791e-07
 quench: [md:   0/10  scf:   3/100  step time:   1.41  scf time:     5.82 secs  RMS[dV]: 1.41e-03 ]


average potential <V> = -5.70e-16
Davidson incomplete convergence steps = 8

FERMI ENERGY =     -4.96092812 eV
@@ EIGENVALUE SUM     =      -26.629314 Ha
@@ ION_ION            =      -29.161043 Ha
@@ ELECTROSTATIC      =     -113.622582 Ha
@@ VXC                =      -21.998863 Ha
@@ EXC                =      -21.563913 Ha
@@ TOTAL ENERGY       =     -168.977989 Ha
@@ estimated error    =        1.90e-05 Ha
@@ TOTAL MAGNETIZATION    =   2.00000000 Bohr mag/cell
@@ ABSOLUTE MAGNETIZATION =   2.00000498 Bohr mag/cell
Charge normalization constant: 1.000000
Charge density mixing: Pulay

 charge density is NEGATIVE after interpolation, minimum is -9.152439e-07
 minimum charge density with core charge added is -9.219968e-07
 quench: [md:   0/10  scf:   4/100  step time:   1.96  scf time:     7.79 secs  RMS[dV]: 1.30e-03 ]


average potential <V> = 1.77e-15
Davidson converged in 3 steps

FERMI ENERGY =     -4.97358914 eV
@@ EIGENVALUE SUM     =      -26.629867 Ha
@@ ION_ION            =      -29.161043 Ha
@@ ELECTROSTATIC      =     -113.622473 Ha
@@ VXC                =      -22.000578 Ha
@@ EXC                =      -21.565320 Ha
@@ TOTAL ENERGY       =     -168.978125 Ha
@@ estimated error    =        2.47e-05 Ha
@@ TOTAL MAGNETIZATION    =   2.00000000 Bohr mag/cell
@@ ABSOLUTE MAGNETIZATION =   2.00001761 Bohr mag/cell
Charge normalization constant: 1.000000
Charge density mixing: Pulay

 charge density is NEGATIVE after interpolation, minimum is -1.227046e-06
 minimum charge density with core charge added is -1.237316e-06


KOHN SHAM EIGENVALUES [eV] AT K-POINT [  0]:       0.000000      0.000000      0.000000


------------- SPIN UP ---------------

[kpt   0   5   0]   -111.4900 [1.000]   -71.8615 [1.000]   -71.8615 [1.000]   -71.8615 [1.000]    -9.3004 [1.000]
[kpt   0   5   1]    -9.3004 [1.000]    -9.2985 [1.000]    -9.2984 [1.000]    -9.2984 [1.000]    -5.3372 [1.000]
[kpt   0   5   2]    -0.7389 [0.000]    -0.7388 [0.000]    -0.7388 [0.000]     0.0082 [0.000]     1.4077 [0.000]
[kpt   0   5   3]     1.4079 [0.000]     2.6085 [0.000]     2.6108 [0.000]

------------ SPIN DOWN --------------

[kpt   0   5   0]   -109.4724 [1.000]   -69.7624 [1.000]   -69.7623 [1.000]   -69.7623 [1.000]    -7.3326 [0.600]
[kpt   0   5   1]    -7.3325 [0.600]    -7.3310 [0.600]    -7.3310 [0.600]    -7.3310 [0.600]    -4.9736 [1.000]
[kpt   0   5   2]    -0.5742 [0.000]    -0.5740 [0.000]    -0.5738 [0.000]     0.0597 [0.000]     1.4353 [0.000]
[kpt   0   5   3]     1.4361 [0.000]     2.6676 [0.000]     2.6695 [0.000]



Total charge in supercell =      18.00000000
 quench: [md:   0/10  scf:   5/100  step time:   1.52  scf time:     9.31 secs  RMS[dV]: 1.18e-03 ]


average potential <V> = 5.95e-16
Davidson converged in 4 steps

FERMI ENERGY =     -5.02951081 eV
@@ EIGENVALUE SUM     =      -26.642334 Ha
@@ ION_ION            =      -29.161043 Ha
@@ ELECTROSTATIC      =     -113.611446 Ha
@@ VXC                =      -22.006801 Ha
@@ EXC                =      -21.570380 Ha
@@ TOTAL ENERGY       =     -168.978402 Ha
@@ estimated error    =        1.47e-05 Ha
@@ TOTAL MAGNETIZATION    =   2.00000000 Bohr mag/cell
@@ ABSOLUTE MAGNETIZATION =   2.03400727 Bohr mag/cell
Charge normalization constant: 1.000000
Charge density mixing: Pulay

 charge density is NEGATIVE after interpolation, minimum is -1.046467e-06
 minimum charge density with core charge added is -1.056120e-06
 quench: [md:   0/10  scf:   6/100  step time:   1.61  scf time:    10.92 secs  RMS[dV]: 3.79e-03 ]


average potential <V> = 1.86e-16
Davidson converged in 2 steps

FERMI ENERGY =     -5.03467767 eV
@@ EIGENVALUE SUM     =      -26.653256 Ha
@@ ION_ION            =      -29.161043 Ha
@@ ELECTROSTATIC      =     -113.600308 Ha
@@ VXC                =      -22.005524 Ha
@@ EXC                =      -21.569322 Ha
@@ TOTAL ENERGY       =     -168.978406 Ha
@@ estimated error    =        3.79e-06 Ha
@@ TOTAL MAGNETIZATION    =   2.00000000 Bohr mag/cell
@@ ABSOLUTE MAGNETIZATION =   2.03905954 Bohr mag/cell
Charge normalization constant: 1.000000
Charge density mixing: Pulay

 charge density is NEGATIVE after interpolation, minimum is -8.050152e-07
 minimum charge density with core charge added is -8.134772e-07
 quench: [md:   0/10  scf:   7/100  step time:   1.53  scf time:    12.45 secs  RMS[dV]: 2.13e-03 ]


average potential <V> = -1.80e-15
Davidson converged in 3 steps

FERMI ENERGY =     -5.03424633 eV
@@ EIGENVALUE SUM     =      -26.658110 Ha
@@ ION_ION            =      -29.161043 Ha
@@ ELECTROSTATIC      =     -113.595287 Ha
@@ VXC                =      -22.004513 Ha
@@ EXC                =      -21.568482 Ha
@@ TOTAL ENERGY       =     -168.978409 Ha
@@ estimated error    =        6.02e-07 Ha
@@ TOTAL MAGNETIZATION    =   2.00000000 Bohr mag/cell
@@ ABSOLUTE MAGNETIZATION =   2.03901234 Bohr mag/cell
Charge normalization constant: 1.000000
Charge density mixing: Pulay

 charge density is NEGATIVE after interpolation, minimum is -1.831104e-06
 minimum charge density with core charge added is -1.831357e-06
 quench: [md:   0/10  scf:   8/100  step time:   1.59  scf time:    14.05 secs  RMS[dV]: 2.08e-03 ]


average potential <V> = 7.00e-16
Davidson converged in 4 steps

FERMI ENERGY =     -5.03248193 eV
@@ EIGENVALUE SUM     =      -26.647461 Ha
@@ ION_ION            =      -29.161043 Ha
@@ ELECTROSTATIC      =     -113.606302 Ha
@@ VXC                =      -22.006307 Ha
@@ EXC                =      -21.569915 Ha
@@ TOTAL ENERGY       =     -168.978414 Ha
@@ estimated error    =        3.88e-07 Ha
@@ TOTAL MAGNETIZATION    =   2.00000000 Bohr mag/cell
@@ ABSOLUTE MAGNETIZATION =   2.04093692 Bohr mag/cell
Charge normalization constant: 1.000000
Charge density mixing: Pulay

 charge density is NEGATIVE after interpolation, minimum is -3.161321e-06
 minimum charge density with core charge added is -3.161574e-06
 quench: [md:   0/10  scf:   9/100  step time:   1.65  scf time:    15.70 secs  RMS[dV]: 2.95e-03 ]


average potential <V> = 1.42e-16
Davidson converged in 3 steps

FERMI ENERGY =     -5.03380721 eV
@@ EIGENVALUE SUM     =      -26.655616 Ha
@@ ION_ION            =      -29.161043 Ha
@@ ELECTROSTATIC      =     -113.597899 Ha
@@ VXC                =      -22.004961 Ha
@@ EXC                =      -21.568817 Ha
@@ TOTAL ENERGY       =     -168.978414 Ha
@@ estimated error    =        1.62e-06 Ha
@@ TOTAL MAGNETIZATION    =   2.00000000 Bohr mag/cell
@@ ABSOLUTE MAGNETIZATION =   2.04149817 Bohr mag/cell
Charge normalization constant: 1.000000
Charge density mixing: Pulay

 charge density is NEGATIVE after interpolation, minimum is -7.916298e-06
 minimum charge density with core charge added is -7.916551e-06


KOHN SHAM EIGENVALUES [eV] AT K-POINT [  0]:       0.000000      0.000000      0.000000


------------- SPIN UP ---------------

[kpt   0  10   0]   -111.5357 [1.000]   -71.9196 [1.000]   -71.9195 [1.000]   -71.9195 [1.000]    -9.3859 [1.000]
[kpt   0  10   1]    -9.3859 [1.000]    -9.3841 [1.000]    -9.3841 [1.000]    -9.3841 [1.000]    -5.3515 [1.000]
[kpt   0  10   2]    -0.7453 [0.000]    -0.7453 [0.000]    -0.7453 [0.000]    -0.0880 [0.000]     1.3437 [0.000]
[kpt   0  10   3]     1.3437 [0.000]     2.5037 [0.000]     2.5049 [0.000]

------------ SPIN DOWN --------------

[kpt   0  10   0]   -109.4879 [1.000]   -69.7664 [1.000]   -69.7664 [1.000]   -69.7664 [1.000]    -7.3162 [0.600]
[kpt   0  10   1]    -7.3162 [0.600]    -7.3144 [0.600]    -7.3144 [0.600]    -7.3144 [0.600]    -5.0338 [1.000]
[kpt   0  10   2]    -0.6385 [0.000]    -0.6385 [0.000]    -0.6385 [0.000]    -0.0776 [0.000]     1.3175 [0.000]
[kpt   0  10   3]     1.3175 [0.000]     2.5258 [0.000]     2.5265 [0.000]



Total charge in supercell =      18.00000000
 quench: [md:   0/10  scf:  10/100  step time:   1.54  scf time:    17.23 secs  RMS[dV]: 1.26e-03 ]


average potential <V> = -7.23e-16
Davidson converged in 4 steps

FERMI ENERGY =     -5.03448499 eV
@@ EIGENVALUE SUM     =      -26.656435 Ha
@@ ION_ION            =      -29.161043 Ha
@@ ELECTROSTATIC      =     -113.597088 Ha
@@ VXC                =      -22.004969 Ha
@@ EXC                =      -21.568820 Ha
@@ TOTAL ENERGY       =     -168.978416 Ha
@@ estimated error    =        4.41e-08 Ha
@@ TOTAL MAGNETIZATION    =   2.00000000 Bohr mag/cell
@@ ABSOLUTE MAGNETIZATION =   2.04202925 Bohr mag/cell
Charge normalization constant: 1.000000
Charge density mixing: Pulay

 charge density is NEGATIVE after interpolation, minimum is -2.030424e-05
 minimum charge density with core charge added is -2.030773e-05
 quench: [md:   0/10  scf:  11/100  step time:   1.69  scf time:    18.93 secs  RMS[dV]: 2.36e-03 ]


average potential <V> = -2.68e-15
Davidson converged in 4 steps

FERMI ENERGY =     -5.03601594 eV
@@ EIGENVALUE SUM     =      -26.657302 Ha
@@ ION_ION            =      -29.161043 Ha
@@ ELECTROSTATIC      =     -113.596263 Ha
@@ VXC                =      -22.005216 Ha
@@ EXC                =      -21.569024 Ha
@@ TOTAL ENERGY       =     -168.978416 Ha
@@ estimated error    =        4.18e-08 Ha
@@ TOTAL MAGNETIZATION    =   2.00000000 Bohr mag/cell
@@ ABSOLUTE MAGNETIZATION =   2.04248906 Bohr mag/cell
Charge normalization constant: 1.000000
Charge density mixing: Pulay

 charge density is NEGATIVE after interpolation, minimum is -2.547798e-05
 minimum charge density with core charge added is -2.548147e-05
 quench: [md:   0/10  scf:  12/100  step time:   1.70  scf time:    20.62 secs  RMS[dV]: 3.84e-03 ]


average potential <V> = -3.39e-15
Davidson converged in 4 steps

FERMI ENERGY =     -5.03618706 eV
@@ EIGENVALUE SUM     =      -26.657853 Ha
@@ ION_ION            =      -29.161043 Ha
@@ ELECTROSTATIC      =     -113.595713 Ha
@@ VXC                =      -22.005182 Ha
@@ EXC                =      -21.568989 Ha
@@ TOTAL ENERGY       =     -168.978416 Ha
@@ estimated error    =        1.85e-08 Ha
@@ TOTAL MAGNETIZATION    =   2.00000000 Bohr mag/cell
@@ ABSOLUTE MAGNETIZATION =   2.04251992 Bohr mag/cell
Charge normalization constant: 1.000000
Charge density mixing: Pulay

 charge density is NEGATIVE after interpolation, minimum is -3.363976e-05
 minimum charge density with core charge added is -3.364325e-05
 quench: [md:   0/10  scf:  13/100  step time:   2.29  scf time:    22.92 secs  RMS[dV]: 1.21e-03 ]



 Convergence criterion reached: Energy variation (9.88e-09) is lower than threshold (1.00e-08)

potential convergence has been achieved. stopping ...

[   0  14   14       26 ] Quench.cpp: final total energy =    -168.97841560 Ha


KOHN SHAM EIGENVALUES [eV] AT K-POINT [  0]:       0.000000      0.000000      0.000000


------------- SPIN UP ---------------

[kpt   0  14   0]   -111.5384 [1.000]   -71.9225 [1.000]   -71.9225 [1.000]   -71.9225 [1.000]    -9.3895 [1.000]
[kpt   0  14   1]    -9.3895 [1.000]    -9.3878 [1.000]    -9.3878 [1.000]    -9.3878 [1.000]    -5.3556 [1.000]
[kpt   0  14   2]    -0.7500 [0.000]    -0.7500 [0.000]    -0.7500 [0.000]    -0.1011 [0.000]     1.3397 [0.000]
[kpt   0  14   3]     1.3397 [0.000]     2.4893 [0.000]     2.4900 [0.000]

------------ SPIN DOWN --------------

[kpt   0  14   0]   -109.4910 [1.000]   -69.7697 [1.000]   -69.7697 [1.000]   -69.7697 [1.000]    -7.3199 [0.600]
[kpt   0  14   1]    -7.3199 [0.600]    -7.3183 [0.600]    -7.3183 [0.600]    -7.3183 [0.600]    -5.0362 [1.000]
[kpt   0  14   2]    -0.6422 [0.000]    -0.6422 [0.000]    -0.6422 [0.000]    -0.0965 [0.000]     1.3110 [0.000]
[kpt   0  14   3]     1.3110 [0.000]     2.5050 [0.000]     2.5055 [0.000]



Total charge in supercell =      18.00000000
 volume and energy per atom =       580.30177636      -4598.13663904 eV

 Vdd took 0.001712 seconds
WriteRestart: Output file given as /dev/null, no restart data written ...



  IONIC POSITIONS [a0] AND FORCES [Ha/a0]
  Charge analysis using: Voronoi Deformation Density

@ION  Ion  Species       X           Y           Z       Charge       FX          FY         FZ      Movable
@ION    1    Ni      0.0000000   0.0000000   0.0000000    0.000   -0.0000923  -0.0000380   0.0001137  1 1 1

 mean FX      =   0.00009227 Ha/a0
 mean FY      =   0.00003800 Ha/a0
 mean FZ      =   0.00011370 Ha/a0

 max FX       =   0.00009227 Ha/a0   (ion 1)
 max FY       =   0.00003800 Ha/a0   (ion 1)
 max FZ       =   0.00011370 Ha/a0   (ion 1)
 max F[x,y,z] =   0.00011370 Ha/a0
 max |F|      =   0.00015128 Ha/a0   (ion 1)

 sum FX       =  -0.00009227 Ha/a0
 sum FY       =  -0.00003800 Ha/a0
 sum FZ       =   0.00011370 Ha/a0
 Average      =   0.00008132 Ha/a0
 sqrt < F^2 > =   0.00008734 Ha/a0

WriteRestart: Output file given as /dev/null, no restart data written ...


--------TIMING INFORMATION FOR Processor owned the most atoms----------------
                                        Total time               Per SCF/step

1-TOTAL                                            26.97                1.93
-----------------------------------------------------------------------------
  1-TOTAL: Init                                     2.70                0.19
  1-TOTAL: run                                     24.27                1.73
  ---------------------------------------------------------------------------
    1-TOTAL: run: Force                             1.33                0.10
    1-TOTAL: run: Scf steps                        22.87                1.63

2-Force                                             1.33                0.10
-----------------------------------------------------------------------------
  2-Force: core correction                          0.27                0.02
  2-Force: corrections                              0.28                0.02
  2-Force: ion-ion                                  0.04                0.00
  2-Force: local                                    0.30                0.02
  2-Force: non-local                                0.45                0.03
  2-Force: non-local-betaxpsi                       0.01                0.00
  2-Force: non-local-get gamma                      0.00                0.00
  2-Force: non-local-nlforce_par_Q                  0.23                0.02
  2-Force: non-local-nlforce_par_gamma              0.00                0.00
  2-Force: non-local-nlforce_par_omega              0.00                0.00
  2-Force: non-local-partial gamma                  0.00                0.00
  2-Force: non-local-veff grad                      0.23                0.02

2-Init                                              2.70                0.19
-----------------------------------------------------------------------------
  2-Init: GetNewRho                                 0.16                0.01
  2-Init: KpointClass                               0.58                0.04
  2-Init: LcaoGetPsi                                0.05                0.00
  2-Init: LcaoGetRho                                0.04                0.00
  2-Init: ReinitIonicPotentials                     0.23                0.02
  2-Init: betaxpsi                                  0.01                0.00
  2-Init: exchange/correlation                      0.74                0.05
  2-Init: hartree                                   0.24                0.02
  2-Init: normalization                             0.00                0.00
  2-Init: radial potentials                         0.20                0.01
  2-Init: subdiag                                   0.04                0.00
  2-Init: weights                                   0.07                0.00

2-Scf steps                                        22.87                1.63
-----------------------------------------------------------------------------
  2-Scf steps: Davidson                             4.49                0.32
  2-Scf steps: GetNewRho                            0.70                0.05
  2-Scf steps: Hartree                              3.00                0.21
  2-Scf steps: MgridSubspace                        1.25                0.09
  2-Scf steps: MixRho                               1.96                0.14
  2-Scf steps: exchange/correlation                 9.20                0.66

3-MgridSubspace                                     1.25                0.09
-----------------------------------------------------------------------------
  3-MgridSubspace: AppNls                           0.05                0.00
  3-MgridSubspace: Beta x psi                       0.10                0.01
  3-MgridSubspace: Diagonalization                  0.17                0.01
  3-MgridSubspace: Mg_eig                           0.93                0.07

3-ReinitIonicPotentials                             0.23                0.02
-----------------------------------------------------------------------------
  3-ReinitIonicPotentials: GetNlop                  0.00                0.00
  3-ReinitIonicPotentials: GetWeight                0.08                0.01
  3-ReinitIonicPotentials: get_QI                   0.00                0.00
  3-ReinitIonicPotentials: get_qqq                  0.00                0.00
  3-ReinitIonicPotentials: init_nuc                 0.15                0.01

4-Diagonalization                                   0.21                0.01
-----------------------------------------------------------------------------
  4-Diagonalization: ELPA/PDSYGVX/PZHEGVX           0.00                0.00
  4-Diagonalization: Hpsi                           0.11                0.01
  4-Diagonalization: MPI_Bcast                      0.00                0.00
  4-Diagonalization: Update orbitals                0.04                0.00
  ---------------------------------------------------------------------------
    4-Diagonalization: Update orbitals: gather           0.00                0.00
    4-Diagonalization: Update orbitals: gemm           0.03                0.00
  4-Diagonalization: matrix                         0.06                0.00
  ---------------------------------------------------------------------------
    4-Diagonalization: matrix: Allreduce            0.01                0.00
    4-Diagonalization: matrix: Gemm                 0.04                0.00

5-Functional                                        9.83                0.70
-----------------------------------------------------------------------------
  5-Functional: apply gradient                      1.68                0.12
  5-Functional: libxc                               5.84                0.42
  5-Functional: vxc                                 9.78                0.70
  5-Functional: vxc grad                            6.38                0.46
  5-Functional: vxc local                           3.34                0.24
  5-Functional: vxc nonlocal                        0.00                0.00

6-Davidson                                          4.49                0.32
-----------------------------------------------------------------------------
  6-Davidson: Betaxpsi                              0.29                0.02
  6-Davidson: apply hamiltonian                     1.03                0.07
  6-Davidson: diagonalization                       0.10                0.01
  6-Davidson: generate residuals                    0.33                0.02
  6-Davidson: matrix setup/reduce                   0.74                0.05
  6-Davidson: normalization                         0.17                0.01
  6-Davidson: precondition                          1.70                0.12
  6-Davidson: refresh h_psi and s_psi               0.02                0.00
  6-Davidson: reset hr,sr,vr                        0.00                0.00
  6-Davidson: rotate orbitals                       0.10                0.01

AppNls                                              0.23                0.02
-----------------------------------------------------------------------------
  AppNls: data_rearrange                            0.00                0.00
  ---------------------------------------------------------------------------
    AppNls: data_rearrange: alloc and zeros           0.00                0.00
    AppNls: data_rearrange: dnm                     0.00                0.00
    AppNls: data_rearrange: sint                    0.00                0.00
  AppNls: nv                                        0.18                0.01
  AppNls: nv_work                                   0.00                0.00

App_gradient                                        1.58                0.11

ApplyAOperator                                      0.09                0.01

CPUFD                                               0.03                0.00

Compute Hpsi                                        0.11                0.01
-----------------------------------------------------------------------------
  Compute Hpsi: AppNls                              0.02                0.00
  Compute Hpsi: Threaded Apply H                    0.09                0.01

GlobalSums                                          0.15                0.01

Init                                                2.13                0.15

Init Voronoi                                        0.05                0.00

Mix rho                                             2.08                0.15
-----------------------------------------------------------------------------
  Mix rho: Linear                                   0.54                0.04
  Mix rho: Pulay                                    1.44                0.10

Orbital                                             0.02                0.00
-----------------------------------------------------------------------------
  Orbital: phase and set                            0.02                0.00
  Orbital: proj cal                                 0.02                0.00
  Trade images: trade_images                        0.00                0.00
  Trade images: trade_imagesx                       0.48                0.03

VhPfft                                              2.99                0.21

Weight                                              0.04                0.00

radial beta                                         0.15                0.01


------------------------- TIMING INFORMATION FOR THREADS  -------------------

                                           Min            Max            Avg
ApplyAOperator                             1.35           1.35           1.35
-----------------------------------------------------------------------------

CPUFD                                      0.56           0.56           0.56
-----------------------------------------------------------------------------

GlobalSums                                 0.34           0.34           0.34
-----------------------------------------------------------------------------

Mg_eig                                     0.92           0.92           0.92
-----------------------------------------------------------------------------
  Mg_eig: apply hamiltonian                0.56           0.56           0.56
  Mg_eig: mgrid_solv                       0.19           0.19           0.19
  Trade images: trade_images               0.85           0.85           0.85
  Trade images: trade_imagesx              0.83           0.83           0.83
