RMG initialization ... 1 image(s) total, 1 per node. 16 MPI processes/image. Thread level 2.
FFT-FD  0.000000e+00   5.507102e-07
FFT-FD  1.000000e+00   5.507102e-07
IP=0 M = 0.000000e+00  -inf  5.507102e-07
FFT-FD  0.000000e+00   2.149266e-06
FFT-FD  1.000000e+00   2.149266e-06
IP=1 M = 0.000000e+00  -inf  2.149266e-06
FFT-FD  0.000000e+00   2.149266e-06
FFT-FD  1.000000e+00   2.149266e-06
IP=2 M = 0.000000e+00  -inf  2.149266e-06
FFT-FD  0.000000e+00   2.149266e-06
FFT-FD  1.000000e+00   2.149266e-06
IP=3 M = 0.000000e+00  -inf  2.149266e-06
FFT-FD  0.000000e+00   3.496750e-06
FFT-FD  1.000000e+00   3.496750e-06
IP=4 M = 0.000000e+00  -inf  3.496750e-06
FFT-FD  0.000000e+00   3.496750e-06
FFT-FD  1.000000e+00   3.496750e-06
IP=5 M = 0.000000e+00  -inf  3.496750e-06
FFT-FD  0.000000e+00   1.220479e-05
FFT-FD  1.000000e+00   1.220479e-05
IP=6 M = 0.000000e+00  -inf  1.220479e-05
FFT-FD  0.000000e+00   3.496750e-06
FFT-FD  1.000000e+00   3.496750e-06
IP=7 M = 0.000000e+00  -inf  3.496750e-06
FFT-FD  0.000000e+00   1.220479e-05
FFT-FD  1.000000e+00   1.220479e-05
IP=8 M = 0.000000e+00  -inf  1.220479e-05
FFT-FD  0.000000e+00   3.058936e-06
FFT-FD  1.000000e+00   3.058936e-06
IP=9 M = 0.000000e+00  -inf  3.058936e-06
NEWCFAC = 0.000000  0.000000


                     * * * * * * * * * *
                     *    R   M   G    *
                     * * * * * * * * * *

     -- A Real Space Multigrid Electronic structure code --
     --      More information at www.rmgdft.org          --

Code Revision:     5.0.0_beta1_111_gca5c3507
Build Date:        Feb 22 2023  21:48:37
Start time:        Sun Feb 26 21:05:01 2023

NOTICE: RMG internal pseudopotentials have switched to
ONCVP from Ultrasoft. You can revert to Ultrasoft by
adding the input tag internal_pseudo_type="ultrasoft" to
your input files.


Files
   Control input file:        input6
   Data output file:          /dev/null

Run Setup
    Calculation type:         Quench electrons - Fixed ions SCF calculation
    Description:              Ni atom test cell
    Orbital Initialization:   LCAO (10 LCAO and 0 random orbitals)
    Exchange Correlation:     pbe
    Spin Polarization:        ON
    System charge:            Neutral

Processor Topology
   Total PEs:                 8
   X direction:               2
   Y direction:               2
   Z direction:               2
   MG Threads/PE:             1
   OMP Threads/PE:            1

Grid Points  (Linear Anisotropy: 1.000)
    X:  Total: 96   Per PE: 48   Spacing:0.164 a0  
    Y:  Total: 96   Per PE: 48   Spacing:0.164 a0  
    Z:  Total: 96   Per PE: 48   Spacing:0.164 a0  

    Equivalent energy cutoffs (psi,rho):   366.107   1464.430 Ry

    Charge density grid:         2 times finer

Coordinate planes
  Planar Anisotropy: 1.000
  A0-A1 density:    37.094
  A0-A2 density:    37.094
  A1-A2 density:    37.094


Lattice (Cell) Setup
    Type:                       Cubic_primitive
    Volume (a0^3):               3916.07
    Boundary conditions:        Periodic

    X Basis Vector:      15.762       0.000       0.000 a0
    Y Basis Vector:       0.000      15.762       0.000 a0
    Z Basis Vector:       0.000       0.000      15.762 a0
    X Reci Vector:       0.063      -0.000       0.000 a0
    Y Reci Vector:       0.000       0.063       0.000 a0
    Z Reci Vector:       0.000      -0.000       0.063 a0

K-points
    Gamma Point Only (real orbitals)

Atoms and States
    Number of ions:                          1
    Number of species:                       1
    Number of spin up states:                18
    Number of spin down states:              18

Run Parameters
    SCF Convergence criterion (potential):   1.00e-08
    SCF Convergence criterion (energy):      1.00e-08
    Max SCF steps:                           100

SCF Cycle Settings
    Charge density mixing:                   Pulay  (Order:5 Scale:0.20 Refresh:100)
    Hartree Solver:                          PFFT
    Interpolation type:                      FFT

Subspace Diagonalization Options
    Frequency:                               every 1 SCF step(s)
    Driver:                                  ScaLapack
    Initial diagonalization:                 ON
    Folded spectrum:                         OFF

Filtering Cutoff  Parameters
    Wavefunction grid (cparm):               0.800
    Charge density grid (rhocparm):          1.000
    Filter factor:                           1.000

Multigrid (MG) Parameters
    Psi MG levels:                           3
    Psi global step:                         0.660 
    Psi pre:                                 2
    Psi post:                                2

Davidson Parameters
    Davidson multiplier:                     4
    Davidson max step:                       8
    Davidson unocc tol factor:               1000.000

Blas Libraries
    CPU support with openblas-parallel.


Atomic Species Information
(PP = Pseudopotential, US = Ultrasoft, NC = Norm Conserving)
-------------------------------------------------------------------------
|Index|Symbol| Mass|Valence| PP |  Comp  |Local| Local|Nlocal|    PP    |
|     |      |     |       |Type|Gaussian|  l  |Radius|Radius|Functional|
-------------------------------------------------------------------------
|    1|    Ni| 58.0|  18.00|  NC|    0.66|   -1| 10.00|  7.00|       PBE|
-------------------------------------------------------------------------

Pseudopotential generation information:
  Ni pseudopotential file: ./@Internal
      Generation info     : Generated using ONCVPSP code by D. R. Hamann
      Author info         : anonymous


Memory usage (Mbytes):     Min        Max       Total
    wave functions         63.70      63.70    1019.23
    beta-functions         31.85      31.85     254.82



Initial Ionic Positions And Displacements (Bohr)
Species      X           Y           Z           dX          dY          dZ
  Ni       0.0000      0.0000      0.0000      0.0000      0.0000      0.0000


Initial Ionic Positions And Displacements (Angstrom)
Species      X           Y           Z           dX          dY          dZ
  Ni       0.0000      0.0000      0.0000      0.0000      0.0000      0.0000

Diagonalization using scalapack for step=0  count=0



KOHN SHAM EIGENVALUES [eV] AT K-POINT [  0]:       0.000000      0.000000      0.000000


------------- SPIN UP ---------------

[kpt   0  -1   0]   -111.4084 [1.000]   -71.7523 [1.000]   -71.7523 [1.000]   -71.7523 [1.000]    -9.1201 [1.000]
[kpt   0  -1   1]    -9.1201 [1.000]    -9.1198 [1.000]    -9.1198 [1.000]    -9.1198 [1.000]    -5.2936 [1.000]
[kpt   0  -1   2]   1092.9301 [0.000]   2213.0904 [0.000]   2285.0254 [0.000]   2349.3685 [0.000]   2474.9465 [0.000]
[kpt   0  -1   3]   2552.0371 [0.000]   2612.1008 [0.000]   2624.7025 [0.000]

------------ SPIN DOWN --------------

[kpt   0  -1   0]   -109.3404 [1.000]   -69.6610 [1.000]   -69.6610 [1.000]   -69.6610 [1.000]    -7.3080 [0.600]
[kpt   0  -1   1]    -7.3080 [0.600]    -7.3077 [0.600]    -7.3077 [0.600]    -7.3077 [0.600]    -4.8677 [1.000]
[kpt   0  -1   2]   1092.9873 [0.000]   2213.1501 [0.000]   2285.0820 [0.000]   2349.4236 [0.000]   2475.0042 [0.000]
[kpt   0  -1   3]   2552.0922 [0.000]   2612.1595 [0.000]   2624.7603 [0.000]


Charge normalization constant: 1.000000
Charge density mixing: Linear with a constant of 0.20 

 charge density is NEGATIVE after interpolation, minimum is -2.339957e-07
 minimum charge density with core charge added is -2.356001e-07

Diagonalization using scalapack for step=0  count=1


FERMI ENERGY =     -4.89309065 eV
@@ EIGENVALUE SUM     =      -26.574847 Ha
@@ ION_ION            =      -29.161043 Ha
@@ ELECTROSTATIC      =     -113.675029 Ha
@@ VXC                =      -22.000171 Ha
@@ EXC                =      -21.564513 Ha
@@ TOTAL ENERGY       =     -168.975261 Ha
@@ estimated error    =   ****************
@@ TOTAL MAGNETIZATION    =   2.00000000 Bohr mag/cell
@@ ABSOLUTE MAGNETIZATION =   2.00000000 Bohr mag/cell
Charge normalization constant: 1.000000
Charge density mixing: Linear with a constant of 0.20 

 charge density is NEGATIVE after interpolation, minimum is -4.864562e-07
 minimum charge density with core charge added is -4.895396e-07
WriteRestart: Output file given as /dev/null, no restart data written ...


KOHN SHAM EIGENVALUES [eV] AT K-POINT [  0]:       0.000000      0.000000      0.000000


------------- SPIN UP ---------------

[kpt   0   0   0]   -111.4222 [1.000]   -71.7727 [1.000]   -71.7727 [1.000]   -71.7727 [1.000]    -9.1585 [1.000]
[kpt   0   0   1]    -9.1585 [1.000]    -9.1582 [1.000]    -9.1582 [1.000]    -9.1582 [1.000]    -5.3068 [1.000]
[kpt   0   0   2]     1.0385 [0.000]    13.0316 [0.000]    18.0757 [0.000]    20.9161 [0.000]    25.9916 [0.000]
[kpt   0   0   3]    33.8651 [0.000]    42.6218 [0.000]    47.5213 [0.000]

------------ SPIN DOWN --------------

[kpt   0   0   0]   -109.3816 [1.000]   -69.6935 [1.000]   -69.6935 [1.000]   -69.6935 [1.000]    -7.3151 [0.600]
[kpt   0   0   1]    -7.3150 [0.600]    -7.3147 [0.600]    -7.3147 [0.600]    -7.3147 [0.600]    -4.8931 [1.000]
[kpt   0   0   2]     1.0969 [0.000]    13.0881 [0.000]    18.1239 [0.000]    20.9748 [0.000]    26.0332 [0.000]
[kpt   0   0   3]    33.9135 [0.000]    42.6799 [0.000]    47.5814 [0.000]



Total charge in supercell =      18.00000000
 quench: [md:   0/10  scf:   0/100  step time:   2.93  scf time:     3.01 secs  RMS[dV]: 2.04e-03 ]


average potential <V> = 2.73e-15

Diagonalization using scalapack for step=1  count=2


FERMI ENERGY =     -4.91443453 eV
@@ EIGENVALUE SUM     =      -26.595587 Ha
@@ ION_ION            =      -29.161043 Ha
@@ ELECTROSTATIC      =     -113.654771 Ha
@@ VXC                =      -21.998846 Ha
@@ EXC                =      -21.563640 Ha
@@ TOTAL ENERGY       =     -168.976195 Ha
@@ estimated error    =        4.70e-05 Ha
@@ TOTAL MAGNETIZATION    =   2.00000000 Bohr mag/cell
@@ ABSOLUTE MAGNETIZATION =   2.00000000 Bohr mag/cell
Charge normalization constant: 1.000000
Charge density mixing: Linear with a constant of 0.20 

 charge density is NEGATIVE after interpolation, minimum is -6.762584e-07
 minimum charge density with core charge added is -6.779288e-07
 quench: [md:   0/10  scf:   1/100  step time:   2.90  scf time:     5.91 secs  RMS[dV]: 1.83e-03 ]


average potential <V> = -2.63e-15

Diagonalization using scalapack for step=2  count=3


FERMI ENERGY =     -4.93340035 eV
@@ EIGENVALUE SUM     =      -26.612896 Ha
@@ ION_ION            =      -29.161043 Ha
@@ ELECTROSTATIC      =     -113.637770 Ha
@@ VXC                =      -21.998098 Ha
@@ EXC                =      -21.563164 Ha
@@ TOTAL ENERGY       =     -168.976775 Ha
@@ estimated error    =        3.96e-05 Ha
@@ TOTAL MAGNETIZATION    =   2.00000000 Bohr mag/cell
@@ ABSOLUTE MAGNETIZATION =   2.00000000 Bohr mag/cell
Charge normalization constant: 1.000000
Charge density mixing: Linear with a constant of 0.20 

 charge density is NEGATIVE after interpolation, minimum is -7.999734e-07
 minimum charge density with core charge added is -8.110708e-07
 quench: [md:   0/10  scf:   2/100  step time:   2.85  scf time:     8.76 secs  RMS[dV]: 1.57e-03 ]


average potential <V> = -2.58e-16

Diagonalization using scalapack for step=3  count=4


FERMI ENERGY =     -4.94941382 eV
@@ EIGENVALUE SUM     =      -26.625206 Ha
@@ ION_ION            =      -29.161043 Ha
@@ ELECTROSTATIC      =     -113.625738 Ha
@@ VXC                =      -21.997987 Ha
@@ EXC                =      -21.563157 Ha
@@ TOTAL ENERGY       =     -168.977157 Ha
@@ estimated error    =        2.77e-05 Ha
@@ TOTAL MAGNETIZATION    =   2.00000000 Bohr mag/cell
@@ ABSOLUTE MAGNETIZATION =   2.00000000 Bohr mag/cell
Charge normalization constant: 1.000000
Charge density mixing: Linear with a constant of 0.20 

 charge density is NEGATIVE after interpolation, minimum is -8.808754e-07
 minimum charge density with core charge added is -8.901371e-07
 quench: [md:   0/10  scf:   3/100  step time:   2.86  scf time:    11.62 secs  RMS[dV]: 1.37e-03 ]


average potential <V> = 2.02e-15
Davidson incomplete convergence steps = 8

FERMI ENERGY =     -4.96305402 eV
@@ EIGENVALUE SUM     =      -26.633327 Ha
@@ ION_ION            =      -29.161043 Ha
@@ ELECTROSTATIC      =     -113.618044 Ha
@@ VXC                =      -21.998370 Ha
@@ EXC                =      -21.563520 Ha
@@ TOTAL ENERGY       =     -168.977564 Ha
@@ estimated error    =        1.96e-05 Ha
@@ TOTAL MAGNETIZATION    =   2.00000000 Bohr mag/cell
@@ ABSOLUTE MAGNETIZATION =   2.00000000 Bohr mag/cell
Charge normalization constant: 1.000000
Charge density mixing: Pulay

 charge density is NEGATIVE after interpolation, minimum is -9.492548e-07
 minimum charge density with core charge added is -9.530963e-07
 quench: [md:   0/10  scf:   4/100  step time:   3.51  scf time:    15.13 secs  RMS[dV]: 1.22e-03 ]


average potential <V> = 2.17e-15
Davidson converged in 7 steps

FERMI ENERGY =     -4.97510063 eV
@@ EIGENVALUE SUM     =      -26.632609 Ha
@@ ION_ION            =      -29.161043 Ha
@@ ELECTROSTATIC      =     -113.619237 Ha
@@ VXC                =      -22.000228 Ha
@@ EXC                =      -21.565038 Ha
@@ TOTAL ENERGY       =     -168.977699 Ha
@@ estimated error    =        2.37e-05 Ha
@@ TOTAL MAGNETIZATION    =   2.00000000 Bohr mag/cell
@@ ABSOLUTE MAGNETIZATION =   2.00001348 Bohr mag/cell
Charge normalization constant: 1.000000
Charge density mixing: Pulay

 charge density is NEGATIVE after interpolation, minimum is -1.217262e-06
 minimum charge density with core charge added is -1.227596e-06


KOHN SHAM EIGENVALUES [eV] AT K-POINT [  0]:       0.000000      0.000000      0.000000


------------- SPIN UP ---------------

[kpt   0   5   0]   -111.4956 [1.000]   -71.8666 [1.000]   -71.8666 [1.000]   -71.8665 [1.000]    -9.3030 [1.000]
[kpt   0   5   1]    -9.3028 [1.000]    -9.3025 [1.000]    -9.3025 [1.000]    -9.3025 [1.000]    -5.3393 [1.000]
[kpt   0   5   2]    -0.7399 [0.000]    -0.7399 [0.000]    -0.7399 [0.000]     0.0089 [0.000]     1.4075 [0.000]
[kpt   0   5   3]     1.4087 [0.000]     2.6118 [0.000]     2.6184 [0.000]

------------ SPIN DOWN --------------

[kpt   0   5   0]   -109.4784 [1.000]   -69.7678 [1.000]   -69.7678 [1.000]   -69.7677 [1.000]    -7.3353 [0.600]
[kpt   0   5   1]    -7.3352 [0.600]    -7.3351 [0.600]    -7.3351 [0.600]    -7.3351 [0.600]    -4.9751 [1.000]
[kpt   0   5   2]    -0.5752 [0.000]    -0.5752 [0.000]    -0.5750 [0.000]     0.0592 [0.000]     1.4337 [0.000]
[kpt   0   5   3]     1.4347 [0.000]     2.6692 [0.000]     2.6854 [0.000]



Total charge in supercell =      18.00000000
 quench: [md:   0/10  scf:   5/100  step time:   2.74  scf time:    17.88 secs  RMS[dV]: 1.05e-03 ]


average potential <V> = -2.99e-15
Davidson converged in 4 steps

FERMI ENERGY =     -5.02878574 eV
@@ EIGENVALUE SUM     =      -26.641349 Ha
@@ ION_ION            =      -29.161043 Ha
@@ ELECTROSTATIC      =     -113.612010 Ha
@@ VXC                =      -22.006779 Ha
@@ EXC                =      -21.570350 Ha
@@ TOTAL ENERGY       =     -168.977973 Ha
@@ estimated error    =        1.36e-05 Ha
@@ TOTAL MAGNETIZATION    =   2.00000000 Bohr mag/cell
@@ ABSOLUTE MAGNETIZATION =   2.03397277 Bohr mag/cell
Charge normalization constant: 1.000000
Charge density mixing: Pulay

 charge density is NEGATIVE after interpolation, minimum is -1.058445e-06
 minimum charge density with core charge added is -1.067724e-06
 quench: [md:   0/10  scf:   6/100  step time:   2.93  scf time:    20.81 secs  RMS[dV]: 3.10e-03 ]


average potential <V> = 4.38e-16
Davidson converged in 2 steps

FERMI ENERGY =     -5.03366350 eV
@@ EIGENVALUE SUM     =      -26.652191 Ha
@@ ION_ION            =      -29.161043 Ha
@@ ELECTROSTATIC      =     -113.600934 Ha
@@ VXC                =      -22.005469 Ha
@@ EXC                =      -21.569275 Ha
@@ TOTAL ENERGY       =     -168.977974 Ha
@@ estimated error    =        4.60e-06 Ha
@@ TOTAL MAGNETIZATION    =   2.00000000 Bohr mag/cell
@@ ABSOLUTE MAGNETIZATION =   2.03850121 Bohr mag/cell
Charge normalization constant: 1.000000
Charge density mixing: Pulay

 charge density is NEGATIVE after interpolation, minimum is -8.061410e-07
 minimum charge density with core charge added is -8.137781e-07
 quench: [md:   0/10  scf:   7/100  step time:   2.77  scf time:    23.58 secs  RMS[dV]: 1.52e-03 ]


average potential <V> = -2.52e-15
Davidson converged in 3 steps

FERMI ENERGY =     -5.03427804 eV
@@ EIGENVALUE SUM     =      -26.659585 Ha
@@ ION_ION            =      -29.161043 Ha
@@ ELECTROSTATIC      =     -113.593308 Ha
@@ VXC                =      -22.004131 Ha
@@ EXC                =      -21.568171 Ha
@@ TOTAL ENERGY       =     -168.977976 Ha
@@ estimated error    =        9.48e-07 Ha
@@ TOTAL MAGNETIZATION    =   2.00000000 Bohr mag/cell
@@ ABSOLUTE MAGNETIZATION =   2.03934762 Bohr mag/cell
Charge normalization constant: 1.000000
Charge density mixing: Pulay

 charge density is NEGATIVE after interpolation, minimum is -7.053254e-07
 minimum charge density with core charge added is -7.130541e-07
 quench: [md:   0/10  scf:   8/100  step time:   2.87  scf time:    26.46 secs  RMS[dV]: 1.68e-03 ]


average potential <V> = -3.90e-15
Davidson converged in 3 steps

FERMI ENERGY =     -5.03204598 eV
@@ EIGENVALUE SUM     =      -26.649829 Ha
@@ ION_ION            =      -29.161043 Ha
@@ ELECTROSTATIC      =     -113.603352 Ha
@@ VXC                =      -22.005651 Ha
@@ EXC                =      -21.569404 Ha
@@ TOTAL ENERGY       =     -168.977976 Ha
@@ estimated error    =        6.66e-07 Ha
@@ TOTAL MAGNETIZATION    =   2.00000000 Bohr mag/cell
@@ ABSOLUTE MAGNETIZATION =   2.03930106 Bohr mag/cell
Charge normalization constant: 1.000000
Charge density mixing: Pulay

 charge density is NEGATIVE after interpolation, minimum is -3.297596e-07
 minimum charge density with core charge added is -3.356738e-07
 quench: [md:   0/10  scf:   9/100  step time:   2.91  scf time:    29.37 secs  RMS[dV]: 6.29e-04 ]


average potential <V> = -3.84e-16
Davidson converged in 3 steps

FERMI ENERGY =     -5.03298252 eV
@@ EIGENVALUE SUM     =      -26.656107 Ha
@@ ION_ION            =      -29.161043 Ha
@@ ELECTROSTATIC      =     -113.596884 Ha
@@ VXC                =      -22.004588 Ha
@@ EXC                =      -21.568531 Ha
@@ TOTAL ENERGY       =     -168.977977 Ha
@@ estimated error    =        7.37e-07 Ha
@@ TOTAL MAGNETIZATION    =   2.00000000 Bohr mag/cell
@@ ABSOLUTE MAGNETIZATION =   2.04167082 Bohr mag/cell
Charge normalization constant: 1.000000
Charge density mixing: Pulay

 charge density is NEGATIVE after interpolation, minimum is -2.371298e-07
 minimum charge density with core charge added is -2.431297e-07


KOHN SHAM EIGENVALUES [eV] AT K-POINT [  0]:       0.000000      0.000000      0.000000


------------- SPIN UP ---------------

[kpt   0  10   0]   -111.5380 [1.000]   -71.9214 [1.000]   -71.9214 [1.000]   -71.9214 [1.000]    -9.3849 [1.000]
[kpt   0  10   1]    -9.3849 [1.000]    -9.3846 [1.000]    -9.3846 [1.000]    -9.3846 [1.000]    -5.3507 [1.000]
[kpt   0  10   2]    -0.7429 [0.000]    -0.7429 [0.000]    -0.7429 [0.000]    -0.0887 [0.000]     1.3475 [0.000]
[kpt   0  10   3]     1.3475 [0.000]     2.5033 [0.000]     2.5044 [0.000]

------------ SPIN DOWN --------------

[kpt   0  10   0]   -109.4902 [1.000]   -69.7682 [1.000]   -69.7682 [1.000]   -69.7682 [1.000]    -7.3152 [0.600]
[kpt   0  10   1]    -7.3152 [0.600]    -7.3149 [0.600]    -7.3149 [0.600]    -7.3149 [0.600]    -5.0330 [1.000]
[kpt   0  10   2]    -0.6364 [0.000]    -0.6364 [0.000]    -0.6364 [0.000]    -0.0785 [0.000]     1.3219 [0.000]
[kpt   0  10   3]     1.3219 [0.000]     2.5245 [0.000]     2.5320 [0.000]



Total charge in supercell =      18.00000000
 quench: [md:   0/10  scf:  10/100  step time:   2.92  scf time:    32.29 secs  RMS[dV]: 2.15e-03 ]


average potential <V> = 2.36e-15
Davidson converged in 3 steps

FERMI ENERGY =     -5.03294707 eV
@@ EIGENVALUE SUM     =      -26.655392 Ha
@@ ION_ION            =      -29.161043 Ha
@@ ELECTROSTATIC      =     -113.597624 Ha
@@ VXC                =      -22.004727 Ha
@@ EXC                =      -21.568646 Ha
@@ TOTAL ENERGY       =     -168.977977 Ha
@@ estimated error    =        5.89e-08 Ha
@@ TOTAL MAGNETIZATION    =   2.00000000 Bohr mag/cell
@@ ABSOLUTE MAGNETIZATION =   2.04190363 Bohr mag/cell
Charge normalization constant: 1.000000
Charge density mixing: Pulay

 charge density is NEGATIVE after interpolation, minimum is -1.644547e-07
 minimum charge density with core charge added is -1.706707e-07
 quench: [md:   0/10  scf:  11/100  step time:   2.87  scf time:    35.16 secs  RMS[dV]: 5.65e-04 ]


average potential <V> = 2.38e-15
Davidson converged in 3 steps

FERMI ENERGY =     -5.03303739 eV
@@ EIGENVALUE SUM     =      -26.655033 Ha
@@ ION_ION            =      -29.161043 Ha
@@ ELECTROSTATIC      =     -113.597996 Ha
@@ VXC                =      -22.004818 Ha
@@ EXC                =      -21.568723 Ha
@@ TOTAL ENERGY       =     -168.977977 Ha
@@ estimated error    =        1.47e-08 Ha
@@ TOTAL MAGNETIZATION    =   2.00000000 Bohr mag/cell
@@ ABSOLUTE MAGNETIZATION =   2.04194642 Bohr mag/cell
Charge normalization constant: 1.000000
Charge density mixing: Pulay

 charge density is NEGATIVE after interpolation, minimum is -9.373843e-08
 minimum charge density with core charge added is -1.001509e-07
 quench: [md:   0/10  scf:  12/100  step time:   3.99  scf time:    39.16 secs  RMS[dV]: 4.36e-04 ]



 Convergence criterion reached: Energy variation (2.42e-09) is lower than threshold (1.00e-08)

potential convergence has been achieved. stopping ...

[   0  13   13       44 ] Quench.cpp: final total energy =    -168.97797695 Ha


KOHN SHAM EIGENVALUES [eV] AT K-POINT [  0]:       0.000000      0.000000      0.000000


------------- SPIN UP ---------------

[kpt   0  13   0]   -111.5355 [1.000]   -71.9191 [1.000]   -71.9191 [1.000]   -71.9191 [1.000]    -9.3836 [1.000]
[kpt   0  13   1]    -9.3836 [1.000]    -9.3833 [1.000]    -9.3833 [1.000]    -9.3833 [1.000]    -5.3511 [1.000]
[kpt   0  13   2]    -0.7432 [0.000]    -0.7432 [0.000]    -0.7432 [0.000]    -0.0939 [0.000]     1.3465 [0.000]
[kpt   0  13   3]     1.3465 [0.000]     2.4976 [0.000]     2.4979 [0.000]

------------ SPIN DOWN --------------

[kpt   0  13   0]   -109.4877 [1.000]   -69.7660 [1.000]   -69.7660 [1.000]   -69.7660 [1.000]    -7.3138 [0.600]
[kpt   0  13   1]    -7.3138 [0.600]    -7.3134 [0.600]    -7.3134 [0.600]    -7.3134 [0.600]    -5.0330 [1.000]
[kpt   0  13   2]    -0.6368 [0.000]    -0.6368 [0.000]    -0.6368 [0.000]    -0.0854 [0.000]     1.3198 [0.000]
[kpt   0  13   3]     1.3198 [0.000]     2.5171 [0.000]     2.5213 [0.000]



Total charge in supercell =      18.00000000
 volume and energy per atom =       580.30177636      -4598.12470282 eV

 Vdd took 0.002947 seconds
WriteRestart: Output file given as /dev/null, no restart data written ...



  IONIC POSITIONS [a0] AND FORCES [Ha/a0]
  Charge analysis using: Voronoi Deformation Density

@ION  Ion  Species       X           Y           Z       Charge       FX          FY         FZ      Movable
@ION    1    Ni      0.0000000   0.0000000   0.0000000   -0.000   -0.0000029  -0.0000045   0.0000016  1 1 1

 mean FX      =   0.00000288 Ha/a0
 mean FY      =   0.00000454 Ha/a0
 mean FZ      =   0.00000156 Ha/a0

 max FX       =   0.00000288 Ha/a0   (ion 1)
 max FY       =   0.00000454 Ha/a0   (ion 1)
 max FZ       =   0.00000156 Ha/a0   (ion 1)
 max F[x,y,z] =   0.00000454 Ha/a0
 max |F|      =   0.00000560 Ha/a0   (ion 1)

 sum FX       =  -0.00000288 Ha/a0
 sum FY       =  -0.00000454 Ha/a0
 sum FZ       =   0.00000156 Ha/a0
 Average      =   0.00000299 Ha/a0
 sqrt < F^2 > =   0.00000323 Ha/a0

WriteRestart: Output file given as /dev/null, no restart data written ...


--------TIMING INFORMATION FOR Processor owned the most atoms----------------
                                        Total time               Per SCF/step

1-TOTAL                                            47.15                3.63
-----------------------------------------------------------------------------
  1-TOTAL: Init                                     4.90                0.38
  1-TOTAL: run                                     42.25                3.25
  ---------------------------------------------------------------------------
    1-TOTAL: run: Force                             3.07                0.24
    1-TOTAL: run: Scf steps                        39.07                3.01

2-Force                                             3.07                0.24
-----------------------------------------------------------------------------
  2-Force: core correction                          0.62                0.05
  2-Force: corrections                              0.60                0.05
  2-Force: ion-ion                                  0.06                0.00
  2-Force: local                                    0.71                0.05
  2-Force: non-local                                1.06                0.08
  2-Force: non-local-betaxpsi                       0.02                0.00
  2-Force: non-local-get gamma                      0.00                0.00
  2-Force: non-local-nlforce_par_Q                  0.53                0.04
  2-Force: non-local-nlforce_par_gamma              0.00                0.00
  2-Force: non-local-nlforce_par_omega              0.00                0.00
  2-Force: non-local-partial gamma                  0.00                0.00
  2-Force: non-local-veff grad                      0.52                0.04

2-Init                                              4.90                0.38
-----------------------------------------------------------------------------
  2-Init: GetNewRho                                 0.38                0.03
  2-Init: KpointClass                               0.64                0.05
  2-Init: LcaoGetPsi                                0.09                0.01
  2-Init: LcaoGetRho                                0.07                0.01
  2-Init: ReinitIonicPotentials                     0.46                0.04
  2-Init: betaxpsi                                  0.03                0.00
  2-Init: exchange/correlation                      1.34                0.10
  2-Init: hartree                                   0.49                0.04
  2-Init: normalization                             0.00                0.00
  2-Init: radial potentials                         0.19                0.01
  2-Init: subdiag                                   0.47                0.04
  2-Init: weights                                   0.12                0.01

2-Scf steps                                        39.07                3.01
-----------------------------------------------------------------------------
  2-Scf steps: Davidson                             5.38                0.41
  2-Scf steps: GetNewRho                            1.33                0.10
  2-Scf steps: Hartree                              6.62                0.51
  2-Scf steps: MgridSubspace                        2.45                0.19
  2-Scf steps: MixRho                               4.18                0.32
  2-Scf steps: exchange/correlation                14.72                1.13

3-MgridSubspace                                     2.45                0.19
-----------------------------------------------------------------------------
  3-MgridSubspace: AppNls                           0.08                0.01
  3-MgridSubspace: Beta x psi                       0.14                0.01
  3-MgridSubspace: Diagonalization                  0.34                0.03
  3-MgridSubspace: Mg_eig                           1.88                0.14

3-ReinitIonicPotentials                             0.46                0.04
-----------------------------------------------------------------------------
  3-ReinitIonicPotentials: GetNlop                  0.01                0.00
  3-ReinitIonicPotentials: GetWeight                0.15                0.01
  3-ReinitIonicPotentials: get_QI                   0.00                0.00
  3-ReinitIonicPotentials: get_qqq                  0.00                0.00
  3-ReinitIonicPotentials: init_nuc                 0.31                0.02

4-Diagonalization                                   0.81                0.06
-----------------------------------------------------------------------------
  4-Diagonalization: ELPA/PDSYGVX/PZHEGVX           0.00                0.00
  4-Diagonalization: Hpsi                           0.23                0.02
  4-Diagonalization: MPI_Bcast                      0.00                0.00
  4-Diagonalization: Update orbitals                0.05                0.00
  ---------------------------------------------------------------------------
    4-Diagonalization: Update orbitals: gather           0.00                0.00
    4-Diagonalization: Update orbitals: gemm           0.04                0.00
  4-Diagonalization: matrix                         0.08                0.01
  ---------------------------------------------------------------------------
    4-Diagonalization: matrix: Allreduce            0.03                0.00
    4-Diagonalization: matrix: Gemm                 0.05                0.00

5-Functional                                       15.77                1.21
-----------------------------------------------------------------------------
  5-Functional: apply gradient                      2.89                0.22
  5-Functional: libxc                               9.44                0.73
  5-Functional: vxc                                15.69                1.21
  5-Functional: vxc grad                           10.27                0.79
  5-Functional: vxc local                           5.27                0.41
  5-Functional: vxc nonlocal                        0.00                0.00

6-Davidson                                          5.38                0.41
-----------------------------------------------------------------------------
  6-Davidson: Betaxpsi                              0.39                0.03
  6-Davidson: apply hamiltonian                     1.49                0.11
  6-Davidson: diagonalization                       0.06                0.00
  6-Davidson: generate residuals                    0.47                0.04
  6-Davidson: matrix setup/reduce                   0.95                0.07
  6-Davidson: normalization                         0.13                0.01
  6-Davidson: precondition                          1.68                0.13
  6-Davidson: refresh h_psi and s_psi               0.04                0.00
  6-Davidson: reset hr,sr,vr                        0.00                0.00
  6-Davidson: rotate orbitals                       0.16                0.01

AppNls                                              0.43                0.03
-----------------------------------------------------------------------------
  AppNls: data_rearrange                            0.00                0.00
  ---------------------------------------------------------------------------
    AppNls: data_rearrange: alloc and zeros           0.00                0.00
    AppNls: data_rearrange: dnm                     0.00                0.00
    AppNls: data_rearrange: sint                    0.00                0.00
  AppNls: nv                                        0.34                0.03
  AppNls: nv_work                                   0.00                0.00

App_gradient                                        2.74                0.21

ApplyAOperator                                      0.16                0.01

CPUFD                                               0.05                0.00

Compute Hpsi                                        0.23                0.02
-----------------------------------------------------------------------------
  Compute Hpsi: AppNls                              0.05                0.00
  Compute Hpsi: Threaded Apply H                    0.18                0.01

GlobalSums                                          0.44                0.03

Init                                                4.26                0.33

Init Voronoi                                        0.08                0.01

Mix rho                                             4.45                0.34
-----------------------------------------------------------------------------
  Mix rho: Linear                                   1.28                0.10
  Mix rho: Pulay                                    2.90                0.22

Orbital                                             0.04                0.00
-----------------------------------------------------------------------------
  Orbital: phase and set                            0.04                0.00
  Orbital: proj cal                                 0.04                0.00
  Trade images: trade_images                        0.00                0.00
  Trade images: trade_imagesx                       1.07                0.08

VhPfft                                              6.62                0.51

Weight                                              0.08                0.01

radial beta                                         0.14                0.01


------------------------- TIMING INFORMATION FOR THREADS  -------------------

                                           Min            Max            Avg
ApplyAOperator                             2.08           2.08           2.08
-----------------------------------------------------------------------------

CPUFD                                      0.91           0.91           0.91
-----------------------------------------------------------------------------

GlobalSums                                 0.30           0.30           0.30
-----------------------------------------------------------------------------

Mg_eig                                     1.87           1.87           1.87
-----------------------------------------------------------------------------
  Mg_eig: apply hamiltonian                1.13           1.13           1.13
  Mg_eig: mgrid_solv                       0.25           0.25           0.25
  Trade images: trade_images               0.70           0.70           0.70
  Trade images: trade_imagesx              1.21           1.21           1.21
